<?xml version="1.0" encoding="UTF-8"?>
<coverage generated="1755496656495" clover="3.2.0">
  <project timestamp="1755496656495" name="All files">
    <metrics statements="1961" coveredstatements="1455" conditionals="885" coveredconditionals="560" methods="603" coveredmethods="395" elements="3449" coveredelements="2410" complexity="0" loc="1961" ncloc="1961" packages="8" files="23" classes="23"/>
    <package name="src">
      <metrics statements="5" coveredstatements="5" conditionals="0" coveredconditionals="0" methods="1" coveredmethods="1"/>
      <file name="App.tsx" path="/Users/yashtongia/secondary-workspace/Assignment-2/src/App.tsx">
        <metrics statements="5" coveredstatements="5" conditionals="0" coveredconditionals="0" methods="1" coveredmethods="1"/>
        <line num="1" count="1" type="stmt"/>
        <line num="2" count="1" type="stmt"/>
        <line num="3" count="1" type="stmt"/>
        <line num="6" count="8" type="stmt"/>
        <line num="9" count="1" type="stmt"/>
      </file>
    </package>
    <package name="src.components.debug">
      <metrics statements="7" coveredstatements="7" conditionals="4" coveredconditionals="2" methods="1" coveredmethods="1"/>
      <file name="StoreDebug.tsx" path="/Users/yashtongia/secondary-workspace/Assignment-2/src/components/debug/StoreDebug.tsx">
        <metrics statements="7" coveredstatements="7" conditionals="4" coveredconditionals="2" methods="1" coveredmethods="1"/>
        <line num="1" count="2" type="stmt"/>
        <line num="2" count="2" type="stmt"/>
        <line num="4" count="2" type="stmt"/>
        <line num="5" count="15" type="stmt"/>
        <line num="6" count="15" type="stmt"/>
        <line num="7" count="15" type="stmt"/>
        <line num="9" count="15" type="stmt"/>
      </file>
    </package>
    <package name="src.components.layout">
      <metrics statements="120" coveredstatements="99" conditionals="79" coveredconditionals="69" methods="37" coveredmethods="28"/>
      <file name="CanvasPanel.tsx" path="/Users/yashtongia/secondary-workspace/Assignment-2/src/components/layout/CanvasPanel.tsx">
        <metrics statements="24" coveredstatements="24" conditionals="24" coveredconditionals="23" methods="6" coveredmethods="6"/>
        <line num="1" count="9" type="stmt"/>
        <line num="3" count="9" type="stmt"/>
        <line num="4" count="9" type="stmt"/>
        <line num="5" count="9" type="stmt"/>
        <line num="6" count="9" type="stmt"/>
        <line num="7" count="9" type="stmt"/>
        <line num="13" count="9" type="stmt"/>
        <line num="18" count="77" type="stmt"/>
        <line num="19" count="77" type="stmt"/>
        <line num="20" count="77" type="stmt"/>
        <line num="21" count="77" type="stmt"/>
        <line num="22" count="77" type="stmt"/>
        <line num="24" count="77" type="stmt"/>
        <line num="26" count="5" type="cond" truecount="1" falsecount="0"/>
        <line num="27" count="3" type="stmt"/>
        <line num="31" count="77" type="stmt"/>
        <line num="32" count="2" type="stmt"/>
        <line num="33" count="1" type="stmt"/>
        <line num="36" count="77" type="stmt"/>
        <line num="38" count="77" type="stmt"/>
        <line num="48" count="77" type="stmt"/>
        <line num="109" count="49" type="stmt"/>
        <line num="110" count="49" type="stmt"/>
        <line num="112" count="49" type="stmt"/>
      </file>
      <file name="MainLayout.tsx" path="/Users/yashtongia/secondary-workspace/Assignment-2/src/components/layout/MainLayout.tsx">
        <metrics statements="10" coveredstatements="10" conditionals="0" coveredconditionals="0" methods="1" coveredmethods="1"/>
        <line num="1" count="2" type="stmt"/>
        <line num="2" count="2" type="stmt"/>
        <line num="3" count="2" type="stmt"/>
        <line num="4" count="2" type="stmt"/>
        <line num="5" count="2" type="stmt"/>
        <line num="6" count="2" type="stmt"/>
        <line num="7" count="2" type="stmt"/>
        <line num="9" count="2" type="stmt"/>
        <line num="10" count="15" type="stmt"/>
        <line num="12" count="15" type="stmt"/>
      </file>
      <file name="PalettePanel.tsx" path="/Users/yashtongia/secondary-workspace/Assignment-2/src/components/layout/PalettePanel.tsx">
        <metrics statements="77" coveredstatements="56" conditionals="46" coveredconditionals="38" methods="29" coveredmethods="20"/>
        <line num="1" count="8" type="stmt"/>
        <line num="3" count="8" type="stmt"/>
        <line num="4" count="8" type="stmt"/>
        <line num="5" count="8" type="stmt"/>
        <line num="6" count="8" type="stmt"/>
        <line num="7" count="8" type="stmt"/>
        <line num="8" count="8" type="stmt"/>
        <line num="9" count="8" type="stmt"/>
        <line num="24" count="8" type="stmt"/>
        <line num="29" count="138" type="stmt"/>
        <line num="30" count="138" type="stmt"/>
        <line num="33" count="138" type="stmt"/>
        <line num="34" count="138" type="stmt"/>
        <line num="35" count="138" type="stmt"/>
        <line num="36" count="138" type="stmt"/>
        <line num="39" count="138" type="stmt"/>
        <line num="40" count="1" type="stmt"/>
        <line num="41" count="1" type="stmt"/>
        <line num="42" count="1" type="stmt"/>
        <line num="45" count="1" type="stmt"/>
        <line num="59" count="138" type="stmt"/>
        <line num="60" count="0" type="stmt"/>
        <line num="72" count="138" type="stmt"/>
        <line num="73" count="10" type="stmt"/>
        <line num="74" count="10" type="stmt"/>
        <line num="90" count="138" type="stmt"/>
        <line num="91" count="9" type="stmt"/>
        <line num="92" count="9" type="stmt"/>
        <line num="93" count="27" type="cond" truecount="2" falsecount="0"/>
        <line num="97" count="9" type="stmt"/>
        <line num="111" count="138" type="stmt"/>
        <line num="112" count="2" type="cond" truecount="2" falsecount="1"/>
        <line num="113" count="0" type="cond" truecount="0" falsecount="2"/>
        <line num="115" count="0" type="stmt"/>
        <line num="116" count="0" type="stmt"/>
        <line num="117" count="0" type="stmt"/>
        <line num="119" count="0" type="stmt"/>
        <line num="120" count="0" type="stmt"/>
        <line num="121" count="0" type="stmt"/>
        <line num="125" count="2" type="cond" truecount="0" falsecount="1"/>
        <line num="126" count="0" type="stmt"/>
        <line num="134" count="0" type="cond" truecount="0" falsecount="1"/>
        <line num="135" count="0" type="stmt"/>
        <line num="136" count="0" type="stmt"/>
        <line num="142" count="138" type="stmt"/>
        <line num="143" count="1" type="stmt"/>
        <line num="153" count="1" type="cond" truecount="1" falsecount="0"/>
        <line num="154" count="1" type="stmt"/>
        <line num="155" count="1" type="stmt"/>
        <line num="161" count="138" type="stmt"/>
        <line num="172" count="138" type="stmt"/>
        <line num="173" count="111" type="stmt"/>
        <line num="174" count="1" type="cond" truecount="3" falsecount="0"/>
        <line num="175" count="1" type="stmt"/>
        <line num="179" count="111" type="stmt"/>
        <line num="180" count="111" type="stmt"/>
        <line num="184" count="414" type="stmt"/>
        <line num="185" count="138" type="stmt"/>
        <line num="186" count="138" type="cond" truecount="2" falsecount="0"/>
        <line num="187" count="138" type="cond" truecount="2" falsecount="0"/>
        <line num="189" count="138" type="stmt"/>
        <line num="261" count="3" type="stmt"/>
        <line num="262" count="3" type="stmt"/>
        <line num="265" count="0" type="stmt"/>
        <line num="266" count="0" type="stmt"/>
        <line num="356" count="381" type="stmt"/>
        <line num="382" count="11" type="stmt"/>
        <line num="383" count="11" type="stmt"/>
        <line num="389" count="0" type="stmt"/>
        <line num="390" count="0" type="stmt"/>
        <line num="458" count="1" type="stmt"/>
        <line num="459" count="1" type="stmt"/>
        <line num="462" count="0" type="stmt"/>
        <line num="474" count="0" type="stmt"/>
        <line num="475" count="0" type="stmt"/>
        <line num="478" count="0" type="stmt"/>
        <line num="479" count="0" type="stmt"/>
      </file>
      <file name="PropertiesPanel.tsx" path="/Users/yashtongia/secondary-workspace/Assignment-2/src/components/layout/PropertiesPanel.tsx">
        <metrics statements="9" coveredstatements="9" conditionals="9" coveredconditionals="8" methods="1" coveredmethods="1"/>
        <line num="1" count="2" type="stmt"/>
        <line num="3" count="2" type="stmt"/>
        <line num="4" count="2" type="stmt"/>
        <line num="5" count="2" type="stmt"/>
        <line num="11" count="2" type="stmt"/>
        <line num="16" count="24" type="stmt"/>
        <line num="17" count="24" type="stmt"/>
        <line num="18" count="24" type="cond" truecount="3" falsecount="0"/>
        <line num="20" count="24" type="stmt"/>
      </file>
    </package>
    <package name="src.components.ui">
      <metrics statements="210" coveredstatements="173" conditionals="168" coveredconditionals="147" methods="66" coveredmethods="37"/>
      <file name="ComponentPaletteItem.tsx" path="/Users/yashtongia/secondary-workspace/Assignment-2/src/components/ui/ComponentPaletteItem.tsx">
        <metrics statements="53" coveredstatements="50" conditionals="49" coveredconditionals="45" methods="12" coveredmethods="11"/>
        <line num="1" count="9" type="stmt"/>
        <line num="3" count="9" type="stmt"/>
        <line num="4" count="9" type="stmt"/>
        <line num="5" count="9" type="stmt"/>
        <line num="19" count="9" type="stmt"/>
        <line num="30" count="574" type="stmt"/>
        <line num="31" count="574" type="stmt"/>
        <line num="32" count="574" type="stmt"/>
        <line num="33" count="574" type="stmt"/>
        <line num="34" count="574" type="stmt"/>
        <line num="35" count="574" type="stmt"/>
        <line num="37" count="574" type="cond" truecount="2" falsecount="0"/>
        <line num="41" count="574" type="stmt"/>
        <line num="42" count="9" type="stmt"/>
        <line num="43" count="9" type="cond" truecount="3" falsecount="0"/>
        <line num="44" count="8" type="stmt"/>
        <line num="45" count="4" type="stmt"/>
        <line num="50" count="574" type="stmt"/>
        <line num="51" count="2" type="stmt"/>
        <line num="52" count="2" type="stmt"/>
        <line num="53" count="2" type="cond" truecount="1" falsecount="0"/>
        <line num="54" count="2" type="stmt"/>
        <line num="59" count="574" type="stmt"/>
        <line num="60" count="492" type="stmt"/>
        <line num="61" count="492" type="cond" truecount="1" falsecount="0"/>
        <line num="62" count="8" type="stmt"/>
        <line num="68" count="574" type="stmt"/>
        <line num="69" count="4" type="cond" truecount="1" falsecount="0"/>
        <line num="71" count="3" type="cond" truecount="2" falsecount="2"/>
        <line num="74" count="3" type="stmt"/>
        <line num="75" count="3" type="cond" truecount="2" falsecount="0"/>
        <line num="76" count="1" type="stmt"/>
        <line num="78" count="2" type="stmt"/>
        <line num="80" count="3" type="stmt"/>
        <line num="83" count="0" type="stmt"/>
        <line num="85" count="0" type="stmt"/>
        <line num="90" count="574" type="stmt"/>
        <line num="91" count="1" type="stmt"/>
        <line num="95" count="574" type="stmt"/>
        <line num="96" count="574" type="stmt"/>
        <line num="114" count="574" type="cond" truecount="1" falsecount="0"/>
        <line num="115" count="9" type="stmt"/>
        <line num="122" count="565" type="cond" truecount="1" falsecount="0"/>
        <line num="123" count="14" type="stmt"/>
        <line num="133" count="551" type="cond" truecount="1" falsecount="0"/>
        <line num="134" count="2" type="stmt"/>
        <line num="142" count="549" type="cond" truecount="1" falsecount="0"/>
        <line num="143" count="11" type="stmt"/>
        <line num="152" count="538" type="stmt"/>
        <line num="155" count="574" type="stmt"/>
        <line num="164" count="0" type="cond" truecount="0" falsecount="2"/>
        <line num="165" count="1" type="cond" truecount="2" falsecount="0"/>
        <line num="178" count="2" type="stmt"/>
      </file>
      <file name="ComponentPreview.tsx" path="/Users/yashtongia/secondary-workspace/Assignment-2/src/components/ui/ComponentPreview.tsx">
        <metrics statements="15" coveredstatements="15" conditionals="7" coveredconditionals="7" methods="2" coveredmethods="2"/>
        <line num="1" count="9" type="stmt"/>
        <line num="2" count="9" type="stmt"/>
        <line num="10" count="9" type="stmt"/>
        <line num="20" count="9" type="stmt"/>
        <line num="21" count="595" type="stmt"/>
        <line num="27" count="595" type="stmt"/>
        <line num="29" count="595" type="stmt"/>
        <line num="36" count="595" type="cond" truecount="5" falsecount="0"/>
        <line num="38" count="200" type="stmt"/>
        <line num="45" count="133" type="stmt"/>
        <line num="74" count="128" type="stmt"/>
        <line num="85" count="133" type="stmt"/>
        <line num="104" count="1" type="stmt"/>
        <line num="112" count="9" type="stmt"/>
        <line num="117" count="595" type="stmt"/>
      </file>
      <file name="ComponentRenderer.tsx" path="/Users/yashtongia/secondary-workspace/Assignment-2/src/components/ui/ComponentRenderer.tsx">
        <metrics statements="32" coveredstatements="28" conditionals="58" coveredconditionals="56" methods="6" coveredmethods="2"/>
        <line num="1" count="9" type="stmt"/>
        <line num="2" count="9" type="stmt"/>
        <line num="3" count="9" type="stmt"/>
        <line num="4" count="9" type="stmt"/>
        <line num="12" count="9" type="stmt"/>
        <line num="13" count="32" type="stmt"/>
        <line num="14" count="32" type="stmt"/>
        <line num="15" count="32" type="stmt"/>
        <line num="17" count="32" type="stmt"/>
        <line num="19" count="32" type="cond" truecount="2" falsecount="0"/>
        <line num="23" count="32" type="cond" truecount="4" falsecount="0"/>
        <line num="27" count="32" type="stmt"/>
        <line num="54" count="32" type="stmt"/>
        <line num="55" count="4" type="stmt"/>
        <line num="58" count="4" type="cond" truecount="1" falsecount="0"/>
        <line num="59" count="1" type="stmt"/>
        <line num="62" count="3" type="stmt"/>
        <line num="63" count="3" type="stmt"/>
        <line num="64" count="3" type="stmt"/>
        <line num="67" count="32" type="stmt"/>
        <line num="75" count="0" type="stmt"/>
        <line num="79" count="32" type="cond" truecount="5" falsecount="0"/>
        <line num="107" count="32" type="stmt"/>
        <line num="109" count="32" type="cond" truecount="5" falsecount="0"/>
        <line num="111" count="19" type="stmt"/>
        <line num="119" count="4" type="stmt"/>
        <line num="129" count="4" type="stmt"/>
        <line num="137" count="0" type="stmt"/>
        <line num="149" count="4" type="stmt"/>
        <line num="156" count="0" type="stmt"/>
        <line num="163" count="0" type="stmt"/>
        <line num="170" count="1" type="stmt"/>
      </file>
      <file name="PaletteCategory.tsx" path="/Users/yashtongia/secondary-workspace/Assignment-2/src/components/ui/PaletteCategory.tsx">
        <metrics statements="30" coveredstatements="22" conditionals="30" coveredconditionals="18" methods="10" coveredmethods="6"/>
        <line num="1" count="8" type="stmt"/>
        <line num="3" count="8" type="stmt"/>
        <line num="4" count="8" type="stmt"/>
        <line num="16" count="8" type="stmt"/>
        <line num="25" count="381" type="stmt"/>
        <line num="26" count="381" type="stmt"/>
        <line num="29" count="381" type="stmt"/>
        <line num="30" count="508" type="cond" truecount="1" falsecount="0"/>
        <line num="32" count="0" type="stmt"/>
        <line num="33" count="0" type="stmt"/>
        <line num="35" count="0" type="stmt"/>
        <line num="38" count="0" type="stmt"/>
        <line num="43" count="381" type="cond" truecount="1" falsecount="2"/>
        <line num="44" count="0" type="stmt"/>
        <line num="47" count="381" type="stmt"/>
        <line num="48" count="9" type="stmt"/>
        <line num="51" count="381" type="stmt"/>
        <line num="52" count="1" type="cond" truecount="2" falsecount="1"/>
        <line num="53" count="1" type="stmt"/>
        <line num="54" count="1" type="stmt"/>
        <line num="58" count="381" type="stmt"/>
        <line num="73" count="381" type="stmt"/>
        <line num="81" count="381" type="stmt"/>
        <line num="88" count="381" type="stmt"/>
        <line num="96" count="0" type="stmt"/>
        <line num="97" count="0" type="stmt"/>
        <line num="171" count="508" type="stmt"/>
        <line num="172" count="508" type="stmt"/>
        <line num="179" count="1" type="stmt"/>
        <line num="180" count="0" type="stmt"/>
      </file>
      <file name="PaletteState.ts" path="/Users/yashtongia/secondary-workspace/Assignment-2/src/components/ui/PaletteState.ts">
        <metrics statements="32" coveredstatements="32" conditionals="16" coveredconditionals="15" methods="10" coveredmethods="10"/>
        <line num="1" count="9" type="stmt"/>
        <line num="46" count="9" type="stmt"/>
        <line num="89" count="9" type="stmt"/>
        <line num="175" count="9" type="stmt"/>
        <line num="187" count="9" type="stmt"/>
        <line num="200" count="9" type="stmt"/>
        <line num="204" count="148" type="cond" truecount="1" falsecount="0"/>
        <line num="206" count="18" type="stmt"/>
        <line num="207" count="18" type="stmt"/>
        <line num="208" count="62" type="stmt"/>
        <line num="209" count="62" type="stmt"/>
        <line num="212" count="170" type="stmt"/>
        <line num="217" count="9" type="stmt"/>
        <line num="222" count="7" type="cond" truecount="4" falsecount="0"/>
        <line num="224" count="3" type="stmt"/>
        <line num="225" count="11" type="stmt"/>
        <line num="229" count="1" type="stmt"/>
        <line num="230" count="3" type="stmt"/>
        <line num="234" count="2" type="stmt"/>
        <line num="235" count="9" type="stmt"/>
        <line num="236" count="9" type="stmt"/>
        <line num="238" count="9" type="cond" truecount="3" falsecount="0"/>
        <line num="239" count="4" type="stmt"/>
        <line num="241" count="5" type="cond" truecount="0" falsecount="1"/>
        <line num="242" count="5" type="cond" truecount="1" falsecount="0"/>
        <line num="243" count="1" type="stmt"/>
        <line num="247" count="1" type="stmt"/>
        <line num="251" count="9" type="stmt"/>
        <line num="256" count="26" type="stmt"/>
        <line num="257" count="7" type="stmt"/>
        <line num="260" count="9" type="stmt"/>
        <line num="263" count="29" type="stmt"/>
      </file>
      <file name="PropertiesForm.tsx" path="/Users/yashtongia/secondary-workspace/Assignment-2/src/components/ui/PropertiesForm.tsx">
        <metrics statements="42" coveredstatements="26" conditionals="8" coveredconditionals="6" methods="21" coveredmethods="6"/>
        <line num="1" count="3" type="stmt"/>
        <line num="2" count="3" type="stmt"/>
        <line num="3" count="3" type="stmt"/>
        <line num="4" count="3" type="stmt"/>
        <line num="5" count="3" type="stmt"/>
        <line num="11" count="3" type="stmt"/>
        <line num="12" count="10" type="stmt"/>
        <line num="13" count="10" type="stmt"/>
        <line num="15" count="10" type="stmt"/>
        <line num="16" count="5" type="stmt"/>
        <line num="17" count="5" type="stmt"/>
        <line num="18" count="5" type="cond" truecount="1" falsecount="0"/>
        <line num="21" count="5" type="stmt"/>
        <line num="24" count="10" type="cond" truecount="4" falsecount="1"/>
        <line num="26" count="7" type="stmt"/>
        <line num="27" count="7" type="stmt"/>
        <line num="31" count="1" type="stmt"/>
        <line num="35" count="2" type="stmt"/>
        <line num="39" count="1" type="stmt"/>
        <line num="46" count="1" type="stmt"/>
        <line num="52" count="1" type="stmt"/>
        <line num="53" count="1" type="stmt"/>
        <line num="57" count="0" type="stmt"/>
        <line num="61" count="0" type="stmt"/>
        <line num="65" count="0" type="stmt"/>
        <line num="69" count="0" type="stmt"/>
        <line num="79" count="1" type="stmt"/>
        <line num="80" count="1" type="stmt"/>
        <line num="84" count="0" type="stmt"/>
        <line num="88" count="0" type="cond" truecount="1" falsecount="1"/>
        <line num="92" count="0" type="stmt"/>
        <line num="100" count="0" type="stmt"/>
        <line num="106" count="1" type="stmt"/>
        <line num="107" count="1" type="stmt"/>
        <line num="111" count="0" type="stmt"/>
        <line num="115" count="0" type="stmt"/>
        <line num="119" count="0" type="stmt"/>
        <line num="123" count="0" type="stmt"/>
        <line num="127" count="0" type="stmt"/>
        <line num="131" count="0" type="stmt"/>
        <line num="135" count="0" type="stmt"/>
        <line num="141" count="0" type="stmt"/>
      </file>
      <file name="index.ts" path="/Users/yashtongia/secondary-workspace/Assignment-2/src/components/ui/index.ts">
        <metrics statements="6" coveredstatements="0" conditionals="0" coveredconditionals="0" methods="5" coveredmethods="0"/>
        <line num="2" count="0" type="stmt"/>
        <line num="3" count="0" type="stmt"/>
        <line num="4" count="0" type="stmt"/>
        <line num="5" count="0" type="stmt"/>
        <line num="8" count="0" type="stmt"/>
        <line num="9" count="0" type="stmt"/>
      </file>
    </package>
    <package name="src.hooks">
      <metrics statements="333" coveredstatements="194" conditionals="126" coveredconditionals="36" methods="57" coveredmethods="37"/>
      <file name="useDragAndDrop.ts" path="/Users/yashtongia/secondary-workspace/Assignment-2/src/hooks/useDragAndDrop.ts">
        <metrics statements="157" coveredstatements="139" conditionals="41" coveredconditionals="30" methods="28" coveredmethods="24"/>
        <line num="1" count="5" type="stmt"/>
        <line num="2" count="5" type="stmt"/>
        <line num="8" count="5" type="stmt"/>
        <line num="14" count="5" type="stmt"/>
        <line num="19" count="5" type="stmt"/>
        <line num="20" count="119" type="stmt"/>
        <line num="21" count="119" type="stmt"/>
        <line num="22" count="119" type="stmt"/>
        <line num="23" count="119" type="stmt"/>
        <line num="26" count="119" type="stmt"/>
        <line num="27" count="10" type="stmt"/>
        <line num="28" count="10" type="cond" truecount="2" falsecount="0"/>
        <line num="29" count="10" type="cond" truecount="2" falsecount="0"/>
        <line num="31" count="10" type="stmt"/>
        <line num="38" count="119" type="stmt"/>
        <line num="39" count="119" type="cond" truecount="1" falsecount="0"/>
        <line num="41" count="26" type="stmt"/>
        <line num="43" count="26" type="stmt"/>
        <line num="44" count="6" type="stmt"/>
        <line num="45" count="6" type="stmt"/>
        <line num="46" count="6" type="stmt"/>
        <line num="66" count="6" type="stmt"/>
        <line num="73" count="6" type="cond" truecount="1" falsecount="1"/>
        <line num="74" count="6" type="stmt"/>
        <line num="75" count="6" type="stmt"/>
        <line num="78" count="26" type="stmt"/>
        <line num="79" count="109" type="cond" truecount="1" falsecount="0"/>
        <line num="80" count="6" type="stmt"/>
        <line num="81" count="6" type="stmt"/>
        <line num="85" count="109" type="cond" truecount="1" falsecount="0"/>
        <line num="86" count="109" type="stmt"/>
        <line num="87" count="109" type="stmt"/>
        <line num="91" count="26" type="stmt"/>
        <line num="92" count="0" type="cond" truecount="0" falsecount="1"/>
        <line num="93" count="0" type="stmt"/>
        <line num="94" count="0" type="stmt"/>
        <line num="99" count="26" type="stmt"/>
        <line num="101" count="26" type="stmt"/>
        <line num="102" count="26" type="stmt"/>
        <line num="104" count="26" type="stmt"/>
        <line num="105" count="26" type="stmt"/>
        <line num="107" count="26" type="cond" truecount="1" falsecount="0"/>
        <line num="108" count="6" type="stmt"/>
        <line num="109" count="6" type="stmt"/>
        <line num="112" count="26" type="stmt"/>
        <line num="113" count="26" type="stmt"/>
        <line num="118" count="119" type="stmt"/>
        <line num="119" count="119" type="cond" truecount="1" falsecount="0"/>
        <line num="121" count="5" type="stmt"/>
        <line num="123" count="5" type="stmt"/>
        <line num="124" count="125" type="stmt"/>
        <line num="126" count="125" type="cond" truecount="1" falsecount="0"/>
        <line num="127" count="123" type="stmt"/>
        <line num="130" count="125" type="stmt"/>
        <line num="131" count="0" type="stmt"/>
        <line num="132" count="0" type="cond" truecount="0" falsecount="3"/>
        <line num="134" count="0" type="stmt"/>
        <line num="135" count="0" type="cond" truecount="0" falsecount="1"/>
        <line num="137" count="0" type="stmt"/>
        <line num="138" count="0" type="stmt"/>
        <line num="143" count="0" type="stmt"/>
        <line num="145" count="0" type="stmt"/>
        <line num="152" count="5" type="stmt"/>
        <line num="153" count="0" type="stmt"/>
        <line num="155" count="0" type="stmt"/>
        <line num="156" count="0" type="cond" truecount="0" falsecount="3"/>
        <line num="158" count="0" type="stmt"/>
        <line num="161" count="0" type="stmt"/>
        <line num="165" count="5" type="stmt"/>
        <line num="166" count="5" type="stmt"/>
        <line num="169" count="5" type="stmt"/>
        <line num="170" count="5" type="stmt"/>
        <line num="172" count="5" type="stmt"/>
        <line num="173" count="5" type="cond" truecount="1" falsecount="0"/>
        <line num="174" count="2" type="stmt"/>
        <line num="177" count="5" type="stmt"/>
        <line num="178" count="5" type="stmt"/>
        <line num="180" count="5" type="stmt"/>
        <line num="181" count="5" type="stmt"/>
        <line num="188" count="119" type="stmt"/>
        <line num="192" count="6" type="stmt"/>
        <line num="205" count="119" type="stmt"/>
        <line num="210" count="7" type="stmt"/>
        <line num="223" count="119" type="stmt"/>
        <line num="224" count="7" type="cond" truecount="1" falsecount="0"/>
        <line num="226" count="5" type="stmt"/>
        <line num="227" count="5" type="cond" truecount="1" falsecount="0"/>
        <line num="229" count="4" type="stmt"/>
        <line num="230" count="4" type="cond" truecount="3" falsecount="0"/>
        <line num="231" count="2" type="stmt"/>
        <line num="236" count="2" type="stmt"/>
        <line num="237" count="2" type="stmt"/>
        <line num="239" count="2" type="stmt"/>
        <line num="240" count="2" type="stmt"/>
        <line num="245" count="5" type="cond" truecount="1" falsecount="0"/>
        <line num="246" count="4" type="stmt"/>
        <line num="254" count="119" type="stmt"/>
        <line num="255" count="2" type="stmt"/>
        <line num="261" count="119" type="stmt"/>
        <line num="262" count="12" type="stmt"/>
        <line num="263" count="12" type="cond" truecount="4" falsecount="0"/>
        <line num="269" count="119" type="stmt"/>
        <line num="291" count="5" type="stmt"/>
        <line num="292" count="38" type="stmt"/>
        <line num="294" count="38" type="stmt"/>
        <line num="296" count="2" type="stmt"/>
        <line num="297" count="2" type="stmt"/>
        <line num="298" count="2" type="stmt"/>
        <line num="301" count="1" type="stmt"/>
        <line num="302" count="1" type="stmt"/>
        <line num="303" count="1" type="stmt"/>
        <line num="306" count="1" type="stmt"/>
        <line num="315" count="5" type="stmt"/>
        <line num="316" count="9" type="stmt"/>
        <line num="318" count="9" type="stmt"/>
        <line num="320" count="4" type="cond" truecount="1" falsecount="0"/>
        <line num="322" count="2" type="stmt"/>
        <line num="323" count="2" type="stmt"/>
        <line num="326" count="2" type="stmt"/>
        <line num="327" count="2" type="stmt"/>
        <line num="328" count="2" type="stmt"/>
        <line num="330" count="2" type="cond" truecount="1" falsecount="0"/>
        <line num="331" count="2" type="stmt"/>
        <line num="332" count="2" type="stmt"/>
        <line num="337" count="2" type="stmt"/>
        <line num="341" count="1" type="stmt"/>
        <line num="342" count="1" type="stmt"/>
        <line num="344" count="1" type="stmt"/>
        <line num="345" count="1" type="cond" truecount="1" falsecount="0"/>
        <line num="346" count="1" type="stmt"/>
        <line num="347" count="1" type="stmt"/>
        <line num="348" count="1" type="stmt"/>
        <line num="350" count="1" type="cond" truecount="1" falsecount="0"/>
        <line num="351" count="1" type="stmt"/>
        <line num="356" count="1" type="stmt"/>
        <line num="361" count="0" type="stmt"/>
        <line num="370" count="5" type="stmt"/>
        <line num="371" count="15" type="stmt"/>
        <line num="373" count="15" type="stmt"/>
        <line num="375" count="4" type="cond" truecount="1" falsecount="0"/>
        <line num="377" count="1" type="stmt"/>
        <line num="378" count="1" type="stmt"/>
        <line num="380" count="1" type="stmt"/>
        <line num="381" count="1" type="stmt"/>
        <line num="383" count="1" type="stmt"/>
        <line num="388" count="1" type="cond" truecount="1" falsecount="0"/>
        <line num="389" count="1" type="stmt"/>
        <line num="397" count="2" type="cond" truecount="0" falsecount="1"/>
        <line num="399" count="2" type="stmt"/>
        <line num="400" count="2" type="stmt"/>
        <line num="402" count="2" type="stmt"/>
        <line num="403" count="2" type="cond" truecount="1" falsecount="0"/>
        <line num="404" count="1" type="stmt"/>
        <line num="405" count="1" type="stmt"/>
        <line num="407" count="1" type="stmt"/>
        <line num="412" count="1" type="cond" truecount="0" falsecount="1"/>
        <line num="413" count="0" type="stmt"/>
      </file>
      <file name="usePaletteAccessibility.ts" path="/Users/yashtongia/secondary-workspace/Assignment-2/src/hooks/usePaletteAccessibility.ts">
        <metrics statements="176" coveredstatements="55" conditionals="85" coveredconditionals="6" methods="29" coveredmethods="13"/>
        <line num="1" count="4" type="stmt"/>
        <line num="3" count="4" type="stmt"/>
        <line num="33" count="4" type="stmt"/>
        <line num="42" count="58" type="stmt"/>
        <line num="44" count="58" type="stmt"/>
        <line num="45" count="58" type="stmt"/>
        <line num="46" count="58" type="stmt"/>
        <line num="51" count="58" type="stmt"/>
        <line num="52" count="58" type="stmt"/>
        <line num="53" count="58" type="stmt"/>
        <line num="54" count="58" type="stmt"/>
        <line num="57" count="58" type="stmt"/>
        <line num="58" count="52" type="stmt"/>
        <line num="62" count="58" type="stmt"/>
        <line num="63" count="52" type="cond" truecount="0" falsecount="1"/>
        <line num="65" count="52" type="cond" truecount="1" falsecount="0"/>
        <line num="66" count="52" type="stmt"/>
        <line num="67" count="52" type="stmt"/>
        <line num="68" count="52" type="stmt"/>
        <line num="69" count="52" type="stmt"/>
        <line num="70" count="52" type="stmt"/>
        <line num="78" count="52" type="stmt"/>
        <line num="79" count="52" type="stmt"/>
        <line num="82" count="52" type="stmt"/>
        <line num="83" count="52" type="cond" truecount="1" falsecount="0"/>
        <line num="84" count="52" type="stmt"/>
        <line num="85" count="52" type="stmt"/>
        <line num="91" count="58" type="stmt"/>
        <line num="92" count="0" type="cond" truecount="0" falsecount="3"/>
        <line num="94" count="0" type="cond" truecount="0" falsecount="2"/>
        <line num="96" count="0" type="stmt"/>
        <line num="97" count="0" type="cond" truecount="0" falsecount="1"/>
        <line num="98" count="0" type="stmt"/>
        <line num="99" count="0" type="stmt"/>
        <line num="102" count="0" type="stmt"/>
        <line num="103" count="0" type="cond" truecount="0" falsecount="1"/>
        <line num="104" count="0" type="stmt"/>
        <line num="112" count="58" type="stmt"/>
        <line num="113" count="54" type="cond" truecount="0" falsecount="1"/>
        <line num="115" count="54" type="stmt"/>
        <line num="123" count="54" type="stmt"/>
        <line num="125" count="426" type="stmt"/>
        <line num="134" count="58" type="stmt"/>
        <line num="135" count="52" type="stmt"/>
        <line num="138" count="52" type="cond" truecount="1" falsecount="0"/>
        <line num="139" count="52" type="stmt"/>
        <line num="140" count="2" type="stmt"/>
        <line num="143" count="52" type="stmt"/>
        <line num="150" count="52" type="stmt"/>
        <line num="155" count="58" type="stmt"/>
        <line num="156" count="0" type="stmt"/>
        <line num="157" count="0" type="cond" truecount="0" falsecount="1"/>
        <line num="159" count="0" type="cond" truecount="0" falsecount="2"/>
        <line num="162" count="0" type="cond" truecount="0" falsecount="5"/>
        <line num="164" count="0" type="cond" truecount="0" falsecount="2"/>
        <line num="165" count="0" type="stmt"/>
        <line num="167" count="0" type="cond" truecount="0" falsecount="2"/>
        <line num="168" count="0" type="stmt"/>
        <line num="170" count="0" type="stmt"/>
        <line num="171" count="0" type="stmt"/>
        <line num="173" count="0" type="stmt"/>
        <line num="174" count="0" type="stmt"/>
        <line num="176" count="0" type="stmt"/>
        <line num="179" count="0" type="stmt"/>
        <line num="180" count="0" type="cond" truecount="0" falsecount="1"/>
        <line num="181" count="0" type="stmt"/>
        <line num="182" count="0" type="stmt"/>
        <line num="185" count="0" type="stmt"/>
        <line num="186" count="0" type="cond" truecount="0" falsecount="3"/>
        <line num="187" count="0" type="stmt"/>
        <line num="188" count="0" type="stmt"/>
        <line num="197" count="58" type="stmt"/>
        <line num="198" count="0" type="cond" truecount="0" falsecount="3"/>
        <line num="200" count="0" type="stmt"/>
        <line num="201" count="0" type="stmt"/>
        <line num="203" count="0" type="cond" truecount="0" falsecount="1"/>
        <line num="206" count="0" type="cond" truecount="0" falsecount="3"/>
        <line num="207" count="0" type="cond" truecount="0" falsecount="2"/>
        <line num="210" count="0" type="stmt"/>
        <line num="211" count="0" type="stmt"/>
        <line num="212" count="0" type="cond" truecount="0" falsecount="1"/>
        <line num="213" count="0" type="stmt"/>
        <line num="214" count="0" type="stmt"/>
        <line num="219" count="0" type="stmt"/>
        <line num="224" count="0" type="cond" truecount="0" falsecount="1"/>
        <line num="225" count="0" type="stmt"/>
        <line num="226" count="0" type="stmt"/>
        <line num="230" count="0" type="cond" truecount="0" falsecount="8"/>
        <line num="232" count="0" type="stmt"/>
        <line num="233" count="0" type="stmt"/>
        <line num="234" count="0" type="stmt"/>
        <line num="235" count="0" type="stmt"/>
        <line num="238" count="0" type="stmt"/>
        <line num="239" count="0" type="stmt"/>
        <line num="240" count="0" type="stmt"/>
        <line num="241" count="0" type="stmt"/>
        <line num="244" count="0" type="stmt"/>
        <line num="245" count="0" type="stmt"/>
        <line num="246" count="0" type="stmt"/>
        <line num="247" count="0" type="stmt"/>
        <line num="250" count="0" type="stmt"/>
        <line num="251" count="0" type="stmt"/>
        <line num="252" count="0" type="stmt"/>
        <line num="253" count="0" type="stmt"/>
        <line num="257" count="0" type="stmt"/>
        <line num="258" count="0" type="stmt"/>
        <line num="259" count="0" type="stmt"/>
        <line num="262" count="0" type="stmt"/>
        <line num="263" count="0" type="stmt"/>
        <line num="267" count="0" type="cond" truecount="0" falsecount="3"/>
        <line num="268" count="0" type="stmt"/>
        <line num="269" count="0" type="stmt"/>
        <line num="271" count="0" type="stmt"/>
        <line num="276" count="58" type="stmt"/>
        <line num="277" count="0" type="stmt"/>
        <line num="278" count="0" type="stmt"/>
        <line num="280" count="0" type="cond" truecount="0" falsecount="2"/>
        <line num="281" count="0" type="cond" truecount="0" falsecount="1"/>
        <line num="282" count="0" type="stmt"/>
        <line num="283" count="0" type="stmt"/>
        <line num="288" count="0" type="cond" truecount="0" falsecount="3"/>
        <line num="289" count="0" type="stmt"/>
        <line num="290" count="0" type="stmt"/>
        <line num="298" count="58" type="stmt"/>
        <line num="299" count="0" type="cond" truecount="0" falsecount="2"/>
        <line num="300" count="0" type="stmt"/>
        <line num="301" count="0" type="stmt"/>
        <line num="306" count="0" type="stmt"/>
        <line num="307" count="0" type="stmt"/>
        <line num="310" count="0" type="stmt"/>
        <line num="311" count="0" type="cond" truecount="0" falsecount="1"/>
        <line num="312" count="0" type="stmt"/>
        <line num="318" count="58" type="stmt"/>
        <line num="319" count="0" type="stmt"/>
        <line num="321" count="0" type="cond" truecount="0" falsecount="1"/>
        <line num="322" count="0" type="stmt"/>
        <line num="323" count="0" type="stmt"/>
        <line num="331" count="58" type="stmt"/>
        <line num="332" count="0" type="stmt"/>
        <line num="334" count="0" type="cond" truecount="0" falsecount="6"/>
        <line num="336" count="0" type="cond" truecount="0" falsecount="3"/>
        <line num="337" count="0" type="stmt"/>
        <line num="338" count="0" type="stmt"/>
        <line num="339" count="0" type="stmt"/>
        <line num="344" count="0" type="stmt"/>
        <line num="347" count="0" type="stmt"/>
        <line num="348" count="0" type="stmt"/>
        <line num="352" count="0" type="stmt"/>
        <line num="359" count="0" type="stmt"/>
        <line num="363" count="0" type="stmt"/>
        <line num="368" count="58" type="stmt"/>
        <line num="369" count="0" type="cond" truecount="0" falsecount="3"/>
        <line num="371" count="0" type="stmt"/>
        <line num="372" count="0" type="stmt"/>
        <line num="373" count="0" type="cond" truecount="0" falsecount="1"/>
        <line num="375" count="0" type="stmt"/>
        <line num="376" count="0" type="cond" truecount="0" falsecount="1"/>
        <line num="377" count="0" type="stmt"/>
        <line num="382" count="0" type="stmt"/>
        <line num="383" count="0" type="stmt"/>
        <line num="387" count="58" type="stmt"/>
        <line num="388" count="52" type="stmt"/>
        <line num="389" count="52" type="stmt"/>
        <line num="393" count="58" type="stmt"/>
        <line num="394" count="52" type="cond" truecount="0" falsecount="1"/>
        <line num="395" count="0" type="stmt"/>
        <line num="400" count="58" type="stmt"/>
        <line num="401" count="52" type="cond" truecount="1" falsecount="2"/>
        <line num="402" count="0" type="stmt"/>
        <line num="406" count="58" type="stmt"/>
        <line num="424" count="0" type="stmt"/>
        <line num="425" count="0" type="stmt"/>
        <line num="429" count="0" type="stmt"/>
        <line num="430" count="0" type="stmt"/>
        <line num="434" count="0" type="stmt"/>
        <line num="435" count="0" type="stmt"/>
      </file>
    </package>
    <package name="src.store">
      <metrics statements="575" coveredstatements="361" conditionals="196" coveredconditionals="83" methods="272" coveredmethods="144"/>
      <file name="index.ts" path="/Users/yashtongia/secondary-workspace/Assignment-2/src/store/index.ts">
        <metrics statements="411" coveredstatements="294" conditionals="136" coveredconditionals="70" methods="156" coveredmethods="108"/>
        <line num="2" count="7" type="stmt"/>
        <line num="3" count="7" type="stmt"/>
        <line num="4" count="7" type="stmt"/>
        <line num="5" count="7" type="stmt"/>
        <line num="8" count="7" type="stmt"/>
        <line num="34" count="7" type="stmt"/>
        <line num="37" count="7" type="stmt"/>
        <line num="38" count="38" type="stmt"/>
        <line num="40" count="7" type="stmt"/>
        <line num="43" count="36" type="stmt"/>
        <line num="54" count="7" type="stmt"/>
        <line num="56" count="226" type="stmt"/>
        <line num="67" count="7" type="stmt"/>
        <line num="70" count="7" type="stmt"/>
        <line num="72" count="7" type="cond" truecount="3" falsecount="0"/>
        <line num="73" count="7" type="stmt"/>
        <line num="74" count="7" type="cond" truecount="1" falsecount="1"/>
        <line num="77" count="7" type="stmt"/>
        <line num="78" count="7" type="stmt"/>
        <line num="79" count="0" type="cond" truecount="0" falsecount="3"/>
        <line num="80" count="0" type="stmt"/>
        <line num="84" count="7" type="stmt"/>
        <line num="98" count="7" type="stmt"/>
        <line num="106" count="9" type="stmt"/>
        <line num="127" count="9" type="stmt"/>
        <line num="163" count="7" type="stmt"/>
        <line num="172" count="7" type="stmt"/>
        <line num="182" count="7" type="stmt"/>
        <line num="183" count="7" type="stmt"/>
        <line num="184" count="7" type="stmt"/>
        <line num="193" count="7" type="stmt"/>
        <line num="205" count="7" type="stmt"/>
        <line num="217" count="7" type="stmt"/>
        <line num="219" count="7" type="stmt"/>
        <line num="230" count="7" type="stmt"/>
        <line num="235" count="3" type="stmt"/>
        <line num="237" count="3" type="stmt"/>
        <line num="244" count="3" type="stmt"/>
        <line num="246" count="3" type="stmt"/>
        <line num="254" count="1" type="stmt"/>
        <line num="256" count="1" type="stmt"/>
        <line num="264" count="23" type="stmt"/>
        <line num="266" count="23" type="stmt"/>
        <line num="269" count="23" type="stmt"/>
        <line num="276" count="0" type="stmt"/>
        <line num="292" count="23" type="stmt"/>
        <line num="296" count="23" type="stmt"/>
        <line num="298" count="23" type="cond" truecount="1" falsecount="0"/>
        <line num="300" count="20" type="stmt"/>
        <line num="304" count="20" type="stmt"/>
        <line num="307" count="20" type="stmt"/>
        <line num="308" count="20" type="stmt"/>
        <line num="309" count="20" type="stmt"/>
        <line num="310" count="20" type="stmt"/>
        <line num="313" count="20" type="cond" truecount="1" falsecount="0"/>
        <line num="317" count="3" type="stmt"/>
        <line num="322" count="23" type="stmt"/>
        <line num="323" count="23" type="stmt"/>
        <line num="331" count="6" type="stmt"/>
        <line num="333" count="6" type="stmt"/>
        <line num="335" count="6" type="cond" truecount="1" falsecount="0"/>
        <line num="336" count="4" type="stmt"/>
        <line num="340" count="4" type="stmt"/>
        <line num="341" count="4" type="cond" truecount="0" falsecount="1"/>
        <line num="342" count="0" type="stmt"/>
        <line num="349" count="4" type="cond" truecount="0" falsecount="1"/>
        <line num="350" count="0" type="stmt"/>
        <line num="353" count="4" type="stmt"/>
        <line num="355" count="4" type="cond" truecount="1" falsecount="0"/>
        <line num="357" count="1" type="stmt"/>
        <line num="361" count="1" type="stmt"/>
        <line num="364" count="1" type="stmt"/>
        <line num="365" count="1" type="stmt"/>
        <line num="366" count="1" type="stmt"/>
        <line num="367" count="1" type="stmt"/>
        <line num="371" count="4" type="stmt"/>
        <line num="373" count="4" type="stmt"/>
        <line num="386" count="3" type="stmt"/>
        <line num="388" count="3" type="stmt"/>
        <line num="389" count="3" type="stmt"/>
        <line num="391" count="3" type="cond" truecount="1" falsecount="0"/>
        <line num="392" count="2" type="stmt"/>
        <line num="403" count="2" type="stmt"/>
        <line num="404" count="2" type="stmt"/>
        <line num="406" count="2" type="cond" truecount="1" falsecount="0"/>
        <line num="408" count="2" type="stmt"/>
        <line num="412" count="2" type="stmt"/>
        <line num="415" count="2" type="stmt"/>
        <line num="416" count="2" type="stmt"/>
        <line num="417" count="2" type="stmt"/>
        <line num="418" count="2" type="stmt"/>
        <line num="422" count="2" type="stmt"/>
        <line num="431" count="0" type="stmt"/>
        <line num="433" count="0" type="stmt"/>
        <line num="435" count="0" type="cond" truecount="0" falsecount="1"/>
        <line num="436" count="0" type="stmt"/>
        <line num="450" count="0" type="stmt"/>
        <line num="454" count="0" type="stmt"/>
        <line num="456" count="0" type="cond" truecount="0" falsecount="1"/>
        <line num="458" count="0" type="stmt"/>
        <line num="462" count="0" type="stmt"/>
        <line num="465" count="0" type="stmt"/>
        <line num="466" count="0" type="stmt"/>
        <line num="467" count="0" type="stmt"/>
        <line num="468" count="0" type="stmt"/>
        <line num="477" count="7" type="stmt"/>
        <line num="479" count="7" type="cond" truecount="2" falsecount="0"/>
        <line num="480" count="4" type="cond" truecount="1" falsecount="0"/>
        <line num="483" count="4" type="stmt"/>
        <line num="486" count="3" type="stmt"/>
        <line num="488" count="7" type="stmt"/>
        <line num="495" count="2" type="stmt"/>
        <line num="498" count="2" type="stmt"/>
        <line num="499" count="2" type="cond" truecount="1" falsecount="0"/>
        <line num="500" count="1" type="stmt"/>
        <line num="503" count="2" type="cond" truecount="1" falsecount="0"/>
        <line num="504" count="1" type="stmt"/>
        <line num="515" count="7" type="stmt"/>
        <line num="517" count="7" type="stmt"/>
        <line num="518" count="7" type="stmt"/>
        <line num="525" count="1" type="stmt"/>
        <line num="528" count="1" type="stmt"/>
        <line num="530" count="1" type="stmt"/>
        <line num="537" count="6" type="stmt"/>
        <line num="539" count="6" type="stmt"/>
        <line num="540" count="6" type="cond" truecount="1" falsecount="0"/>
        <line num="542" count="5" type="stmt"/>
        <line num="543" count="5" type="stmt"/>
        <line num="560" count="5" type="stmt"/>
        <line num="571" count="5" type="stmt"/>
        <line num="572" count="5" type="stmt"/>
        <line num="574" count="5" type="cond" truecount="1" falsecount="0"/>
        <line num="576" count="4" type="stmt"/>
        <line num="580" count="4" type="stmt"/>
        <line num="583" count="4" type="stmt"/>
        <line num="584" count="4" type="stmt"/>
        <line num="585" count="4" type="stmt"/>
        <line num="586" count="4" type="stmt"/>
        <line num="599" count="3" type="stmt"/>
        <line num="601" count="3" type="stmt"/>
        <line num="602" count="3" type="cond" truecount="1" falsecount="0"/>
        <line num="604" count="2" type="stmt"/>
        <line num="619" count="2" type="stmt"/>
        <line num="630" count="2" type="stmt"/>
        <line num="631" count="2" type="stmt"/>
        <line num="633" count="2" type="cond" truecount="1" falsecount="0"/>
        <line num="635" count="1" type="stmt"/>
        <line num="639" count="1" type="stmt"/>
        <line num="642" count="1" type="stmt"/>
        <line num="643" count="1" type="stmt"/>
        <line num="644" count="1" type="stmt"/>
        <line num="645" count="1" type="stmt"/>
        <line num="654" count="1" type="stmt"/>
        <line num="656" count="1" type="stmt"/>
        <line num="657" count="1" type="cond" truecount="0" falsecount="1"/>
        <line num="658" count="0" type="stmt"/>
        <line num="669" count="0" type="stmt"/>
        <line num="670" count="0" type="stmt"/>
        <line num="672" count="0" type="cond" truecount="0" falsecount="1"/>
        <line num="674" count="0" type="stmt"/>
        <line num="678" count="0" type="stmt"/>
        <line num="681" count="0" type="stmt"/>
        <line num="682" count="0" type="stmt"/>
        <line num="683" count="0" type="stmt"/>
        <line num="684" count="0" type="stmt"/>
        <line num="694" count="3" type="stmt"/>
        <line num="696" count="3" type="stmt"/>
        <line num="697" count="3" type="stmt"/>
        <line num="698" count="3" type="stmt"/>
        <line num="699" count="3" type="stmt"/>
        <line num="706" count="1" type="stmt"/>
        <line num="708" count="1" type="stmt"/>
        <line num="715" count="13" type="stmt"/>
        <line num="717" count="13" type="stmt"/>
        <line num="724" count="1" type="stmt"/>
        <line num="726" count="1" type="stmt"/>
        <line num="727" count="1" type="stmt"/>
        <line num="734" count="2" type="stmt"/>
        <line num="736" count="2" type="stmt"/>
        <line num="744" count="3" type="stmt"/>
        <line num="746" count="3" type="stmt"/>
        <line num="747" count="3" type="stmt"/>
        <line num="770" count="1" type="stmt"/>
        <line num="772" count="1" type="stmt"/>
        <line num="773" count="1" type="stmt"/>
        <line num="776" count="1" type="cond" truecount="1" falsecount="0"/>
        <line num="777" count="1" type="stmt"/>
        <line num="778" count="1" type="stmt"/>
        <line num="779" count="1" type="stmt"/>
        <line num="780" count="1" type="stmt"/>
        <line num="783" count="1" type="stmt"/>
        <line num="791" count="9" type="stmt"/>
        <line num="793" count="9" type="stmt"/>
        <line num="808" count="0" type="stmt"/>
        <line num="810" count="0" type="stmt"/>
        <line num="817" count="4" type="stmt"/>
        <line num="819" count="4" type="stmt"/>
        <line num="827" count="0" type="stmt"/>
        <line num="829" count="0" type="stmt"/>
        <line num="836" count="1" type="stmt"/>
        <line num="838" count="1" type="stmt"/>
        <line num="839" count="1" type="stmt"/>
        <line num="846" count="1" type="stmt"/>
        <line num="848" count="1" type="stmt"/>
        <line num="849" count="1" type="stmt"/>
        <line num="856" count="9" type="stmt"/>
        <line num="858" count="9" type="stmt"/>
        <line num="865" count="0" type="stmt"/>
        <line num="867" count="0" type="stmt"/>
        <line num="875" count="3" type="stmt"/>
        <line num="877" count="3" type="cond" truecount="1" falsecount="0"/>
        <line num="878" count="2" type="stmt"/>
        <line num="879" count="2" type="stmt"/>
        <line num="882" count="2" type="stmt"/>
        <line num="885" count="2" type="stmt"/>
        <line num="888" count="2" type="stmt"/>
        <line num="891" count="2" type="stmt"/>
        <line num="894" count="2" type="stmt"/>
        <line num="895" count="2" type="stmt"/>
        <line num="897" count="2" type="stmt"/>
        <line num="899" count="2" type="stmt"/>
        <line num="900" count="2" type="stmt"/>
        <line num="908" count="3" type="stmt"/>
        <line num="910" count="3" type="cond" truecount="1" falsecount="0"/>
        <line num="911" count="2" type="stmt"/>
        <line num="912" count="2" type="stmt"/>
        <line num="915" count="2" type="stmt"/>
        <line num="918" count="2" type="stmt"/>
        <line num="919" count="2" type="stmt"/>
        <line num="922" count="2" type="stmt"/>
        <line num="925" count="2" type="stmt"/>
        <line num="926" count="2" type="stmt"/>
        <line num="928" count="2" type="stmt"/>
        <line num="929" count="2" type="stmt"/>
        <line num="931" count="2" type="stmt"/>
        <line num="939" count="0" type="stmt"/>
        <line num="941" count="0" type="stmt"/>
        <line num="945" count="0" type="stmt"/>
        <line num="948" count="0" type="stmt"/>
        <line num="949" count="0" type="stmt"/>
        <line num="950" count="0" type="stmt"/>
        <line num="951" count="0" type="stmt"/>
        <line num="954" count="0" type="cond" truecount="0" falsecount="1"/>
        <line num="958" count="0" type="stmt"/>
        <line num="966" count="40" type="stmt"/>
        <line num="968" count="40" type="stmt"/>
        <line num="969" count="40" type="stmt"/>
        <line num="970" count="40" type="stmt"/>
        <line num="971" count="40" type="stmt"/>
        <line num="978" count="2" type="stmt"/>
        <line num="980" count="2" type="stmt"/>
        <line num="983" count="2" type="stmt"/>
        <line num="984" count="0" type="stmt"/>
        <line num="993" count="1" type="stmt"/>
        <line num="995" count="1" type="stmt"/>
        <line num="996" count="1" type="stmt"/>
        <line num="997" count="1" type="stmt"/>
        <line num="998" count="1" type="stmt"/>
        <line num="999" count="1" type="stmt"/>
        <line num="1000" count="1" type="stmt"/>
        <line num="1008" count="3" type="stmt"/>
        <line num="1009" count="3" type="stmt"/>
        <line num="1011" count="3" type="stmt"/>
        <line num="1017" count="3" type="stmt"/>
        <line num="1018" count="3" type="stmt"/>
        <line num="1026" count="3" type="stmt"/>
        <line num="1031" count="2" type="stmt"/>
        <line num="1033" count="2" type="stmt"/>
        <line num="1034" count="2" type="stmt"/>
        <line num="1035" count="2" type="stmt"/>
        <line num="1041" count="1" type="stmt"/>
        <line num="1043" count="1" type="stmt"/>
        <line num="1044" count="1" type="stmt"/>
        <line num="1053" count="1" type="stmt"/>
        <line num="1055" count="1" type="stmt"/>
        <line num="1061" count="1" type="stmt"/>
        <line num="1062" count="1" type="stmt"/>
        <line num="1063" count="1" type="cond" truecount="0" falsecount="1"/>
        <line num="1064" count="0" type="stmt"/>
        <line num="1066" count="0" type="stmt"/>
        <line num="1068" count="0" type="cond" truecount="0" falsecount="1"/>
        <line num="1069" count="0" type="stmt"/>
        <line num="1071" count="0" type="cond" truecount="0" falsecount="1"/>
        <line num="1072" count="0" type="stmt"/>
        <line num="1077" count="0" type="cond" truecount="0" falsecount="1"/>
        <line num="1078" count="0" type="stmt"/>
        <line num="1083" count="0" type="stmt"/>
        <line num="1084" count="0" type="stmt"/>
        <line num="1091" count="0" type="stmt"/>
        <line num="1093" count="0" type="stmt"/>
        <line num="1094" count="0" type="stmt"/>
        <line num="1103" count="2" type="stmt"/>
        <line num="1104" count="2" type="stmt"/>
        <line num="1124" count="2" type="stmt"/>
        <line num="1126" count="2" type="stmt"/>
        <line num="1127" count="2" type="stmt"/>
        <line num="1128" count="2" type="stmt"/>
        <line num="1129" count="2" type="stmt"/>
        <line num="1130" count="2" type="stmt"/>
        <line num="1138" count="0" type="stmt"/>
        <line num="1139" count="0" type="stmt"/>
        <line num="1141" count="0" type="stmt"/>
        <line num="1143" count="0" type="stmt"/>
        <line num="1145" count="0" type="stmt"/>
        <line num="1152" count="0" type="stmt"/>
        <line num="1154" count="0" type="stmt"/>
        <line num="1163" count="0" type="stmt"/>
        <line num="1164" count="0" type="stmt"/>
        <line num="1165" count="0" type="cond" truecount="0" falsecount="1"/>
        <line num="1166" count="0" type="stmt"/>
        <line num="1167" count="0" type="stmt"/>
        <line num="1168" count="0" type="stmt"/>
        <line num="1176" count="0" type="stmt"/>
        <line num="1181" count="0" type="stmt"/>
        <line num="1183" count="0" type="stmt"/>
        <line num="1199" count="0" type="stmt"/>
        <line num="1201" count="0" type="stmt"/>
        <line num="1210" count="1" type="stmt"/>
        <line num="1212" count="1" type="stmt"/>
        <line num="1219" count="2" type="stmt"/>
        <line num="1221" count="2" type="stmt"/>
        <line num="1231" count="4" type="stmt"/>
        <line num="1233" count="4" type="cond" truecount="3" falsecount="1"/>
        <line num="1235" count="2" type="stmt"/>
        <line num="1242" count="1" type="stmt"/>
        <line num="1245" count="1" type="stmt"/>
        <line num="1247" count="0" type="stmt"/>
        <line num="1252" count="0" type="stmt"/>
        <line num="1253" count="0" type="cond" truecount="0" falsecount="1"/>
        <line num="1254" count="0" type="stmt"/>
        <line num="1256" count="0" type="stmt"/>
        <line num="1258" count="0" type="cond" truecount="0" falsecount="1"/>
        <line num="1259" count="0" type="stmt"/>
        <line num="1261" count="0" type="cond" truecount="0" falsecount="1"/>
        <line num="1262" count="0" type="stmt"/>
        <line num="1267" count="0" type="stmt"/>
        <line num="1274" count="0" type="stmt"/>
        <line num="1276" count="0" type="stmt"/>
        <line num="1286" count="0" type="cond" truecount="0" falsecount="1"/>
        <line num="1287" count="0" type="stmt"/>
        <line num="1291" count="0" type="stmt"/>
        <line num="1296" count="0" type="cond" truecount="0" falsecount="3"/>
        <line num="1297" count="0" type="stmt"/>
        <line num="1298" count="0" type="stmt"/>
        <line num="1299" count="0" type="stmt"/>
        <line num="1309" count="0" type="stmt"/>
        <line num="1310" count="0" type="stmt"/>
        <line num="1315" count="0" type="stmt"/>
        <line num="1316" count="0" type="cond" truecount="0" falsecount="1"/>
        <line num="1317" count="0" type="stmt"/>
        <line num="1319" count="0" type="stmt"/>
        <line num="1329" count="7" type="stmt"/>
        <line num="1335" count="221" type="stmt"/>
        <line num="1339" count="7" type="stmt"/>
        <line num="1340" count="7" type="cond" truecount="1" falsecount="0"/>
        <line num="1342" count="7" type="stmt"/>
        <line num="1345" count="7" type="cond" truecount="1" falsecount="0"/>
        <line num="1346" count="7" type="stmt"/>
        <line num="1347" count="7" type="stmt"/>
        <line num="1349" count="7" type="cond" truecount="2" falsecount="1"/>
        <line num="1350" count="0" type="stmt"/>
        <line num="1353" count="7" type="cond" truecount="3" falsecount="0"/>
        <line num="1354" count="7" type="stmt"/>
        <line num="1371" count="47" type="stmt"/>
        <line num="1372" count="7" type="stmt"/>
        <line num="1373" count="18" type="stmt"/>
        <line num="1374" count="7" type="stmt"/>
        <line num="1375" count="0" type="stmt"/>
        <line num="1376" count="0" type="stmt"/>
        <line num="1377" count="0" type="stmt"/>
        <line num="1378" count="0" type="stmt"/>
        <line num="1379" count="0" type="stmt"/>
        <line num="1381" count="7" type="stmt"/>
        <line num="1382" count="0" type="stmt"/>
        <line num="1383" count="0" type="stmt"/>
        <line num="1384" count="0" type="cond" truecount="0" falsecount="2"/>
        <line num="1388" count="21" type="stmt"/>
        <line num="1389" count="7" type="stmt"/>
        <line num="1390" count="0" type="stmt"/>
        <line num="1391" count="25" type="stmt"/>
        <line num="1392" count="7" type="stmt"/>
        <line num="1393" count="12" type="stmt"/>
        <line num="1394" count="7" type="stmt"/>
        <line num="1395" count="7" type="stmt"/>
        <line num="1396" count="0" type="stmt"/>
        <line num="1402" count="7" type="stmt"/>
        <line num="1403" count="0" type="stmt"/>
        <line num="1409" count="7" type="stmt"/>
        <line num="1410" count="66" type="stmt"/>
        <line num="1424" count="7" type="stmt"/>
        <line num="1425" count="19" type="stmt"/>
        <line num="1433" count="7" type="stmt"/>
        <line num="1434" count="20" type="stmt"/>
        <line num="1447" count="7" type="stmt"/>
        <line num="1448" count="25" type="stmt"/>
        <line num="1456" count="7" type="stmt"/>
        <line num="1457" count="17" type="stmt"/>
        <line num="1470" count="7" type="stmt"/>
        <line num="1473" count="7" type="stmt"/>
        <line num="1474" count="0" type="stmt"/>
        <line num="1484" count="7" type="stmt"/>
        <line num="1486" count="7" type="stmt"/>
        <line num="1487" count="7" type="stmt"/>
        <line num="1489" count="7" type="cond" truecount="0" falsecount="1"/>
        <line num="1490" count="0" type="stmt"/>
        <line num="1493" count="7" type="cond" truecount="1" falsecount="0"/>
        <line num="1494" count="7" type="stmt"/>
        <line num="1495" count="0" type="stmt"/>
        <line num="1496" count="0" type="cond" truecount="0" falsecount="1"/>
        <line num="1500" count="0" type="stmt"/>
        <line num="1507" count="7" type="stmt"/>
      </file>
      <file name="simple.ts" path="/Users/yashtongia/secondary-workspace/Assignment-2/src/store/simple.ts">
        <metrics statements="164" coveredstatements="67" conditionals="60" coveredconditionals="13" methods="116" coveredmethods="36"/>
        <line num="2" count="3" type="stmt"/>
        <line num="3" count="3" type="stmt"/>
        <line num="4" count="3" type="stmt"/>
        <line num="5" count="3" type="stmt"/>
        <line num="7" count="3" type="stmt"/>
        <line num="17" count="3" type="stmt"/>
        <line num="20" count="3" type="stmt"/>
        <line num="21" count="3" type="stmt"/>
        <line num="24" count="3" type="stmt"/>
        <line num="118" count="3" type="stmt"/>
        <line num="120" count="3" type="stmt"/>
        <line num="125" count="0" type="stmt"/>
        <line num="126" count="0" type="stmt"/>
        <line num="130" count="0" type="stmt"/>
        <line num="131" count="0" type="stmt"/>
        <line num="136" count="0" type="stmt"/>
        <line num="137" count="0" type="stmt"/>
        <line num="142" count="1" type="stmt"/>
        <line num="143" count="1" type="stmt"/>
        <line num="145" count="0" type="cond" truecount="1" falsecount="1"/>
        <line num="159" count="1" type="stmt"/>
        <line num="160" count="1" type="stmt"/>
        <line num="164" count="1" type="stmt"/>
        <line num="165" count="1" type="cond" truecount="0" falsecount="1"/>
        <line num="166" count="0" type="stmt"/>
        <line num="168" count="0" type="stmt"/>
        <line num="169" count="0" type="cond" truecount="0" falsecount="1"/>
        <line num="170" count="0" type="stmt"/>
        <line num="173" count="0" type="cond" truecount="0" falsecount="1"/>
        <line num="174" count="0" type="stmt"/>
        <line num="177" count="0" type="stmt"/>
        <line num="182" count="1" type="stmt"/>
        <line num="183" count="1" type="stmt"/>
        <line num="184" count="1" type="cond" truecount="0" falsecount="1"/>
        <line num="185" count="0" type="stmt"/>
        <line num="196" count="0" type="stmt"/>
        <line num="197" count="0" type="stmt"/>
        <line num="202" count="0" type="stmt"/>
        <line num="203" count="0" type="stmt"/>
        <line num="204" count="0" type="cond" truecount="0" falsecount="1"/>
        <line num="205" count="0" type="stmt"/>
        <line num="219" count="0" type="stmt"/>
        <line num="220" count="0" type="stmt"/>
        <line num="225" count="1" type="stmt"/>
        <line num="226" count="1" type="cond" truecount="1" falsecount="1"/>
        <line num="227" count="0" type="cond" truecount="0" falsecount="1"/>
        <line num="228" count="0" type="stmt"/>
        <line num="231" count="1" type="stmt"/>
        <line num="233" count="1" type="stmt"/>
        <line num="237" count="0" type="stmt"/>
        <line num="238" count="0" type="stmt"/>
        <line num="239" count="0" type="cond" truecount="0" falsecount="1"/>
        <line num="240" count="0" type="stmt"/>
        <line num="243" count="0" type="cond" truecount="0" falsecount="1"/>
        <line num="244" count="0" type="stmt"/>
        <line num="252" count="0" type="stmt"/>
        <line num="253" count="0" type="stmt"/>
        <line num="254" count="0" type="stmt"/>
        <line num="258" count="0" type="stmt"/>
        <line num="259" count="0" type="stmt"/>
        <line num="263" count="1" type="stmt"/>
        <line num="264" count="1" type="stmt"/>
        <line num="265" count="1" type="cond" truecount="0" falsecount="1"/>
        <line num="266" count="0" type="stmt"/>
        <line num="267" count="0" type="stmt"/>
        <line num="278" count="0" type="stmt"/>
        <line num="289" count="0" type="stmt"/>
        <line num="290" count="0" type="stmt"/>
        <line num="295" count="0" type="stmt"/>
        <line num="296" count="0" type="stmt"/>
        <line num="297" count="0" type="cond" truecount="0" falsecount="1"/>
        <line num="298" count="0" type="stmt"/>
        <line num="307" count="0" type="stmt"/>
        <line num="318" count="0" type="stmt"/>
        <line num="319" count="0" type="stmt"/>
        <line num="324" count="0" type="stmt"/>
        <line num="325" count="0" type="stmt"/>
        <line num="326" count="0" type="cond" truecount="0" falsecount="1"/>
        <line num="327" count="0" type="stmt"/>
        <line num="338" count="0" type="stmt"/>
        <line num="339" count="0" type="stmt"/>
        <line num="345" count="0" type="stmt"/>
        <line num="346" count="0" type="stmt"/>
        <line num="347" count="0" type="stmt"/>
        <line num="348" count="0" type="stmt"/>
        <line num="349" count="0" type="stmt"/>
        <line num="353" count="0" type="stmt"/>
        <line num="354" count="0" type="stmt"/>
        <line num="358" count="0" type="stmt"/>
        <line num="359" count="0" type="stmt"/>
        <line num="363" count="0" type="stmt"/>
        <line num="364" count="0" type="stmt"/>
        <line num="365" count="0" type="stmt"/>
        <line num="369" count="0" type="stmt"/>
        <line num="370" count="0" type="stmt"/>
        <line num="375" count="4" type="stmt"/>
        <line num="376" count="4" type="stmt"/>
        <line num="377" count="4" type="stmt"/>
        <line num="397" count="1" type="stmt"/>
        <line num="398" count="1" type="stmt"/>
        <line num="399" count="1" type="stmt"/>
        <line num="401" count="1" type="cond" truecount="1" falsecount="0"/>
        <line num="402" count="1" type="stmt"/>
        <line num="403" count="1" type="stmt"/>
        <line num="404" count="1" type="stmt"/>
        <line num="405" count="1" type="stmt"/>
        <line num="408" count="1" type="stmt"/>
        <line num="413" count="1" type="stmt"/>
        <line num="414" count="1" type="stmt"/>
        <line num="426" count="0" type="stmt"/>
        <line num="427" count="0" type="stmt"/>
        <line num="431" count="0" type="stmt"/>
        <line num="432" count="0" type="stmt"/>
        <line num="436" count="0" type="stmt"/>
        <line num="437" count="0" type="stmt"/>
        <line num="441" count="0" type="stmt"/>
        <line num="442" count="0" type="stmt"/>
        <line num="443" count="0" type="stmt"/>
        <line num="447" count="0" type="stmt"/>
        <line num="448" count="0" type="stmt"/>
        <line num="449" count="0" type="stmt"/>
        <line num="453" count="0" type="stmt"/>
        <line num="454" count="0" type="stmt"/>
        <line num="458" count="1" type="stmt"/>
        <line num="459" count="1" type="stmt"/>
        <line num="463" count="0" type="stmt"/>
        <line num="464" count="0" type="stmt"/>
        <line num="465" count="0" type="stmt"/>
        <line num="466" count="0" type="stmt"/>
        <line num="467" count="0" type="stmt"/>
        <line num="475" count="0" type="stmt"/>
        <line num="476" count="0" type="stmt"/>
        <line num="477" count="0" type="stmt"/>
        <line num="485" count="53" type="stmt"/>
        <line num="486" count="16" type="stmt"/>
        <line num="487" count="3" type="stmt"/>
        <line num="488" count="16" type="stmt"/>
        <line num="489" count="16" type="stmt"/>
        <line num="490" count="16" type="stmt"/>
        <line num="491" count="0" type="stmt"/>
        <line num="492" count="0" type="stmt"/>
        <line num="494" count="3" type="stmt"/>
        <line num="495" count="8" type="stmt"/>
        <line num="496" count="8" type="stmt"/>
        <line num="497" count="8" type="cond" truecount="1" falsecount="3"/>
        <line num="499" count="3" type="stmt"/>
        <line num="500" count="109" type="stmt"/>
        <line num="501" count="3" type="stmt"/>
        <line num="502" count="3" type="stmt"/>
        <line num="503" count="8" type="stmt"/>
        <line num="504" count="3" type="stmt"/>
        <line num="505" count="0" type="stmt"/>
        <line num="511" count="3" type="stmt"/>
        <line num="512" count="0" type="stmt"/>
        <line num="518" count="3" type="stmt"/>
        <line num="519" count="71" type="stmt"/>
        <line num="533" count="3" type="stmt"/>
        <line num="534" count="0" type="stmt"/>
        <line num="542" count="3" type="stmt"/>
        <line num="543" count="61" type="stmt"/>
        <line num="556" count="3" type="stmt"/>
        <line num="557" count="0" type="stmt"/>
        <line num="565" count="3" type="stmt"/>
        <line num="566" count="0" type="stmt"/>
      </file>
    </package>
    <package name="src.types">
      <metrics statements="35" coveredstatements="35" conditionals="12" coveredconditionals="12" methods="6" coveredmethods="6"/>
      <file name="index.ts" path="/Users/yashtongia/secondary-workspace/Assignment-2/src/types/index.ts">
        <metrics statements="35" coveredstatements="35" conditionals="12" coveredconditionals="12" methods="6" coveredmethods="6"/>
        <line num="104" count="42" type="cond" truecount="2" falsecount="0"/>
        <line num="105" count="42" type="stmt"/>
        <line num="106" count="42" type="stmt"/>
        <line num="107" count="42" type="stmt"/>
        <line num="108" count="42" type="stmt"/>
        <line num="109" count="42" type="stmt"/>
        <line num="110" count="42" type="stmt"/>
        <line num="111" count="42" type="stmt"/>
        <line num="112" count="42" type="stmt"/>
        <line num="113" count="42" type="stmt"/>
        <line num="166" count="42" type="cond" truecount="2" falsecount="0"/>
        <line num="167" count="42" type="stmt"/>
        <line num="168" count="42" type="stmt"/>
        <line num="169" count="42" type="stmt"/>
        <line num="170" count="42" type="stmt"/>
        <line num="187" count="42" type="cond" truecount="2" falsecount="0"/>
        <line num="188" count="42" type="stmt"/>
        <line num="189" count="42" type="stmt"/>
        <line num="190" count="42" type="stmt"/>
        <line num="191" count="42" type="stmt"/>
        <line num="192" count="42" type="stmt"/>
        <line num="254" count="42" type="cond" truecount="2" falsecount="0"/>
        <line num="255" count="42" type="stmt"/>
        <line num="256" count="42" type="stmt"/>
        <line num="257" count="42" type="stmt"/>
        <line num="258" count="42" type="stmt"/>
        <line num="268" count="42" type="cond" truecount="2" falsecount="0"/>
        <line num="269" count="42" type="stmt"/>
        <line num="270" count="42" type="stmt"/>
        <line num="271" count="42" type="stmt"/>
        <line num="279" count="42" type="cond" truecount="2" falsecount="0"/>
        <line num="280" count="42" type="stmt"/>
        <line num="281" count="42" type="stmt"/>
        <line num="282" count="42" type="stmt"/>
        <line num="283" count="42" type="stmt"/>
      </file>
    </package>
    <package name="src.utils">
      <metrics statements="676" coveredstatements="581" conditionals="300" coveredconditionals="211" methods="163" coveredmethods="141"/>
      <file name="componentFactory.ts" path="/Users/yashtongia/secondary-workspace/Assignment-2/src/utils/componentFactory.ts">
        <metrics statements="62" coveredstatements="62" conditionals="40" coveredconditionals="39" methods="8" coveredmethods="8"/>
        <line num="1" count="14" type="stmt"/>
        <line num="3" count="22" type="stmt"/>
        <line num="5" count="14" type="stmt"/>
        <line num="18" count="14" type="stmt"/>
        <line num="19" count="41" type="cond" truecount="5" falsecount="0"/>
        <line num="21" count="20" type="stmt"/>
        <line num="29" count="5" type="stmt"/>
        <line num="37" count="6" type="stmt"/>
        <line num="45" count="9" type="stmt"/>
        <line num="57" count="1" type="stmt"/>
        <line num="67" count="14" type="stmt"/>
        <line num="72" count="21" type="stmt"/>
        <line num="73" count="21" type="stmt"/>
        <line num="74" count="21" type="cond" truecount="2" falsecount="1"/>
        <line num="76" count="21" type="stmt"/>
        <line num="88" count="21" type="stmt"/>
        <line num="92" count="29" type="stmt"/>
        <line num="93" count="14" type="stmt"/>
        <line num="94" count="12" type="stmt"/>
        <line num="97" count="14" type="stmt"/>
        <line num="98" count="30" type="stmt"/>
        <line num="99" count="30" type="stmt"/>
        <line num="101" count="30" type="stmt"/>
        <line num="103" count="30" type="cond" truecount="4" falsecount="0"/>
        <line num="105" count="15" type="stmt"/>
        <line num="106" count="15" type="cond" truecount="3" falsecount="0"/>
        <line num="107" count="4" type="stmt"/>
        <line num="109" count="15" type="cond" truecount="1" falsecount="0"/>
        <line num="110" count="1" type="stmt"/>
        <line num="112" count="15" type="cond" truecount="1" falsecount="0"/>
        <line num="113" count="4" type="stmt"/>
        <line num="115" count="15" type="stmt"/>
        <line num="118" count="3" type="stmt"/>
        <line num="119" count="3" type="cond" truecount="3" falsecount="0"/>
        <line num="120" count="1" type="stmt"/>
        <line num="122" count="3" type="cond" truecount="1" falsecount="0"/>
        <line num="123" count="1" type="stmt"/>
        <line num="125" count="3" type="cond" truecount="1" falsecount="0"/>
        <line num="126" count="2" type="stmt"/>
        <line num="128" count="3" type="stmt"/>
        <line num="131" count="5" type="stmt"/>
        <line num="132" count="5" type="cond" truecount="3" falsecount="0"/>
        <line num="133" count="3" type="stmt"/>
        <line num="135" count="5" type="cond" truecount="3" falsecount="0"/>
        <line num="136" count="3" type="stmt"/>
        <line num="138" count="5" type="stmt"/>
        <line num="141" count="7" type="stmt"/>
        <line num="142" count="7" type="cond" truecount="3" falsecount="0"/>
        <line num="143" count="2" type="stmt"/>
        <line num="145" count="7" type="cond" truecount="3" falsecount="0"/>
        <line num="146" count="1" type="stmt"/>
        <line num="148" count="7" type="cond" truecount="3" falsecount="0"/>
        <line num="149" count="2" type="stmt"/>
        <line num="151" count="7" type="cond" truecount="3" falsecount="0"/>
        <line num="152" count="3" type="stmt"/>
        <line num="154" count="7" type="stmt"/>
        <line num="158" count="30" type="stmt"/>
        <line num="161" count="14" type="stmt"/>
        <line num="162" count="1" type="stmt"/>
        <line num="163" count="1" type="stmt"/>
        <line num="174" count="14" type="stmt"/>
        <line num="178" count="9" type="stmt"/>
      </file>
      <file name="componentTemplates.ts" path="/Users/yashtongia/secondary-workspace/Assignment-2/src/utils/componentTemplates.ts">
        <metrics statements="57" coveredstatements="54" conditionals="23" coveredconditionals="20" methods="28" coveredmethods="25"/>
        <line num="1" count="1" type="stmt"/>
        <line num="2" count="1" type="stmt"/>
        <line num="21" count="1" type="cond" truecount="2" falsecount="0"/>
        <line num="22" count="1" type="stmt"/>
        <line num="23" count="1" type="stmt"/>
        <line num="24" count="1" type="stmt"/>
        <line num="25" count="1" type="stmt"/>
        <line num="26" count="1" type="stmt"/>
        <line num="27" count="1" type="stmt"/>
        <line num="31" count="1" type="stmt"/>
        <line num="339" count="1" type="stmt"/>
        <line num="340" count="11" type="stmt"/>
        <line num="341" count="11" type="stmt"/>
        <line num="345" count="11" type="stmt"/>
        <line num="346" count="187" type="stmt"/>
        <line num="352" count="16" type="stmt"/>
        <line num="357" count="204" type="stmt"/>
        <line num="362" count="17" type="stmt"/>
        <line num="367" count="11" type="cond" truecount="3" falsecount="0"/>
        <line num="372" count="1" type="stmt"/>
        <line num="373" count="1" type="stmt"/>
        <line num="374" count="17" type="cond" truecount="3" falsecount="0"/>
        <line num="376" count="48" type="stmt"/>
        <line num="390" count="3" type="stmt"/>
        <line num="392" count="3" type="stmt"/>
        <line num="407" count="3" type="stmt"/>
        <line num="408" count="3" type="stmt"/>
        <line num="413" count="6" type="stmt"/>
        <line num="414" count="6" type="cond" truecount="1" falsecount="0"/>
        <line num="415" count="6" type="cond" truecount="2" falsecount="0"/>
        <line num="416" count="6" type="stmt"/>
        <line num="422" count="1" type="stmt"/>
        <line num="423" count="32" type="cond" truecount="4" falsecount="0"/>
        <line num="429" count="0" type="stmt"/>
        <line num="430" count="0" type="stmt"/>
        <line num="431" count="0" type="stmt"/>
        <line num="437" count="2" type="cond" truecount="1" falsecount="0"/>
        <line num="439" count="1" type="stmt"/>
        <line num="441" count="1" type="stmt"/>
        <line num="446" count="1" type="stmt"/>
        <line num="447" count="1" type="stmt"/>
        <line num="448" count="1" type="stmt"/>
        <line num="450" count="1" type="stmt"/>
        <line num="455" count="1" type="stmt"/>
        <line num="456" count="1" type="cond" truecount="1" falsecount="0"/>
[...]
        <line num="36" count="10" type="stmt"/>
        <line num="44" count="2" type="stmt"/>
        <line num="45" count="0" type="stmt"/>
        <line num="54" count="5" type="stmt"/>
        <line num="55" count="81" type="stmt"/>
        <line num="56" count="81" type="stmt"/>
        <line num="57" count="81" type="stmt"/>
        <line num="58" count="81" type="stmt"/>
        <line num="59" count="81" type="stmt"/>
        <line num="62" count="42" type="stmt"/>
        <line num="63" count="42" type="stmt"/>
        <line num="64" count="42" type="stmt"/>
        <line num="65" count="42" type="stmt"/>
        <line num="66" count="42" type="stmt"/>
        <line num="70" count="7" type="cond" truecount="1" falsecount="0"/>
        <line num="71" count="6" type="stmt"/>
        <line num="72" count="6" type="stmt"/>
        <line num="77" count="21" type="stmt"/>
        <line num="78" count="21" type="stmt"/>
        <line num="87" count="45" type="stmt"/>
        <line num="88" count="45" type="stmt"/>
        <line num="89" count="45" type="stmt"/>
        <line num="90" count="45" type="stmt"/>
        <line num="91" count="45" type="cond" truecount="1" falsecount="0"/>
        <line num="92" count="9" type="stmt"/>
        <line num="93" count="9" type="stmt"/>
        <line num="97" count="81" type="stmt"/>
        <line num="98" count="158" type="stmt"/>
        <line num="99" count="116" type="stmt"/>
        <line num="100" count="116" type="stmt"/>
        <line num="101" count="116" type="stmt"/>
        <line num="102" count="116" type="stmt"/>
        <line num="103" count="116" type="stmt"/>
        <line num="106" count="116" type="stmt"/>
        <line num="115" count="5" type="stmt"/>
        <line num="116" count="39" type="stmt"/>
        <line num="117" count="39" type="stmt"/>
        <line num="118" count="39" type="stmt"/>
        <line num="121" count="39" type="stmt"/>
        <line num="125" count="13" type="stmt"/>
        <line num="129" count="22" type="stmt"/>
        <line num="133" count="45" type="cond" truecount="4" falsecount="1"/>
        <line num="135" count="30" type="cond" truecount="2" falsecount="0"/>
        <line num="139" count="7" type="cond" truecount="2" falsecount="0"/>
        <line num="142" count="3" type="cond" truecount="2" falsecount="0"/>
        <line num="145" count="5" type="stmt"/>
        <line num="148" count="0" type="stmt"/>
        <line num="153" count="33" type="cond" truecount="1" falsecount="0"/>
        <line num="154" count="2" type="stmt"/>
        <line num="155" count="2" type="stmt"/>
        <line num="158" count="31" type="stmt"/>
        <line num="159" count="31" type="stmt"/>
        <line num="160" count="31" type="stmt"/>
        <line num="163" count="31" type="stmt"/>
        <line num="164" count="31" type="stmt"/>
        <line num="169" count="31" type="cond" truecount="4" falsecount="0"/>
        <line num="171" count="26" type="stmt"/>
        <line num="175" count="31" type="cond" truecount="3" falsecount="0"/>
        <line num="176" count="2" type="stmt"/>
        <line num="177" count="2" type="stmt"/>
        <line num="178" count="2" type="stmt"/>
        <line num="186" count="5" type="stmt"/>
        <line num="195" count="7" type="stmt"/>
        <line num="196" count="7" type="stmt"/>
        <line num="199" count="7" type="cond" truecount="2" falsecount="0"/>
        <line num="200" count="2" type="stmt"/>
        <line num="202" count="2" type="stmt"/>
        <line num="205" count="5" type="stmt"/>
        <line num="206" count="5" type="stmt"/>
        <line num="210" count="7" type="cond" truecount="3" falsecount="0"/>
        <line num="211" count="4" type="stmt"/>
        <line num="212" count="4" type="stmt"/>
        <line num="215" count="7" type="stmt"/>
        <line num="222" count="4" type="stmt"/>
        <line num="223" count="4" type="stmt"/>
        <line num="224" count="4" type="stmt"/>
        <line num="231" count="1" type="stmt"/>
        <line num="238" count="3" type="stmt"/>
        <line num="239" count="3" type="cond" truecount="4" falsecount="0"/>
        <line num="249" count="5" type="stmt"/>
        <line num="254" count="11" type="stmt"/>
        <line num="255" count="11" type="stmt"/>
        <line num="258" count="11" type="stmt"/>
        <line num="274" count="11" type="cond" truecount="2" falsecount="0"/>
        <line num="275" count="10" type="stmt"/>
        <line num="276" count="10" type="stmt"/>
        <line num="277" count="10" type="stmt"/>
        <line num="279" count="1" type="stmt"/>
        <line num="280" count="1" type="stmt"/>
        <line num="281" count="1" type="stmt"/>
        <line num="284" count="11" type="stmt"/>
        <line num="291" count="6" type="stmt"/>
        <line num="292" count="6" type="stmt"/>
        <line num="299" count="7" type="cond" truecount="1" falsecount="0"/>
        <line num="300" count="6" type="stmt"/>
        <line num="308" count="5" type="stmt"/>
        <line num="309" count="36" type="stmt"/>
        <line num="310" count="36" type="stmt"/>
        <line num="311" count="36" type="stmt"/>
        <line num="312" count="36" type="stmt"/>
        <line num="315" count="36" type="stmt"/>
        <line num="316" count="36" type="stmt"/>
        <line num="317" count="36" type="stmt"/>
        <line num="321" count="20" type="cond" truecount="1" falsecount="0"/>
        <line num="323" count="19" type="stmt"/>
        <line num="324" count="19" type="stmt"/>
        <line num="325" count="19" type="stmt"/>
        <line num="327" count="19" type="stmt"/>
        <line num="328" count="19" type="stmt"/>
        <line num="331" count="36" type="stmt"/>
        <line num="332" count="8" type="cond" truecount="1" falsecount="0"/>
        <line num="335" count="7" type="stmt"/>
        <line num="336" count="7" type="cond" truecount="1" falsecount="0"/>
        <line num="338" count="4" type="stmt"/>
        <line num="341" count="4" type="cond" truecount="0" falsecount="1"/>
        <line num="342" count="0" type="stmt"/>
        <line num="345" count="4" type="stmt"/>
        <line num="346" count="2" type="stmt"/>
        <line num="347" count="2" type="stmt"/>
        <line num="348" count="2" type="stmt"/>
        <line num="352" count="36" type="stmt"/>
        <line num="353" count="8" type="cond" truecount="1" falsecount="0"/>
        <line num="355" count="7" type="stmt"/>
        <line num="356" count="7" type="stmt"/>
        <line num="358" count="7" type="cond" truecount="0" falsecount="1"/>
        <line num="359" count="0" type="stmt"/>
        <line num="360" count="0" type="stmt"/>
        <line num="363" count="7" type="stmt"/>
        <line num="364" count="7" type="stmt"/>
        <line num="368" count="30" type="stmt"/>
        <line num="372" count="43" type="stmt"/>
        <line num="373" count="43" type="stmt"/>
        <line num="374" count="43" type="cond" truecount="1" falsecount="0"/>
        <line num="375" count="4" type="stmt"/>
        <line num="376" count="4" type="stmt"/>
        <line num="382" count="19" type="stmt"/>
        <line num="383" count="19" type="stmt"/>
        <line num="384" count="19" type="stmt"/>
        <line num="385" count="19" type="stmt"/>
        <line num="386" count="19" type="stmt"/>
        <line num="390" count="50" type="stmt"/>
        <line num="391" count="50" type="stmt"/>
        <line num="392" count="50" type="stmt"/>
        <line num="393" count="50" type="stmt"/>
        <line num="394" count="50" type="stmt"/>
        <line num="402" count="5" type="stmt"/>
        <line num="403" count="21" type="stmt"/>
        <line num="404" count="21" type="stmt"/>
        <line num="405" count="21" type="stmt"/>
        <line num="406" count="21" type="stmt"/>
        <line num="410" count="21" type="stmt"/>
        <line num="412" count="21" type="stmt"/>
        <line num="413" count="21" type="stmt"/>
        <line num="424" count="12" type="stmt"/>
        <line num="426" count="12" type="stmt"/>
        <line num="440" count="4" type="stmt"/>
        <line num="441" count="4" type="stmt"/>
        <line num="442" count="4" type="stmt"/>
        <line num="444" count="4" type="stmt"/>
        <line num="449" count="4" type="stmt"/>
        <line num="460" count="5" type="stmt"/>
        <line num="463" count="5" type="cond" truecount="1" falsecount="0"/>
        <line num="464" count="5" type="stmt"/>
        <line num="465" count="5" type="stmt"/>
        <line num="466" count="5" type="stmt"/>
        <line num="472" count="5" type="stmt"/>
        <line num="476" count="0" type="stmt"/>
        <line num="477" count="0" type="stmt"/>
        <line num="480" count="0" type="stmt"/>
        <line num="485" count="0" type="cond" truecount="0" falsecount="3"/>
        <line num="486" count="0" type="stmt"/>
        <line num="490" count="0" type="cond" truecount="0" falsecount="1"/>
        <line num="491" count="0" type="stmt"/>
        <line num="495" count="0" type="stmt"/>
        <line num="500" count="0" type="stmt"/>
        <line num="504" count="2" type="stmt"/>
        <line num="507" count="2" type="cond" truecount="1" falsecount="0"/>
        <line num="508" count="2" type="stmt"/>
        <line num="509" count="2" type="stmt"/>
        <line num="513" count="2" type="stmt"/>
        <line num="518" count="2" type="stmt"/>
        <line num="520" count="2" type="stmt"/>
        <line num="525" count="0" type="stmt"/>
        <line num="529" count="8" type="stmt"/>
        <line num="533" count="8" type="stmt"/>
        <line num="537" count="7" type="stmt"/>
        <line num="541" count="24" type="stmt"/>
        <line num="542" count="24" type="stmt"/>
        <line num="544" count="24" type="cond" truecount="1" falsecount="0"/>
        <line num="545" count="3" type="stmt"/>
        <line num="546" count="3" type="stmt"/>
      </file>
      <file name="performanceUtils.ts" path="/Users/yashtongia/secondary-workspace/Assignment-2/src/utils/performanceUtils.ts">
        <metrics statements="185" coveredstatements="179" conditionals="49" coveredconditionals="40" methods="50" coveredmethods="48"/>
        <line num="4" count="1" type="stmt"/>
        <line num="6" count="1" type="stmt"/>
        <line num="14" count="1" type="stmt"/>
        <line num="15" count="1" type="stmt"/>
        <line num="18" count="24" type="cond" truecount="1" falsecount="0"/>
        <line num="19" count="1" type="stmt"/>
        <line num="21" count="24" type="stmt"/>
        <line num="25" count="6" type="stmt"/>
        <line num="29" count="7" type="stmt"/>
        <line num="30" count="7" type="cond" truecount="1" falsecount="0"/>
        <line num="32" count="1" type="stmt"/>
        <line num="33" count="1" type="stmt"/>
        <line num="36" count="6" type="stmt"/>
        <line num="37" count="6" type="stmt"/>
        <line num="38" count="6" type="stmt"/>
        <line num="42" count="12" type="stmt"/>
        <line num="43" count="12" type="stmt"/>
        <line num="47" count="1" type="stmt"/>
        <line num="51" count="5" type="stmt"/>
        <line num="52" count="5" type="stmt"/>
        <line num="53" count="1" type="stmt"/>
        <line num="54" count="1" type="cond" truecount="1" falsecount="0"/>
        <line num="55" count="1" type="stmt"/>
        <line num="61" count="42" type="stmt"/>
        <line num="65" count="5" type="cond" truecount="1" falsecount="0"/>
        <line num="67" count="4" type="stmt"/>
        <line num="69" count="4" type="stmt"/>
        <line num="71" count="1" type="stmt"/>
        <line num="75" count="9" type="stmt"/>
        <line num="82" count="9" type="stmt"/>
        <line num="83" count="9" type="stmt"/>
        <line num="88" count="1" type="stmt"/>
        <line num="93" count="2" type="stmt"/>
        <line num="95" count="2" type="stmt"/>
        <line num="96" count="4" type="stmt"/>
        <line num="97" count="2" type="stmt"/>
        <line num="98" count="2" type="cond" truecount="1" falsecount="0"/>
        <line num="101" count="4" type="cond" truecount="2" falsecount="0"/>
        <line num="103" count="4" type="cond" truecount="1" falsecount="0"/>
        <line num="104" count="4" type="stmt"/>
        <line num="106" count="4" type="cond" truecount="1" falsecount="0"/>
        <line num="110" count="1" type="stmt"/>
        <line num="116" count="1" type="stmt"/>
        <line num="117" count="4" type="cond" truecount="1" falsecount="0"/>
        <line num="118" count="2" type="stmt"/>
        <line num="119" count="2" type="stmt"/>
        <line num="120" count="2" type="stmt"/>
        <line num="126" count="1" type="stmt"/>
        <line num="127" count="6" type="stmt"/>
        <line num="128" count="6" type="stmt"/>
        <line num="129" count="6" type="stmt"/>
        <line num="130" count="6" type="stmt"/>
        <line num="131" count="6" type="stmt"/>
        <line num="138" count="6" type="stmt"/>
        <line num="139" count="6" type="stmt"/>
        <line num="140" count="6" type="stmt"/>
        <line num="144" count="11" type="stmt"/>
        <line num="145" count="11" type="stmt"/>
        <line num="149" count="0" type="stmt"/>
        <line num="150" count="0" type="stmt"/>
        <line num="154" count="11" type="cond" truecount="1" falsecount="0"/>
        <line num="156" count="6" type="stmt"/>
        <line num="157" count="6" type="stmt"/>
        <line num="161" count="6" type="cond" truecount="1" falsecount="0"/>
        <line num="162" count="1" type="stmt"/>
        <line num="163" count="1" type="stmt"/>
        <line num="166" count="5" type="stmt"/>
        <line num="168" count="5" type="stmt"/>
        <line num="169" count="5" type="stmt"/>
        <line num="172" count="1" type="stmt"/>
        <line num="176" count="5" type="cond" truecount="2" falsecount="0"/>
        <line num="177" count="1" type="stmt"/>
        <line num="179" count="4" type="stmt"/>
        <line num="184" count="2" type="stmt"/>
        <line num="185" count="2" type="stmt"/>
        <line num="189" count="2" type="stmt"/>
        <line num="194" count="1" type="stmt"/>
        <line num="202" count="1" type="stmt"/>
        <line num="203" count="1" type="stmt"/>
        <line num="205" count="1" type="stmt"/>
        <line num="207" count="2" type="cond" truecount="1" falsecount="1"/>
        <line num="208" count="1" type="stmt"/>
        <line num="209" count="2" type="stmt"/>
        <line num="212" count="0" type="stmt"/>
        <line num="216" count="1" type="stmt"/>
        <line num="217" count="1" type="stmt"/>
        <line num="218" count="2" type="stmt"/>
        <line num="219" count="2" type="stmt"/>
        <line num="220" count="2" type="stmt"/>
        <line num="223" count="1" type="stmt"/>
        <line num="231" count="1" type="stmt"/>
        <line num="232" count="6" type="stmt"/>
        <line num="235" count="6" type="stmt"/>
        <line num="238" count="6" type="cond" truecount="1" falsecount="0"/>
        <line num="239" count="3" type="stmt"/>
        <line num="242" count="6" type="stmt"/>
        <line num="246" count="1" type="stmt"/>
        <line num="248" count="2" type="cond" truecount="1" falsecount="0"/>
        <line num="250" count="1" type="stmt"/>
        <line num="251" count="2" type="stmt"/>
        <line num="252" count="2" type="stmt"/>
        <line num="254" count="4" type="stmt"/>
        <line num="256" count="2" type="stmt"/>
        <line num="257" count="2" type="stmt"/>
        <line num="262" count="1" type="stmt"/>
        <line num="263" count="3" type="stmt"/>
        <line num="264" count="3" type="stmt"/>
        <line num="266" count="3" type="stmt"/>
        <line num="268" count="1" type="stmt"/>
        <line num="269" count="1" type="stmt"/>
        <line num="270" count="1" type="stmt"/>
        <line num="272" count="1" type="stmt"/>
        <line num="274" count="1" type="stmt"/>
        <line num="282" count="2" type="stmt"/>
        <line num="283" count="2" type="stmt"/>
        <line num="289" count="1" type="stmt"/>
        <line num="295" count="3" type="stmt"/>
        <line num="297" count="3" type="stmt"/>
        <line num="298" count="6" type="cond" truecount="4" falsecount="0"/>
        <line num="299" count="4" type="stmt"/>
        <line num="300" count="4" type="stmt"/>
        <line num="301" count="4" type="stmt"/>
        <line num="302" count="2" type="cond" truecount="2" falsecount="1"/>
        <line num="303" count="0" type="stmt"/>
        <line num="306" count="6" type="stmt"/>
        <line num="310" count="1" type="stmt"/>
        <line num="311" count="3" type="cond" truecount="1" falsecount="0"/>
        <line num="313" count="1" type="cond" truecount="0" falsecount="1"/>
        <line num="319" count="0" type="stmt"/>
        <line num="322" count="1" type="stmt"/>
        <line num="323" count="1" type="stmt"/>
        <line num="325" count="1" type="stmt"/>
        <line num="326" count="1" type="stmt"/>
        <line num="328" count="1" type="cond" truecount="0" falsecount="1"/>
        <line num="330" count="1" type="stmt"/>
        <line num="331" count="1" type="cond" truecount="3" falsecount="0"/>
        <line num="332" count="1" type="stmt"/>
        <line num="336" count="0" type="stmt"/>
        <line num="340" count="1" type="stmt"/>
        <line num="341" count="3" type="stmt"/>
        <line num="342" count="3" type="stmt"/>
        <line num="348" count="3" type="stmt"/>
        <line num="355" count="3" type="stmt"/>
        <line num="364" count="5" type="cond" truecount="2" falsecount="0"/>
        <line num="365" count="5" type="stmt"/>
        <line num="367" count="5" type="stmt"/>
        <line num="368" count="5" type="stmt"/>
        <line num="374" count="3" type="stmt"/>
        <line num="375" count="3" type="stmt"/>
        <line num="378" count="3" type="stmt"/>
        <line num="380" count="3" type="stmt"/>
        <line num="381" count="5" type="stmt"/>
        <line num="382" count="5" type="stmt"/>
        <line num="386" count="3" type="stmt"/>
        <line num="387" count="4" type="stmt"/>
        <line num="390" count="3" type="stmt"/>
        <line num="391" count="3" type="stmt"/>
        <line num="396" count="1" type="stmt"/>
        <line num="397" count="1" type="stmt"/>
        <line num="403" count="1" type="stmt"/>
        <line num="404" count="1" type="stmt"/>
        <line num="406" count="1" type="cond" truecount="1" falsecount="0"/>
        <line num="407" count="1" type="stmt"/>
        <line num="413" count="1" type="stmt"/>
        <line num="414" count="3" type="stmt"/>
        <line num="415" count="3" type="stmt"/>
        <line num="422" count="3" type="stmt"/>
        <line num="424" count="3" type="stmt"/>
        <line num="425" count="24" type="stmt"/>
        <line num="427" count="24" type="cond" truecount="1" falsecount="0"/>
        <line num="428" count="3" type="stmt"/>
        <line num="433" count="24" type="cond" truecount="1" falsecount="0"/>
        <line num="434" count="5" type="stmt"/>
        <line num="439" count="24" type="cond" truecount="1" falsecount="0"/>
        <line num="440" count="5" type="stmt"/>
        <line num="445" count="24" type="cond" truecount="1" falsecount="0"/>
        <line num="446" count="3" type="stmt"/>
        <line num="451" count="24" type="cond" truecount="1" falsecount="0"/>
        <line num="453" count="5" type="stmt"/>
        <line num="457" count="3" type="stmt"/>
        <line num="458" count="1" type="stmt"/>
        <line num="460" count="1" type="stmt"/>
        <line num="466" count="1" type="stmt"/>
        <line num="467" count="1" type="stmt"/>
        <line num="468" count="1" type="stmt"/>
      </file>
    </package>
  </project>
</coverage>
