<?xml version="1.0" encoding="UTF-8"?>
<coverage generated="1755537009796" clover="3.2.0">
  <project timestamp="1755537009796" name="All files">
    <metrics statements="1895" coveredstatements="1444" conditionals="887" coveredconditionals="594" methods="510" coveredmethods="377" elements="3292" coveredelements="2415" complexity="0" loc="1895" ncloc="1895" packages="8" files="22" classes="22"/>
    <package name="src">
      <metrics statements="5" coveredstatements="5" conditionals="0" coveredconditionals="0" methods="1" coveredmethods="1"/>
      <file name="App.tsx" path="/Users/yashtongia/secondary-workspace/Assignment-2/src/App.tsx">
        <metrics statements="5" coveredstatements="5" conditionals="0" coveredconditionals="0" methods="1" coveredmethods="1"/>
        <line num="1" count="1" type="stmt"/>
        <line num="2" count="1" type="stmt"/>
        <line num="3" count="1" type="stmt"/>
        <line num="6" count="8" type="stmt"/>
        <line num="9" count="1" type="stmt"/>
      </file>
    </package>
    <package name="src.components.debug">
      <metrics statements="7" coveredstatements="7" conditionals="4" coveredconditionals="2" methods="1" coveredmethods="1"/>
      <file name="StoreDebug.tsx" path="/Users/yashtongia/secondary-workspace/Assignment-2/src/components/debug/StoreDebug.tsx">
        <metrics statements="7" coveredstatements="7" conditionals="4" coveredconditionals="2" methods="1" coveredmethods="1"/>
        <line num="1" count="2" type="stmt"/>
        <line num="2" count="2" type="stmt"/>
        <line num="4" count="2" type="stmt"/>
        <line num="5" count="15" type="stmt"/>
        <line num="6" count="15" type="stmt"/>
        <line num="7" count="15" type="stmt"/>
        <line num="9" count="15" type="stmt"/>
      </file>
    </package>
    <package name="src.components.layout">
      <metrics statements="147" coveredstatements="115" conditionals="104" coveredconditionals="87" methods="45" coveredmethods="34"/>
      <file name="CanvasPanel.tsx" path="/Users/yashtongia/secondary-workspace/Assignment-2/src/components/layout/CanvasPanel.tsx">
        <metrics statements="51" coveredstatements="40" conditionals="49" coveredconditionals="41" methods="14" coveredmethods="12"/>
        <line num="1" count="11" type="stmt"/>
        <line num="3" count="11" type="stmt"/>
        <line num="4" count="11" type="stmt"/>
        <line num="5" count="11" type="stmt"/>
        <line num="13" count="11" type="stmt"/>
        <line num="14" count="11" type="stmt"/>
        <line num="20" count="11" type="stmt"/>
        <line num="25" count="83" type="stmt"/>
        <line num="26" count="83" type="stmt"/>
        <line num="27" count="83" type="stmt"/>
        <line num="28" count="83" type="stmt"/>
        <line num="29" count="83" type="stmt"/>
        <line num="30" count="83" type="stmt"/>
        <line num="31" count="83" type="stmt"/>
        <line num="32" count="83" type="stmt"/>
        <line num="35" count="83" type="stmt"/>
        <line num="36" count="83" type="stmt"/>
        <line num="37" count="0" type="cond" truecount="0" falsecount="1"/>
        <line num="39" count="0" type="stmt"/>
        <line num="41" count="0" type="cond" truecount="0" falsecount="6"/>
        <line num="43" count="0" type="stmt"/>
        <line num="44" count="0" type="stmt"/>
        <line num="45" count="0" type="stmt"/>
        <line num="49" count="0" type="stmt"/>
        <line num="51" count="0" type="stmt"/>
        <line num="54" count="0" type="stmt"/>
        <line num="55" count="0" type="stmt"/>
        <line num="56" count="0" type="stmt"/>
        <line num="60" count="83" type="stmt"/>
        <line num="61" count="83" type="stmt"/>
        <line num="64" count="83" type="stmt"/>
        <line num="66" count="5" type="cond" truecount="1" falsecount="0"/>
        <line num="67" count="3" type="stmt"/>
        <line num="71" count="83" type="stmt"/>
        <line num="72" count="2" type="stmt"/>
        <line num="73" count="1" type="stmt"/>
        <line num="76" count="83" type="stmt"/>
        <line num="77" count="1" type="stmt"/>
        <line num="80" count="83" type="stmt"/>
        <line num="81" count="1" type="stmt"/>
        <line num="84" count="83" type="stmt"/>
        <line num="85" count="1" type="stmt"/>
        <line num="88" count="83" type="stmt"/>
        <line num="91" count="83" type="cond" truecount="2" falsecount="0"/>
        <line num="123" count="83" type="stmt"/>
        <line num="139" count="83" type="stmt"/>
        <line num="153" count="1" type="stmt"/>
        <line num="349" count="58" type="stmt"/>
        <line num="350" count="58" type="stmt"/>
        <line num="352" count="37" type="stmt"/>
        <line num="355" count="58" type="stmt"/>
      </file>
      <file name="MainLayout.tsx" path="/Users/yashtongia/secondary-workspace/Assignment-2/src/components/layout/MainLayout.tsx">
        <metrics statements="10" coveredstatements="10" conditionals="0" coveredconditionals="0" methods="1" coveredmethods="1"/>
        <line num="1" count="2" type="stmt"/>
        <line num="2" count="2" type="stmt"/>
        <line num="3" count="2" type="stmt"/>
        <line num="4" count="2" type="stmt"/>
        <line num="5" count="2" type="stmt"/>
        <line num="6" count="2" type="stmt"/>
        <line num="7" count="2" type="stmt"/>
        <line num="9" count="2" type="stmt"/>
        <line num="10" count="15" type="stmt"/>
        <line num="12" count="15" type="stmt"/>
      </file>
      <file name="PalettePanel.tsx" path="/Users/yashtongia/secondary-workspace/Assignment-2/src/components/layout/PalettePanel.tsx">
        <metrics statements="77" coveredstatements="56" conditionals="46" coveredconditionals="38" methods="29" coveredmethods="20"/>
        <line num="1" count="8" type="stmt"/>
        <line num="3" count="8" type="stmt"/>
        <line num="4" count="8" type="stmt"/>
        <line num="5" count="8" type="stmt"/>
        <line num="6" count="8" type="stmt"/>
        <line num="7" count="8" type="stmt"/>
        <line num="8" count="8" type="stmt"/>
        <line num="9" count="8" type="stmt"/>
        <line num="23" count="8" type="stmt"/>
        <line num="28" count="138" type="stmt"/>
        <line num="29" count="138" type="stmt"/>
        <line num="32" count="138" type="stmt"/>
        <line num="35" count="138" type="stmt"/>
        <line num="36" count="138" type="stmt"/>
        <line num="37" count="138" type="stmt"/>
        <line num="40" count="138" type="stmt"/>
        <line num="42" count="1" type="stmt"/>
        <line num="43" count="1" type="stmt"/>
        <line num="44" count="1" type="stmt"/>
        <line num="47" count="1" type="stmt"/>
        <line num="66" count="138" type="stmt"/>
        <line num="67" count="0" type="stmt"/>
        <line num="79" count="138" type="stmt"/>
        <line num="81" count="10" type="stmt"/>
        <line num="82" count="10" type="stmt"/>
        <line num="102" count="138" type="stmt"/>
        <line num="103" count="9" type="stmt"/>
        <line num="104" count="9" type="stmt"/>
        <line num="105" count="27" type="cond" truecount="2" falsecount="0"/>
        <line num="109" count="9" type="stmt"/>
        <line num="123" count="138" type="stmt"/>
        <line num="124" count="2" type="cond" truecount="2" falsecount="1"/>
        <line num="125" count="0" type="cond" truecount="0" falsecount="2"/>
        <line num="127" count="0" type="stmt"/>
        <line num="128" count="0" type="stmt"/>
        <line num="129" count="0" type="stmt"/>
        <line num="131" count="0" type="stmt"/>
        <line num="132" count="0" type="stmt"/>
        <line num="133" count="0" type="stmt"/>
        <line num="137" count="2" type="cond" truecount="0" falsecount="1"/>
        <line num="138" count="0" type="stmt"/>
        <line num="146" count="0" type="cond" truecount="0" falsecount="1"/>
        <line num="147" count="0" type="stmt"/>
        <line num="148" count="0" type="stmt"/>
        <line num="154" count="138" type="stmt"/>
        <line num="155" count="1" type="stmt"/>
        <line num="165" count="1" type="cond" truecount="1" falsecount="0"/>
        <line num="166" count="1" type="stmt"/>
        <line num="167" count="1" type="stmt"/>
        <line num="173" count="138" type="stmt"/>
        <line num="185" count="138" type="stmt"/>
        <line num="186" count="111" type="stmt"/>
        <line num="187" count="1" type="cond" truecount="1" falsecount="0"/>
        <line num="191" count="1" type="stmt"/>
        <line num="195" count="111" type="stmt"/>
        <line num="196" count="111" type="stmt"/>
        <line num="200" count="414" type="stmt"/>
        <line num="201" count="138" type="stmt"/>
        <line num="206" count="138" type="cond" truecount="2" falsecount="0"/>
        <line num="208" count="138" type="cond" truecount="2" falsecount="0"/>
        <line num="210" count="138" type="stmt"/>
        <line num="291" count="3" type="stmt"/>
        <line num="292" count="3" type="stmt"/>
        <line num="295" count="0" type="stmt"/>
        <line num="296" count="0" type="stmt"/>
        <line num="406" count="381" type="stmt"/>
        <line num="434" count="11" type="stmt"/>
        <line num="435" count="11" type="stmt"/>
        <line num="441" count="0" type="stmt"/>
        <line num="442" count="0" type="stmt"/>
        <line num="546" count="1" type="stmt"/>
        <line num="547" count="1" type="stmt"/>
        <line num="550" count="0" type="stmt"/>
        <line num="562" count="0" type="stmt"/>
        <line num="563" count="0" type="stmt"/>
        <line num="566" count="0" type="stmt"/>
        <line num="567" count="0" type="stmt"/>
      </file>
      <file name="PropertiesPanel.tsx" path="/Users/yashtongia/secondary-workspace/Assignment-2/src/components/layout/PropertiesPanel.tsx">
        <metrics statements="9" coveredstatements="9" conditionals="9" coveredconditionals="8" methods="1" coveredmethods="1"/>
        <line num="1" count="2" type="stmt"/>
        <line num="3" count="2" type="stmt"/>
        <line num="4" count="2" type="stmt"/>
        <line num="5" count="2" type="stmt"/>
        <line num="11" count="2" type="stmt"/>
        <line num="16" count="24" type="stmt"/>
        <line num="17" count="24" type="stmt"/>
        <line num="18" count="24" type="cond" truecount="3" falsecount="0"/>
        <line num="20" count="24" type="stmt"/>
      </file>
    </package>
    <package name="src.components.ui">
      <metrics statements="276" coveredstatements="202" conditionals="205" coveredconditionals="176" methods="81" coveredmethods="43"/>
      <file name="ComponentPaletteItem.tsx" path="/Users/yashtongia/secondary-workspace/Assignment-2/src/components/ui/ComponentPaletteItem.tsx">
        <metrics statements="53" coveredstatements="50" conditionals="49" coveredconditionals="45" methods="12" coveredmethods="11"/>
        <line num="1" count="9" type="stmt"/>
        <line num="3" count="9" type="stmt"/>
        <line num="4" count="9" type="stmt"/>
        <line num="5" count="9" type="stmt"/>
        <line num="19" count="9" type="stmt"/>
        <line num="30" count="574" type="stmt"/>
        <line num="31" count="574" type="stmt"/>
        <line num="32" count="574" type="stmt"/>
        <line num="33" count="574" type="stmt"/>
        <line num="34" count="574" type="stmt"/>
        <line num="35" count="574" type="stmt"/>
        <line num="38" count="574" type="cond" truecount="2" falsecount="0"/>
        <line num="41" count="574" type="stmt"/>
        <line num="42" count="9" type="stmt"/>
        <line num="43" count="9" type="cond" truecount="3" falsecount="0"/>
        <line num="44" count="8" type="stmt"/>
        <line num="45" count="4" type="stmt"/>
        <line num="50" count="574" type="stmt"/>
        <line num="51" count="2" type="stmt"/>
        <line num="52" count="2" type="stmt"/>
        <line num="53" count="2" type="cond" truecount="1" falsecount="0"/>
        <line num="54" count="2" type="stmt"/>
        <line num="59" count="574" type="stmt"/>
        <line num="60" count="492" type="stmt"/>
        <line num="61" count="492" type="cond" truecount="1" falsecount="0"/>
        <line num="62" count="8" type="stmt"/>
        <line num="68" count="574" type="stmt"/>
        <line num="70" count="4" type="cond" truecount="1" falsecount="0"/>
        <line num="72" count="3" type="cond" truecount="2" falsecount="2"/>
        <line num="75" count="3" type="stmt"/>
        <line num="76" count="3" type="cond" truecount="2" falsecount="0"/>
        <line num="77" count="1" type="stmt"/>
        <line num="79" count="2" type="stmt"/>
        <line num="81" count="3" type="stmt"/>
        <line num="84" count="0" type="stmt"/>
        <line num="86" count="0" type="stmt"/>
        <line num="93" count="574" type="stmt"/>
        <line num="94" count="1" type="stmt"/>
        <line num="98" count="574" type="stmt"/>
        <line num="99" count="574" type="stmt"/>
        <line num="117" count="574" type="cond" truecount="1" falsecount="0"/>
        <line num="118" count="9" type="stmt"/>
        <line num="125" count="565" type="cond" truecount="1" falsecount="0"/>
        <line num="126" count="14" type="stmt"/>
        <line num="136" count="551" type="cond" truecount="1" falsecount="0"/>
        <line num="137" count="2" type="stmt"/>
        <line num="145" count="549" type="cond" truecount="1" falsecount="0"/>
        <line num="146" count="11" type="stmt"/>
        <line num="155" count="538" type="stmt"/>
        <line num="158" count="574" type="stmt"/>
        <line num="167" count="0" type="cond" truecount="0" falsecount="2"/>
        <line num="168" count="1" type="cond" truecount="2" falsecount="0"/>
        <line num="181" count="2" type="stmt"/>
      </file>
      <file name="ComponentPreview.tsx" path="/Users/yashtongia/secondary-workspace/Assignment-2/src/components/ui/ComponentPreview.tsx">
        <metrics statements="15" coveredstatements="15" conditionals="7" coveredconditionals="7" methods="2" coveredmethods="2"/>
        <line num="1" count="9" type="stmt"/>
        <line num="2" count="9" type="stmt"/>
        <line num="10" count="9" type="stmt"/>
        <line num="20" count="9" type="stmt"/>
        <line num="24" count="595" type="stmt"/>
        <line num="30" count="595" type="stmt"/>
        <line num="32" count="595" type="stmt"/>
        <line num="39" count="595" type="cond" truecount="5" falsecount="0"/>
        <line num="41" count="200" type="stmt"/>
        <line num="48" count="133" type="stmt"/>
        <line num="85" count="128" type="stmt"/>
        <line num="103" count="133" type="stmt"/>
        <line num="124" count="1" type="stmt"/>
        <line num="132" count="9" type="stmt"/>
        <line num="137" count="595" type="stmt"/>
      </file>
      <file name="ComponentRenderer.tsx" path="/Users/yashtongia/secondary-workspace/Assignment-2/src/components/ui/ComponentRenderer.tsx">
        <metrics statements="98" coveredstatements="57" conditionals="95" coveredconditionals="85" methods="21" coveredmethods="8"/>
        <line num="1" count="11" type="stmt"/>
        <line num="2" count="11" type="stmt"/>
        <line num="3" count="11" type="stmt"/>
        <line num="4" count="11" type="stmt"/>
        <line num="12" count="11" type="stmt"/>
        <line num="17" count="67" type="stmt"/>
        <line num="18" count="67" type="stmt"/>
        <line num="19" count="67" type="stmt"/>
        <line num="20" count="67" type="stmt"/>
        <line num="21" count="67" type="stmt"/>
        <line num="22" count="67" type="stmt"/>
        <line num="24" count="67" type="stmt"/>
        <line num="27" count="67" type="stmt"/>
        <line num="28" count="1" type="stmt"/>
        <line num="29" count="1" type="stmt"/>
        <line num="30" count="1" type="stmt"/>
        <line num="32" count="1" type="stmt"/>
        <line num="33" count="1" type="stmt"/>
        <line num="34" count="1" type="stmt"/>
        <line num="35" count="1" type="stmt"/>
        <line num="37" count="1" type="stmt"/>
        <line num="38" count="0" type="stmt"/>
        <line num="39" count="0" type="stmt"/>
        <line num="41" count="0" type="stmt"/>
        <line num="42" count="0" type="stmt"/>
        <line num="44" count="0" type="cond" truecount="0" falsecount="8"/>
        <line num="46" count="0" type="stmt"/>
        <line num="47" count="0" type="stmt"/>
        <line num="48" count="0" type="stmt"/>
        <line num="50" count="0" type="stmt"/>
        <line num="51" count="0" type="stmt"/>
        <line num="52" count="0" type="stmt"/>
        <line num="54" count="0" type="stmt"/>
        <line num="55" count="0" type="stmt"/>
        <line num="56" count="0" type="stmt"/>
        <line num="58" count="0" type="stmt"/>
        <line num="59" count="0" type="stmt"/>
        <line num="60" count="0" type="stmt"/>
        <line num="62" count="0" type="stmt"/>
        <line num="63" count="0" type="stmt"/>
        <line num="65" count="0" type="stmt"/>
        <line num="66" count="0" type="stmt"/>
        <line num="68" count="0" type="stmt"/>
        <line num="69" count="0" type="stmt"/>
        <line num="71" count="0" type="stmt"/>
        <line num="72" count="0" type="stmt"/>
        <line num="75" count="0" type="stmt"/>
        <line num="83" count="1" type="stmt"/>
        <line num="84" count="0" type="stmt"/>
        <line num="85" count="0" type="stmt"/>
        <line num="86" count="0" type="stmt"/>
        <line num="88" count="0" type="stmt"/>
        <line num="96" count="1" type="stmt"/>
        <line num="97" count="1" type="stmt"/>
        <line num="101" count="67" type="stmt"/>
        <line num="102" count="1" type="stmt"/>
        <line num="104" count="1" type="stmt"/>
        <line num="107" count="67" type="stmt"/>
        <line num="108" count="1" type="stmt"/>
        <line num="109" count="1" type="stmt"/>
        <line num="113" count="67" type="cond" truecount="2" falsecount="0"/>
        <line num="118" count="67" type="cond" truecount="4" falsecount="0"/>
        <line num="122" count="67" type="stmt"/>
        <line num="174" count="67" type="stmt"/>
        <line num="175" count="5" type="stmt"/>
        <line num="178" count="5" type="cond" truecount="1" falsecount="0"/>
        <line num="179" count="1" type="stmt"/>
        <line num="182" count="4" type="stmt"/>
        <line num="183" count="4" type="stmt"/>
        <line num="184" count="4" type="stmt"/>
        <line num="187" count="67" type="stmt"/>
        <line num="188" count="2" type="cond" truecount="1" falsecount="0"/>
        <line num="189" count="2" type="stmt"/>
        <line num="193" count="67" type="stmt"/>
        <line num="194" count="1" type="stmt"/>
        <line num="198" count="67" type="cond" truecount="5" falsecount="0"/>
        <line num="213" count="0" type="stmt"/>
        <line num="228" count="0" type="stmt"/>
        <line num="243" count="0" type="stmt"/>
        <line num="258" count="1" type="stmt"/>
        <line num="276" count="0" type="stmt"/>
        <line num="292" count="0" type="stmt"/>
        <line num="308" count="0" type="stmt"/>
        <line num="324" count="0" type="stmt"/>
        <line num="330" count="67" type="stmt"/>
        <line num="343" count="0" type="stmt"/>
        <line num="348" count="67" type="cond" truecount="5" falsecount="0"/>
        <line num="376" count="67" type="cond" truecount="5" falsecount="0"/>
        <line num="431" count="67" type="cond" truecount="4" falsecount="0"/>
        <line num="453" count="67" type="cond" truecount="5" falsecount="0"/>
        <line num="455" count="34" type="stmt"/>
        <line num="464" count="5" type="stmt"/>
        <line num="475" count="22" type="stmt"/>
        <line num="485" count="0" type="stmt"/>
        <line num="497" count="5" type="stmt"/>
        <line num="505" count="0" type="stmt"/>
        <line num="512" count="0" type="stmt"/>
        <line num="519" count="1" type="stmt"/>
      </file>
      <file name="PaletteCategory.tsx" path="/Users/yashtongia/secondary-workspace/Assignment-2/src/components/ui/PaletteCategory.tsx">
        <metrics statements="30" coveredstatements="22" conditionals="30" coveredconditionals="18" methods="10" coveredmethods="6"/>
        <line num="1" count="8" type="stmt"/>
        <line num="3" count="8" type="stmt"/>
        <line num="4" count="8" type="stmt"/>
        <line num="19" count="8" type="stmt"/>
        <line num="28" count="381" type="stmt"/>
        <line num="29" count="381" type="stmt"/>
        <line num="32" count="381" type="stmt"/>
        <line num="33" count="508" type="cond" truecount="1" falsecount="0"/>
        <line num="35" count="0" type="stmt"/>
        <line num="36" count="0" type="stmt"/>
        <line num="38" count="0" type="stmt"/>
        <line num="41" count="0" type="stmt"/>
        <line num="46" count="381" type="cond" truecount="1" falsecount="2"/>
        <line num="47" count="0" type="stmt"/>
        <line num="50" count="381" type="stmt"/>
        <line num="51" count="9" type="stmt"/>
        <line num="54" count="381" type="stmt"/>
        <line num="56" count="1" type="cond" truecount="2" falsecount="1"/>
        <line num="57" count="1" type="stmt"/>
        <line num="58" count="1" type="stmt"/>
        <line num="64" count="381" type="stmt"/>
        <line num="79" count="381" type="stmt"/>
        <line num="87" count="381" type="stmt"/>
        <line num="95" count="381" type="stmt"/>
        <line num="103" count="0" type="stmt"/>
        <line num="104" count="0" type="stmt"/>
        <line num="182" count="508" type="stmt"/>
        <line num="183" count="508" type="stmt"/>
        <line num="190" count="1" type="stmt"/>
        <line num="191" count="0" type="stmt"/>
      </file>
      <file name="PaletteState.ts" path="/Users/yashtongia/secondary-workspace/Assignment-2/src/components/ui/PaletteState.ts">
        <metrics statements="32" coveredstatements="32" conditionals="16" coveredconditionals="15" methods="10" coveredmethods="10"/>
        <line num="1" count="9" type="stmt"/>
        <line num="46" count="9" type="stmt"/>
        <line num="89" count="9" type="stmt"/>
        <line num="175" count="9" type="stmt"/>
        <line num="187" count="9" type="stmt"/>
        <line num="200" count="9" type="stmt"/>
        <line num="204" count="148" type="cond" truecount="1" falsecount="0"/>
        <line num="206" count="18" type="stmt"/>
        <line num="207" count="18" type="stmt"/>
        <line num="208" count="62" type="stmt"/>
        <line num="209" count="62" type="stmt"/>
        <line num="212" count="170" type="stmt"/>
        <line num="217" count="9" type="stmt"/>
        <line num="222" count="7" type="cond" truecount="4" falsecount="0"/>
        <line num="224" count="3" type="stmt"/>
        <line num="225" count="11" type="stmt"/>
        <line num="229" count="1" type="stmt"/>
        <line num="231" count="3" type="stmt"/>
        <line num="236" count="2" type="stmt"/>
        <line num="237" count="9" type="stmt"/>
        <line num="238" count="9" type="stmt"/>
        <line num="240" count="9" type="cond" truecount="3" falsecount="0"/>
        <line num="241" count="4" type="stmt"/>
        <line num="246" count="5" type="cond" truecount="0" falsecount="1"/>
        <line num="247" count="5" type="cond" truecount="1" falsecount="0"/>
        <line num="248" count="1" type="stmt"/>
        <line num="252" count="1" type="stmt"/>
        <line num="256" count="9" type="stmt"/>
        <line num="261" count="26" type="stmt"/>
        <line num="262" count="7" type="stmt"/>
        <line num="265" count="9" type="stmt"/>
        <line num="268" count="29" type="stmt"/>
      </file>
      <file name="PropertiesForm.tsx" path="/Users/yashtongia/secondary-workspace/Assignment-2/src/components/ui/PropertiesForm.tsx">
        <metrics statements="42" coveredstatements="26" conditionals="8" coveredconditionals="6" methods="21" coveredmethods="6"/>
        <line num="1" count="3" type="stmt"/>
        <line num="2" count="3" type="stmt"/>
        <line num="3" count="3" type="stmt"/>
        <line num="4" count="3" type="stmt"/>
        <line num="5" count="3" type="stmt"/>
        <line num="11" count="3" type="stmt"/>
        <line num="12" count="10" type="stmt"/>
        <line num="13" count="10" type="stmt"/>
        <line num="15" count="10" type="stmt"/>
        <line num="16" count="5" type="stmt"/>
        <line num="17" count="5" type="stmt"/>
        <line num="21" count="5" type="cond" truecount="1" falsecount="0"/>
        <line num="24" count="5" type="stmt"/>
        <line num="27" count="10" type="cond" truecount="4" falsecount="1"/>
        <line num="29" count="7" type="stmt"/>
        <line num="30" count="7" type="stmt"/>
        <line num="38" count="1" type="stmt"/>
        <line num="50" count="2" type="stmt"/>
        <line num="60" count="1" type="stmt"/>
        <line num="73" count="1" type="stmt"/>
        <line num="80" count="1" type="stmt"/>
        <line num="81" count="1" type="stmt"/>
        <line num="89" count="0" type="stmt"/>
        <line num="101" count="0" type="stmt"/>
        <line num="110" count="0" type="stmt"/>
        <line num="119" count="0" type="stmt"/>
        <line num="130" count="1" type="stmt"/>
        <line num="131" count="1" type="stmt"/>
        <line num="139" count="0" type="stmt"/>
        <line num="148" count="0" type="stmt"/>
        <line num="157" count="0" type="stmt"/>
        <line num="173" count="0" type="stmt"/>
        <line num="180" count="1" type="stmt"/>
        <line num="181" count="1" type="stmt"/>
        <line num="189" count="0" type="stmt"/>
        <line num="198" count="0" type="stmt"/>
        <line num="210" count="0" type="stmt"/>
        <line num="220" count="0" type="stmt"/>
        <line num="229" count="0" type="stmt"/>
        <line num="238" count="0" type="stmt"/>
        <line num="250" count="0" type="stmt"/>
        <line num="257" count="0" type="stmt"/>
      </file>
      <file name="index.ts" path="/Users/yashtongia/secondary-workspace/Assignment-2/src/components/ui/index.ts">
        <metrics statements="6" coveredstatements="0" conditionals="0" coveredconditionals="0" methods="5" coveredmethods="0"/>
        <line num="2" count="0" type="stmt"/>
        <line num="3" count="0" type="stmt"/>
        <line num="4" count="0" type="stmt"/>
        <line num="5" count="0" type="stmt"/>
        <line num="8" count="0" type="stmt"/>
        <line num="9" count="0" type="stmt"/>
      </file>
    </package>
    <package name="src.hooks">
      <metrics statements="333" coveredstatements="194" conditionals="126" coveredconditionals="36" methods="57" coveredmethods="37"/>
      <file name="useDragAndDrop.ts" path="/Users/yashtongia/secondary-workspace/Assignment-2/src/hooks/useDragAndDrop.ts">
        <metrics statements="157" coveredstatements="139" conditionals="41" coveredconditionals="30" methods="28" coveredmethods="24"/>
        <line num="1" count="6" type="stmt"/>
        <line num="2" count="6" type="stmt"/>
        <line num="8" count="6" type="stmt"/>
        <line num="9" count="6" type="stmt"/>
        <line num="14" count="6" type="stmt"/>
        <line num="15" count="139" type="stmt"/>
        <line num="16" count="139" type="stmt"/>
        <line num="17" count="139" type="stmt"/>
        <line num="18" count="139" type="stmt"/>
        <line num="21" count="139" type="stmt"/>
        <line num="26" count="10" type="stmt"/>
        <line num="27" count="10" type="cond" truecount="2" falsecount="0"/>
        <line num="28" count="10" type="cond" truecount="2" falsecount="0"/>
        <line num="30" count="10" type="stmt"/>
        <line num="45" count="139" type="stmt"/>
        <line num="46" count="127" type="cond" truecount="1" falsecount="0"/>
        <line num="48" count="26" type="stmt"/>
        <line num="50" count="26" type="stmt"/>
        <line num="51" count="6" type="stmt"/>
        <line num="52" count="6" type="stmt"/>
        <line num="53" count="6" type="stmt"/>
        <line num="73" count="6" type="stmt"/>
        <line num="80" count="6" type="cond" truecount="1" falsecount="1"/>
        <line num="81" count="6" type="stmt"/>
        <line num="82" count="6" type="stmt"/>
        <line num="85" count="26" type="stmt"/>
        <line num="86" count="109" type="cond" truecount="1" falsecount="0"/>
        <line num="87" count="6" type="stmt"/>
        <line num="88" count="6" type="stmt"/>
        <line num="92" count="109" type="cond" truecount="1" falsecount="0"/>
        <line num="93" count="109" type="stmt"/>
        <line num="94" count="109" type="stmt"/>
        <line num="98" count="26" type="stmt"/>
        <line num="99" count="0" type="cond" truecount="0" falsecount="1"/>
        <line num="100" count="0" type="stmt"/>
        <line num="101" count="0" type="stmt"/>
        <line num="106" count="26" type="stmt"/>
        <line num="108" count="26" type="stmt"/>
        <line num="109" count="26" type="stmt"/>
        <line num="111" count="26" type="stmt"/>
        <line num="112" count="26" type="stmt"/>
        <line num="114" count="26" type="cond" truecount="1" falsecount="0"/>
        <line num="115" count="6" type="stmt"/>
        <line num="116" count="6" type="stmt"/>
        <line num="119" count="26" type="stmt"/>
        <line num="120" count="26" type="stmt"/>
        <line num="125" count="139" type="stmt"/>
        <line num="126" count="127" type="cond" truecount="1" falsecount="0"/>
        <line num="128" count="5" type="stmt"/>
        <line num="130" count="5" type="stmt"/>
        <line num="131" count="125" type="stmt"/>
        <line num="133" count="125" type="cond" truecount="1" falsecount="0"/>
        <line num="134" count="123" type="stmt"/>
        <line num="137" count="125" type="stmt"/>
        <line num="138" count="0" type="stmt"/>
        <line num="139" count="0" type="cond" truecount="0" falsecount="3"/>
        <line num="141" count="0" type="stmt"/>
        <line num="144" count="0" type="cond" truecount="0" falsecount="1"/>
        <line num="146" count="0" type="stmt"/>
        <line num="147" count="0" type="stmt"/>
        <line num="152" count="0" type="stmt"/>
        <line num="157" count="0" type="stmt"/>
        <line num="164" count="5" type="stmt"/>
        <line num="165" count="0" type="stmt"/>
        <line num="167" count="0" type="stmt"/>
        <line num="168" count="0" type="cond" truecount="0" falsecount="3"/>
        <line num="170" count="0" type="stmt"/>
        <line num="173" count="0" type="stmt"/>
        <line num="177" count="5" type="stmt"/>
        <line num="178" count="5" type="stmt"/>
        <line num="181" count="5" type="stmt"/>
        <line num="182" count="5" type="stmt"/>
        <line num="184" count="5" type="stmt"/>
        <line num="185" count="5" type="cond" truecount="1" falsecount="0"/>
        <line num="186" count="2" type="stmt"/>
        <line num="189" count="5" type="stmt"/>
        <line num="190" count="5" type="stmt"/>
        <line num="192" count="5" type="stmt"/>
        <line num="193" count="5" type="stmt"/>
        <line num="209" count="139" type="stmt"/>
        <line num="215" count="6" type="stmt"/>
        <line num="216" count="6" type="stmt"/>
        <line num="231" count="139" type="stmt"/>
        <line num="237" count="7" type="stmt"/>
        <line num="252" count="139" type="stmt"/>
        <line num="254" count="7" type="cond" truecount="1" falsecount="0"/>
        <line num="256" count="5" type="stmt"/>
        <line num="257" count="5" type="cond" truecount="1" falsecount="0"/>
        <line num="259" count="4" type="stmt"/>
        <line num="260" count="4" type="cond" truecount="3" falsecount="0"/>
        <line num="261" count="2" type="stmt"/>
        <line num="266" count="2" type="stmt"/>
        <line num="267" count="2" type="stmt"/>
        <line num="272" count="2" type="stmt"/>
        <line num="273" count="2" type="stmt"/>
        <line num="278" count="5" type="cond" truecount="1" falsecount="0"/>
        <line num="279" count="4" type="stmt"/>
        <line num="289" count="139" type="stmt"/>
        <line num="290" count="2" type="stmt"/>
        <line num="296" count="139" type="stmt"/>
        <line num="298" count="12" type="stmt"/>
        <line num="299" count="12" type="stmt"/>
        <line num="309" count="139" type="stmt"/>
        <line num="331" count="6" type="stmt"/>
        <line num="332" count="38" type="stmt"/>
        <line num="334" count="38" type="stmt"/>
        <line num="336" count="2" type="stmt"/>
        <line num="337" count="2" type="stmt"/>
        <line num="338" count="2" type="stmt"/>
        <line num="341" count="1" type="stmt"/>
        <line num="342" count="1" type="stmt"/>
        <line num="343" count="1" type="stmt"/>
        <line num="346" count="1" type="stmt"/>
        <line num="355" count="6" type="stmt"/>
        <line num="356" count="26" type="stmt"/>
        <line num="358" count="26" type="stmt"/>
        <line num="360" count="4" type="cond" truecount="1" falsecount="0"/>
        <line num="362" count="2" type="stmt"/>
        <line num="363" count="2" type="stmt"/>
        <line num="366" count="2" type="stmt"/>
        <line num="367" count="2" type="stmt"/>
        <line num="368" count="2" type="stmt"/>
        <line num="372" count="2" type="cond" truecount="1" falsecount="0"/>
        <line num="374" count="2" type="stmt"/>
        <line num="379" count="2" type="stmt"/>
        <line num="383" count="1" type="stmt"/>
        <line num="384" count="1" type="stmt"/>
        <line num="386" count="1" type="stmt"/>
        <line num="387" count="1" type="cond" truecount="1" falsecount="0"/>
        <line num="388" count="1" type="stmt"/>
        <line num="389" count="1" type="stmt"/>
        <line num="390" count="1" type="stmt"/>
        <line num="394" count="1" type="cond" truecount="1" falsecount="0"/>
        <line num="395" count="1" type="stmt"/>
        <line num="400" count="1" type="stmt"/>
        <line num="405" count="0" type="stmt"/>
        <line num="414" count="6" type="stmt"/>
        <line num="415" count="18" type="stmt"/>
        <line num="417" count="18" type="stmt"/>
        <line num="419" count="4" type="cond" truecount="1" falsecount="0"/>
        <line num="421" count="1" type="stmt"/>
        <line num="422" count="1" type="stmt"/>
        <line num="424" count="1" type="stmt"/>
        <line num="425" count="1" type="stmt"/>
        <line num="427" count="1" type="stmt"/>
        <line num="432" count="1" type="cond" truecount="1" falsecount="0"/>
        <line num="433" count="1" type="stmt"/>
        <line num="441" count="2" type="cond" truecount="0" falsecount="1"/>
        <line num="443" count="2" type="stmt"/>
        <line num="444" count="2" type="stmt"/>
        <line num="446" count="2" type="stmt"/>
        <line num="447" count="2" type="cond" truecount="1" falsecount="0"/>
        <line num="448" count="1" type="stmt"/>
        <line num="449" count="1" type="stmt"/>
        <line num="451" count="1" type="stmt"/>
        <line num="456" count="1" type="cond" truecount="0" falsecount="1"/>
        <line num="457" count="0" type="stmt"/>
      </file>
      <file name="usePaletteAccessibility.ts" path="/Users/yashtongia/secondary-workspace/Assignment-2/src/hooks/usePaletteAccessibility.ts">
        <metrics statements="176" coveredstatements="55" conditionals="85" coveredconditionals="6" methods="29" coveredmethods="13"/>
        <line num="1" count="4" type="stmt"/>
        <line num="3" count="4" type="stmt"/>
        <line num="33" count="4" type="stmt"/>
        <line num="44" count="58" type="stmt"/>
        <line num="46" count="58" type="stmt"/>
        <line num="47" count="58" type="stmt"/>
        <line num="48" count="58" type="stmt"/>
        <line num="53" count="58" type="stmt"/>
        <line num="54" count="58" type="stmt"/>
        <line num="55" count="58" type="stmt"/>
        <line num="56" count="58" type="stmt"/>
        <line num="59" count="58" type="stmt"/>
        <line num="60" count="52" type="stmt"/>
        <line num="64" count="58" type="stmt"/>
        <line num="65" count="52" type="cond" truecount="0" falsecount="1"/>
        <line num="67" count="52" type="cond" truecount="1" falsecount="0"/>
        <line num="68" count="52" type="stmt"/>
        <line num="69" count="52" type="stmt"/>
        <line num="70" count="52" type="stmt"/>
        <line num="71" count="52" type="stmt"/>
        <line num="72" count="52" type="stmt"/>
        <line num="80" count="52" type="stmt"/>
        <line num="81" count="52" type="stmt"/>
        <line num="84" count="52" type="stmt"/>
        <line num="85" count="52" type="cond" truecount="1" falsecount="0"/>
        <line num="86" count="52" type="stmt"/>
        <line num="87" count="52" type="stmt"/>
        <line num="93" count="58" type="stmt"/>
        <line num="95" count="0" type="cond" truecount="0" falsecount="3"/>
        <line num="97" count="0" type="cond" truecount="0" falsecount="2"/>
        <line num="99" count="0" type="stmt"/>
        <line num="100" count="0" type="cond" truecount="0" falsecount="1"/>
        <line num="101" count="0" type="stmt"/>
        <line num="102" count="0" type="stmt"/>
        <line num="105" count="0" type="stmt"/>
        <line num="106" count="0" type="cond" truecount="0" falsecount="1"/>
        <line num="107" count="0" type="stmt"/>
        <line num="117" count="58" type="stmt"/>
        <line num="118" count="54" type="cond" truecount="0" falsecount="1"/>
        <line num="120" count="54" type="stmt"/>
        <line num="128" count="54" type="stmt"/>
        <line num="132" count="426" type="stmt"/>
        <line num="143" count="58" type="stmt"/>
        <line num="144" count="52" type="stmt"/>
        <line num="147" count="52" type="cond" truecount="1" falsecount="0"/>
        <line num="148" count="52" type="stmt"/>
        <line num="149" count="2" type="stmt"/>
        <line num="152" count="52" type="stmt"/>
        <line num="163" count="52" type="stmt"/>
        <line num="168" count="58" type="stmt"/>
        <line num="170" count="0" type="stmt"/>
        <line num="171" count="0" type="cond" truecount="0" falsecount="1"/>
        <line num="173" count="0" type="cond" truecount="0" falsecount="2"/>
        <line num="176" count="0" type="cond" truecount="0" falsecount="5"/>
        <line num="178" count="0" type="cond" truecount="0" falsecount="2"/>
        <line num="179" count="0" type="stmt"/>
        <line num="181" count="0" type="cond" truecount="0" falsecount="2"/>
        <line num="182" count="0" type="stmt"/>
        <line num="184" count="0" type="stmt"/>
        <line num="185" count="0" type="stmt"/>
        <line num="187" count="0" type="stmt"/>
        <line num="188" count="0" type="stmt"/>
        <line num="190" count="0" type="stmt"/>
        <line num="193" count="0" type="stmt"/>
        <line num="194" count="0" type="cond" truecount="0" falsecount="1"/>
        <line num="195" count="0" type="stmt"/>
        <line num="196" count="0" type="stmt"/>
        <line num="199" count="0" type="stmt"/>
        <line num="200" count="0" type="cond" truecount="0" falsecount="3"/>
        <line num="201" count="0" type="stmt"/>
        <line num="202" count="0" type="stmt"/>
        <line num="213" count="58" type="stmt"/>
        <line num="215" count="0" type="cond" truecount="0" falsecount="3"/>
        <line num="217" count="0" type="stmt"/>
        <line num="218" count="0" type="stmt"/>
        <line num="220" count="0" type="cond" truecount="0" falsecount="1"/>
        <line num="223" count="0" type="cond" truecount="0" falsecount="3"/>
        <line num="224" count="0" type="cond" truecount="0" falsecount="2"/>
        <line num="227" count="0" type="stmt"/>
        <line num="229" count="0" type="stmt"/>
        <line num="232" count="0" type="cond" truecount="0" falsecount="1"/>
        <line num="233" count="0" type="stmt"/>
        <line num="234" count="0" type="stmt"/>
        <line num="240" count="0" type="stmt"/>
        <line num="245" count="0" type="cond" truecount="0" falsecount="1"/>
        <line num="246" count="0" type="stmt"/>
        <line num="247" count="0" type="stmt"/>
        <line num="251" count="0" type="cond" truecount="0" falsecount="8"/>
        <line num="253" count="0" type="stmt"/>
        <line num="254" count="0" type="stmt"/>
        <line num="255" count="0" type="stmt"/>
        <line num="256" count="0" type="stmt"/>
        <line num="259" count="0" type="stmt"/>
        <line num="260" count="0" type="stmt"/>
        <line num="261" count="0" type="stmt"/>
        <line num="262" count="0" type="stmt"/>
        <line num="265" count="0" type="stmt"/>
        <line num="266" count="0" type="stmt"/>
        <line num="267" count="0" type="stmt"/>
        <line num="268" count="0" type="stmt"/>
        <line num="271" count="0" type="stmt"/>
        <line num="272" count="0" type="stmt"/>
        <line num="273" count="0" type="stmt"/>
        <line num="274" count="0" type="stmt"/>
        <line num="278" count="0" type="stmt"/>
        <line num="279" count="0" type="stmt"/>
        <line num="280" count="0" type="stmt"/>
        <line num="283" count="0" type="stmt"/>
        <line num="284" count="0" type="stmt"/>
        <line num="288" count="0" type="cond" truecount="0" falsecount="3"/>
        <line num="289" count="0" type="stmt"/>
        <line num="290" count="0" type="stmt"/>
        <line num="292" count="0" type="stmt"/>
        <line num="304" count="58" type="stmt"/>
        <line num="306" count="0" type="stmt"/>
        <line num="309" count="0" type="stmt"/>
        <line num="311" count="0" type="cond" truecount="0" falsecount="2"/>
        <line num="312" count="0" type="cond" truecount="0" falsecount="1"/>
        <line num="313" count="0" type="stmt"/>
        <line num="314" count="0" type="stmt"/>
        <line num="319" count="0" type="cond" truecount="0" falsecount="3"/>
        <line num="320" count="0" type="stmt"/>
        <line num="321" count="0" type="stmt"/>
        <line num="331" count="58" type="stmt"/>
        <line num="332" count="0" type="cond" truecount="0" falsecount="2"/>
        <line num="333" count="0" type="stmt"/>
        <line num="334" count="0" type="stmt"/>
        <line num="339" count="0" type="stmt"/>
        <line num="340" count="0" type="stmt"/>
        <line num="343" count="0" type="stmt"/>
        <line num="346" count="0" type="cond" truecount="0" falsecount="1"/>
        <line num="347" count="0" type="stmt"/>
        <line num="353" count="58" type="stmt"/>
        <line num="355" count="0" type="stmt"/>
        <line num="359" count="0" type="cond" truecount="0" falsecount="1"/>
        <line num="360" count="0" type="stmt"/>
        <line num="361" count="0" type="stmt"/>
        <line num="371" count="58" type="stmt"/>
        <line num="373" count="0" type="stmt"/>
        <line num="375" count="0" type="cond" truecount="0" falsecount="6"/>
        <line num="377" count="0" type="cond" truecount="0" falsecount="3"/>
        <line num="378" count="0" type="stmt"/>
        <line num="379" count="0" type="stmt"/>
        <line num="380" count="0" type="stmt"/>
        <line num="385" count="0" type="stmt"/>
        <line num="388" count="0" type="stmt"/>
        <line num="389" count="0" type="stmt"/>
        <line num="393" count="0" type="stmt"/>
        <line num="400" count="0" type="stmt"/>
        <line num="404" count="0" type="stmt"/>
        <line num="411" count="58" type="stmt"/>
        <line num="412" count="0" type="cond" truecount="0" falsecount="3"/>
        <line num="414" count="0" type="stmt"/>
        <line num="415" count="0" type="stmt"/>
        <line num="416" count="0" type="cond" truecount="0" falsecount="1"/>
        <line num="418" count="0" type="stmt"/>
        <line num="419" count="0" type="cond" truecount="0" falsecount="1"/>
        <line num="420" count="0" type="stmt"/>
        <line num="425" count="0" type="stmt"/>
        <line num="426" count="0" type="stmt"/>
        <line num="430" count="58" type="stmt"/>
        <line num="431" count="52" type="stmt"/>
        <line num="432" count="52" type="stmt"/>
        <line num="436" count="58" type="stmt"/>
        <line num="437" count="52" type="cond" truecount="0" falsecount="1"/>
        <line num="438" count="0" type="stmt"/>
        <line num="443" count="58" type="stmt"/>
        <line num="444" count="52" type="cond" truecount="1" falsecount="2"/>
        <line num="445" count="0" type="stmt"/>
        <line num="449" count="58" type="stmt"/>
        <line num="467" count="0" type="stmt"/>
        <line num="468" count="0" type="stmt"/>
        <line num="472" count="0" type="stmt"/>
        <line num="473" count="0" type="stmt"/>
        <line num="477" count="0" type="stmt"/>
        <line num="478" count="0" type="stmt"/>
      </file>
    </package>
    <package name="src.store">
      <metrics statements="411" coveredstatements="300" conditionals="136" coveredconditionals="70" methods="156" coveredmethods="114"/>
      <file name="index.ts" path="/Users/yashtongia/secondary-workspace/Assignment-2/src/store/index.ts">
        <metrics statements="411" coveredstatements="300" conditionals="136" coveredconditionals="70" methods="156" coveredmethods="114"/>
        <line num="2" count="11" type="stmt"/>
        <line num="3" count="11" type="stmt"/>
        <line num="4" count="11" type="stmt"/>
        <line num="5" count="11" type="stmt"/>
        <line num="8" count="11" type="stmt"/>
        <line num="34" count="11" type="stmt"/>
        <line num="37" count="11" type="stmt"/>
        <line num="38" count="43" type="stmt"/>
        <line num="40" count="11" type="stmt"/>
        <line num="43" count="41" type="stmt"/>
        <line num="54" count="11" type="stmt"/>
        <line num="56" count="254" type="stmt"/>
        <line num="67" count="11" type="stmt"/>
        <line num="70" count="11" type="stmt"/>
        <line num="72" count="11" type="cond" truecount="3" falsecount="0"/>
        <line num="73" count="11" type="stmt"/>
        <line num="75" count="11" type="cond" truecount="1" falsecount="1"/>
        <line num="78" count="11" type="stmt"/>
        <line num="79" count="11" type="stmt"/>
        <line num="80" count="0" type="cond" truecount="0" falsecount="3"/>
        <line num="81" count="0" type="stmt"/>
        <line num="85" count="11" type="stmt"/>
        <line num="116" count="11" type="stmt"/>
        <line num="124" count="13" type="stmt"/>
        <line num="145" count="13" type="stmt"/>
        <line num="181" count="11" type="stmt"/>
        <line num="190" count="11" type="stmt"/>
        <line num="200" count="11" type="stmt"/>
        <line num="201" count="11" type="stmt"/>
        <line num="202" count="11" type="stmt"/>
        <line num="211" count="11" type="stmt"/>
        <line num="223" count="11" type="stmt"/>
        <line num="235" count="11" type="stmt"/>
        <line num="237" count="11" type="stmt"/>
        <line num="248" count="11" type="stmt"/>
        <line num="253" count="3" type="stmt"/>
        <line num="255" count="3" type="stmt"/>
        <line num="262" count="3" type="stmt"/>
        <line num="264" count="3" type="stmt"/>
        <line num="272" count="1" type="stmt"/>
        <line num="274" count="1" type="stmt"/>
        <line num="282" count="24" type="stmt"/>
        <line num="284" count="24" type="stmt"/>
        <line num="287" count="24" type="stmt"/>
        <line num="294" count="0" type="stmt"/>
        <line num="310" count="24" type="stmt"/>
        <line num="311" count="24" type="stmt"/>
        <line num="313" count="24" type="cond" truecount="1" falsecount="0"/>
        <line num="315" count="21" type="stmt"/>
        <line num="319" count="21" type="stmt"/>
        <line num="322" count="21" type="stmt"/>
        <line num="323" count="21" type="stmt"/>
        <line num="324" count="21" type="stmt"/>
        <line num="325" count="21" type="stmt"/>
        <line num="328" count="21" type="cond" truecount="1" falsecount="0"/>
        <line num="332" count="3" type="stmt"/>
        <line num="337" count="24" type="stmt"/>
        <line num="338" count="24" type="stmt"/>
        <line num="346" count="7" type="stmt"/>
        <line num="348" count="7" type="stmt"/>
        <line num="350" count="7" type="cond" truecount="1" falsecount="0"/>
        <line num="351" count="4" type="stmt"/>
        <line num="355" count="4" type="stmt"/>
        <line num="356" count="4" type="cond" truecount="0" falsecount="1"/>
        <line num="357" count="0" type="stmt"/>
        <line num="364" count="4" type="cond" truecount="0" falsecount="1"/>
        <line num="365" count="0" type="stmt"/>
        <line num="368" count="4" type="stmt"/>
        <line num="370" count="4" type="cond" truecount="1" falsecount="0"/>
        <line num="372" count="1" type="stmt"/>
        <line num="376" count="1" type="stmt"/>
        <line num="379" count="1" type="stmt"/>
        <line num="380" count="1" type="stmt"/>
        <line num="381" count="1" type="stmt"/>
        <line num="382" count="1" type="stmt"/>
        <line num="386" count="4" type="stmt"/>
        <line num="387" count="4" type="stmt"/>
        <line num="400" count="4" type="stmt"/>
        <line num="402" count="4" type="stmt"/>
        <line num="403" count="4" type="stmt"/>
        <line num="405" count="4" type="cond" truecount="1" falsecount="0"/>
        <line num="406" count="2" type="stmt"/>
        <line num="417" count="2" type="stmt"/>
        <line num="418" count="2" type="stmt"/>
        <line num="420" count="2" type="cond" truecount="1" falsecount="0"/>
        <line num="422" count="2" type="stmt"/>
        <line num="426" count="2" type="stmt"/>
        <line num="429" count="2" type="stmt"/>
        <line num="430" count="2" type="stmt"/>
        <line num="431" count="2" type="stmt"/>
        <line num="432" count="2" type="stmt"/>
        <line num="436" count="2" type="stmt"/>
        <line num="444" count="0" type="stmt"/>
        <line num="446" count="0" type="stmt"/>
        <line num="448" count="0" type="cond" truecount="0" falsecount="1"/>
        <line num="449" count="0" type="stmt"/>
        <line num="463" count="0" type="stmt"/>
        <line num="467" count="0" type="stmt"/>
        <line num="469" count="0" type="cond" truecount="0" falsecount="1"/>
        <line num="471" count="0" type="stmt"/>
        <line num="475" count="0" type="stmt"/>
        <line num="478" count="0" type="stmt"/>
        <line num="479" count="0" type="stmt"/>
        <line num="480" count="0" type="stmt"/>
        <line num="481" count="0" type="stmt"/>
        <line num="490" count="8" type="stmt"/>
        <line num="492" count="8" type="cond" truecount="2" falsecount="0"/>
        <line num="493" count="4" type="cond" truecount="1" falsecount="0"/>
        <line num="494" count="4" type="stmt"/>
        <line num="497" count="4" type="stmt"/>
        <line num="499" count="8" type="stmt"/>
        <line num="506" count="2" type="stmt"/>
        <line num="509" count="2" type="stmt"/>
        <line num="510" count="2" type="cond" truecount="1" falsecount="0"/>
        <line num="511" count="1" type="stmt"/>
        <line num="514" count="2" type="cond" truecount="1" falsecount="0"/>
        <line num="515" count="1" type="stmt"/>
        <line num="526" count="7" type="stmt"/>
        <line num="528" count="7" type="stmt"/>
        <line num="529" count="7" type="stmt"/>
        <line num="536" count="1" type="stmt"/>
        <line num="539" count="1" type="stmt"/>
        <line num="541" count="1" type="stmt"/>
        <line num="548" count="7" type="stmt"/>
        <line num="550" count="7" type="stmt"/>
        <line num="551" count="7" type="cond" truecount="1" falsecount="0"/>
        <line num="553" count="5" type="stmt"/>
        <line num="554" count="5" type="stmt"/>
        <line num="571" count="5" type="stmt"/>
        <line num="582" count="5" type="stmt"/>
        <line num="583" count="5" type="stmt"/>
        <line num="585" count="5" type="cond" truecount="1" falsecount="0"/>
        <line num="587" count="4" type="stmt"/>
        <line num="591" count="4" type="stmt"/>
        <line num="594" count="4" type="stmt"/>
        <line num="595" count="4" type="stmt"/>
        <line num="596" count="4" type="stmt"/>
        <line num="597" count="4" type="stmt"/>
        <line num="610" count="3" type="stmt"/>
        <line num="612" count="3" type="stmt"/>
        <line num="613" count="3" type="cond" truecount="1" falsecount="0"/>
        <line num="615" count="2" type="stmt"/>
        <line num="630" count="2" type="stmt"/>
        <line num="641" count="2" type="stmt"/>
        <line num="642" count="2" type="stmt"/>
        <line num="644" count="2" type="cond" truecount="1" falsecount="0"/>
        <line num="646" count="1" type="stmt"/>
        <line num="650" count="1" type="stmt"/>
        <line num="653" count="1" type="stmt"/>
        <line num="654" count="1" type="stmt"/>
        <line num="655" count="1" type="stmt"/>
        <line num="656" count="1" type="stmt"/>
        <line num="665" count="1" type="stmt"/>
        <line num="667" count="1" type="stmt"/>
        <line num="668" count="1" type="cond" truecount="0" falsecount="1"/>
        <line num="669" count="0" type="stmt"/>
        <line num="680" count="0" type="stmt"/>
        <line num="681" count="0" type="stmt"/>
        <line num="683" count="0" type="cond" truecount="0" falsecount="1"/>
        <line num="685" count="0" type="stmt"/>
        <line num="689" count="0" type="stmt"/>
        <line num="692" count="0" type="stmt"/>
        <line num="693" count="0" type="stmt"/>
        <line num="694" count="0" type="stmt"/>
        <line num="695" count="0" type="stmt"/>
        <line num="705" count="5" type="stmt"/>
        <line num="707" count="5" type="stmt"/>
        <line num="708" count="5" type="stmt"/>
        <line num="709" count="5" type="stmt"/>
        <line num="710" count="5" type="stmt"/>
        <line num="717" count="3" type="stmt"/>
        <line num="719" count="3" type="stmt"/>
        <line num="726" count="19" type="stmt"/>
        <line num="728" count="19" type="stmt"/>
        <line num="735" count="6" type="stmt"/>
        <line num="737" count="6" type="stmt"/>
        <line num="738" count="6" type="stmt"/>
        <line num="745" count="3" type="stmt"/>
        <line num="747" count="3" type="stmt"/>
        <line num="755" count="7" type="stmt"/>
        <line num="757" count="7" type="stmt"/>
        <line num="758" count="7" type="stmt"/>
        <line num="781" count="2" type="stmt"/>
        <line num="783" count="2" type="stmt"/>
        <line num="784" count="2" type="stmt"/>
        <line num="787" count="2" type="cond" truecount="1" falsecount="0"/>
        <line num="788" count="2" type="stmt"/>
        <line num="789" count="2" type="stmt"/>
        <line num="790" count="2" type="stmt"/>
        <line num="791" count="2" type="stmt"/>
        <line num="796" count="2" type="stmt"/>
        <line num="804" count="10" type="stmt"/>
        <line num="806" count="10" type="stmt"/>
        <line num="821" count="0" type="stmt"/>
        <line num="823" count="0" type="stmt"/>
        <line num="830" count="4" type="stmt"/>
        <line num="832" count="4" type="stmt"/>
        <line num="840" count="0" type="stmt"/>
        <line num="842" count="0" type="stmt"/>
        <line num="849" count="1" type="stmt"/>
        <line num="851" count="1" type="stmt"/>
        <line num="852" count="1" type="stmt"/>
        <line num="859" count="1" type="stmt"/>
        <line num="861" count="1" type="stmt"/>
        <line num="862" count="1" type="stmt"/>
        <line num="869" count="9" type="stmt"/>
        <line num="871" count="9" type="stmt"/>
        <line num="878" count="1" type="stmt"/>
        <line num="880" count="1" type="stmt"/>
        <line num="888" count="3" type="stmt"/>
        <line num="890" count="3" type="cond" truecount="1" falsecount="0"/>
        <line num="891" count="2" type="stmt"/>
        <line num="892" count="2" type="stmt"/>
        <line num="895" count="2" type="stmt"/>
        <line num="898" count="2" type="stmt"/>
        <line num="899" count="2" type="stmt"/>
        <line num="902" count="2" type="stmt"/>
        <line num="905" count="2" type="stmt"/>
        <line num="906" count="2" type="stmt"/>
        <line num="908" count="2" type="stmt"/>
        <line num="910" count="2" type="stmt"/>
        <line num="911" count="2" type="stmt"/>
        <line num="919" count="3" type="stmt"/>
        <line num="921" count="3" type="cond" truecount="1" falsecount="0"/>
        <line num="922" count="2" type="stmt"/>
        <line num="923" count="2" type="stmt"/>
        <line num="926" count="2" type="stmt"/>
        <line num="929" count="2" type="stmt"/>
        <line num="930" count="2" type="stmt"/>
        <line num="933" count="2" type="stmt"/>
        <line num="936" count="2" type="stmt"/>
        <line num="937" count="2" type="stmt"/>
        <line num="939" count="2" type="stmt"/>
        <line num="940" count="2" type="stmt"/>
        <line num="942" count="2" type="stmt"/>
        <line num="950" count="0" type="stmt"/>
        <line num="952" count="0" type="stmt"/>
        <line num="956" count="0" type="stmt"/>
        <line num="957" count="0" type="stmt"/>
        <line num="958" count="0" type="stmt"/>
        <line num="959" count="0" type="stmt"/>
        <line num="960" count="0" type="stmt"/>
        <line num="963" count="0" type="cond" truecount="0" falsecount="1"/>
        <line num="967" count="0" type="stmt"/>
        <line num="975" count="40" type="stmt"/>
        <line num="977" count="40" type="stmt"/>
        <line num="978" count="40" type="stmt"/>
        <line num="979" count="40" type="stmt"/>
        <line num="980" count="40" type="stmt"/>
        <line num="987" count="2" type="stmt"/>
        <line num="989" count="2" type="stmt"/>
        <line num="992" count="2" type="stmt"/>
        <line num="993" count="0" type="stmt"/>
        <line num="1002" count="1" type="stmt"/>
        <line num="1004" count="1" type="stmt"/>
        <line num="1008" count="1" type="stmt"/>
        <line num="1009" count="1" type="stmt"/>
        <line num="1010" count="1" type="stmt"/>
        <line num="1011" count="1" type="stmt"/>
        <line num="1012" count="1" type="stmt"/>
        <line num="1020" count="3" type="stmt"/>
        <line num="1021" count="3" type="stmt"/>
        <line num="1023" count="3" type="stmt"/>
        <line num="1029" count="3" type="stmt"/>
        <line num="1030" count="3" type="stmt"/>
        <line num="1038" count="3" type="stmt"/>
        <line num="1043" count="2" type="stmt"/>
        <line num="1045" count="2" type="stmt"/>
        <line num="1046" count="2" type="stmt"/>
        <line num="1047" count="2" type="stmt"/>
        <line num="1053" count="1" type="stmt"/>
        <line num="1055" count="1" type="stmt"/>
        <line num="1056" count="1" type="stmt"/>
        <line num="1065" count="1" type="stmt"/>
        <line num="1067" count="1" type="stmt"/>
        <line num="1073" count="1" type="stmt"/>
        <line num="1074" count="1" type="stmt"/>
        <line num="1075" count="1" type="cond" truecount="0" falsecount="1"/>
        <line num="1076" count="0" type="stmt"/>
        <line num="1078" count="0" type="stmt"/>
        <line num="1080" count="0" type="cond" truecount="0" falsecount="1"/>
        <line num="1081" count="0" type="stmt"/>
        <line num="1083" count="0" type="cond" truecount="0" falsecount="1"/>
        <line num="1084" count="0" type="stmt"/>
        <line num="1089" count="0" type="cond" truecount="0" falsecount="1"/>
        <line num="1090" count="0" type="stmt"/>
        <line num="1095" count="0" type="stmt"/>
        <line num="1096" count="0" type="stmt"/>
        <line num="1103" count="0" type="stmt"/>
        <line num="1105" count="0" type="stmt"/>
        <line num="1106" count="0" type="stmt"/>
        <line num="1115" count="2" type="stmt"/>
        <line num="1116" count="2" type="stmt"/>
        <line num="1136" count="2" type="stmt"/>
        <line num="1138" count="2" type="stmt"/>
        <line num="1139" count="2" type="stmt"/>
        <line num="1140" count="2" type="stmt"/>
        <line num="1141" count="2" type="stmt"/>
        <line num="1142" count="2" type="stmt"/>
        <line num="1150" count="0" type="stmt"/>
        <line num="1151" count="0" type="stmt"/>
        <line num="1153" count="0" type="stmt"/>
        <line num="1155" count="0" type="stmt"/>
        <line num="1157" count="0" type="stmt"/>
        <line num="1164" count="0" type="stmt"/>
        <line num="1166" count="0" type="stmt"/>
        <line num="1175" count="0" type="stmt"/>
        <line num="1176" count="0" type="stmt"/>
        <line num="1177" count="0" type="cond" truecount="0" falsecount="1"/>
        <line num="1178" count="0" type="stmt"/>
        <line num="1179" count="0" type="stmt"/>
        <line num="1180" count="0" type="stmt"/>
        <line num="1188" count="0" type="stmt"/>
        <line num="1193" count="0" type="stmt"/>
        <line num="1195" count="0" type="stmt"/>
        <line num="1210" count="0" type="stmt"/>
        <line num="1212" count="0" type="stmt"/>
        <line num="1221" count="1" type="stmt"/>
        <line num="1223" count="1" type="stmt"/>
        <line num="1230" count="2" type="stmt"/>
        <line num="1232" count="2" type="stmt"/>
        <line num="1242" count="4" type="stmt"/>
        <line num="1244" count="4" type="cond" truecount="3" falsecount="1"/>
        <line num="1246" count="2" type="stmt"/>
        <line num="1249" count="1" type="stmt"/>
        <line num="1252" count="1" type="stmt"/>
        <line num="1254" count="0" type="stmt"/>
        <line num="1259" count="0" type="stmt"/>
        <line num="1260" count="0" type="cond" truecount="0" falsecount="1"/>
        <line num="1261" count="0" type="stmt"/>
        <line num="1263" count="0" type="stmt"/>
        <line num="1265" count="0" type="cond" truecount="0" falsecount="1"/>
        <line num="1266" count="0" type="stmt"/>
        <line num="1268" count="0" type="cond" truecount="0" falsecount="1"/>
        <line num="1269" count="0" type="stmt"/>
        <line num="1274" count="0" type="stmt"/>
        <line num="1281" count="0" type="stmt"/>
        <line num="1283" count="0" type="stmt"/>
        <line num="1293" count="0" type="cond" truecount="0" falsecount="1"/>
        <line num="1294" count="0" type="stmt"/>
        <line num="1298" count="0" type="stmt"/>
        <line num="1303" count="0" type="cond" truecount="0" falsecount="3"/>
        <line num="1304" count="0" type="stmt"/>
        <line num="1305" count="0" type="stmt"/>
        <line num="1306" count="0" type="stmt"/>
        <line num="1316" count="0" type="stmt"/>
        <line num="1317" count="0" type="stmt"/>
        <line num="1322" count="0" type="stmt"/>
        <line num="1323" count="0" type="cond" truecount="0" falsecount="1"/>
        <line num="1324" count="0" type="stmt"/>
        <line num="1326" count="0" type="stmt"/>
        <line num="1336" count="11" type="stmt"/>
        <line num="1340" count="249" type="stmt"/>
        <line num="1344" count="11" type="stmt"/>
        <line num="1345" count="11" type="cond" truecount="1" falsecount="0"/>
        <line num="1347" count="11" type="stmt"/>
        <line num="1350" count="11" type="cond" truecount="1" falsecount="0"/>
        <line num="1351" count="11" type="stmt"/>
        <line num="1352" count="11" type="stmt"/>
        <line num="1354" count="11" type="cond" truecount="2" falsecount="1"/>
        <line num="1355" count="0" type="stmt"/>
        <line num="1358" count="11" type="cond" truecount="3" falsecount="0"/>
        <line num="1359" count="11" type="stmt"/>
        <line num="1375" count="113" type="stmt"/>
        <line num="1376" count="11" type="stmt"/>
        <line num="1377" count="21" type="stmt"/>
        <line num="1378" count="11" type="stmt"/>
        <line num="1379" count="3" type="stmt"/>
        <line num="1380" count="3" type="stmt"/>
        <line num="1381" count="3" type="stmt"/>
        <line num="1382" count="0" type="stmt"/>
        <line num="1383" count="0" type="stmt"/>
        <line num="1385" count="11" type="stmt"/>
        <line num="1386" count="0" type="stmt"/>
        <line num="1387" count="0" type="stmt"/>
        <line num="1388" count="0" type="cond" truecount="0" falsecount="2"/>
        <line num="1392" count="21" type="stmt"/>
        <line num="1393" count="11" type="stmt"/>
        <line num="1394" count="53" type="stmt"/>
        <line num="1395" count="25" type="stmt"/>
        <line num="1396" count="11" type="stmt"/>
        <line num="1397" count="12" type="stmt"/>
        <line num="1398" count="11" type="stmt"/>
        <line num="1399" count="11" type="stmt"/>
        <line num="1400" count="0" type="stmt"/>
        <line num="1406" count="11" type="stmt"/>
        <line num="1407" count="0" type="stmt"/>
        <line num="1413" count="11" type="stmt"/>
        <line num="1414" count="121" type="stmt"/>
        <line num="1428" count="11" type="stmt"/>
        <line num="1429" count="59" type="stmt"/>
        <line num="1437" count="11" type="stmt"/>
        <line num="1438" count="61" type="stmt"/>
        <line num="1451" count="11" type="stmt"/>
        <line num="1452" count="25" type="stmt"/>
        <line num="1460" count="11" type="stmt"/>
        <line num="1461" count="17" type="stmt"/>
        <line num="1474" count="11" type="stmt"/>
        <line num="1477" count="11" type="stmt"/>
        <line num="1478" count="0" type="stmt"/>
        <line num="1488" count="11" type="stmt"/>
        <line num="1490" count="11" type="stmt"/>
        <line num="1491" count="11" type="stmt"/>
        <line num="1493" count="11" type="cond" truecount="0" falsecount="1"/>
        <line num="1494" count="0" type="stmt"/>
        <line num="1497" count="11" type="cond" truecount="1" falsecount="0"/>
        <line num="1498" count="11" type="stmt"/>
        <line num="1499" count="0" type="stmt"/>
        <line num="1500" count="0" type="cond" truecount="0" falsecount="1"/>
        <line num="1504" count="0" type="stmt"/>
        <line num="1511" count="11" type="stmt"/>
      </file>
    </package>
    <package name="src.types">
      <metrics statements="35" coveredstatements="35" conditionals="12" coveredconditionals="12" methods="6" coveredmethods="6"/>
      <file name="index.ts" path="/Users/yashtongia/secondary-workspace/Assignment-2/src/types/index.ts">
        <metrics statements="35" coveredstatements="35" conditionals="12" coveredconditionals="12" methods="6" coveredmethods="6"/>
        <line num="104" count="46" type="cond" truecount="2" falsecount="0"/>
        <line num="105" count="46" type="stmt"/>
        <line num="106" count="46" type="stmt"/>
        <line num="107" count="46" type="stmt"/>
        <line num="108" count="46" type="stmt"/>
        <line num="109" count="46" type="stmt"/>
        <line num="110" count="46" type="stmt"/>
        <line num="111" count="46" type="stmt"/>
        <line num="112" count="46" type="stmt"/>
        <line num="113" count="46" type="stmt"/>
        <line num="166" count="46" type="cond" truecount="2" falsecount="0"/>
        <line num="167" count="46" type="stmt"/>
        <line num="168" count="46" type="stmt"/>
        <line num="169" count="46" type="stmt"/>
        <line num="170" count="46" type="stmt"/>
        <line num="187" count="46" type="cond" truecount="2" falsecount="0"/>
        <line num="188" count="46" type="stmt"/>
        <line num="189" count="46" type="stmt"/>
        <line num="190" count="46" type="stmt"/>
        <line num="191" count="46" type="stmt"/>
        <line num="192" count="46" type="stmt"/>
        <line num="254" count="46" type="cond" truecount="2" falsecount="0"/>
        <line num="255" count="46" type="stmt"/>
        <line num="256" count="46" type="stmt"/>
        <line num="257" count="46" type="stmt"/>
        <line num="258" count="46" type="stmt"/>
        <line num="268" count="46" type="cond" truecount="2" falsecount="0"/>
        <line num="269" count="46" type="stmt"/>
        <line num="270" count="46" type="stmt"/>
        <line num="271" count="46" type="stmt"/>
        <line num="279" count="46" type="cond" truecount="2" falsecount="0"/>
        <line num="280" count="46" type="stmt"/>
        <line num="281" count="46" type="stmt"/>
        <line num="282" count="46" type="stmt"/>
        <line num="283" count="46" type="stmt"/>
      </file>
    </package>
    <package name="src.utils">
      <metrics statements="681" coveredstatements="586" conditionals="300" coveredconditionals="211" methods="163" coveredmethods="141"/>
      <file name="componentFactory.ts" path="/Users/yashtongia/secondary-workspace/Assignment-2/src/utils/componentFactory.ts">
        <metrics statements="66" coveredstatements="66" conditionals="40" coveredconditionals="39" methods="8" coveredmethods="8"/>
        <line num="1" count="15" type="stmt"/>
        <line num="10" count="15" type="stmt"/>
        <line num="11" count="22" type="stmt"/>
        <line num="13" count="15" type="stmt"/>
        <line num="26" count="15" type="stmt"/>
        <line num="29" count="41" type="cond" truecount="5" falsecount="0"/>
        <line num="31" count="20" type="stmt"/>
        <line num="39" count="5" type="stmt"/>
        <line num="47" count="6" type="stmt"/>
        <line num="55" count="9" type="stmt"/>
        <line num="67" count="1" type="stmt"/>
        <line num="77" count="15" type="stmt"/>
        <line num="82" count="21" type="stmt"/>
        <line num="83" count="21" type="stmt"/>
        <line num="84" count="21" type="cond" truecount="2" falsecount="1"/>
        <line num="87" count="21" type="stmt"/>
        <line num="104" count="21" type="stmt"/>
        <line num="108" count="29" type="stmt"/>
        <line num="109" count="15" type="stmt"/>
        <line num="110" count="12" type="stmt"/>
        <line num="111" count="12" type="stmt"/>
        <line num="112" count="7" type="stmt"/>
        <line num="114" count="5" type="stmt"/>
        <line num="118" count="15" type="stmt"/>
        <line num="122" count="30" type="stmt"/>
        <line num="123" count="30" type="stmt"/>
        <line num="125" count="30" type="stmt"/>
        <line num="127" count="30" type="cond" truecount="4" falsecount="0"/>
        <line num="129" count="15" type="stmt"/>
        <line num="130" count="15" type="cond" truecount="3" falsecount="0"/>
        <line num="131" count="4" type="stmt"/>
        <line num="138" count="15" type="cond" truecount="1" falsecount="0"/>
        <line num="139" count="1" type="stmt"/>
        <line num="146" count="15" type="cond" truecount="1" falsecount="0"/>
        <line num="147" count="4" type="stmt"/>
        <line num="154" count="15" type="stmt"/>
        <line num="157" count="3" type="stmt"/>
        <line num="158" count="3" type="cond" truecount="3" falsecount="0"/>
        <line num="159" count="1" type="stmt"/>
        <line num="166" count="3" type="cond" truecount="1" falsecount="0"/>
        <line num="167" count="1" type="stmt"/>
        <line num="174" count="3" type="cond" truecount="1" falsecount="0"/>
        <line num="175" count="2" type="stmt"/>
        <line num="182" count="3" type="stmt"/>
        <line num="185" count="5" type="stmt"/>
        <line num="186" count="5" type="cond" truecount="3" falsecount="0"/>
        <line num="187" count="3" type="stmt"/>
        <line num="194" count="5" type="cond" truecount="3" falsecount="0"/>
        <line num="195" count="3" type="stmt"/>
        <line num="202" count="5" type="stmt"/>
        <line num="205" count="7" type="stmt"/>
        <line num="206" count="7" type="cond" truecount="3" falsecount="0"/>
        <line num="207" count="2" type="stmt"/>
        <line num="214" count="7" type="cond" truecount="3" falsecount="0"/>
        <line num="215" count="1" type="stmt"/>
        <line num="222" count="7" type="cond" truecount="3" falsecount="0"/>
        <line num="223" count="2" type="stmt"/>
        <line num="230" count="7" type="cond" truecount="3" falsecount="0"/>
        <line num="231" count="3" type="stmt"/>
        <line num="238" count="7" type="stmt"/>
        <line num="242" count="30" type="stmt"/>
        <line num="245" count="15" type="stmt"/>
        <line num="246" count="1" type="stmt"/>
        <line num="247" count="1" type="stmt"/>
        <line num="258" count="15" type="stmt"/>
        <line num="262" count="9" type="stmt"/>
      </file>
      <file name="componentTemplates.ts" path="/Users/yashtongia/secondary-workspace/Assignment-2/src/utils/componentTemplates.ts">
        <metrics statements="60" coveredstatements="57" conditionals="23" coveredconditionals="20" methods="28" coveredmethods="25"/>
        <line num="1" count="1" type="stmt"/>
        <line num="2" count="1" type="stmt"/>
        <line num="21" count="1" type="cond" truecount="2" falsecount="0"/>
        <line num="22" count="1" type="stmt"/>
        <line num="23" count="1" type="stmt"/>
        <line num="24" count="1" type="stmt"/>
        <line num="25" count="1" type="stmt"/>
        <line num="26" count="1" type="stmt"/>
        <line num="27" count="1" type="stmt"/>
        <line num="31" count="1" type="stmt"/>
        <line num="339" count="1" type="stmt"/>
        <line num="340" count="11" type="stmt"/>
        <line num="341" count="11" type="stmt"/>
        <line num="345" count="11" type="stmt"/>
        <line num="346" count="187" type="stmt"/>
        <line num="352" count="16" type="stmt"/>
        <line num="357" count="12" type="stmt"/>
        <line num="358" count="204" type="stmt"/>
        <line num="364" count="1" type="stmt"/>
        <line num="365" count="17" type="stmt"/>
        <line num="371" count="11" type="cond" truecount="3" falsecount="0"/>
        <line num="376" count="1" type="stmt"/>
        <line num="377" count="1" type="stmt"/>
        <line num="379" count="17" type="cond" truecount="3" falsecount="0"/>
        <line num="381" count="48" type="stmt"/>
        <line num="395" count="3" type="stmt"/>
        <line num="397" count="3" type="stmt"/>
        <line num="412" count="3" type="stmt"/>
        <line num="413" count="3" type="stmt"/>
        <line num="418" count="6" type="stmt"/>
        <line num="419" count="6" type="cond" truecount="1" falsecount="0"/>
        <line num="420" count="6" type="cond" truecount="2" falsecount="0"/>
        <line num="421" count="6" type="stmt"/>
        <line num="427" count="1" type="stmt"/>
        <line num="428" count="32" type="cond" truecount="4" falsecount="0"/>
        <line num="434" count="0" type="stmt"/>
        <line num="435" count="0" type="stmt"/>
        <line num="436" count="0" type="stmt"/>
        <line num="442" count="2" type="cond" truecount="1" falsecount="0"/>
        <line num="444" count="1" type="stmt"/>
        <line num="446" count="1" type="stmt"/>
        <line num="451" count="1" type="stmt"/>
        <line num="452" count="1" type="stmt"/>
        <line num="453" count="1" type="stmt"/>
        <line num="455" count="1" type="stmt"/>
        <line num="460" count="1" type="stmt"/>
        <line num="461" count="1" type="cond" truecount="1" falsecount="0"/>
        <line num="462" count="1" type="stmt"/>
        <line num="469" count="1" type="stmt"/>
        <line num="472" count="1" type="stmt"/>
        <line num="475" count="12" type="stmt"/>
        <line num="478" count="1" type="stmt"/>
        <line num="479" count="11" type="stmt"/>
        <line num="480" count="11" type="stmt"/>
        <line num="481" count="11" type="stmt"/>
        <line num="483" count="11" type="cond" truecount="1" falsecount="1"/>
        <line num="486" count="1" type="stmt"/>
        <line num="491" count="2" type="stmt"/>
        <line num="493" count="2" type="stmt"/>
        <line num="495" count="2" type="stmt"/>
      </file>
      <file name="componentUtils.ts" path="/Users/yashtongia/secondary-workspace/Assignment-2/src/utils/componentUtils.ts">
        <metrics statements="172" coveredstatements="101" conditionals="124" coveredconditionals="55" methods="32" coveredmethods="18"/>
        <line num="1" count="4" type="stmt"/>
        <line num="12" count="4" type="stmt"/>
        <line num="19" count="29" type="stmt"/>
        <line num="20" count="29" type="stmt"/>
        <line num="22" count="29" type="stmt"/>
        <line num="44" count="4" type="stmt"/>
        <line num="45" count="32" type="stmt"/>
        <line num="48" count="4" type="stmt"/>
        <line num="51" count="11" type="stmt"/>
        <line num="52" count="11" type="stmt"/>
        <line num="55" count="11" type="cond" truecount="0" falsecount="1"/>
        <line num="56" count="0" type="stmt"/>
        <line num="64" count="11" type="cond" truecount="1" falsecount="1"/>
        <line num="65" count="0" type="stmt"/>
        <line num="73" count="11" type="stmt"/>
        <line num="74" count="11" type="cond" truecount="1" falsecount="0"/>
        <line num="75" count="1" type="stmt"/>
        <line num="84" count="11" type="cond" truecount="1" falsecount="1"/>
        <line num="85" count="0" type="stmt"/>
        <line num="93" count="11" type="cond" truecount="0" falsecount="1"/>
        <line num="97" count="0" type="stmt"/>
        <line num="105" count="11" type="cond" truecount="0" falsecount="1"/>
        <line num="109" count="0" type="stmt"/>
        <line num="118" count="11" type="cond" truecount="2" falsecount="1"/>
        <line num="119" count="0" type="stmt"/>
        <line num="128" count="11" type="cond" truecount="1" falsecount="1"/>
        <line num="129" count="0" type="stmt"/>
        <line num="137" count="11" type="cond" truecount="0" falsecount="1"/>
        <line num="141" count="0" type="stmt"/>
        <line num="149" count="11" type="cond" truecount="0" falsecount="1"/>
        <line num="153" count="0" type="stmt"/>
        <line num="162" count="11" type="cond" truecount="0" falsecount="1"/>
        <line num="166" count="0" type="stmt"/>
        <line num="174" count="11" type="cond" truecount="0" falsecount="1"/>
        <line num="178" count="0" type="stmt"/>
        <line num="186" count="11" type="cond" truecount="0" falsecount="1"/>
        <line num="190" count="0" type="stmt"/>
        <line num="198" count="11" type="cond" truecount="0" falsecount="1"/>
        <line num="202" count="0" type="stmt"/>
        <line num="212" count="11" type="cond" truecount="0" falsecount="1"/>
        <line num="213" count="0" type="stmt"/>
        <line num="222" count="11" type="stmt"/>
        <line num="224" count="11" type="stmt"/>
        <line num="231" count="4" type="stmt"/>
        <line num="236" count="11" type="cond" truecount="6" falsecount="0"/>
[...]
        <line num="36" count="10" type="stmt"/>
        <line num="37" count="10" type="cond" truecount="2" falsecount="0"/>
        <line num="38" count="10" type="stmt"/>
        <line num="46" count="2" type="stmt"/>
        <line num="47" count="0" type="stmt"/>
        <line num="56" count="5" type="stmt"/>
        <line num="57" count="81" type="stmt"/>
        <line num="58" count="81" type="stmt"/>
        <line num="59" count="81" type="stmt"/>
        <line num="60" count="81" type="stmt"/>
        <line num="61" count="81" type="stmt"/>
        <line num="64" count="42" type="stmt"/>
        <line num="65" count="42" type="stmt"/>
        <line num="66" count="42" type="stmt"/>
        <line num="67" count="42" type="stmt"/>
        <line num="68" count="42" type="stmt"/>
        <line num="72" count="7" type="cond" truecount="1" falsecount="0"/>
        <line num="73" count="6" type="stmt"/>
        <line num="74" count="6" type="stmt"/>
        <line num="79" count="21" type="stmt"/>
        <line num="80" count="21" type="stmt"/>
        <line num="90" count="45" type="stmt"/>
        <line num="91" count="45" type="stmt"/>
        <line num="92" count="45" type="stmt"/>
        <line num="93" count="45" type="stmt"/>
        <line num="94" count="45" type="cond" truecount="1" falsecount="0"/>
        <line num="95" count="9" type="stmt"/>
        <line num="96" count="9" type="stmt"/>
        <line num="100" count="81" type="stmt"/>
        <line num="101" count="163" type="stmt"/>
        <line num="102" count="121" type="stmt"/>
        <line num="103" count="121" type="stmt"/>
        <line num="104" count="121" type="stmt"/>
        <line num="105" count="121" type="stmt"/>
        <line num="106" count="121" type="stmt"/>
        <line num="109" count="121" type="stmt"/>
        <line num="118" count="5" type="stmt"/>
        <line num="119" count="39" type="stmt"/>
        <line num="120" count="39" type="stmt"/>
        <line num="121" count="39" type="stmt"/>
        <line num="124" count="39" type="stmt"/>
        <line num="128" count="13" type="stmt"/>
        <line num="132" count="20" type="stmt"/>
        <line num="136" count="45" type="cond" truecount="4" falsecount="1"/>
        <line num="138" count="30" type="stmt"/>
        <line num="144" count="7" type="cond" truecount="2" falsecount="0"/>
        <line num="147" count="3" type="cond" truecount="2" falsecount="0"/>
        <line num="150" count="5" type="stmt"/>
        <line num="153" count="0" type="stmt"/>
        <line num="158" count="33" type="cond" truecount="1" falsecount="0"/>
        <line num="160" count="2" type="stmt"/>
        <line num="163" count="31" type="stmt"/>
        <line num="164" count="31" type="stmt"/>
        <line num="165" count="31" type="stmt"/>
        <line num="168" count="31" type="stmt"/>
        <line num="169" count="31" type="stmt"/>
        <line num="174" count="31" type="cond" truecount="1" falsecount="0"/>
        <line num="179" count="26" type="stmt"/>
        <line num="183" count="31" type="cond" truecount="3" falsecount="0"/>
        <line num="184" count="2" type="stmt"/>
        <line num="185" count="2" type="stmt"/>
        <line num="186" count="2" type="stmt"/>
        <line num="194" count="5" type="stmt"/>
        <line num="203" count="7" type="stmt"/>
        <line num="204" count="7" type="stmt"/>
        <line num="207" count="7" type="cond" truecount="2" falsecount="0"/>
        <line num="208" count="2" type="stmt"/>
        <line num="212" count="2" type="stmt"/>
        <line num="217" count="5" type="stmt"/>
        <line num="218" count="5" type="stmt"/>
        <line num="222" count="7" type="cond" truecount="3" falsecount="0"/>
        <line num="223" count="4" type="stmt"/>
        <line num="224" count="4" type="stmt"/>
        <line num="227" count="7" type="stmt"/>
        <line num="234" count="4" type="stmt"/>
        <line num="235" count="4" type="stmt"/>
        <line num="236" count="4" type="stmt"/>
        <line num="243" count="1" type="stmt"/>
        <line num="250" count="3" type="stmt"/>
        <line num="251" count="3" type="stmt"/>
        <line num="263" count="5" type="stmt"/>
        <line num="268" count="11" type="stmt"/>
        <line num="269" count="11" type="stmt"/>
        <line num="272" count="11" type="stmt"/>
        <line num="288" count="11" type="cond" truecount="2" falsecount="0"/>
        <line num="289" count="10" type="stmt"/>
        <line num="290" count="10" type="stmt"/>
        <line num="291" count="10" type="stmt"/>
        <line num="293" count="1" type="stmt"/>
        <line num="294" count="1" type="stmt"/>
        <line num="295" count="1" type="stmt"/>
        <line num="298" count="11" type="stmt"/>
        <line num="305" count="6" type="stmt"/>
        <line num="306" count="6" type="stmt"/>
        <line num="313" count="7" type="cond" truecount="1" falsecount="0"/>
        <line num="314" count="6" type="stmt"/>
        <line num="322" count="5" type="stmt"/>
        <line num="323" count="36" type="stmt"/>
        <line num="324" count="36" type="stmt"/>
        <line num="325" count="36" type="stmt"/>
        <line num="326" count="36" type="stmt"/>
        <line num="329" count="36" type="stmt"/>
        <line num="330" count="36" type="stmt"/>
        <line num="331" count="36" type="stmt"/>
        <line num="335" count="20" type="cond" truecount="1" falsecount="0"/>
        <line num="337" count="19" type="stmt"/>
        <line num="338" count="19" type="stmt"/>
        <line num="339" count="19" type="stmt"/>
        <line num="341" count="19" type="stmt"/>
        <line num="342" count="19" type="stmt"/>
        <line num="345" count="36" type="stmt"/>
        <line num="346" count="8" type="cond" truecount="1" falsecount="0"/>
        <line num="349" count="7" type="stmt"/>
        <line num="350" count="7" type="cond" truecount="1" falsecount="0"/>
        <line num="352" count="4" type="stmt"/>
        <line num="355" count="4" type="cond" truecount="0" falsecount="1"/>
        <line num="356" count="0" type="stmt"/>
        <line num="359" count="4" type="stmt"/>
        <line num="360" count="2" type="stmt"/>
        <line num="361" count="2" type="stmt"/>
        <line num="362" count="2" type="stmt"/>
        <line num="366" count="36" type="stmt"/>
        <line num="367" count="8" type="cond" truecount="1" falsecount="0"/>
        <line num="369" count="7" type="stmt"/>
        <line num="370" count="7" type="stmt"/>
        <line num="372" count="7" type="cond" truecount="0" falsecount="1"/>
        <line num="373" count="0" type="stmt"/>
        <line num="374" count="0" type="stmt"/>
        <line num="377" count="7" type="stmt"/>
        <line num="378" count="7" type="stmt"/>
        <line num="382" count="30" type="stmt"/>
        <line num="386" count="43" type="stmt"/>
        <line num="387" count="43" type="stmt"/>
        <line num="388" count="43" type="cond" truecount="1" falsecount="0"/>
        <line num="389" count="4" type="stmt"/>
        <line num="390" count="4" type="stmt"/>
        <line num="396" count="19" type="stmt"/>
        <line num="399" count="19" type="stmt"/>
        <line num="400" count="19" type="stmt"/>
        <line num="403" count="19" type="stmt"/>
        <line num="406" count="19" type="stmt"/>
        <line num="412" count="50" type="stmt"/>
        <line num="413" count="50" type="stmt"/>
        <line num="414" count="50" type="stmt"/>
        <line num="415" count="50" type="stmt"/>
        <line num="416" count="50" type="stmt"/>
        <line num="424" count="5" type="stmt"/>
        <line num="425" count="21" type="stmt"/>
        <line num="426" count="21" type="stmt"/>
        <line num="427" count="21" type="stmt"/>
        <line num="428" count="21" type="stmt"/>
        <line num="432" count="21" type="stmt"/>
        <line num="434" count="21" type="stmt"/>
        <line num="435" count="21" type="stmt"/>
        <line num="449" count="12" type="stmt"/>
        <line num="451" count="12" type="stmt"/>
        <line num="471" count="4" type="stmt"/>
        <line num="472" count="4" type="stmt"/>
        <line num="473" count="4" type="stmt"/>
        <line num="475" count="4" type="stmt"/>
        <line num="480" count="4" type="stmt"/>
        <line num="491" count="5" type="stmt"/>
        <line num="494" count="5" type="cond" truecount="1" falsecount="0"/>
        <line num="495" count="5" type="stmt"/>
        <line num="498" count="5" type="stmt"/>
        <line num="499" count="5" type="stmt"/>
        <line num="505" count="5" type="stmt"/>
        <line num="509" count="0" type="stmt"/>
        <line num="510" count="0" type="stmt"/>
        <line num="513" count="0" type="stmt"/>
        <line num="518" count="0" type="cond" truecount="0" falsecount="3"/>
        <line num="519" count="0" type="stmt"/>
        <line num="523" count="0" type="cond" truecount="0" falsecount="1"/>
        <line num="524" count="0" type="stmt"/>
        <line num="528" count="0" type="stmt"/>
        <line num="533" count="0" type="stmt"/>
        <line num="540" count="2" type="cond" truecount="1" falsecount="0"/>
        <line num="541" count="2" type="stmt"/>
        <line num="542" count="2" type="stmt"/>
        <line num="546" count="2" type="stmt"/>
        <line num="551" count="2" type="stmt"/>
        <line num="553" count="2" type="stmt"/>
        <line num="558" count="0" type="stmt"/>
        <line num="562" count="8" type="stmt"/>
        <line num="566" count="8" type="stmt"/>
        <line num="570" count="7" type="stmt"/>
        <line num="574" count="24" type="stmt"/>
        <line num="575" count="24" type="stmt"/>
        <line num="577" count="24" type="cond" truecount="1" falsecount="0"/>
        <line num="578" count="3" type="stmt"/>
        <line num="579" count="3" type="stmt"/>
      </file>
      <file name="performanceUtils.ts" path="/Users/yashtongia/secondary-workspace/Assignment-2/src/utils/performanceUtils.ts">
        <metrics statements="185" coveredstatements="179" conditionals="49" coveredconditionals="40" methods="50" coveredmethods="48"/>
        <line num="4" count="1" type="stmt"/>
        <line num="6" count="1" type="stmt"/>
        <line num="14" count="1" type="stmt"/>
        <line num="15" count="1" type="stmt"/>
        <line num="18" count="24" type="cond" truecount="1" falsecount="0"/>
        <line num="19" count="1" type="stmt"/>
        <line num="21" count="24" type="stmt"/>
        <line num="25" count="6" type="stmt"/>
        <line num="29" count="7" type="stmt"/>
        <line num="30" count="7" type="cond" truecount="1" falsecount="0"/>
        <line num="32" count="1" type="stmt"/>
        <line num="33" count="1" type="stmt"/>
        <line num="36" count="6" type="stmt"/>
        <line num="37" count="6" type="stmt"/>
        <line num="38" count="6" type="stmt"/>
        <line num="42" count="12" type="stmt"/>
        <line num="43" count="12" type="stmt"/>
        <line num="47" count="1" type="stmt"/>
        <line num="51" count="5" type="stmt"/>
        <line num="52" count="5" type="stmt"/>
        <line num="53" count="1" type="stmt"/>
        <line num="54" count="1" type="cond" truecount="1" falsecount="0"/>
        <line num="55" count="1" type="stmt"/>
        <line num="61" count="42" type="stmt"/>
        <line num="65" count="5" type="cond" truecount="1" falsecount="0"/>
        <line num="67" count="4" type="stmt"/>
        <line num="69" count="4" type="stmt"/>
        <line num="71" count="1" type="stmt"/>
        <line num="75" count="9" type="stmt"/>
        <line num="82" count="9" type="stmt"/>
        <line num="83" count="9" type="stmt"/>
        <line num="88" count="1" type="stmt"/>
        <line num="93" count="2" type="stmt"/>
        <line num="95" count="2" type="stmt"/>
        <line num="96" count="4" type="stmt"/>
        <line num="97" count="2" type="stmt"/>
        <line num="98" count="2" type="cond" truecount="1" falsecount="0"/>
        <line num="101" count="4" type="cond" truecount="2" falsecount="0"/>
        <line num="103" count="4" type="cond" truecount="1" falsecount="0"/>
        <line num="104" count="4" type="stmt"/>
        <line num="106" count="4" type="cond" truecount="1" falsecount="0"/>
        <line num="110" count="1" type="stmt"/>
        <line num="116" count="1" type="stmt"/>
        <line num="117" count="4" type="cond" truecount="1" falsecount="0"/>
        <line num="118" count="2" type="stmt"/>
        <line num="119" count="2" type="stmt"/>
        <line num="120" count="2" type="stmt"/>
        <line num="126" count="1" type="stmt"/>
        <line num="127" count="6" type="stmt"/>
        <line num="128" count="6" type="stmt"/>
        <line num="129" count="6" type="stmt"/>
        <line num="130" count="6" type="stmt"/>
        <line num="131" count="6" type="stmt"/>
        <line num="138" count="6" type="stmt"/>
        <line num="139" count="6" type="stmt"/>
        <line num="140" count="6" type="stmt"/>
        <line num="144" count="11" type="stmt"/>
        <line num="145" count="11" type="stmt"/>
        <line num="149" count="0" type="stmt"/>
        <line num="150" count="0" type="stmt"/>
        <line num="154" count="11" type="cond" truecount="1" falsecount="0"/>
        <line num="156" count="6" type="stmt"/>
        <line num="157" count="6" type="stmt"/>
        <line num="161" count="6" type="cond" truecount="1" falsecount="0"/>
        <line num="162" count="1" type="stmt"/>
        <line num="163" count="1" type="stmt"/>
        <line num="166" count="5" type="stmt"/>
        <line num="168" count="5" type="stmt"/>
        <line num="169" count="5" type="stmt"/>
        <line num="172" count="1" type="stmt"/>
        <line num="176" count="5" type="cond" truecount="2" falsecount="0"/>
        <line num="177" count="1" type="stmt"/>
        <line num="179" count="4" type="stmt"/>
        <line num="184" count="2" type="stmt"/>
        <line num="185" count="2" type="stmt"/>
        <line num="189" count="2" type="stmt"/>
        <line num="194" count="1" type="stmt"/>
        <line num="202" count="1" type="stmt"/>
        <line num="203" count="1" type="stmt"/>
        <line num="205" count="1" type="stmt"/>
        <line num="207" count="2" type="cond" truecount="1" falsecount="1"/>
        <line num="208" count="1" type="stmt"/>
        <line num="209" count="2" type="stmt"/>
        <line num="212" count="0" type="stmt"/>
        <line num="216" count="1" type="stmt"/>
        <line num="217" count="1" type="stmt"/>
        <line num="218" count="2" type="stmt"/>
        <line num="219" count="2" type="stmt"/>
        <line num="220" count="2" type="stmt"/>
        <line num="223" count="1" type="stmt"/>
        <line num="231" count="1" type="stmt"/>
        <line num="232" count="6" type="stmt"/>
        <line num="235" count="6" type="stmt"/>
        <line num="238" count="6" type="cond" truecount="1" falsecount="0"/>
        <line num="239" count="3" type="stmt"/>
        <line num="242" count="6" type="stmt"/>
        <line num="246" count="1" type="stmt"/>
        <line num="248" count="2" type="cond" truecount="1" falsecount="0"/>
        <line num="250" count="1" type="stmt"/>
        <line num="251" count="2" type="stmt"/>
        <line num="252" count="2" type="stmt"/>
        <line num="254" count="4" type="stmt"/>
        <line num="256" count="2" type="stmt"/>
        <line num="257" count="2" type="stmt"/>
        <line num="262" count="1" type="stmt"/>
        <line num="263" count="3" type="stmt"/>
        <line num="264" count="3" type="stmt"/>
        <line num="266" count="3" type="stmt"/>
        <line num="268" count="1" type="stmt"/>
        <line num="269" count="1" type="stmt"/>
        <line num="270" count="1" type="stmt"/>
        <line num="272" count="1" type="stmt"/>
        <line num="274" count="1" type="stmt"/>
        <line num="282" count="2" type="stmt"/>
        <line num="283" count="2" type="stmt"/>
        <line num="289" count="1" type="stmt"/>
        <line num="295" count="3" type="stmt"/>
        <line num="297" count="3" type="stmt"/>
        <line num="298" count="6" type="cond" truecount="4" falsecount="0"/>
        <line num="299" count="4" type="stmt"/>
        <line num="300" count="4" type="stmt"/>
        <line num="301" count="4" type="stmt"/>
        <line num="302" count="2" type="cond" truecount="2" falsecount="1"/>
        <line num="303" count="0" type="stmt"/>
        <line num="306" count="6" type="stmt"/>
        <line num="310" count="1" type="stmt"/>
        <line num="311" count="3" type="cond" truecount="1" falsecount="0"/>
        <line num="313" count="1" type="cond" truecount="0" falsecount="1"/>
        <line num="319" count="0" type="stmt"/>
        <line num="322" count="1" type="stmt"/>
        <line num="323" count="1" type="stmt"/>
        <line num="325" count="1" type="stmt"/>
        <line num="326" count="1" type="stmt"/>
        <line num="328" count="1" type="cond" truecount="0" falsecount="1"/>
        <line num="330" count="1" type="stmt"/>
        <line num="331" count="1" type="cond" truecount="3" falsecount="0"/>
        <line num="332" count="1" type="stmt"/>
        <line num="336" count="0" type="stmt"/>
        <line num="340" count="1" type="stmt"/>
        <line num="341" count="3" type="stmt"/>
        <line num="342" count="3" type="stmt"/>
        <line num="348" count="3" type="stmt"/>
        <line num="355" count="3" type="stmt"/>
        <line num="364" count="5" type="cond" truecount="2" falsecount="0"/>
        <line num="365" count="5" type="stmt"/>
        <line num="367" count="5" type="stmt"/>
        <line num="368" count="5" type="stmt"/>
        <line num="374" count="3" type="stmt"/>
        <line num="375" count="3" type="stmt"/>
        <line num="378" count="3" type="stmt"/>
        <line num="380" count="3" type="stmt"/>
        <line num="381" count="5" type="stmt"/>
        <line num="382" count="5" type="stmt"/>
        <line num="386" count="3" type="stmt"/>
        <line num="387" count="4" type="stmt"/>
        <line num="390" count="3" type="stmt"/>
        <line num="391" count="3" type="stmt"/>
        <line num="396" count="1" type="stmt"/>
        <line num="397" count="1" type="stmt"/>
        <line num="403" count="1" type="stmt"/>
        <line num="404" count="1" type="stmt"/>
        <line num="406" count="1" type="cond" truecount="1" falsecount="0"/>
        <line num="407" count="1" type="stmt"/>
        <line num="413" count="1" type="stmt"/>
        <line num="414" count="3" type="stmt"/>
        <line num="415" count="3" type="stmt"/>
        <line num="422" count="3" type="stmt"/>
        <line num="424" count="3" type="stmt"/>
        <line num="425" count="24" type="stmt"/>
        <line num="427" count="24" type="cond" truecount="1" falsecount="0"/>
        <line num="428" count="3" type="stmt"/>
        <line num="433" count="24" type="cond" truecount="1" falsecount="0"/>
        <line num="434" count="5" type="stmt"/>
        <line num="439" count="24" type="cond" truecount="1" falsecount="0"/>
        <line num="440" count="5" type="stmt"/>
        <line num="445" count="24" type="cond" truecount="1" falsecount="0"/>
        <line num="446" count="3" type="stmt"/>
        <line num="451" count="24" type="cond" truecount="1" falsecount="0"/>
        <line num="453" count="5" type="stmt"/>
        <line num="457" count="3" type="stmt"/>
        <line num="458" count="1" type="stmt"/>
        <line num="460" count="1" type="stmt"/>
        <line num="466" count="1" type="stmt"/>
        <line num="467" count="1" type="stmt"/>
        <line num="468" count="1" type="stmt"/>
      </file>
    </package>
  </project>
</coverage>
