{"/Users/yashtongia/secondary-workspace/Assignment-2/src/App.tsx": {"path":"/Users/yashtongia/secondary-workspace/Assignment-2/src/App.tsx","statementMap":{"0":{"start":{"line":1,"column":0},"end":{"line":1,"column":25}},"1":{"start":{"line":2,"column":0},"end":{"line":2,"column":59}},"2":{"start":{"line":3,"column":0},"end":{"line":3,"column":29}},"3":{"start":{"line":6,"column":2},"end":{"line":6,"column":null}},"4":{"start":{"line":9,"column":0},"end":{"line":9,"column":null}}},"fnMap":{"0":{"name":"App","decl":{"start":{"line":5,"column":9},"end":{"line":5,"column":12}},"loc":{"start":{"line":5,"column":12},"end":{"line":7,"column":1}}}},"branchMap":{},"s":{"0":1,"1":1,"2":1,"3":8,"4":1},"f":{"0":8},"b":{}}
,"/Users/yashtongia/secondary-workspace/Assignment-2/src/components/layout/CanvasPanel.tsx": {"path":"/Users/yashtongia/secondary-workspace/Assignment-2/src/components/layout/CanvasPanel.tsx","statementMap":{"0":{"start":{"line":2,"column":0},"end":{"line":2,"column":25}},"1":{"start":{"line":4,"column":0},"end":{"line":4,"column":39}},"2":{"start":{"line":5,"column":0},"end":{"line":5,"column":51}},"3":{"start":{"line":11,"column":27},"end":{"line":31,"column":1}},"4":{"start":{"line":12,"column":2},"end":{"line":30,"column":null}},"5":{"start":{"line":11,"column":13},"end":{"line":11,"column":27}}},"fnMap":{"0":{"name":"(anonymous_1)","decl":{"start":{"line":11,"column":27},"end":{"line":11,"column":28}},"loc":{"start":{"line":11,"column":80},"end":{"line":31,"column":1}}}},"branchMap":{"0":{"loc":{"start":{"line":13,"column":42},"end":{"line":13,"column":57}},"type":"binary-expr","locations":[{"start":{"line":13,"column":42},"end":{"line":13,"column":51}},{"start":{"line":13,"column":55},"end":{"line":13,"column":57}}]},"1":{"loc":{"start":{"line":18,"column":9},"end":{"line":26,"column":null}},"type":"binary-expr","locations":[{"start":{"line":18,"column":9},"end":{"line":18,"column":17}},{"start":{"line":19,"column":10},"end":{"line":25,"column":null}}]}},"s":{"0":2,"1":2,"2":2,"3":2,"4":24,"5":2},"f":{"0":24},"b":{"0":[24,8],"1":[24,23]}}
,"/Users/yashtongia/secondary-workspace/Assignment-2/src/components/layout/MainLayout.tsx": {"path":"/Users/yashtongia/secondary-workspace/Assignment-2/src/components/layout/MainLayout.tsx","statementMap":{"0":{"start":{"line":2,"column":0},"end":{"line":2,"column":25}},"1":{"start":{"line":3,"column":0},"end":{"line":3,"column":35}},"2":{"start":{"line":4,"column":0},"end":{"line":4,"column":45}},"3":{"start":{"line":5,"column":0},"end":{"line":5,"column":43}},"4":{"start":{"line":6,"column":0},"end":{"line":6,"column":51}},"5":{"start":{"line":7,"column":0},"end":{"line":7,"column":44}},"6":{"start":{"line":9,"column":26},"end":{"line":36,"column":1}},"7":{"start":{"line":10,"column":17},"end":{"line":10,"column":28}},"8":{"start":{"line":12,"column":2},"end":{"line":35,"column":null}},"9":{"start":{"line":9,"column":13},"end":{"line":9,"column":26}}},"fnMap":{"0":{"name":"(anonymous_1)","decl":{"start":{"line":9,"column":26},"end":{"line":9,"column":29}},"loc":{"start":{"line":9,"column":31},"end":{"line":36,"column":1}}}},"branchMap":{},"s":{"0":2,"1":2,"2":2,"3":2,"4":2,"5":2,"6":2,"7":15,"8":15,"9":2},"f":{"0":15},"b":{}}
,"/Users/yashtongia/secondary-workspace/Assignment-2/src/components/layout/PalettePanel.tsx": {"path":"/Users/yashtongia/secondary-workspace/Assignment-2/src/components/layout/PalettePanel.tsx","statementMap":{"0":{"start":{"line":2,"column":0},"end":{"line":2,"column":25}},"1":{"start":{"line":4,"column":0},"end":{"line":4,"column":39}},"2":{"start":{"line":10,"column":28},"end":{"line":28,"column":1}},"3":{"start":{"line":11,"column":2},"end":{"line":27,"column":null}},"4":{"start":{"line":10,"column":13},"end":{"line":10,"column":28}}},"fnMap":{"0":{"name":"(anonymous_1)","decl":{"start":{"line":10,"column":28},"end":{"line":10,"column":29}},"loc":{"start":{"line":10,"column":82},"end":{"line":28,"column":1}}}},"branchMap":{"0":{"loc":{"start":{"line":12,"column":42},"end":{"line":12,"column":57}},"type":"binary-expr","locations":[{"start":{"line":12,"column":42},"end":{"line":12,"column":51}},{"start":{"line":12,"column":55},"end":{"line":12,"column":57}}]},"1":{"loc":{"start":{"line":17,"column":9},"end":{"line":23,"column":null}},"type":"binary-expr","locations":[{"start":{"line":17,"column":9},"end":{"line":17,"column":17}},{"start":{"line":18,"column":10},"end":{"line":22,"column":null}}]}},"s":{"0":2,"1":2,"2":2,"3":24,"4":2},"f":{"0":24},"b":{"0":[24,8],"1":[24,23]}}
,"/Users/yashtongia/secondary-workspace/Assignment-2/src/components/layout/PropertiesPanel.tsx": {"path":"/Users/yashtongia/secondary-workspace/Assignment-2/src/components/layout/PropertiesPanel.tsx","statementMap":{"0":{"start":{"line":2,"column":0},"end":{"line":2,"column":25}},"1":{"start":{"line":4,"column":0},"end":{"line":4,"column":39}},"2":{"start":{"line":10,"column":31},"end":{"line":28,"column":1}},"3":{"start":{"line":11,"column":2},"end":{"line":27,"column":null}},"4":{"start":{"line":10,"column":13},"end":{"line":10,"column":31}}},"fnMap":{"0":{"name":"(anonymous_1)","decl":{"start":{"line":10,"column":31},"end":{"line":10,"column":32}},"loc":{"start":{"line":10,"column":88},"end":{"line":28,"column":1}}}},"branchMap":{"0":{"loc":{"start":{"line":12,"column":42},"end":{"line":12,"column":57}},"type":"binary-expr","locations":[{"start":{"line":12,"column":42},"end":{"line":12,"column":51}},{"start":{"line":12,"column":55},"end":{"line":12,"column":57}}]},"1":{"loc":{"start":{"line":17,"column":9},"end":{"line":23,"column":null}},"type":"binary-expr","locations":[{"start":{"line":17,"column":9},"end":{"line":17,"column":17}},{"start":{"line":18,"column":10},"end":{"line":22,"column":null}}]}},"s":{"0":2,"1":2,"2":2,"3":24,"4":2},"f":{"0":24},"b":{"0":[24,8],"1":[24,23]}}
,"/Users/yashtongia/secondary-workspace/Assignment-2/src/store/index.ts": {"path":"/Users/yashtongia/secondary-workspace/Assignment-2/src/store/index.ts","statementMap":{"0":{"start":{"line":1,"column":0},"end":{"line":1,"column":32}},"1":{"start":{"line":2,"column":0},"end":{"line":2,"column":54}},"2":{"start":{"line":6,"column":59},"end":{"line":15,"column":null}},"3":{"start":{"line":21,"column":13},"end":{"line":73,"column":null}},"4":{"start":{"line":24,"column":22},"end":{"line":60,"column":8}},"5":{"start":{"line":29,"column":10},"end":{"line":29,"column":58}},"6":{"start":{"line":32,"column":10},"end":{"line":32,"column":43}},"7":{"start":{"line":35,"column":10},"end":{"line":40,"column":null}},"8":{"start":{"line":36,"column":24},"end":{"line":38,"column":14}},"9":{"start":{"line":44,"column":10},"end":{"line":49,"column":null}},"10":{"start":{"line":45,"column":24},"end":{"line":47,"column":14}},"11":{"start":{"line":53,"column":10},"end":{"line":58,"column":null}},"12":{"start":{"line":54,"column":24},"end":{"line":56,"column":14}},"13":{"start":{"line":55,"column":60},"end":{"line":55,"column":74}},"14":{"start":{"line":63,"column":32},"end":{"line":66,"column":10}},"15":{"start":{"line":76,"column":25},"end":{"line":76,"column":67}},"16":{"start":{"line":76,"column":31},"end":{"line":76,"column":67}},"17":{"start":{"line":76,"column":54},"end":{"line":76,"column":66}},"18":{"start":{"line":76,"column":13},"end":{"line":76,"column":25}},"19":{"start":{"line":77,"column":29},"end":{"line":77,"column":75}},"20":{"start":{"line":77,"column":35},"end":{"line":77,"column":75}},"21":{"start":{"line":77,"column":58},"end":{"line":77,"column":74}},"22":{"start":{"line":77,"column":13},"end":{"line":77,"column":29}},"23":{"start":{"line":78,"column":27},"end":{"line":81,"column":3}},"24":{"start":{"line":78,"column":33},"end":{"line":81,"column":3}},"25":{"start":{"line":78,"column":57},"end":{"line":81,"column":2}},"26":{"start":{"line":78,"column":13},"end":{"line":78,"column":27}},"27":{"start":{"line":84,"column":29},"end":{"line":90,"column":3}},"28":{"start":{"line":84,"column":35},"end":{"line":90,"column":3}},"29":{"start":{"line":84,"column":59},"end":{"line":90,"column":2}},"30":{"start":{"line":84,"column":13},"end":{"line":84,"column":29}}},"fnMap":{"0":{"name":"(anonymous_0)","decl":{"start":{"line":24,"column":6},"end":{"line":24,"column":7}},"loc":{"start":{"line":24,"column":22},"end":{"line":60,"column":8}}},"1":{"name":"(anonymous_1)","decl":{"start":{"line":28,"column":20},"end":{"line":28,"column":21}},"loc":{"start":{"line":29,"column":10},"end":{"line":29,"column":58}}},"2":{"name":"(anonymous_2)","decl":{"start":{"line":31,"column":18},"end":{"line":31,"column":19}},"loc":{"start":{"line":32,"column":10},"end":{"line":32,"column":43}}},"3":{"name":"(anonymous_3)","decl":{"start":{"line":34,"column":22},"end":{"line":34,"column":23}},"loc":{"start":{"line":35,"column":10},"end":{"line":40,"column":null}}},"4":{"name":"(anonymous_4)","decl":{"start":{"line":36,"column":12},"end":{"line":36,"column":13}},"loc":{"start":{"line":36,"column":24},"end":{"line":38,"column":14}}},"5":{"name":"(anonymous_5)","decl":{"start":{"line":43,"column":22},"end":{"line":43,"column":23}},"loc":{"start":{"line":44,"column":10},"end":{"line":49,"column":null}}},"6":{"name":"(anonymous_6)","decl":{"start":{"line":45,"column":12},"end":{"line":45,"column":13}},"loc":{"start":{"line":45,"column":24},"end":{"line":47,"column":14}}},"7":{"name":"(anonymous_7)","decl":{"start":{"line":52,"column":25},"end":{"line":52,"column":26}},"loc":{"start":{"line":53,"column":10},"end":{"line":58,"column":null}}},"8":{"name":"(anonymous_8)","decl":{"start":{"line":54,"column":12},"end":{"line":54,"column":13}},"loc":{"start":{"line":54,"column":24},"end":{"line":56,"column":14}}},"9":{"name":"(anonymous_9)","decl":{"start":{"line":55,"column":50},"end":{"line":55,"column":51}},"loc":{"start":{"line":55,"column":60},"end":{"line":55,"column":74}}},"10":{"name":"(anonymous_10)","decl":{"start":{"line":63,"column":20},"end":{"line":63,"column":21}},"loc":{"start":{"line":63,"column":32},"end":{"line":66,"column":10}}},"11":{"name":"(anonymous_11)","decl":{"start":{"line":76,"column":25},"end":{"line":76,"column":28}},"loc":{"start":{"line":76,"column":31},"end":{"line":76,"column":67}}},"12":{"name":"(anonymous_12)","decl":{"start":{"line":76,"column":43},"end":{"line":76,"column":44}},"loc":{"start":{"line":76,"column":54},"end":{"line":76,"column":66}}},"13":{"name":"(anonymous_13)","decl":{"start":{"line":77,"column":29},"end":{"line":77,"column":32}},"loc":{"start":{"line":77,"column":35},"end":{"line":77,"column":75}}},"14":{"name":"(anonymous_14)","decl":{"start":{"line":77,"column":47},"end":{"line":77,"column":48}},"loc":{"start":{"line":77,"column":58},"end":{"line":77,"column":74}}},"15":{"name":"(anonymous_15)","decl":{"start":{"line":78,"column":27},"end":{"line":78,"column":30}},"loc":{"start":{"line":78,"column":33},"end":{"line":81,"column":3}}},"16":{"name":"(anonymous_16)","decl":{"start":{"line":78,"column":45},"end":{"line":78,"column":46}},"loc":{"start":{"line":78,"column":57},"end":{"line":81,"column":2}}},"17":{"name":"(anonymous_17)","decl":{"start":{"line":84,"column":29},"end":{"line":84,"column":32}},"loc":{"start":{"line":84,"column":35},"end":{"line":90,"column":3}}},"18":{"name":"(anonymous_18)","decl":{"start":{"line":84,"column":47},"end":{"line":84,"column":48}},"loc":{"start":{"line":84,"column":59},"end":{"line":90,"column":2}}}},"branchMap":{},"s":{"0":1,"1":1,"2":1,"3":1,"4":1,"5":24,"6":24,"7":22,"8":22,"9":9,"10":9,"11":9,"12":9,"13":11,"14":0,"15":1,"16":1,"17":1,"18":1,"19":1,"20":2,"21":3,"22":1,"23":1,"24":2,"25":4,"26":1,"27":1,"28":1,"29":1,"30":1},"f":{"0":1,"1":24,"2":24,"3":22,"4":22,"5":9,"6":9,"7":9,"8":9,"9":11,"10":0,"11":1,"12":1,"13":2,"14":3,"15":2,"16":4,"17":1,"18":1},"b":{}}
}
