{
  "/Users/yashtongia/secondary-workspace/Assignment-2/src/App.tsx": {
    "path": "/Users/yashtongia/secondary-workspace/Assignment-2/src/App.tsx",
    "statementMap": {
      "0": {
        "start": { "line": 1, "column": 0 },
        "end": { "line": 1, "column": 25 }
      },
      "1": {
        "start": { "line": 2, "column": 0 },
        "end": { "line": 2, "column": 59 }
      },
      "2": {
        "start": { "line": 3, "column": 0 },
        "end": { "line": 3, "column": 29 }
      },
      "3": {
        "start": { "line": 6, "column": 2 },
        "end": { "line": 6, "column": null }
      },
      "4": {
        "start": { "line": 9, "column": 0 },
        "end": { "line": 9, "column": null }
      }
    },
    "fnMap": {
      "0": {
        "name": "App",
        "decl": {
          "start": { "line": 5, "column": 9 },
          "end": { "line": 5, "column": 12 }
        },
        "loc": {
          "start": { "line": 5, "column": 12 },
          "end": { "line": 7, "column": 1 }
        }
      }
    },
    "branchMap": {},
    "s": { "0": 1, "1": 1, "2": 1, "3": 8, "4": 1 },
    "f": { "0": 8 },
    "b": {}
  },
  "/Users/yashtongia/secondary-workspace/Assignment-2/src/components/debug/StoreDebug.tsx": {
    "path": "/Users/yashtongia/secondary-workspace/Assignment-2/src/components/debug/StoreDebug.tsx",
    "statementMap": {
      "0": {
        "start": { "line": 1, "column": 0 },
        "end": { "line": 1, "column": 25 }
      },
      "1": {
        "start": { "line": 2, "column": 0 },
        "end": { "line": 2, "column": 73 }
      },
      "2": {
        "start": { "line": 4, "column": 26 },
        "end": { "line": 31, "column": 1 }
      },
      "3": {
        "start": { "line": 5, "column": 21 },
        "end": { "line": 5, "column": 36 }
      },
      "4": {
        "start": { "line": 6, "column": 22 },
        "end": { "line": 6, "column": 38 }
      },
      "5": {
        "start": { "line": 7, "column": 17 },
        "end": { "line": 7, "column": 28 }
      },
      "6": {
        "start": { "line": 9, "column": 2 },
        "end": { "line": 30, "column": null }
      },
      "7": {
        "start": { "line": 4, "column": 13 },
        "end": { "line": 4, "column": 26 }
      }
    },
    "fnMap": {
      "0": {
        "name": "(anonymous_1)",
        "decl": {
          "start": { "line": 4, "column": 26 },
          "end": { "line": 4, "column": 29 }
        },
        "loc": {
          "start": { "line": 4, "column": 31 },
          "end": { "line": 31, "column": 1 }
        }
      }
    },
    "branchMap": {
      "0": {
        "loc": {
          "start": { "line": 24, "column": 24 },
          "end": { "line": 24, "column": 81 }
        },
        "type": "cond-expr",
        "locations": [
          {
            "start": { "line": 24, "column": 52 },
            "end": { "line": 24, "column": 67 }
          },
          {
            "start": { "line": 24, "column": 70 },
            "end": { "line": 24, "column": 81 }
          }
        ]
      },
      "1": {
        "loc": {
          "start": { "line": 27, "column": 20 },
          "end": { "line": 27, "column": 45 }
        },
        "type": "cond-expr",
        "locations": [
          {
            "start": { "line": 27, "column": 29 },
            "end": { "line": 27, "column": 33 }
          },
          {
            "start": { "line": 27, "column": 36 },
            "end": { "line": 27, "column": 45 }
          }
        ]
      }
    },
    "s": { "0": 2, "1": 2, "2": 2, "3": 15, "4": 15, "5": 15, "6": 15, "7": 2 },
    "f": { "0": 15 },
    "b": { "0": [15, 0], "1": [15, 0] }
  },
  "/Users/yashtongia/secondary-workspace/Assignment-2/src/components/layout/CanvasPanel.tsx": {
    "path": "/Users/yashtongia/secondary-workspace/Assignment-2/src/components/layout/CanvasPanel.tsx",
    "statementMap": {
      "0": {
        "start": { "line": 1, "column": 0 },
        "end": { "line": 1, "column": 25 }
      },
      "1": {
        "start": { "line": 3, "column": 0 },
        "end": { "line": 3, "column": 39 }
      },
      "2": {
        "start": { "line": 4, "column": 0 },
        "end": { "line": 4, "column": 51 }
      },
      "3": {
        "start": { "line": 5, "column": 0 },
        "end": { "line": 5, "column": 106 }
      },
      "4": {
        "start": { "line": 6, "column": 0 },
        "end": { "line": 6, "column": 69 }
      },
      "5": {
        "start": { "line": 7, "column": 0 },
        "end": { "line": 7, "column": 54 }
      },
      "6": {
        "start": { "line": 13, "column": 27 },
        "end": { "line": 147, "column": 1 }
      },
      "7": {
        "start": { "line": 18, "column": 21 },
        "end": { "line": 18, "column": 36 }
      },
      "8": {
        "start": { "line": 19, "column": 19 },
        "end": { "line": 19, "column": 42 }
      },
      "9": {
        "start": { "line": 20, "column": 22 },
        "end": { "line": 20, "column": 38 }
      },
      "10": {
        "start": { "line": 21, "column": 63 },
        "end": { "line": 21, "column": 84 }
      },
      "11": {
        "start": { "line": 22, "column": 23 },
        "end": { "line": 22, "column": 38 }
      },
      "12": {
        "start": { "line": 24, "column": 32 },
        "end": { "line": 29, "column": 3 }
      },
      "13": {
        "start": { "line": 26, "column": 4 },
        "end": { "line": 28, "column": 5 }
      },
      "14": {
        "start": { "line": 27, "column": 6 },
        "end": { "line": 27, "column": null }
      },
      "15": {
        "start": { "line": 31, "column": 22 },
        "end": { "line": 34, "column": 3 }
      },
      "16": {
        "start": { "line": 32, "column": 4 },
        "end": { "line": 32, "column": null }
      },
      "17": {
        "start": { "line": 32, "column": 48 },
        "end": { "line": 32, "column": 74 }
      },
      "18": {
        "start": { "line": 33, "column": 4 },
        "end": { "line": 33, "column": null }
      },
      "19": {
        "start": { "line": 36, "column": 23 },
        "end": { "line": 36, "column": 52 }
      },
      "20": {
        "start": { "line": 38, "column": 47 },
        "end": { "line": 46, "column": null }
      },
      "21": {
        "start": { "line": 48, "column": 2 },
        "end": { "line": 146, "column": null }
      },
      "22": {
        "start": { "line": 109, "column": 39 },
        "end": { "line": 109, "column": 65 }
      },
      "23": {
        "start": { "line": 110, "column": 35 },
        "end": { "line": 110, "column": 131 }
      },
      "24": {
        "start": { "line": 110, "column": 87 },
        "end": { "line": 110, "column": 130 }
      },
      "25": {
        "start": { "line": 112, "column": 16 },
        "end": { "line": 119, "column": null }
      },
      "26": {
        "start": { "line": 13, "column": 13 },
        "end": { "line": 13, "column": 27 }
      }
    },
    "fnMap": {
      "0": {
        "name": "(anonymous_1)",
        "decl": {
          "start": { "line": 13, "column": 27 },
          "end": { "line": 13, "column": 28 }
        },
        "loc": {
          "start": { "line": 17, "column": 23 },
          "end": { "line": 147, "column": 1 }
        }
      },
      "1": {
        "name": "(anonymous_2)",
        "decl": {
          "start": { "line": 24, "column": 32 },
          "end": { "line": 24, "column": 35 }
        },
        "loc": {
          "start": { "line": 24, "column": 37 },
          "end": { "line": 29, "column": 3 }
        }
      },
      "2": {
        "name": "(anonymous_3)",
        "decl": {
          "start": { "line": 31, "column": 22 },
          "end": { "line": 31, "column": 25 }
        },
        "loc": {
          "start": { "line": 31, "column": 27 },
          "end": { "line": 34, "column": 3 }
        }
      },
      "3": {
        "name": "(anonymous_4)",
        "decl": {
          "start": { "line": 32, "column": 42 },
          "end": { "line": 32, "column": 44 }
        },
        "loc": {
          "start": { "line": 32, "column": 48 },
          "end": { "line": 32, "column": 74 }
        }
      },
      "4": {
        "name": "(anonymous_5)",
        "decl": {
          "start": { "line": 107, "column": 50 },
          "end": { "line": 107, "column": 51 }
        },
        "loc": {
          "start": { "line": 107, "column": 64 },
          "end": { "line": 120, "column": 15 }
        }
      },
      "5": {
        "name": "(anonymous_6)",
        "decl": {
          "start": { "line": 110, "column": 49 },
          "end": { "line": 110, "column": 50 }
        },
        "loc": {
          "start": { "line": 110, "column": 87 },
          "end": { "line": 110, "column": 130 }
        }
      }
    },
    "branchMap": {
      "0": {
        "loc": {
          "start": { "line": 26, "column": 4 },
          "end": { "line": 28, "column": 5 }
        },
        "type": "if",
        "locations": [
          {
            "start": { "line": 26, "column": 4 },
            "end": { "line": 28, "column": 5 }
          }
        ]
      },
      "1": {
        "loc": {
          "start": { "line": 41, "column": 21 },
          "end": { "line": 41, "column": 57 }
        },
        "type": "cond-expr",
        "locations": [
          {
            "start": { "line": 41, "column": 36 },
            "end": { "line": 41, "column": 45 }
          },
          {
            "start": { "line": 41, "column": 48 },
            "end": { "line": 41, "column": 57 }
          }
        ]
      },
      "2": {
        "loc": {
          "start": { "line": 42, "column": 12 },
          "end": { "line": 42, "column": 69 }
        },
        "type": "cond-expr",
        "locations": [
          {
            "start": { "line": 42, "column": 27 },
            "end": { "line": 42, "column": 47 }
          },
          {
            "start": { "line": 42, "column": 50 },
            "end": { "line": 42, "column": 69 }
          }
        ]
      },
      "3": {
        "loc": {
          "start": { "line": 49, "column": 42 },
          "end": { "line": 49, "column": 57 }
        },
        "type": "binary-expr",
        "locations": [
          {
            "start": { "line": 49, "column": 42 },
            "end": { "line": 49, "column": 51 }
          },
          {
            "start": { "line": 49, "column": 55 },
            "end": { "line": 49, "column": 57 }
          }
        ]
      },
      "4": {
        "loc": {
          "start": { "line": 53, "column": 11 },
          "end": { "line": 60, "column": null }
        },
        "type": "binary-expr",
        "locations": [
          {
            "start": { "line": 53, "column": 11 },
            "end": { "line": 53, "column": 23 }
          },
          {
            "start": { "line": 54, "column": 12 },
            "end": { "line": 58, "column": null }
          }
        ]
      },
      "5": {
        "loc": {
          "start": { "line": 68, "column": 9 },
          "end": { "line": 142, "column": null }
        },
        "type": "binary-expr",
        "locations": [
          {
            "start": { "line": 68, "column": 9 },
            "end": { "line": 68, "column": 17 }
          },
          {
            "start": { "line": 69, "column": 10 },
            "end": { "line": 141, "column": null }
          }
        ]
      },
      "6": {
        "loc": {
          "start": { "line": 76, "column": 29 },
          "end": { "line": 76, "column": 57 }
        },
        "type": "binary-expr",
        "locations": [
          {
            "start": { "line": 76, "column": 29 },
            "end": { "line": 76, "column": 47 }
          },
          {
            "start": { "line": 76, "column": 51 },
            "end": { "line": 76, "column": 57 }
          }
        ]
      },
      "7": {
        "loc": {
          "start": { "line": 78, "column": 13 },
          "end": { "line": 120, "column": null }
        },
        "type": "cond-expr",
        "locations": [
          {
            "start": { "line": 79, "column": 14 },
            "end": { "line": 104, "column": null }
          },
          {
            "start": { "line": 107, "column": 14 },
            "end": { "line": 120, "column": 16 }
          }
        ]
      },
      "8": {
        "loc": {
          "start": { "line": 82, "column": 19 },
          "end": { "line": 84, "column": 74 }
        },
        "type": "cond-expr",
        "locations": [
          {
            "start": { "line": 83, "column": 22 },
            "end": { "line": 83, "column": 54 }
          },
          {
            "start": { "line": 84, "column": 22 },
            "end": { "line": 84, "column": 74 }
          }
        ]
      },
      "9": {
        "loc": {
          "start": { "line": 87, "column": 17 },
          "end": { "line": 103, "column": null }
        },
        "type": "binary-expr",
        "locations": [
          {
            "start": { "line": 87, "column": 17 },
            "end": { "line": 87, "column": 29 }
          },
          {
            "start": { "line": 88, "column": 18 },
            "end": { "line": 100, "column": null }
          }
        ]
      },
      "10": {
        "loc": {
          "start": { "line": 124, "column": 13 },
          "end": { "line": 140, "column": null }
        },
        "type": "binary-expr",
        "locations": [
          {
            "start": { "line": 124, "column": 13 },
            "end": { "line": 124, "column": 25 }
          },
          {
            "start": { "line": 124, "column": 29 },
            "end": { "line": 124, "column": 57 }
          },
          {
            "start": { "line": 125, "column": 14 },
            "end": { "line": 139, "column": null }
          }
        ]
      },
      "11": {
        "loc": {
          "start": { "line": 137, "column": 22 },
          "end": { "line": 139, "column": 21 }
        },
        "type": "cond-expr",
        "locations": [
          {
            "start": { "line": 138, "column": 20 },
            "end": { "line": 138, "column": 83 }
          },
          {
            "start": { "line": 139, "column": 20 },
            "end": { "line": 139, "column": 21 }
          }
        ]
      }
    },
    "s": {
      "0": 9,
      "1": 9,
      "2": 9,
      "3": 9,
      "4": 9,
      "5": 9,
      "6": 9,
      "7": 77,
      "8": 77,
      "9": 77,
      "10": 77,
      "11": 77,
      "12": 77,
      "13": 5,
      "14": 3,
      "15": 77,
      "16": 1,
      "17": 2,
      "18": 1,
      "19": 77,
      "20": 77,
      "21": 77,
      "22": 49,
      "23": 49,
      "24": 37,
      "25": 49,
      "26": 9
    },
    "f": { "0": 77, "1": 5, "2": 1, "3": 2, "4": 49, "5": 37 },
    "b": {
      "0": [3],
      "1": [18, 59],
      "2": [18, 59],
      "3": [77, 60],
      "4": [77, 18],
      "5": [77, 75],
      "6": [75, 1],
      "7": [46, 29],
      "8": [13, 33],
      "9": [46, 13],
      "10": [75, 18, 6],
      "11": [6, 0]
    }
  },
  "/Users/yashtongia/secondary-workspace/Assignment-2/src/components/layout/MainLayout.tsx": {
    "path": "/Users/yashtongia/secondary-workspace/Assignment-2/src/components/layout/MainLayout.tsx",
    "statementMap": {
      "0": {
        "start": { "line": 1, "column": 0 },
        "end": { "line": 1, "column": 25 }
      },
      "1": {
        "start": { "line": 2, "column": 0 },
        "end": { "line": 2, "column": 42 }
      },
      "2": {
        "start": { "line": 3, "column": 0 },
        "end": { "line": 3, "column": 45 }
      },
      "3": {
        "start": { "line": 4, "column": 0 },
        "end": { "line": 4, "column": 43 }
      },
      "4": {
        "start": { "line": 5, "column": 0 },
        "end": { "line": 5, "column": 51 }
      },
      "5": {
        "start": { "line": 6, "column": 0 },
        "end": { "line": 6, "column": 58 }
      },
      "6": {
        "start": { "line": 7, "column": 0 },
        "end": { "line": 7, "column": 44 }
      },
      "7": {
        "start": { "line": 9, "column": 26 },
        "end": { "line": 38, "column": 1 }
      },
      "8": {
        "start": { "line": 10, "column": 17 },
        "end": { "line": 10, "column": 28 }
      },
      "9": {
        "start": { "line": 12, "column": 2 },
        "end": { "line": 37, "column": null }
      },
      "10": {
        "start": { "line": 9, "column": 13 },
        "end": { "line": 9, "column": 26 }
      }
    },
    "fnMap": {
      "0": {
        "name": "(anonymous_1)",
        "decl": {
          "start": { "line": 9, "column": 26 },
          "end": { "line": 9, "column": 29 }
        },
        "loc": {
          "start": { "line": 9, "column": 31 },
          "end": { "line": 38, "column": 1 }
        }
      }
    },
    "branchMap": {},
    "s": {
      "0": 2,
      "1": 2,
      "2": 2,
      "3": 2,
      "4": 2,
      "5": 2,
      "6": 2,
      "7": 2,
      "8": 15,
      "9": 15,
      "10": 2
    },
    "f": { "0": 15 },
    "b": {}
  },
  "/Users/yashtongia/secondary-workspace/Assignment-2/src/components/layout/PalettePanel.tsx": {
    "path": "/Users/yashtongia/secondary-workspace/Assignment-2/src/components/layout/PalettePanel.tsx",
    "statementMap": {
      "0": {
        "start": { "line": 1, "column": 0 },
        "end": { "line": 1, "column": 71 }
      },
      "1": {
        "start": { "line": 3, "column": 0 },
        "end": { "line": 3, "column": 39 }
      },
      "2": {
        "start": { "line": 4, "column": 0 },
        "end": { "line": 4, "column": 68 }
      },
      "3": {
        "start": { "line": 5, "column": 0 },
        "end": { "line": 5, "column": 59 }
      },
      "4": {
        "start": { "line": 6, "column": 0 },
        "end": { "line": 6, "column": 65 }
      },
      "5": {
        "start": { "line": 7, "column": 0 },
        "end": { "line": 7, "column": 75 }
      },
      "6": {
        "start": { "line": 8, "column": 0 },
        "end": { "line": 8, "column": 73 }
      },
      "7": {
        "start": { "line": 9, "column": 0 },
        "end": { "line": 9, "column": null }
      },
      "8": {
        "start": { "line": 24, "column": 28 },
        "end": { "line": 495, "column": 1 }
      },
      "9": {
        "start": { "line": 29, "column": 44 },
        "end": { "line": 29, "column": 65 }
      },
      "10": {
        "start": { "line": 30, "column": 22 },
        "end": { "line": 30, "column": 38 }
      },
      "11": {
        "start": { "line": 33, "column": 42 },
        "end": { "line": 33, "column": 87 }
      },
      "12": {
        "start": { "line": 34, "column": 38 },
        "end": { "line": 34, "column": 66 }
      },
      "13": {
        "start": { "line": 35, "column": 25 },
        "end": { "line": 35, "column": 55 }
      },
      "14": {
        "start": { "line": 36, "column": 21 },
        "end": { "line": 36, "column": 49 }
      },
      "15": {
        "start": { "line": 39, "column": 29 },
        "end": { "line": 56, "column": 37 }
      },
      "16": {
        "start": { "line": 40, "column": 22 },
        "end": { "line": 40, "column": 69 }
      },
      "17": {
        "start": { "line": 41, "column": 4 },
        "end": { "line": 41, "column": null }
      },
      "18": {
        "start": { "line": 42, "column": 4 },
        "end": { "line": 42, "column": null }
      },
      "19": {
        "start": { "line": 45, "column": 4 },
        "end": { "line": 55, "column": null }
      },
      "20": {
        "start": { "line": 45, "column": 29 },
        "end": { "line": 55, "column": 6 }
      },
      "21": {
        "start": { "line": 59, "column": 32 },
        "end": { "line": 69, "column": 8 }
      },
      "22": {
        "start": { "line": 60, "column": 4 },
        "end": { "line": 68, "column": null }
      },
      "23": {
        "start": { "line": 60, "column": 29 },
        "end": { "line": 68, "column": 6 }
      },
      "24": {
        "start": { "line": 72, "column": 29 },
        "end": { "line": 87, "column": 8 }
      },
      "25": {
        "start": { "line": 73, "column": 18 },
        "end": { "line": 73, "column": 36 }
      },
      "26": {
        "start": { "line": 74, "column": 4 },
        "end": { "line": 86, "column": null }
      },
      "27": {
        "start": { "line": 74, "column": 29 },
        "end": { "line": 86, "column": 6 }
      },
      "28": {
        "start": { "line": 90, "column": 39 },
        "end": { "line": 108, "column": 8 }
      },
      "29": {
        "start": { "line": 91, "column": 4 },
        "end": { "line": 95, "column": null }
      },
      "30": {
        "start": { "line": 92, "column": 6 },
        "end": { "line": 93, "column": null }
      },
      "31": {
        "start": { "line": 93, "column": 8 },
        "end": { "line": 93, "column": 79 }
      },
      "32": {
        "start": { "line": 97, "column": 4 },
        "end": { "line": 107, "column": null }
      },
      "33": {
        "start": { "line": 97, "column": 29 },
        "end": { "line": 107, "column": 6 }
      },
      "34": {
        "start": { "line": 111, "column": 24 },
        "end": { "line": 139, "column": 8 }
      },
      "35": {
        "start": { "line": 112, "column": 4 },
        "end": { "line": 123, "column": 5 }
      },
      "36": {
        "start": { "line": 113, "column": 6 },
        "end": { "line": 122, "column": 7 }
      },
      "37": {
        "start": { "line": 115, "column": 10 },
        "end": { "line": 115, "column": null }
      },
      "38": {
        "start": { "line": 116, "column": 10 },
        "end": { "line": 116, "column": null }
      },
      "39": {
        "start": { "line": 117, "column": 10 },
        "end": { "line": 117, "column": 15 }
      },
      "40": {
        "start": { "line": 119, "column": 10 },
        "end": { "line": 119, "column": null }
      },
      "41": {
        "start": { "line": 120, "column": 10 },
        "end": { "line": 120, "column": null }
      },
      "42": {
        "start": { "line": 121, "column": 10 },
        "end": { "line": 121, "column": 15 }
      },
      "43": {
        "start": { "line": 125, "column": 4 },
        "end": { "line": 138, "column": 5 }
      },
      "44": {
        "start": { "line": 126, "column": 6 },
        "end": { "line": 132, "column": null }
      },
      "45": {
        "start": { "line": 126, "column": 31 },
        "end": { "line": 132, "column": 8 }
      },
      "46": {
        "start": { "line": 134, "column": 6 },
        "end": { "line": 137, "column": 7 }
      },
      "47": {
        "start": { "line": 135, "column": 8 },
        "end": { "line": 135, "column": null }
      },
      "48": {
        "start": { "line": 136, "column": 8 },
        "end": { "line": 136, "column": null }
      },
      "49": {
        "start": { "line": 142, "column": 28 },
        "end": { "line": 157, "column": 8 }
      },
      "50": {
        "start": { "line": 143, "column": 4 },
        "end": { "line": 151, "column": null }
      },
      "51": {
        "start": { "line": 143, "column": 29 },
        "end": { "line": 151, "column": 6 }
      },
      "52": {
        "start": { "line": 153, "column": 4 },
        "end": { "line": 156, "column": 5 }
      },
      "53": {
        "start": { "line": 154, "column": 6 },
        "end": { "line": 154, "column": null }
      },
      "54": {
        "start": { "line": 155, "column": 6 },
        "end": { "line": 155, "column": null }
      },
      "55": {
        "start": { "line": 161, "column": 25 },
        "end": { "line": 169, "column": 4 }
      },
      "56": {
        "start": { "line": 172, "column": 2 },
        "end": { "line": 181, "column": null }
      },
      "57": {
        "start": { "line": 173, "column": 32 },
        "end": { "line": 177, "column": 5 }
      },
      "58": {
        "start": { "line": 174, "column": 6 },
        "end": { "line": 176, "column": 7 }
      },
      "59": {
        "start": { "line": 175, "column": 8 },
        "end": { "line": 175, "column": null }
      },
      "60": {
        "start": { "line": 179, "column": 4 },
        "end": { "line": 179, "column": null }
      },
      "61": {
        "start": { "line": 180, "column": 4 },
        "end": { "line": 180, "column": null }
      },
      "62": {
        "start": { "line": 180, "column": 17 },
        "end": { "line": 180, "column": 77 }
      },
      "63": {
        "start": { "line": 184, "column": 24 },
        "end": { "line": 184, "column": 65 }
      },
      "64": {
        "start": { "line": 184, "column": 50 },
        "end": { "line": 184, "column": 64 }
      },
      "65": {
        "start": { "line": 185, "column": 29 },
        "end": { "line": 185, "column": 94 }
      },
      "66": {
        "start": { "line": 186, "column": 27 },
        "end": { "line": 186, "column": 87 }
      },
      "67": {
        "start": { "line": 187, "column": 29 },
        "end": { "line": 187, "column": 91 }
      },
      "68": {
        "start": { "line": 189, "column": 2 },
        "end": { "line": 494, "column": null }
      },
      "69": {
        "start": { "line": 261, "column": 14 },
        "end": { "line": 261, "column": null }
      },
      "70": {
        "start": { "line": 262, "column": 14 },
        "end": { "line": 262, "column": null }
      },
      "71": {
        "start": { "line": 265, "column": 14 },
        "end": { "line": 265, "column": null }
      },
      "72": {
        "start": { "line": 266, "column": 14 },
        "end": { "line": 266, "column": null }
      },
      "73": {
        "start": { "line": 356, "column": 18 },
        "end": { "line": 363, "column": null }
      },
      "74": {
        "start": { "line": 382, "column": 35 },
        "end": { "line": 382, "column": 59 }
      },
      "75": {
        "start": { "line": 383, "column": 18 },
        "end": { "line": 395, "column": null }
      },
      "76": {
        "start": { "line": 389, "column": 35 },
        "end": { "line": 389, "column": 59 }
      },
      "77": {
        "start": { "line": 390, "column": 38 },
        "end": { "line": 390, "column": 65 }
      },
      "78": {
        "start": { "line": 458, "column": 37 },
        "end": { "line": 458, "column": 61 }
      },
      "79": {
        "start": { "line": 459, "column": 20 },
        "end": { "line": 485, "column": null }
      },
      "80": {
        "start": { "line": 462, "column": 39 },
        "end": { "line": 462, "column": 63 }
      },
      "81": {
        "start": { "line": 474, "column": 26 },
        "end": { "line": 474, "column": null }
      },
      "82": {
        "start": { "line": 475, "column": 26 },
        "end": { "line": 475, "column": null }
      },
      "83": {
        "start": { "line": 478, "column": 26 },
        "end": { "line": 478, "column": null }
      },
      "84": {
        "start": { "line": 479, "column": 26 },
        "end": { "line": 479, "column": null }
      },
      "85": {
        "start": { "line": 24, "column": 13 },
        "end": { "line": 24, "column": 28 }
      }
    },
    "fnMap": {
      "0": {
        "name": "(anonymous_10)",
        "decl": {
          "start": { "line": 24, "column": 28 },
          "end": { "line": 24, "column": 29 }
        },
        "loc": {
          "start": { "line": 28, "column": 24 },
          "end": { "line": 495, "column": 1 }
        }
      },
      "1": {
        "name": "(anonymous_11)",
        "decl": {
          "start": { "line": 39, "column": 41 },
          "end": { "line": 39, "column": 42 }
        },
        "loc": {
          "start": { "line": 39, "column": 65 },
          "end": { "line": 56, "column": 3 }
        }
      },
      "2": {
        "name": "(anonymous_12)",
        "decl": {
          "start": { "line": 45, "column": 20 },
          "end": { "line": 45, "column": 24 }
        },
        "loc": {
          "start": { "line": 45, "column": 29 },
          "end": { "line": 55, "column": 6 }
        }
      },
      "3": {
        "name": "(anonymous_13)",
        "decl": {
          "start": { "line": 59, "column": 44 },
          "end": { "line": 59, "column": 45 }
        },
        "loc": {
          "start": { "line": 59, "column": 68 },
          "end": { "line": 69, "column": 3 }
        }
      },
      "4": {
        "name": "(anonymous_14)",
        "decl": {
          "start": { "line": 60, "column": 20 },
          "end": { "line": 60, "column": 24 }
        },
        "loc": {
          "start": { "line": 60, "column": 29 },
          "end": { "line": 68, "column": 6 }
        }
      },
      "5": {
        "name": "(anonymous_15)",
        "decl": {
          "start": { "line": 72, "column": 41 },
          "end": { "line": 72, "column": 42 }
        },
        "loc": {
          "start": { "line": 72, "column": 88 },
          "end": { "line": 87, "column": 3 }
        }
      },
      "6": {
        "name": "(anonymous_16)",
        "decl": {
          "start": { "line": 74, "column": 20 },
          "end": { "line": 74, "column": 24 }
        },
        "loc": {
          "start": { "line": 74, "column": 29 },
          "end": { "line": 86, "column": 6 }
        }
      },
      "7": {
        "name": "(anonymous_17)",
        "decl": {
          "start": { "line": 90, "column": 51 },
          "end": { "line": 90, "column": 52 }
        },
        "loc": {
          "start": { "line": 90, "column": 74 },
          "end": { "line": 108, "column": 3 }
        }
      },
      "8": {
        "name": "(anonymous_18)",
        "decl": {
          "start": { "line": 91, "column": 18 },
          "end": { "line": 91, "column": 22 }
        },
        "loc": {
          "start": { "line": 92, "column": 6 },
          "end": { "line": 93, "column": null }
        }
      },
      "9": {
        "name": "(anonymous_19)",
        "decl": {
          "start": { "line": 92, "column": 15 },
          "end": { "line": 92, "column": 18 }
        },
        "loc": {
          "start": { "line": 93, "column": 8 },
          "end": { "line": 93, "column": 79 }
        }
      },
      "10": {
        "name": "(anonymous_20)",
        "decl": {
          "start": { "line": 97, "column": 20 },
          "end": { "line": 97, "column": 24 }
        },
        "loc": {
          "start": { "line": 97, "column": 29 },
          "end": { "line": 107, "column": 6 }
        }
      },
      "11": {
        "name": "(anonymous_21)",
        "decl": {
          "start": { "line": 111, "column": 36 },
          "end": { "line": 111, "column": 37 }
        },
        "loc": {
          "start": { "line": 111, "column": 67 },
          "end": { "line": 139, "column": 3 }
        }
      },
      "12": {
        "name": "(anonymous_22)",
        "decl": {
          "start": { "line": 126, "column": 22 },
          "end": { "line": 126, "column": 26 }
        },
        "loc": {
          "start": { "line": 126, "column": 31 },
          "end": { "line": 132, "column": 8 }
        }
      },
      "13": {
        "name": "(anonymous_23)",
        "decl": {
          "start": { "line": 142, "column": 40 },
          "end": { "line": 142, "column": 43 }
        },
        "loc": {
          "start": { "line": 142, "column": 45 },
          "end": { "line": 157, "column": 3 }
        }
      },
      "14": {
        "name": "(anonymous_24)",
        "decl": {
          "start": { "line": 143, "column": 20 },
          "end": { "line": 143, "column": 24 }
        },
        "loc": {
          "start": { "line": 143, "column": 29 },
          "end": { "line": 151, "column": 6 }
        }
      },
      "15": {
        "name": "(anonymous_25)",
        "decl": {
          "start": { "line": 172, "column": 12 },
          "end": { "line": 172, "column": 15 }
        },
        "loc": {
          "start": { "line": 172, "column": 17 },
          "end": { "line": 181, "column": 3 }
        }
      },
      "16": {
        "name": "(anonymous_26)",
        "decl": {
          "start": { "line": 173, "column": 32 },
          "end": { "line": 173, "column": 33 }
        },
        "loc": {
          "start": { "line": 173, "column": 57 },
          "end": { "line": 177, "column": 5 }
        }
      },
      "17": {
        "name": "(anonymous_27)",
        "decl": {
          "start": { "line": 180, "column": 11 },
          "end": { "line": 180, "column": 14 }
        },
        "loc": {
          "start": { "line": 180, "column": 17 },
          "end": { "line": 180, "column": 77 }
        }
      },
      "18": {
        "name": "(anonymous_28)",
        "decl": {
          "start": { "line": 184, "column": 43 },
          "end": { "line": 184, "column": 46 }
        },
        "loc": {
          "start": { "line": 184, "column": 50 },
          "end": { "line": 184, "column": 64 }
        }
      },
      "19": {
        "name": "(anonymous_29)",
        "decl": {
          "start": { "line": 260, "column": 21 },
          "end": { "line": 260, "column": 22 }
        },
        "loc": {
          "start": { "line": 260, "column": 27 },
          "end": { "line": 263, "column": 13 }
        }
      },
      "20": {
        "name": "(anonymous_30)",
        "decl": {
          "start": { "line": 264, "column": 20 },
          "end": { "line": 264, "column": 21 }
        },
        "loc": {
          "start": { "line": 264, "column": 26 },
          "end": { "line": 267, "column": 13 }
        }
      },
      "21": {
        "name": "(anonymous_31)",
        "decl": {
          "start": { "line": 355, "column": 32 },
          "end": { "line": 355, "column": 40 }
        },
        "loc": {
          "start": { "line": 356, "column": 18 },
          "end": { "line": 363, "column": null }
        }
      },
      "22": {
        "name": "(anonymous_32)",
        "decl": {
          "start": { "line": 381, "column": 40 },
          "end": { "line": 381, "column": 44 }
        },
        "loc": {
          "start": { "line": 381, "column": 47 },
          "end": { "line": 396, "column": 17 }
        }
      },
      "23": {
        "name": "(anonymous_33)",
        "decl": {
          "start": { "line": 389, "column": 29 },
          "end": { "line": 389, "column": 32 }
        },
        "loc": {
          "start": { "line": 389, "column": 35 },
          "end": { "line": 389, "column": 59 }
        }
      },
      "24": {
        "name": "(anonymous_34)",
        "decl": {
          "start": { "line": 390, "column": 32 },
          "end": { "line": 390, "column": 35 }
        },
        "loc": {
          "start": { "line": 390, "column": 38 },
          "end": { "line": 390, "column": 65 }
        }
      },
      "25": {
        "name": "(anonymous_35)",
        "decl": {
          "start": { "line": 457, "column": 77 },
          "end": { "line": 457, "column": 81 }
        },
        "loc": {
          "start": { "line": 457, "column": 84 },
          "end": { "line": 486, "column": 19 }
        }
      },
      "26": {
        "name": "(anonymous_36)",
        "decl": {
          "start": { "line": 462, "column": 33 },
          "end": { "line": 462, "column": 36 }
        },
        "loc": {
          "start": { "line": 462, "column": 39 },
          "end": { "line": 462, "column": 63 }
        }
      },
      "27": {
        "name": "(anonymous_37)",
        "decl": {
          "start": { "line": 473, "column": 37 },
          "end": { "line": 473, "column": 38 }
        },
        "loc": {
          "start": { "line": 473, "column": 43 },
          "end": { "line": 476, "column": 25 }
        }
      },
      "28": {
        "name": "(anonymous_38)",
        "decl": {
          "start": { "line": 477, "column": 36 },
          "end": { "line": 477, "column": 37 }
        },
        "loc": {
          "start": { "line": 477, "column": 42 },
          "end": { "line": 480, "column": 25 }
        }
      }
    },
    "branchMap": {
      "0": {
        "loc": {
          "start": { "line": 62, "column": 29 },
          "end": { "line": 62, "column": 78 }
        },
        "type": "cond-expr",
        "locations": [
          {
            "start": { "line": 62, "column": 67 },
            "end": { "line": 62, "column": 71 }
          },
          {
            "start": { "line": 62, "column": 74 },
            "end": { "line": 62, "column": 78 }
          }
        ]
      },
      "1": {
        "loc": {
          "start": { "line": 82, "column": 26 },
          "end": { "line": 85, "column": 33 }
        },
        "type": "cond-expr",
        "locations": [
          {
            "start": { "line": 82, "column": 41 },
            "end": { "line": 85, "column": 8 }
          },
          {
            "start": { "line": 85, "column": 10 },
            "end": { "line": 85, "column": 33 }
          }
        ]
      },
      "2": {
        "loc": {
          "start": { "line": 93, "column": 8 },
          "end": { "line": 93, "column": 79 }
        },
        "type": "cond-expr",
        "locations": [
          {
            "start": { "line": 93, "column": 32 },
            "end": { "line": 93, "column": 73 }
          },
          {
            "start": { "line": 93, "column": 76 },
            "end": { "line": 93, "column": 79 }
          }
        ]
      },
      "3": {
        "loc": {
          "start": { "line": 112, "column": 4 },
          "end": { "line": 123, "column": 5 }
        },
        "type": "if",
        "locations": [
          {
            "start": { "line": 112, "column": 4 },
            "end": { "line": 123, "column": 5 }
          }
        ]
      },
      "4": {
        "loc": {
          "start": { "line": 112, "column": 8 },
          "end": { "line": 112, "column": 38 }
        },
        "type": "binary-expr",
        "locations": [
          {
            "start": { "line": 112, "column": 8 },
            "end": { "line": 112, "column": 21 }
          },
          {
            "start": { "line": 112, "column": 25 },
            "end": { "line": 112, "column": 38 }
          }
        ]
      },
      "5": {
        "loc": {
          "start": { "line": 113, "column": 6 },
          "end": { "line": 122, "column": 7 }
        },
        "type": "switch",
        "locations": [
          {
            "start": { "line": 114, "column": 8 },
            "end": { "line": 117, "column": 15 }
          },
          {
            "start": { "line": 118, "column": 8 },
            "end": { "line": 121, "column": 15 }
          }
        ]
      },
      "6": {
        "loc": {
          "start": { "line": 125, "column": 4 },
          "end": { "line": 138, "column": 5 }
        },
        "type": "if",
        "locations": [
          {
            "start": { "line": 125, "column": 4 },
            "end": { "line": 138, "column": 5 }
          }
        ]
      },
      "7": {
        "loc": {
          "start": { "line": 134, "column": 6 },
          "end": { "line": 137, "column": 7 }
        },
        "type": "if",
        "locations": [
          {
            "start": { "line": 134, "column": 6 },
            "end": { "line": 137, "column": 7 }
          }
        ]
      },
      "8": {
        "loc": {
          "start": { "line": 153, "column": 4 },
          "end": { "line": 156, "column": 5 }
        },
        "type": "if",
        "locations": [
          {
            "start": { "line": 153, "column": 4 },
            "end": { "line": 156, "column": 5 }
          }
        ]
      },
      "9": {
        "loc": {
          "start": { "line": 174, "column": 6 },
          "end": { "line": 176, "column": 7 }
        },
        "type": "if",
        "locations": [
          {
            "start": { "line": 174, "column": 6 },
            "end": { "line": 176, "column": 7 }
          }
        ]
      },
      "10": {
        "loc": {
          "start": { "line": 174, "column": 10 },
          "end": { "line": 174, "column": 94 }
        },
        "type": "binary-expr",
        "locations": [
          {
            "start": { "line": 174, "column": 10 },
            "end": { "line": 174, "column": 40 }
          },
          {
            "start": { "line": 174, "column": 44 },
            "end": { "line": 174, "column": 94 }
          }
        ]
      },
      "11": {
        "loc": {
          "start": { "line": 186, "column": 27 },
          "end": { "line": 186, "column": 87 }
        },
        "type": "binary-expr",
        "locations": [
          {
            "start": { "line": 186, "column": 27 },
            "end": { "line": 186, "column": 54 }
          },
          {
            "start": { "line": 186, "column": 58 },
            "end": { "line": 186, "column": 87 }
          }
        ]
      },
      "12": {
        "loc": {
          "start": { "line": 187, "column": 29 },
          "end": { "line": 187, "column": 91 }
        },
        "type": "binary-expr",
        "locations": [
          {
            "start": { "line": 187, "column": 29 },
            "end": { "line": 187, "column": 56 }
          },
          {
            "start": { "line": 187, "column": 60 },
            "end": { "line": 187, "column": 91 }
          }
        ]
      },
      "13": {
        "loc": {
          "start": { "line": 193, "column": 39 },
          "end": { "line": 193, "column": 54 }
        },
        "type": "binary-expr",
        "locations": [
          {
            "start": { "line": 193, "column": 39 },
            "end": { "line": 193, "column": 48 }
          },
          {
            "start": { "line": 193, "column": 52 },
            "end": { "line": 193, "column": 54 }
          }
        ]
      },
      "14": {
        "loc": {
          "start": { "line": 218, "column": 11 },
          "end": { "line": 235, "column": null }
        },
        "type": "binary-expr",
        "locations": [
          {
            "start": { "line": 218, "column": 11 },
            "end": { "line": 218, "column": 40 }
          },
          {
            "start": { "line": 219, "column": 12 },
            "end": { "line": 235, "column": null }
          }
        ]
      },
      "15": {
        "loc": {
          "start": { "line": 271, "column": 11 },
          "end": { "line": 308, "column": null }
        },
        "type": "cond-expr",
        "locations": [
          {
            "start": { "line": 272, "column": 12 },
            "end": { "line": 289, "column": null }
          },
          {
            "start": { "line": 292, "column": 12 },
            "end": { "line": 307, "column": null }
          }
        ]
      },
      "16": {
        "loc": {
          "start": { "line": 313, "column": 9 },
          "end": { "line": 326, "column": null }
        },
        "type": "binary-expr",
        "locations": [
          {
            "start": { "line": 313, "column": 9 },
            "end": { "line": 313, "column": 36 }
          },
          {
            "start": { "line": 314, "column": 10 },
            "end": { "line": 325, "column": null }
          }
        ]
      },
      "17": {
        "loc": {
          "start": { "line": 325, "column": 1 },
          "end": { "line": 325, "column": 140 }
        },
        "type": "cond-expr",
        "locations": [
          {
            "start": { "line": 325, "column": 22 },
            "end": { "line": 325, "column": 46 }
          },
          {
            "start": { "line": 325, "column": 49 },
            "end": { "line": 325, "column": 140 }
          }
        ]
      },
      "18": {
        "loc": {
          "start": { "line": 325, "column": 90 },
          "end": { "line": 325, "column": 132 }
        },
        "type": "cond-expr",
        "locations": [
          {
            "start": { "line": 325, "column": 124 },
            "end": { "line": 325, "column": 126 }
          },
          {
            "start": { "line": 325, "column": 129 },
            "end": { "line": 325, "column": 132 }
          }
        ]
      },
      "19": {
        "loc": {
          "start": { "line": 340, "column": 9 },
          "end": { "line": 490, "column": null }
        },
        "type": "binary-expr",
        "locations": [
          {
            "start": { "line": 340, "column": 9 },
            "end": { "line": 340, "column": 17 }
          },
          {
            "start": { "line": 341, "column": 10 },
            "end": { "line": 489, "column": null }
          }
        ]
      },
      "20": {
        "loc": {
          "start": { "line": 343, "column": 13 },
          "end": { "line": 366, "column": null }
        },
        "type": "binary-expr",
        "locations": [
          {
            "start": { "line": 343, "column": 13 },
            "end": { "line": 343, "column": 41 }
          },
          {
            "start": { "line": 344, "column": 14 },
            "end": { "line": 365, "column": null }
          }
        ]
      },
      "21": {
        "loc": {
          "start": { "line": 370, "column": 13 },
          "end": { "line": 397, "column": null }
        },
        "type": "binary-expr",
        "locations": [
          {
            "start": { "line": 370, "column": 13 },
            "end": { "line": 370, "column": 29 }
          },
          {
            "start": { "line": 371, "column": 14 },
            "end": { "line": 396, "column": null }
          }
        ]
      },
      "22": {
        "loc": {
          "start": { "line": 401, "column": 13 },
          "end": { "line": 414, "column": null }
        },
        "type": "binary-expr",
        "locations": [
          {
            "start": { "line": 401, "column": 13 },
            "end": { "line": 401, "column": 31 }
          },
          {
            "start": { "line": 402, "column": 14 },
            "end": { "line": 413, "column": null }
          }
        ]
      },
      "23": {
        "loc": {
          "start": { "line": 418, "column": 13 },
          "end": { "line": 434, "column": null }
        },
        "type": "binary-expr",
        "locations": [
          {
            "start": { "line": 418, "column": 13 },
            "end": { "line": 418, "column": 41 }
          },
          {
            "start": { "line": 419, "column": 14 },
            "end": { "line": 433, "column": null }
          }
        ]
      },
      "24": {
        "loc": {
          "start": { "line": 438, "column": 13 },
          "end": { "line": 488, "column": null }
        },
        "type": "binary-expr",
        "locations": [
          {
            "start": { "line": 438, "column": 13 },
            "end": { "line": 438, "column": 41 }
          },
          {
            "start": { "line": 438, "column": 45 },
            "end": { "line": 438, "column": 97 }
          },
          {
            "start": { "line": 439, "column": 14 },
            "end": { "line": 487, "column": null }
          }
        ]
      }
    },
    "s": {
      "0": 8,
      "1": 8,
      "2": 8,
      "3": 8,
      "4": 8,
      "5": 8,
      "6": 8,
      "7": 8,
      "8": 8,
      "9": 138,
      "10": 138,
      "11": 138,
      "12": 138,
      "13": 138,
      "14": 138,
      "15": 138,
      "16": 1,
      "17": 1,
      "18": 1,
      "19": 1,
      "20": 1,
      "21": 138,
      "22": 0,
      "23": 0,
      "24": 138,
      "25": 10,
      "26": 10,
      "27": 10,
      "28": 138,
      "29": 9,
      "30": 9,
      "31": 27,
      "32": 9,
      "33": 9,
      "34": 138,
      "35": 2,
      "36": 0,
      "37": 0,
      "38": 0,
      "39": 0,
      "40": 0,
      "41": 0,
      "42": 0,
      "43": 2,
      "44": 0,
      "45": 0,
      "46": 0,
      "47": 0,
      "48": 0,
      "49": 138,
      "50": 1,
      "51": 1,
      "52": 1,
      "53": 1,
      "54": 1,
      "55": 138,
      "56": 138,
      "57": 111,
      "58": 1,
      "59": 1,
      "60": 111,
      "61": 111,
      "62": 111,
      "63": 138,
      "64": 414,
      "65": 138,
      "66": 138,
      "67": 138,
      "68": 138,
      "69": 3,
      "70": 3,
      "71": 0,
      "72": 0,
      "73": 381,
      "74": 11,
      "75": 11,
      "76": 0,
      "77": 0,
      "78": 1,
      "79": 1,
      "80": 0,
      "81": 0,
      "82": 0,
      "83": 0,
      "84": 0,
      "85": 8
    },
    "f": {
      "0": 138,
      "1": 1,
      "2": 1,
      "3": 0,
      "4": 0,
      "5": 10,
      "6": 10,
      "7": 9,
      "8": 9,
      "9": 27,
      "10": 9,
      "11": 2,
      "12": 0,
      "13": 1,
      "14": 1,
      "15": 111,
      "16": 1,
      "17": 111,
      "18": 414,
      "19": 3,
      "20": 0,
      "21": 381,
      "22": 11,
      "23": 0,
      "24": 0,
      "25": 1,
      "26": 0,
      "27": 0,
      "28": 0
    },
    "b": {
      "0": [0, 0],
      "1": [10, 0],
      "2": [9, 18],
      "3": [0],
      "4": [2, 2],
      "5": [0, 0],
      "6": [0],
      "7": [0],
      "8": [1],
      "9": [1],
      "10": [1, 1],
      "11": [138, 10],
      "12": [138, 10],
      "13": [138, 121],
      "14": [138, 12],
      "15": [10, 128],
      "16": [138, 10],
      "17": [4, 6],
      "18": [1, 5],
      "19": [138, 137],
      "20": [137, 127],
      "21": [137, 6],
      "22": [137, 4],
      "23": [137, 6],
      "24": [137, 127, 1]
    }
  },
  "/Users/yashtongia/secondary-workspace/Assignment-2/src/components/layout/PropertiesPanel.tsx": {
    "path": "/Users/yashtongia/secondary-workspace/Assignment-2/src/components/layout/PropertiesPanel.tsx",
    "statementMap": {
      "0": {
        "start": { "line": 1, "column": 0 },
        "end": { "line": 1, "column": 25 }
      },
      "1": {
        "start": { "line": 3, "column": 0 },
        "end": { "line": 3, "column": 39 }
      },
      "2": {
        "start": { "line": 4, "column": 0 },
        "end": { "line": 4, "column": 75 }
      },
      "3": {
        "start": { "line": 5, "column": 0 },
        "end": { "line": 5, "column": 63 }
      },
      "4": {
        "start": { "line": 11, "column": 31 },
        "end": { "line": 41, "column": 1 }
      },
      "5": {
        "start": { "line": 16, "column": 18 },
        "end": { "line": 16, "column": 39 }
      },
      "6": {
        "start": { "line": 17, "column": 19 },
        "end": { "line": 17, "column": 42 }
      },
      "7": {
        "start": { "line": 18, "column": 26 },
        "end": { "line": 18, "column": 56 }
      },
      "8": {
        "start": { "line": 20, "column": 2 },
        "end": { "line": 40, "column": null }
      },
      "9": {
        "start": { "line": 11, "column": 13 },
        "end": { "line": 11, "column": 31 }
      }
    },
    "fnMap": {
      "0": {
        "name": "(anonymous_1)",
        "decl": {
          "start": { "line": 11, "column": 31 },
          "end": { "line": 11, "column": 32 }
        },
        "loc": {
          "start": { "line": 15, "column": 27 },
          "end": { "line": 41, "column": 1 }
        }
      }
    },
    "branchMap": {
      "0": {
        "loc": {
          "start": { "line": 18, "column": 26 },
          "end": { "line": 18, "column": 56 }
        },
        "type": "binary-expr",
        "locations": [
          {
            "start": { "line": 18, "column": 26 },
            "end": { "line": 18, "column": 33 }
          },
          {
            "start": { "line": 18, "column": 37 },
            "end": { "line": 18, "column": 48 }
          },
          {
            "start": { "line": 18, "column": 52 },
            "end": { "line": 18, "column": 56 }
          }
        ]
      },
      "1": {
        "loc": {
          "start": { "line": 21, "column": 42 },
          "end": { "line": 21, "column": 57 }
        },
        "type": "binary-expr",
        "locations": [
          {
            "start": { "line": 21, "column": 42 },
            "end": { "line": 21, "column": 51 }
          },
          {
            "start": { "line": 21, "column": 55 },
            "end": { "line": 21, "column": 57 }
          }
        ]
      },
      "2": {
        "loc": {
          "start": { "line": 26, "column": 9 },
          "end": { "line": 36, "column": null }
        },
        "type": "cond-expr",
        "locations": [
          {
            "start": { "line": 27, "column": 10 },
            "end": { "line": 27, "column": 18 }
          },
          {
            "start": { "line": 28, "column": 12 },
            "end": { "line": 36, "column": null }
          }
        ]
      },
      "3": {
        "loc": {
          "start": { "line": 28, "column": 12 },
          "end": { "line": 36, "column": null }
        },
        "type": "cond-expr",
        "locations": [
          {
            "start": { "line": 29, "column": 10 },
            "end": { "line": 29, "column": 56 }
          },
          {
            "start": { "line": 31, "column": 10 },
            "end": { "line": 35, "column": null }
          }
        ]
      }
    },
    "s": {
      "0": 2,
      "1": 2,
      "2": 2,
      "3": 2,
      "4": 2,
      "5": 24,
      "6": 24,
      "7": 24,
      "8": 24,
      "9": 2
    },
    "f": { "0": 24 },
    "b": { "0": [24, 24, 24], "1": [24, 8], "2": [1, 23], "3": [0, 23] }
  },
  "/Users/yashtongia/secondary-workspace/Assignment-2/src/components/ui/ComponentPaletteItem.tsx": {
    "path": "/Users/yashtongia/secondary-workspace/Assignment-2/src/components/ui/ComponentPaletteItem.tsx",
    "statementMap": {
      "0": {
        "start": { "line": 1, "column": 0 },
        "end": { "line": 1, "column": 71 }
      },
      "1": {
        "start": { "line": 3, "column": 0 },
        "end": { "line": 3, "column": 53 }
      },
      "2": {
        "start": { "line": 4, "column": 0 },
        "end": { "line": 4, "column": 60 }
      },
      "3": {
        "start": { "line": 5, "column": 0 },
        "end": { "line": 5, "column": 47 }
      },
      "4": {
        "start": { "line": 19, "column": 73 },
        "end": { "line": 274, "column": 1 }
      },
      "5": {
        "start": { "line": 30, "column": 36 },
        "end": { "line": 30, "column": 51 }
      },
      "6": {
        "start": { "line": 31, "column": 50 },
        "end": { "line": 31, "column": 65 }
      },
      "7": {
        "start": { "line": 32, "column": 23 },
        "end": { "line": 32, "column": 48 }
      },
      "8": {
        "start": { "line": 33, "column": 22 },
        "end": { "line": 33, "column": 38 }
      },
      "9": {
        "start": { "line": 34, "column": 18 },
        "end": { "line": 34, "column": 46 }
      },
      "10": {
        "start": { "line": 35, "column": 28 },
        "end": { "line": 35, "column": 52 }
      },
      "11": {
        "start": { "line": 37, "column": 21 },
        "end": { "line": 38, "column": 58 }
      },
      "12": {
        "start": { "line": 41, "column": 27 },
        "end": { "line": 48, "column": 29 }
      },
      "13": {
        "start": { "line": 42, "column": 4 },
        "end": { "line": 42, "column": null }
      },
      "14": {
        "start": { "line": 43, "column": 4 },
        "end": { "line": 47, "column": 5 }
      },
      "15": {
        "start": { "line": 44, "column": 6 },
        "end": { "line": 46, "column": 14 }
      },
      "16": {
        "start": { "line": 45, "column": 8 },
        "end": { "line": 45, "column": null }
      },
      "17": {
        "start": { "line": 50, "column": 27 },
        "end": { "line": 56, "column": 8 }
      },
      "18": {
        "start": { "line": 51, "column": 4 },
        "end": { "line": 51, "column": null }
      },
      "19": {
        "start": { "line": 52, "column": 4 },
        "end": { "line": 52, "column": null }
      },
      "20": {
        "start": { "line": 53, "column": 4 },
        "end": { "line": 55, "column": 5 }
      },
      "21": {
        "start": { "line": 54, "column": 6 },
        "end": { "line": 54, "column": null }
      },
      "22": {
        "start": { "line": 59, "column": 2 },
        "end": { "line": 65, "column": null }
      },
      "23": {
        "start": { "line": 60, "column": 4 },
        "end": { "line": 64, "column": null }
      },
      "24": {
        "start": { "line": 61, "column": 6 },
        "end": { "line": 63, "column": 7 }
      },
      "25": {
        "start": { "line": 62, "column": 8 },
        "end": { "line": 62, "column": null }
      },
      "26": {
        "start": { "line": 68, "column": 24 },
        "end": { "line": 87, "column": 33 }
      },
      "27": {
        "start": { "line": 69, "column": 4 },
        "end": { "line": 69, "column": 24 }
      },
      "28": {
        "start": { "line": 69, "column": 18 },
        "end": { "line": 69, "column": 24 }
      },
      "29": {
        "start": { "line": 71, "column": 4 },
        "end": { "line": 86, "column": 5 }
      },
      "30": {
        "start": { "line": 74, "column": 8 },
        "end": { "line": 74, "column": null }
      },
      "31": {
        "start": { "line": 75, "column": 8 },
        "end": { "line": 79, "column": 9 }
      },
      "32": {
        "start": { "line": 76, "column": 10 },
        "end": { "line": 76, "column": null }
      },
      "33": {
        "start": { "line": 78, "column": 10 },
        "end": { "line": 78, "column": null }
      },
      "34": {
        "start": { "line": 80, "column": 8 },
        "end": { "line": 80, "column": 13 }
      },
      "35": {
        "start": { "line": 83, "column": 8 },
        "end": { "line": 83, "column": null }
      },
      "36": {
        "start": { "line": 85, "column": 8 },
        "end": { "line": 85, "column": 13 }
      },
      "37": {
        "start": { "line": 90, "column": 22 },
        "end": { "line": 92, "column": 16 }
      },
      "38": {
        "start": { "line": 91, "column": 4 },
        "end": { "line": 91, "column": null }
      },
      "39": {
        "start": { "line": 95, "column": 24 },
        "end": { "line": 153, "column": 3 }
      },
      "40": {
        "start": { "line": 96, "column": 43 },
        "end": { "line": 112, "column": null }
      },
      "41": {
        "start": { "line": 114, "column": 4 },
        "end": { "line": 120, "column": 5 }
      },
      "42": {
        "start": { "line": 115, "column": 6 },
        "end": { "line": 119, "column": null }
      },
      "43": {
        "start": { "line": 122, "column": 4 },
        "end": { "line": 131, "column": 5 }
      },
      "44": {
        "start": { "line": 123, "column": 6 },
        "end": { "line": 130, "column": null }
      },
      "45": {
        "start": { "line": 133, "column": 4 },
        "end": { "line": 140, "column": 5 }
      },
      "46": {
        "start": { "line": 134, "column": 6 },
        "end": { "line": 139, "column": null }
      },
      "47": {
        "start": { "line": 142, "column": 4 },
        "end": { "line": 150, "column": 5 }
      },
      "48": {
        "start": { "line": 143, "column": 6 },
        "end": { "line": 149, "column": null }
      },
      "49": {
        "start": { "line": 152, "column": 4 },
        "end": { "line": 152, "column": null }
      },
      "50": {
        "start": { "line": 155, "column": 2 },
        "end": { "line": 273, "column": null }
      },
      "51": {
        "start": { "line": 164, "column": 23 },
        "end": { "line": 164, "column": 48 }
      },
      "52": {
        "start": { "line": 165, "column": 29 },
        "end": { "line": 165, "column": 49 }
      },
      "53": {
        "start": { "line": 178, "column": 28 },
        "end": { "line": 178, "column": 46 }
      },
      "54": {
        "start": { "line": 19, "column": 13 },
        "end": { "line": 19, "column": 73 }
      }
    },
    "fnMap": {
      "0": {
        "name": "(anonymous_9)",
        "decl": {
          "start": { "line": 19, "column": 73 },
          "end": { "line": 19, "column": 74 }
        },
        "loc": {
          "start": { "line": 29, "column": 5 },
          "end": { "line": 274, "column": 1 }
        }
      },
      "1": {
        "name": "(anonymous_10)",
        "decl": {
          "start": { "line": 41, "column": 39 },
          "end": { "line": 41, "column": 42 }
        },
        "loc": {
          "start": { "line": 41, "column": 44 },
          "end": { "line": 48, "column": 3 }
        }
      },
      "2": {
        "name": "(anonymous_11)",
        "decl": {
          "start": { "line": 44, "column": 45 },
          "end": { "line": 44, "column": 48 }
        },
        "loc": {
          "start": { "line": 44, "column": 50 },
          "end": { "line": 46, "column": 7 }
        }
      },
      "3": {
        "name": "(anonymous_12)",
        "decl": {
          "start": { "line": 50, "column": 39 },
          "end": { "line": 50, "column": 42 }
        },
        "loc": {
          "start": { "line": 50, "column": 44 },
          "end": { "line": 56, "column": 3 }
        }
      },
      "4": {
        "name": "(anonymous_13)",
        "decl": {
          "start": { "line": 59, "column": 12 },
          "end": { "line": 59, "column": 15 }
        },
        "loc": {
          "start": { "line": 59, "column": 17 },
          "end": { "line": 65, "column": 3 }
        }
      },
      "5": {
        "name": "(anonymous_14)",
        "decl": {
          "start": { "line": 60, "column": 11 },
          "end": { "line": 60, "column": 14 }
        },
        "loc": {
          "start": { "line": 60, "column": 16 },
          "end": { "line": 64, "column": 5 }
        }
      },
      "6": {
        "name": "(anonymous_15)",
        "decl": {
          "start": { "line": 68, "column": 36 },
          "end": { "line": 68, "column": 37 }
        },
        "loc": {
          "start": { "line": 68, "column": 67 },
          "end": { "line": 87, "column": 3 }
        }
      },
      "7": {
        "name": "(anonymous_16)",
        "decl": {
          "start": { "line": 90, "column": 34 },
          "end": { "line": 90, "column": 37 }
        },
        "loc": {
          "start": { "line": 90, "column": 39 },
          "end": { "line": 92, "column": 3 }
        }
      },
      "8": {
        "name": "(anonymous_17)",
        "decl": {
          "start": { "line": 95, "column": 24 },
          "end": { "line": 95, "column": 48 }
        },
        "loc": {
          "start": { "line": 95, "column": 50 },
          "end": { "line": 153, "column": 3 }
        }
      },
      "9": {
        "name": "(anonymous_18)",
        "decl": {
          "start": { "line": 164, "column": 17 },
          "end": { "line": 164, "column": 20 }
        },
        "loc": {
          "start": { "line": 164, "column": 23 },
          "end": { "line": 164, "column": 48 }
        }
      },
      "10": {
        "name": "(anonymous_19)",
        "decl": {
          "start": { "line": 165, "column": 23 },
          "end": { "line": 165, "column": 26 }
        },
        "loc": {
          "start": { "line": 165, "column": 29 },
          "end": { "line": 165, "column": 49 }
        }
      },
      "11": {
        "name": "(anonymous_20)",
        "decl": {
          "start": { "line": 178, "column": 21 },
          "end": { "line": 178, "column": 22 }
        },
        "loc": {
          "start": { "line": 178, "column": 28 },
          "end": { "line": 178, "column": 46 }
        }
      }
    },
    "branchMap": {
      "0": {
        "loc": {
          "start": { "line": 26, "column": 2 },
          "end": { "line": 26, "column": 20 }
        },
        "type": "default-arg",
        "locations": [
          {
            "start": { "line": 26, "column": 15 },
            "end": { "line": 26, "column": 20 }
          }
        ]
      },
      "1": {
        "loc": {
          "start": { "line": 27, "column": 2 },
          "end": { "line": 27, "column": 18 }
        },
        "type": "default-arg",
        "locations": [
          {
            "start": { "line": 27, "column": 13 },
            "end": { "line": 27, "column": 18 }
          }
        ]
      },
      "2": {
        "loc": {
          "start": { "line": 28, "column": 2 },
          "end": { "line": 28, "column": 20 }
        },
        "type": "default-arg",
        "locations": [
          {
            "start": { "line": 28, "column": 16 },
            "end": { "line": 28, "column": 20 }
          }
        ]
      },
      "3": {
        "loc": {
          "start": { "line": 37, "column": 21 },
          "end": { "line": 38, "column": 58 }
        },
        "type": "binary-expr",
        "locations": [
          {
            "start": { "line": 37, "column": 21 },
            "end": { "line": 37, "column": 50 }
          },
          {
            "start": { "line": 38, "column": 20 },
            "end": { "line": 38, "column": 58 }
          }
        ]
      },
      "4": {
        "loc": {
          "start": { "line": 43, "column": 4 },
          "end": { "line": 47, "column": 5 }
        },
        "type": "if",
        "locations": [
          {
            "start": { "line": 43, "column": 4 },
            "end": { "line": 47, "column": 5 }
          }
        ]
      },
      "5": {
        "loc": {
          "start": { "line": 43, "column": 8 },
          "end": { "line": 43, "column": 32 }
        },
        "type": "binary-expr",
        "locations": [
          {
            "start": { "line": 43, "column": 8 },
            "end": { "line": 43, "column": 19 }
          },
          {
            "start": { "line": 43, "column": 23 },
            "end": { "line": 43, "column": 32 }
          }
        ]
      },
      "6": {
        "loc": {
          "start": { "line": 53, "column": 4 },
          "end": { "line": 55, "column": 5 }
        },
        "type": "if",
        "locations": [
          {
            "start": { "line": 53, "column": 4 },
            "end": { "line": 55, "column": 5 }
          }
        ]
      },
      "7": {
        "loc": {
          "start": { "line": 61, "column": 6 },
          "end": { "line": 63, "column": 7 }
        },
        "type": "if",
        "locations": [
          {
            "start": { "line": 61, "column": 6 },
            "end": { "line": 63, "column": 7 }
          }
        ]
      },
      "8": {
        "loc": {
          "start": { "line": 69, "column": 4 },
          "end": { "line": 69, "column": 24 }
        },
        "type": "if",
        "locations": [
          {
            "start": { "line": 69, "column": 4 },
            "end": { "line": 69, "column": 24 }
          }
        ]
      },
      "9": {
        "loc": {
          "start": { "line": 71, "column": 4 },
          "end": { "line": 86, "column": 5 }
        },
        "type": "switch",
        "locations": [
          {
            "start": { "line": 72, "column": 6 },
            "end": { "line": 72, "column": 19 }
          },
          {
            "start": { "line": 73, "column": 6 },
            "end": { "line": 80, "column": 13 }
          },
          {
            "start": { "line": 81, "column": 6 },
            "end": { "line": 81, "column": 23 }
          },
          {
            "start": { "line": 82, "column": 6 },
            "end": { "line": 85, "column": 13 }
          }
        ]
      },
      "10": {
        "loc": {
          "start": { "line": 75, "column": 8 },
          "end": { "line": 79, "column": 9 }
        },
        "type": "if",
        "locations": [
          {
            "start": { "line": 75, "column": 8 },
            "end": { "line": 79, "column": 9 }
          },
          {
            "start": { "line": 77, "column": 15 },
            "end": { "line": 79, "column": 9 }
          }
        ]
      },
      "11": {
        "loc": {
          "start": { "line": 103, "column": 14 },
          "end": { "line": 103, "column": 73 }
        },
        "type": "cond-expr",
        "locations": [
          {
            "start": { "line": 103, "column": 25 },
            "end": { "line": 103, "column": 38 }
          },
          {
            "start": { "line": 103, "column": 41 },
            "end": { "line": 103, "column": 73 }
          }
        ]
      },
      "12": {
        "loc": {
          "start": { "line": 103, "column": 41 },
          "end": { "line": 103, "column": 73 }
        },
        "type": "cond-expr",
        "locations": [
          {
            "start": { "line": 103, "column": 54 },
            "end": { "line": 103, "column": 64 }
          },
          {
            "start": { "line": 103, "column": 67 },
            "end": { "line": 103, "column": 73 }
          }
        ]
      },
      "13": {
        "loc": {
          "start": { "line": 110, "column": 15 },
          "end": { "line": 110, "column": 33 }
        },
        "type": "cond-expr",
        "locations": [
          {
            "start": { "line": 110, "column": 26 },
            "end": { "line": 110, "column": 29 }
          },
          {
            "start": { "line": 110, "column": 32 },
            "end": { "line": 110, "column": 33 }
          }
        ]
      },
      "14": {
        "loc": {
          "start": { "line": 114, "column": 4 },
          "end": { "line": 120, "column": 5 }
        },
        "type": "if",
        "locations": [
          {
            "start": { "line": 114, "column": 4 },
            "end": { "line": 120, "column": 5 }
          }
        ]
      },
      "15": {
        "loc": {
          "start": { "line": 122, "column": 4 },
          "end": { "line": 131, "column": 5 }
        },
        "type": "if",
        "locations": [
          {
            "start": { "line": 122, "column": 4 },
            "end": { "line": 131, "column": 5 }
          }
        ]
      },
      "16": {
        "loc": {
          "start": { "line": 133, "column": 4 },
          "end": { "line": 140, "column": 5 }
        },
        "type": "if",
        "locations": [
          {
            "start": { "line": 133, "column": 4 },
            "end": { "line": 140, "column": 5 }
          }
        ]
      },
      "17": {
        "loc": {
          "start": { "line": 142, "column": 4 },
          "end": { "line": 150, "column": 5 }
        },
        "type": "if",
        "locations": [
          {
            "start": { "line": 142, "column": 4 },
            "end": { "line": 150, "column": 5 }
          }
        ]
      },
      "18": {
        "loc": {
          "start": { "line": 164, "column": 23 },
          "end": { "line": 164, "column": 48 }
        },
        "type": "binary-expr",
        "locations": [
          {
            "start": { "line": 164, "column": 23 },
            "end": { "line": 164, "column": 32 }
          },
          {
            "start": { "line": 164, "column": 36 },
            "end": { "line": 164, "column": 48 }
          }
        ]
      },
      "19": {
        "loc": {
          "start": { "line": 165, "column": 29 },
          "end": { "line": 165, "column": 49 }
        },
        "type": "binary-expr",
        "locations": [
          {
            "start": { "line": 165, "column": 29 },
            "end": { "line": 165, "column": 38 }
          },
          {
            "start": { "line": 165, "column": 42 },
            "end": { "line": 165, "column": 49 }
          }
        ]
      },
      "20": {
        "loc": {
          "start": { "line": 166, "column": 18 },
          "end": { "line": 166, "column": 35 }
        },
        "type": "cond-expr",
        "locations": [
          {
            "start": { "line": 166, "column": 29 },
            "end": { "line": 166, "column": 31 }
          },
          {
            "start": { "line": 166, "column": 34 },
            "end": { "line": 166, "column": 35 }
          }
        ]
      },
      "21": {
        "loc": {
          "start": { "line": 172, "column": 26 },
          "end": { "line": 172, "column": 74 }
        },
        "type": "cond-expr",
        "locations": [
          {
            "start": { "line": 172, "column": 45 },
            "end": { "line": 172, "column": 62 }
          },
          {
            "start": { "line": 172, "column": 65 },
            "end": { "line": 172, "column": 74 }
          }
        ]
      },
      "22": {
        "loc": {
          "start": { "line": 176, "column": 13 },
          "end": { "line": 176, "column": 41 }
        },
        "type": "cond-expr",
        "locations": [
          {
            "start": { "line": 176, "column": 24 },
            "end": { "line": 176, "column": 26 }
          },
          {
            "start": { "line": 176, "column": 29 },
            "end": { "line": 176, "column": 41 }
          }
        ]
      },
      "23": {
        "loc": {
          "start": { "line": 188, "column": 19 },
          "end": { "line": 188, "column": 51 }
        },
        "type": "cond-expr",
        "locations": [
          {
            "start": { "line": 188, "column": 30 },
            "end": { "line": 188, "column": 39 }
          },
          {
            "start": { "line": 188, "column": 42 },
            "end": { "line": 188, "column": 51 }
          }
        ]
      },
      "24": {
        "loc": {
          "start": { "line": 198, "column": 19 },
          "end": { "line": 198, "column": 51 }
        },
        "type": "cond-expr",
        "locations": [
          {
            "start": { "line": 198, "column": 30 },
            "end": { "line": 198, "column": 39 }
          },
          {
            "start": { "line": 198, "column": 42 },
            "end": { "line": 198, "column": 51 }
          }
        ]
      },
      "25": {
        "loc": {
          "start": { "line": 212, "column": 19 },
          "end": { "line": 212, "column": 55 }
        },
        "type": "cond-expr",
        "locations": [
          {
            "start": { "line": 212, "column": 30 },
            "end": { "line": 212, "column": 33 }
          },
          {
            "start": { "line": 212, "column": 36 },
            "end": { "line": 212, "column": 55 }
          }
        ]
      },
      "26": {
        "loc": {
          "start": { "line": 212, "column": 36 },
          "end": { "line": 212, "column": 55 }
        },
        "type": "cond-expr",
        "locations": [
          {
            "start": { "line": 212, "column": 48 },
            "end": { "line": 212, "column": 49 }
          },
          {
            "start": { "line": 212, "column": 52 },
            "end": { "line": 212, "column": 55 }
          }
        ]
      },
      "27": {
        "loc": {
          "start": { "line": 237, "column": 7 },
          "end": { "line": 270, "column": null }
        },
        "type": "binary-expr",
        "locations": [
          {
            "start": { "line": 237, "column": 7 },
            "end": { "line": 237, "column": 23 }
          },
          {
            "start": { "line": 237, "column": 27 },
            "end": { "line": 237, "column": 38 }
          },
          {
            "start": { "line": 237, "column": 42 },
            "end": { "line": 237, "column": 51 }
          },
          {
            "start": { "line": 238, "column": 8 },
            "end": { "line": 269, "column": null }
          }
        ]
      }
    },
    "s": {
      "0": 9,
      "1": 9,
      "2": 9,
      "3": 9,
      "4": 9,
      "5": 574,
      "6": 574,
      "7": 574,
      "8": 574,
      "9": 574,
      "10": 574,
      "11": 574,
      "12": 574,
      "13": 9,
      "14": 9,
      "15": 8,
      "16": 4,
      "17": 574,
      "18": 2,
      "19": 2,
      "20": 2,
      "21": 2,
      "22": 574,
      "23": 492,
      "24": 492,
      "25": 8,
      "26": 574,
      "27": 4,
      "28": 1,
      "29": 3,
      "30": 3,
      "31": 3,
      "32": 1,
      "33": 2,
      "34": 3,
      "35": 0,
      "36": 0,
      "37": 574,
      "38": 1,
      "39": 574,
      "40": 574,
      "41": 574,
      "42": 9,
      "43": 565,
      "44": 14,
      "45": 551,
      "46": 2,
      "47": 549,
      "48": 11,
      "49": 538,
      "50": 574,
      "51": 0,
      "52": 1,
      "53": 2,
      "54": 9
    },
    "f": {
      "0": 574,
      "1": 9,
      "2": 4,
      "3": 2,
      "4": 492,
      "5": 492,
      "6": 4,
      "7": 1,
      "8": 574,
      "9": 0,
      "10": 1,
      "11": 2
    },
    "b": {
      "0": [53],
      "1": [46],
      "2": [40],
      "3": [574, 53],
      "4": [8],
      "5": [9, 9],
      "6": [2],
      "7": [8],
      "8": [1],
      "9": [2, 3, 0, 0],
      "10": [1, 2],
      "11": [9, 565],
      "12": [14, 551],
      "13": [9, 565],
      "14": [9],
      "15": [14],
      "16": [2],
      "17": [11],
      "18": [0, 0],
      "19": [1, 1],
      "20": [9, 565],
      "21": [4, 570],
      "22": [9, 565],
      "23": [9, 565],
      "24": [9, 565],
      "25": [9, 565],
      "26": [12, 553],
      "27": [574, 4, 4, 4]
    }
  },
  "/Users/yashtongia/secondary-workspace/Assignment-2/src/components/ui/ComponentPreview.tsx": {
    "path": "/Users/yashtongia/secondary-workspace/Assignment-2/src/components/ui/ComponentPreview.tsx",
    "statementMap": {
      "0": {
        "start": { "line": 1, "column": 0 },
        "end": { "line": 1, "column": 25 }
      },
      "1": {
        "start": { "line": 2, "column": 0 },
        "end": { "line": 2, "column": 39 }
      },
      "2": {
        "start": { "line": 10, "column": 43 },
        "end": { "line": 18, "column": null }
      },
      "3": {
        "start": { "line": 20, "column": 26 },
        "end": { "line": 110, "column": 1 }
      },
      "4": {
        "start": { "line": 21, "column": 21 },
        "end": { "line": 25, "column": null }
      },
      "5": {
        "start": { "line": 27, "column": 38 },
        "end": { "line": 27, "column": 54 }
      },
      "6": {
        "start": { "line": 29, "column": 41 },
        "end": { "line": 34, "column": null }
      },
      "7": {
        "start": { "line": 36, "column": 2 },
        "end": { "line": 109, "column": 3 }
      },
      "8": {
        "start": { "line": 38, "column": 6 },
        "end": { "line": 42, "column": null }
      },
      "9": {
        "start": { "line": 45, "column": 6 },
        "end": { "line": 71, "column": null }
      },
      "10": {
        "start": { "line": 74, "column": 6 },
        "end": { "line": 82, "column": null }
      },
      "11": {
        "start": { "line": 85, "column": 6 },
        "end": { "line": 101, "column": null }
      },
      "12": {
        "start": { "line": 104, "column": 6 },
        "end": { "line": 108, "column": null }
      },
      "13": {
        "start": { "line": 112, "column": 65 },
        "end": { "line": 122, "column": 1 }
      },
      "14": {
        "start": { "line": 117, "column": 2 },
        "end": { "line": 121, "column": null }
      },
      "15": {
        "start": { "line": 112, "column": 13 },
        "end": { "line": 112, "column": 65 }
      }
    },
    "fnMap": {
      "0": {
        "name": "(anonymous_1)",
        "decl": {
          "start": { "line": 20, "column": 26 },
          "end": { "line": 20, "column": 27 }
        },
        "loc": {
          "start": { "line": 20, "column": 86 },
          "end": { "line": 110, "column": 1 }
        }
      },
      "1": {
        "name": "(anonymous_2)",
        "decl": {
          "start": { "line": 112, "column": 65 },
          "end": { "line": 112, "column": 66 }
        },
        "loc": {
          "start": { "line": 116, "column": 5 },
          "end": { "line": 122, "column": 1 }
        }
      }
    },
    "branchMap": {
      "0": {
        "loc": {
          "start": { "line": 36, "column": 2 },
          "end": { "line": 109, "column": 3 }
        },
        "type": "switch",
        "locations": [
          {
            "start": { "line": 37, "column": 4 },
[...]
          "end": { "line": 397, "column": 7 }
        },
        "loc": {
          "start": { "line": 397, "column": 26 },
          "end": { "line": 400, "column": 8 }
        }
      },
      "46": {
        "name": "(anonymous_47)",
        "decl": {
          "start": { "line": 413, "column": 46 },
          "end": { "line": 413, "column": 49 }
        },
        "loc": {
          "start": { "line": 413, "column": 51 },
          "end": { "line": 463, "column": 1 }
        }
      },
      "47": {
        "name": "(anonymous_48)",
        "decl": {
          "start": { "line": 424, "column": 20 },
          "end": { "line": 424, "column": 27 }
        },
        "loc": {
          "start": { "line": 424, "column": 30 },
          "end": { "line": 455, "column": 3 }
        }
      },
      "48": {
        "name": "(anonymous_49)",
        "decl": {
          "start": { "line": 458, "column": 17 },
          "end": { "line": 458, "column": 20 }
        },
        "loc": {
          "start": { "line": 458, "column": 23 },
          "end": { "line": 458, "column": 36 }
        }
      },
      "49": {
        "name": "(anonymous_50)",
        "decl": {
          "start": { "line": 459, "column": 19 },
          "end": { "line": 459, "column": 20 }
        },
        "loc": {
          "start": { "line": 459, "column": 65 },
          "end": { "line": 461, "column": 5 }
        }
      }
    },
    "branchMap": {
      "0": {
        "loc": {
          "start": { "line": 18, "column": 4 },
          "end": { "line": 20, "column": 5 }
        },
        "type": "if",
        "locations": [
          {
            "start": { "line": 18, "column": 4 },
            "end": { "line": 20, "column": 5 }
          }
        ]
      },
      "1": {
        "loc": {
          "start": { "line": 30, "column": 4 },
          "end": { "line": 34, "column": 5 }
        },
        "type": "if",
        "locations": [
          {
            "start": { "line": 30, "column": 4 },
            "end": { "line": 34, "column": 5 }
          }
        ]
      },
      "2": {
        "loc": {
          "start": { "line": 54, "column": 6 },
          "end": { "line": 56, "column": 7 }
        },
        "type": "if",
        "locations": [
          {
            "start": { "line": 54, "column": 6 },
            "end": { "line": 56, "column": 7 }
          }
        ]
      },
      "3": {
        "loc": {
          "start": { "line": 65, "column": 4 },
          "end": { "line": 70, "column": 5 }
        },
        "type": "if",
        "locations": [
          {
            "start": { "line": 65, "column": 4 },
            "end": { "line": 70, "column": 5 }
          }
        ]
      },
      "4": {
        "loc": {
          "start": { "line": 91, "column": 2 },
          "end": { "line": 91, "column": 19 }
        },
        "type": "default-arg",
        "locations": [
          {
            "start": { "line": 91, "column": 14 },
            "end": { "line": 91, "column": 19 }
          }
        ]
      },
      "5": {
        "loc": {
          "start": { "line": 98, "column": 6 },
          "end": { "line": 98, "column": null }
        },
        "type": "if",
        "locations": [
          {
            "start": { "line": 98, "column": 6 },
            "end": { "line": 98, "column": null }
          }
        ]
      },
      "6": {
        "loc": {
          "start": { "line": 101, "column": 20 },
          "end": { "line": 101, "column": 41 }
        },
        "type": "binary-expr",
        "locations": [
          {
            "start": { "line": 101, "column": 20 },
            "end": { "line": 101, "column": 29 }
          },
          {
            "start": { "line": 101, "column": 33 },
            "end": { "line": 101, "column": 41 }
          }
        ]
      },
      "7": {
        "loc": {
          "start": { "line": 103, "column": 4 },
          "end": { "line": 103, "column": null }
        },
        "type": "if",
        "locations": [
          {
            "start": { "line": 103, "column": 4 },
            "end": { "line": 103, "column": null }
          }
        ]
      },
      "8": {
        "loc": {
          "start": { "line": 106, "column": 4 },
          "end": { "line": 106, "column": null }
        },
        "type": "if",
        "locations": [
          {
            "start": { "line": 106, "column": 4 },
            "end": { "line": 106, "column": null }
          }
        ]
      },
      "9": {
        "loc": {
          "start": { "line": 117, "column": 4 },
          "end": { "line": 121, "column": 5 }
        },
        "type": "if",
        "locations": [
          {
            "start": { "line": 117, "column": 4 },
            "end": { "line": 121, "column": 5 }
          }
        ]
      },
      "10": {
        "loc": {
          "start": { "line": 135, "column": 4 },
          "end": { "line": 135, "column": 18 }
        },
        "type": "default-arg",
        "locations": [
          {
            "start": { "line": 135, "column": 16 },
            "end": { "line": 135, "column": 18 }
          }
        ]
      },
      "11": {
        "loc": {
          "start": { "line": 136, "column": 4 },
          "end": { "line": 136, "column": 14 }
        },
        "type": "default-arg",
        "locations": [
          {
            "start": { "line": 136, "column": 12 },
            "end": { "line": 136, "column": 14 }
          }
        ]
      },
      "12": {
        "loc": {
          "start": { "line": 154, "column": 4 },
          "end": { "line": 154, "column": 33 }
        },
        "type": "if",
        "locations": [
          {
            "start": { "line": 154, "column": 4 },
            "end": { "line": 154, "column": 33 }
          }
        ]
      },
      "13": {
        "loc": {
          "start": { "line": 161, "column": 4 },
          "end": { "line": 164, "column": 5 }
        },
        "type": "if",
        "locations": [
          {
            "start": { "line": 161, "column": 4 },
            "end": { "line": 164, "column": 5 }
          }
        ]
      },
      "14": {
        "loc": {
          "start": { "line": 176, "column": 4 },
          "end": { "line": 180, "column": 5 }
        },
        "type": "if",
        "locations": [
          {
            "start": { "line": 176, "column": 4 },
            "end": { "line": 180, "column": 5 }
          },
          {
            "start": { "line": 178, "column": 11 },
            "end": { "line": 180, "column": 5 }
          }
        ]
      },
      "15": {
        "loc": {
          "start": { "line": 207, "column": 4 },
          "end": { "line": 207, "column": 70 }
        },
        "type": "binary-expr",
        "locations": [
          {
            "start": { "line": 207, "column": 4 },
            "end": { "line": 207, "column": 65 }
          },
          {
            "start": { "line": 207, "column": 69 },
            "end": { "line": 207, "column": 70 }
          }
        ]
      },
      "16": {
        "loc": {
          "start": { "line": 238, "column": 2 },
          "end": { "line": 240, "column": 3 }
        },
        "type": "if",
        "locations": [
          {
            "start": { "line": 238, "column": 2 },
            "end": { "line": 240, "column": 3 }
          }
        ]
      },
      "17": {
        "loc": {
          "start": { "line": 248, "column": 2 },
          "end": { "line": 248, "column": 34 }
        },
        "type": "if",
        "locations": [
          {
            "start": { "line": 248, "column": 2 },
            "end": { "line": 248, "column": 34 }
          }
        ]
      },
      "18": {
        "loc": {
          "start": { "line": 281, "column": 20 },
          "end": { "line": 281, "column": 34 }
        },
        "type": "default-arg",
        "locations": [
          {
            "start": { "line": 281, "column": 32 },
            "end": { "line": 281, "column": 34 }
          }
        ]
      },
      "19": {
        "loc": {
          "start": { "line": 298, "column": 4 },
          "end": { "line": 304, "column": 5 }
        },
        "type": "if",
        "locations": [
          {
            "start": { "line": 298, "column": 4 },
            "end": { "line": 304, "column": 5 }
          },
          {
            "start": { "line": 302, "column": 11 },
            "end": { "line": 304, "column": 5 }
          }
        ]
      },
      "20": {
        "loc": {
          "start": { "line": 298, "column": 8 },
          "end": { "line": 298, "column": 53 }
        },
        "type": "binary-expr",
        "locations": [
          {
            "start": { "line": 298, "column": 8 },
            "end": { "line": 298, "column": 18 }
          },
          {
            "start": { "line": 298, "column": 22 },
            "end": { "line": 298, "column": 53 }
          }
        ]
      },
      "21": {
        "loc": {
          "start": { "line": 302, "column": 11 },
          "end": { "line": 304, "column": 5 }
        },
        "type": "if",
        "locations": [
          {
            "start": { "line": 302, "column": 11 },
            "end": { "line": 304, "column": 5 }
          }
        ]
      },
      "22": {
        "loc": {
          "start": { "line": 302, "column": 15 },
          "end": { "line": 302, "column": 69 }
        },
        "type": "binary-expr",
        "locations": [
          {
            "start": { "line": 302, "column": 15 },
            "end": { "line": 302, "column": 25 }
          },
          {
            "start": { "line": 302, "column": 29 },
            "end": { "line": 302, "column": 69 }
          }
        ]
      },
      "23": {
        "loc": {
          "start": { "line": 311, "column": 2 },
          "end": { "line": 311, "column": null }
        },
        "type": "if",
        "locations": [
          {
            "start": { "line": 311, "column": 2 },
            "end": { "line": 311, "column": null }
          }
        ]
      },
      "24": {
        "loc": {
          "start": { "line": 313, "column": 2 },
          "end": { "line": 320, "column": 3 }
        },
        "type": "if",
        "locations": [
          {
            "start": { "line": 313, "column": 2 },
            "end": { "line": 320, "column": 3 }
          }
        ]
      },
      "25": {
        "loc": {
          "start": { "line": 314, "column": 4 },
          "end": { "line": 317, "column": 14 }
        },
        "type": "binary-expr",
        "locations": [
          {
            "start": { "line": 314, "column": 4 },
            "end": { "line": 314, "column": 25 }
          },
          {
            "start": { "line": 315, "column": 4 },
            "end": { "line": 315, "column": 25 }
          },
          {
            "start": { "line": 316, "column": 4 },
            "end": { "line": 316, "column": 14 }
          },
          {
            "start": { "line": 317, "column": 4 },
            "end": { "line": 317, "column": 14 }
          }
        ]
      },
      "26": {
        "loc": {
          "start": { "line": 328, "column": 2 },
          "end": { "line": 328, "column": null }
        },
        "type": "if",
        "locations": [
          {
            "start": { "line": 328, "column": 2 },
            "end": { "line": 328, "column": null }
          }
        ]
      },
      "27": {
        "loc": {
          "start": { "line": 331, "column": 4 },
          "end": { "line": 333, "column": 5 }
        },
        "type": "if",
        "locations": [
          {
            "start": { "line": 331, "column": 4 },
            "end": { "line": 333, "column": 5 }
          }
        ]
      },
      "28": {
        "loc": {
          "start": { "line": 331, "column": 8 },
          "end": { "line": 331, "column": 55 }
        },
        "type": "binary-expr",
        "locations": [
          {
            "start": { "line": 331, "column": 8 },
            "end": { "line": 331, "column": 28 }
          },
          {
            "start": { "line": 331, "column": 32 },
            "end": { "line": 331, "column": 55 }
          }
        ]
      },
      "29": {
        "loc": {
          "start": { "line": 352, "column": 4 },
          "end": { "line": 352, "column": 18 }
        },
        "type": "default-arg",
        "locations": [
          {
            "start": { "line": 352, "column": 16 },
            "end": { "line": 352, "column": 18 }
          }
        ]
      },
      "30": {
        "loc": {
          "start": { "line": 353, "column": 4 },
          "end": { "line": 353, "column": 14 }
        },
        "type": "default-arg",
        "locations": [
          {
            "start": { "line": 353, "column": 12 },
            "end": { "line": 353, "column": 14 }
          }
        ]
      },
      "31": {
        "loc": {
          "start": { "line": 364, "column": 21 },
          "end": { "line": 364, "column": 54 }
        },
        "type": "binary-expr",
        "locations": [
          {
            "start": { "line": 364, "column": 21 },
            "end": { "line": 364, "column": 48 }
          },
          {
            "start": { "line": 364, "column": 52 },
            "end": { "line": 364, "column": 54 }
          }
        ]
      },
      "32": {
        "loc": {
          "start": { "line": 406, "column": 4 },
          "end": { "line": 408, "column": 5 }
        },
        "type": "if",
        "locations": [
          {
            "start": { "line": 406, "column": 4 },
            "end": { "line": 408, "column": 5 }
          }
        ]
      },
      "33": {
        "loc": {
          "start": { "line": 427, "column": 4 },
          "end": { "line": 431, "column": 5 }
        },
        "type": "if",
        "locations": [
          {
            "start": { "line": 427, "column": 4 },
            "end": { "line": 431, "column": 5 }
          }
        ]
      },
      "34": {
        "loc": {
          "start": { "line": 433, "column": 4 },
          "end": { "line": 437, "column": 5 }
        },
        "type": "if",
        "locations": [
          {
            "start": { "line": 433, "column": 4 },
            "end": { "line": 437, "column": 5 }
          }
        ]
      },
      "35": {
        "loc": {
          "start": { "line": 439, "column": 4 },
          "end": { "line": 443, "column": 5 }
        },
        "type": "if",
        "locations": [
          {
            "start": { "line": 439, "column": 4 },
            "end": { "line": 443, "column": 5 }
          }
        ]
      },
      "36": {
        "loc": {
          "start": { "line": 445, "column": 4 },
          "end": { "line": 449, "column": 5 }
        },
        "type": "if",
        "locations": [
          {
            "start": { "line": 445, "column": 4 },
            "end": { "line": 449, "column": 5 }
          }
        ]
      },
      "37": {
        "loc": {
          "start": { "line": 451, "column": 4 },
          "end": { "line": 454, "column": 5 }
        },
        "type": "if",
        "locations": [
          {
            "start": { "line": 451, "column": 4 },
            "end": { "line": 454, "column": 5 }
          }
        ]
      }
    },
    "s": {
      "0": 1,
      "1": 1,
      "2": 1,
      "3": 24,
      "4": 1,
      "5": 24,
      "6": 6,
      "7": 7,
      "8": 7,
      "9": 1,
      "10": 1,
      "11": 6,
      "12": 6,
      "13": 6,
      "14": 12,
      "15": 12,
      "16": 1,
      "17": 5,
      "18": 5,
      "19": 1,
      "20": 1,
      "21": 1,
      "22": 21,
      "23": 42,
      "24": 5,
      "25": 4,
      "26": 4,
      "27": 1,
      "28": 9,
      "29": 9,
      "30": 9,
      "31": 1,
      "32": 1,
      "33": 2,
      "34": 2,
      "35": 4,
      "36": 2,
      "37": 2,
      "38": 1,
      "39": 4,
      "40": 4,
      "41": 2,
      "42": 4,
      "43": 4,
      "44": 1,
      "45": 1,
      "46": 1,
      "47": 1,
      "48": 4,
      "49": 2,
      "50": 2,
      "51": 2,
      "52": 2,
      "53": 1,
      "54": 6,
      "55": 6,
      "56": 6,
      "57": 6,
      "58": 6,
      "59": 6,
      "60": 6,
      "61": 6,
      "62": 11,
      "63": 11,
      "64": 0,
      "65": 0,
      "66": 11,
      "67": 5,
      "68": 6,
      "69": 6,
      "70": 5,
      "71": 6,
      "72": 1,
      "73": 1,
      "74": 5,
      "75": 5,
      "76": 5,
      "77": 1,
      "78": 5,
      "79": 1,
      "80": 1,
      "81": 4,
      "82": 2,
      "83": 2,
      "84": 2,
      "85": 1,
      "86": 1,
      "87": 1,
      "88": 1,
      "89": 1,
      "90": 1,
      "91": 2,
      "92": 1,
      "93": 2,
      "94": 0,
      "95": 1,
      "96": 1,
      "97": 2,
      "98": 2,
      "99": 2,
      "100": 1,
      "101": 1,
      "102": 1,
      "103": 6,
      "104": 6,
      "105": 6,
      "106": 3,
      "107": 6,
      "108": 1,
      "109": 2,
      "110": 1,
      "111": 1,
      "112": 2,
      "113": 2,
      "114": 2,
      "115": 4,
      "116": 2,
      "117": 2,
      "118": 1,
      "119": 1,
      "120": 3,
      "121": 3,
      "122": 3,
      "123": 1,
      "124": 1,
      "125": 1,
      "126": 1,
      "127": 1,
      "128": 2,
      "129": 2,
      "130": 1,
      "131": 1,
      "132": 3,
      "133": 3,
      "134": 6,
      "135": 4,
      "136": 4,
      "137": 4,
      "138": 2,
      "139": 0,
      "140": 6,
      "141": 1,
      "142": 1,
      "143": 3,
      "144": 2,
      "145": 1,
      "146": 0,
      "147": 1,
      "148": 1,
      "149": 1,
      "150": 1,
      "151": 1,
      "152": 0,
      "153": 1,
      "154": 1,
      "155": 1,
      "156": 0,
      "157": 3,
      "158": 3,
      "159": 3,
      "160": 3,
      "161": 5,
      "162": 5,
      "163": 5,
      "164": 5,
      "165": 3,
      "166": 3,
      "167": 3,
      "168": 3,
      "169": 5,
      "170": 5,
      "171": 3,
      "172": 4,
      "173": 3,
      "174": 3,
      "175": 1,
      "176": 1,
      "177": 1,
      "178": 1,
      "179": 1,
      "180": 1,
      "181": 1,
      "182": 1,
      "183": 3,
      "184": 3,
      "185": 3,
      "186": 3,
      "187": 24,
      "188": 24,
      "189": 3,
      "190": 24,
      "191": 5,
      "192": 24,
      "193": 5,
      "194": 24,
      "195": 3,
      "196": 24,
      "197": 5,
      "198": 3,
      "199": 1,
      "200": 1,
      "201": 1,
      "202": 1,
      "203": 1,
      "204": 1
    },
    "f": {
      "0": 1,
      "1": 24,
      "2": 6,
      "3": 7,
      "4": 12,
      "5": 1,
      "6": 5,
      "7": 1,
      "8": 21,
      "9": 42,
      "10": 5,
      "11": 9,
      "12": 2,
      "13": 4,
      "14": 2,
      "15": 1,
      "16": 4,
      "17": 2,
      "18": 11,
      "19": 0,
      "20": 11,
      "21": 5,
      "22": 6,
      "23": 1,
      "24": 2,
      "25": 2,
      "26": 1,
      "27": 2,
      "28": 2,
      "29": 0,
      "30": 2,
      "31": 6,
      "32": 2,
      "33": 2,
      "34": 4,
      "35": 3,
      "36": 1,
      "37": 2,
      "38": 3,
      "39": 6,
      "40": 3,
      "41": 3,
      "42": 5,
      "43": 3,
      "44": 1,
      "45": 1,
      "46": 3,
      "47": 24,
      "48": 1,
      "49": 1
    },
    "b": {
      "0": [1],
      "1": [1],
      "2": [1],
      "3": [4],
      "4": [1],
      "5": [1],
      "6": [4, 1],
      "7": [2],
      "8": [1],
      "9": [2],
      "10": [0],
      "11": [0],
      "12": [5],
      "13": [1],
      "14": [1, 4],
      "15": [1, 0],
      "16": [3],
      "17": [1],
      "18": [0],
      "19": [4, 2],
      "20": [6, 3],
      "21": [0],
      "22": [2, 1],
      "23": [2],
      "24": [0],
      "25": [1, 1, 1, 1],
      "26": [0],
      "27": [1],
      "28": [1, 1],
      "29": [0],
      "30": [0],
      "31": [5, 4],
      "32": [1],
      "33": [3],
      "34": [5],
      "35": [5],
      "36": [3],
      "37": [5]
    }
  }
}
