TN:
SF:src/App.tsx
FN:5,App
FNF:1
FNH:1
FNDA:8,App
DA:1,1
DA:2,1
DA:3,1
DA:6,8
DA:9,1
LF:5
LH:5
BRF:0
BRH:0
end_of_record
TN:
SF:src/components/debug/StoreDebug.tsx
FN:4,(anonymous_1)
FNF:1
FNH:1
FNDA:15,(anonymous_1)
DA:1,2
DA:2,2
DA:4,2
DA:5,15
DA:6,15
DA:7,15
DA:9,15
LF:7
LH:7
BRDA:29,0,0,15
BRDA:29,0,1,0
BRDA:33,1,0,15
BRDA:33,1,1,0
BRF:4
BRH:2
end_of_record
TN:
SF:src/components/layout/CanvasPanel.tsx
FN:20,(anonymous_10)
FN:35,(anonymous_11)
FN:36,(anonymous_12)
FN:55,(anonymous_13)
FN:61,(anonymous_14)
FN:64,(anonymous_15)
FN:71,(anonymous_16)
FN:72,(anonymous_17)
FN:76,(anonymous_18)
FN:80,(anonymous_19)
FN:84,(anonymous_20)
FN:153,(anonymous_21)
FN:347,(anonymous_22)
FN:351,(anonymous_23)
FNF:14
FNH:12
FNDA:83,(anonymous_10)
FNDA:83,(anonymous_11)
FNDA:0,(anonymous_12)
FNDA:0,(anonymous_13)
FNDA:83,(anonymous_14)
FNDA:5,(anonymous_15)
FNDA:1,(anonymous_16)
FNDA:2,(anonymous_17)
FNDA:1,(anonymous_18)
FNDA:1,(anonymous_19)
FNDA:1,(anonymous_20)
FNDA:1,(anonymous_21)
FNDA:58,(anonymous_22)
FNDA:37,(anonymous_23)
DA:1,11
DA:3,11
DA:4,11
DA:5,11
DA:13,11
DA:14,11
DA:20,11
DA:25,83
DA:26,83
DA:27,83
DA:28,83
DA:29,83
DA:30,83
DA:31,83
DA:32,83
DA:35,83
DA:36,83
DA:37,0
DA:39,0
DA:41,0
DA:43,0
DA:44,0
DA:45,0
DA:49,0
DA:51,0
DA:54,0
DA:55,0
DA:56,0
DA:60,83
DA:61,83
DA:64,83
DA:66,5
DA:67,3
DA:71,83
DA:72,2
DA:73,1
DA:76,83
DA:77,1
DA:80,83
DA:81,1
DA:84,83
DA:85,1
DA:88,83
DA:91,83
DA:123,83
DA:139,83
DA:153,1
DA:349,58
DA:350,58
DA:352,37
DA:355,58
LF:51
LH:40
BRDA:37,0,0,0
BRDA:41,1,0,0
BRDA:41,1,1,0
BRDA:41,1,2,0
BRDA:41,1,3,0
BRDA:41,1,4,0
BRDA:41,1,5,0
BRDA:66,2,0,3
BRDA:91,3,0,47
BRDA:91,3,1,36
BRDA:128,4,0,13
BRDA:128,4,1,70
BRDA:129,5,0,13
BRDA:129,5,1,70
BRDA:141,6,0,83
BRDA:141,6,1,66
BRDA:173,7,0,47
BRDA:173,7,1,36
BRDA:174,8,0,47
BRDA:174,8,1,36
BRDA:189,9,0,56
BRDA:189,9,1,27
BRDA:190,10,0,56
BRDA:190,10,1,27
BRDA:200,11,0,83
BRDA:200,11,1,13
BRDA:234,12,0,83
BRDA:234,12,1,81
BRDA:244,13,0,81
BRDA:244,13,1,1
BRDA:270,14,0,13
BRDA:270,14,1,68
BRDA:282,15,0,13
BRDA:282,15,1,68
BRDA:294,16,0,13
BRDA:294,16,1,68
BRDA:306,17,0,13
BRDA:306,17,1,68
BRDA:313,18,0,43
BRDA:313,18,1,38
BRDA:320,19,0,8
BRDA:320,19,1,35
BRDA:327,20,0,43
BRDA:327,20,1,8
BRDA:386,21,0,81
BRDA:386,21,1,13
BRDA:386,21,2,4
BRDA:403,22,0,4
BRDA:403,22,1,0
BRF:49
BRH:41
end_of_record
TN:
SF:src/components/layout/MainLayout.tsx
FN:9,(anonymous_1)
FNF:1
FNH:1
FNDA:15,(anonymous_1)
DA:1,2
DA:2,2
DA:3,2
DA:4,2
DA:5,2
DA:6,2
DA:7,2
DA:9,2
DA:10,15
DA:12,15
LF:10
LH:10
BRF:0
BRH:0
end_of_record
TN:
SF:src/components/layout/PalettePanel.tsx
FN:23,(anonymous_10)
FN:41,(anonymous_11)
FN:47,(anonymous_12)
FN:66,(anonymous_13)
FN:67,(anonymous_14)
FN:80,(anonymous_15)
FN:82,(anonymous_16)
FN:102,(anonymous_17)
FN:103,(anonymous_18)
FN:104,(anonymous_19)
FN:109,(anonymous_20)
FN:123,(anonymous_21)
FN:138,(anonymous_22)
FN:154,(anonymous_23)
FN:155,(anonymous_24)
FN:185,(anonymous_25)
FN:186,(anonymous_26)
FN:196,(anonymous_27)
FN:200,(anonymous_28)
FN:290,(anonymous_29)
FN:294,(anonymous_30)
FN:405,(anonymous_31)
FN:433,(anonymous_32)
FN:441,(anonymous_33)
FN:442,(anonymous_34)
FN:545,(anonymous_35)
FN:550,(anonymous_36)
FN:561,(anonymous_37)
FN:565,(anonymous_38)
FNF:29
FNH:20
FNDA:138,(anonymous_10)
FNDA:1,(anonymous_11)
FNDA:1,(anonymous_12)
FNDA:0,(anonymous_13)
FNDA:0,(anonymous_14)
FNDA:10,(anonymous_15)
FNDA:10,(anonymous_16)
FNDA:9,(anonymous_17)
FNDA:9,(anonymous_18)
FNDA:27,(anonymous_19)
FNDA:9,(anonymous_20)
FNDA:2,(anonymous_21)
FNDA:0,(anonymous_22)
FNDA:1,(anonymous_23)
FNDA:1,(anonymous_24)
FNDA:111,(anonymous_25)
FNDA:1,(anonymous_26)
FNDA:111,(anonymous_27)
FNDA:414,(anonymous_28)
FNDA:3,(anonymous_29)
FNDA:0,(anonymous_30)
FNDA:381,(anonymous_31)
FNDA:11,(anonymous_32)
FNDA:0,(anonymous_33)
FNDA:0,(anonymous_34)
FNDA:1,(anonymous_35)
FNDA:0,(anonymous_36)
FNDA:0,(anonymous_37)
FNDA:0,(anonymous_38)
DA:1,8
DA:3,8
DA:4,8
DA:5,8
DA:6,8
DA:7,8
DA:8,8
DA:9,8
DA:23,8
DA:28,138
DA:29,138
DA:32,138
DA:35,138
DA:36,138
DA:37,138
DA:40,138
DA:42,1
DA:43,1
DA:44,1
DA:47,1
DA:66,138
DA:67,0
DA:79,138
DA:81,10
DA:82,10
DA:102,138
DA:103,9
DA:104,9
DA:105,27
DA:109,9
DA:123,138
DA:124,2
DA:125,0
DA:127,0
DA:128,0
DA:129,0
DA:131,0
DA:132,0
DA:133,0
DA:137,2
DA:138,0
DA:146,0
DA:147,0
DA:148,0
DA:154,138
DA:155,1
DA:165,1
DA:166,1
DA:167,1
DA:173,138
DA:185,138
DA:186,111
DA:187,1
DA:191,1
DA:195,111
DA:196,111
DA:200,414
DA:201,138
DA:206,138
DA:208,138
DA:210,138
DA:291,3
DA:292,3
DA:295,0
DA:296,0
DA:406,381
DA:434,11
DA:435,11
DA:441,0
DA:442,0
DA:546,1
DA:547,1
DA:550,0
DA:562,0
DA:563,0
DA:566,0
DA:567,0
LF:77
LH:56
BRDA:69,0,0,0
BRDA:69,0,1,0
BRDA:90,1,0,10
BRDA:90,1,1,0
BRDA:105,2,0,9
BRDA:105,2,1,18
BRDA:124,3,0,0
BRDA:124,4,0,2
BRDA:124,4,1,2
BRDA:125,5,0,0
BRDA:125,5,1,0
BRDA:137,6,0,0
BRDA:146,7,0,0
BRDA:165,8,0,1
BRDA:187,9,0,1
BRDA:188,10,0,1
BRDA:188,10,1,1
BRDA:206,11,0,138
BRDA:206,11,1,10
BRDA:208,12,0,138
BRDA:208,12,1,10
BRDA:214,13,0,138
BRDA:214,13,1,121
BRDA:244,14,0,138
BRDA:244,14,1,12
BRDA:301,15,0,10
BRDA:301,15,1,128
BRDA:359,16,0,138
BRDA:359,16,1,10
BRDA:371,17,0,4
BRDA:371,17,1,6
BRDA:373,18,0,1
BRDA:373,18,1,5
BRDA:388,19,0,138
BRDA:388,19,1,137
BRDA:391,20,0,137
BRDA:391,20,1,127
BRDA:420,21,0,137
BRDA:420,21,1,6
BRDA:453,22,0,137
BRDA:453,22,1,4
BRDA:478,23,0,137
BRDA:478,23,1,6
BRDA:517,24,0,137
BRDA:517,24,1,127
BRDA:517,24,2,1
BRF:46
BRH:38
end_of_record
TN:
SF:src/components/layout/PropertiesPanel.tsx
FN:11,(anonymous_1)
FNF:1
FNH:1
FNDA:24,(anonymous_1)
DA:1,2
DA:3,2
DA:4,2
DA:5,2
DA:11,2
DA:16,24
DA:17,24
DA:18,24
DA:20,24
LF:9
LH:9
BRDA:18,0,0,24
BRDA:18,0,1,24
BRDA:18,0,2,24
BRDA:21,1,0,24
BRDA:21,1,1,8
BRDA:26,2,0,1
BRDA:26,2,1,23
BRDA:28,3,0,0
BRDA:28,3,1,23
BRF:9
BRH:8
end_of_record
TN:
SF:src/components/ui/ComponentPaletteItem.tsx
FN:19,(anonymous_9)
FN:41,(anonymous_10)
FN:44,(anonymous_11)
FN:50,(anonymous_12)
FN:59,(anonymous_13)
FN:60,(anonymous_14)
FN:69,(anonymous_15)
FN:93,(anonymous_16)
FN:98,(anonymous_17)
FN:167,(anonymous_18)
FN:168,(anonymous_19)
FN:181,(anonymous_20)
FNF:12
FNH:11
FNDA:574,(anonymous_9)
FNDA:9,(anonymous_10)
FNDA:4,(anonymous_11)
FNDA:2,(anonymous_12)
FNDA:492,(anonymous_13)
FNDA:492,(anonymous_14)
FNDA:4,(anonymous_15)
FNDA:1,(anonymous_16)
FNDA:574,(anonymous_17)
FNDA:0,(anonymous_18)
FNDA:1,(anonymous_19)
FNDA:2,(anonymous_20)
DA:1,9
DA:3,9
DA:4,9
DA:5,9
DA:19,9
DA:30,574
DA:31,574
DA:32,574
DA:33,574
DA:34,574
DA:35,574
DA:38,574
DA:41,574
DA:42,9
DA:43,9
DA:44,8
DA:45,4
DA:50,574
DA:51,2
DA:52,2
DA:53,2
DA:54,2
DA:59,574
DA:60,492
DA:61,492
DA:62,8
DA:68,574
DA:70,4
DA:72,3
DA:75,3
DA:76,3
DA:77,1
DA:79,2
DA:81,3
DA:84,0
DA:86,0
DA:93,574
DA:94,1
DA:98,574
DA:99,574
DA:117,574
DA:118,9
DA:125,565
DA:126,14
DA:136,551
DA:137,2
DA:145,549
DA:146,11
DA:155,538
DA:158,574
DA:167,0
DA:168,1
DA:181,2
LF:53
LH:50
BRDA:26,0,0,53
BRDA:27,1,0,46
BRDA:28,2,0,40
BRDA:38,3,0,574
BRDA:38,3,1,53
BRDA:43,4,0,8
BRDA:43,5,0,9
BRDA:43,5,1,9
BRDA:53,6,0,2
BRDA:61,7,0,8
BRDA:70,8,0,1
BRDA:72,9,0,2
BRDA:72,9,1,3
BRDA:72,9,2,0
BRDA:72,9,3,0
BRDA:76,10,0,1
BRDA:76,10,1,2
BRDA:106,11,0,9
BRDA:106,11,1,565
BRDA:106,12,0,14
BRDA:106,12,1,551
BRDA:113,13,0,9
BRDA:113,13,1,565
BRDA:117,14,0,9
BRDA:125,15,0,14
BRDA:136,16,0,2
BRDA:145,17,0,11
BRDA:167,18,0,0
BRDA:167,18,1,0
BRDA:168,19,0,1
BRDA:168,19,1,1
BRDA:169,20,0,9
BRDA:169,20,1,565
BRDA:175,21,0,4
BRDA:175,21,1,570
BRDA:179,22,0,9
BRDA:179,22,1,565
BRDA:192,23,0,9
BRDA:192,23,1,565
BRDA:204,24,0,9
BRDA:204,24,1,565
BRDA:220,25,0,9
BRDA:220,25,1,565
BRDA:220,26,0,12
BRDA:220,26,1,553
BRDA:252,27,0,574
BRDA:252,27,1,4
BRDA:252,27,2,4
BRDA:252,27,3,4
BRF:49
BRH:45
end_of_record
TN:
SF:src/components/ui/ComponentPreview.tsx
FN:20,(anonymous_1)
FN:132,(anonymous_2)
FNF:2
FNH:2
FNDA:595,(anonymous_1)
FNDA:595,(anonymous_2)
DA:1,9
DA:2,9
DA:10,9
DA:20,9
DA:24,595
DA:30,595
DA:32,595
DA:39,595
DA:41,200
DA:48,133
DA:85,128
DA:103,133
DA:124,1
DA:132,9
DA:137,595
LF:15
LH:15
BRDA:39,0,0,200
BRDA:39,0,1,133
BRDA:39,0,2,128
BRDA:39,0,3,133
BRDA:39,0,4,1
BRDA:134,1,0,594
BRDA:135,2,0,21
BRF:7
BRH:7
end_of_record
TN:
SF:src/components/ui/ComponentRenderer.tsx
FN:12,(anonymous_9)
FN:27,(anonymous_10)
FN:37,(anonymous_11)
FN:83,(anonymous_12)
FN:101,(anonymous_13)
FN:107,(anonymous_14)
FN:174,(anonymous_15)
FN:187,(anonymous_16)
FN:193,(anonymous_17)
FN:213,(anonymous_18)
FN:228,(anonymous_19)
FN:243,(anonymous_20)
FN:258,(anonymous_21)
FN:276,(anonymous_22)
FN:292,(anonymous_23)
FN:308,(anonymous_24)
FN:324,(anonymous_25)
FN:343,(anonymous_26)
FN:485,(anonymous_27)
FN:505,(anonymous_28)
FN:512,(anonymous_29)
FNF:21
FNH:8
FNDA:67,(anonymous_9)
FNDA:1,(anonymous_10)
FNDA:0,(anonymous_11)
FNDA:0,(anonymous_12)
FNDA:1,(anonymous_13)
FNDA:1,(anonymous_14)
FNDA:5,(anonymous_15)
FNDA:2,(anonymous_16)
FNDA:1,(anonymous_17)
FNDA:0,(anonymous_18)
FNDA:0,(anonymous_19)
FNDA:0,(anonymous_20)
FNDA:1,(anonymous_21)
FNDA:0,(anonymous_22)
FNDA:0,(anonymous_23)
FNDA:0,(anonymous_24)
FNDA:0,(anonymous_25)
FNDA:0,(anonymous_26)
FNDA:0,(anonymous_27)
FNDA:0,(anonymous_28)
FNDA:0,(anonymous_29)
DA:1,11
DA:2,11
DA:3,11
DA:4,11
DA:12,11
DA:17,67
DA:18,67
DA:19,67
DA:20,67
DA:21,67
DA:22,67
DA:24,67
DA:27,67
DA:28,1
DA:29,1
DA:30,1
DA:32,1
DA:33,1
DA:34,1
DA:35,1
DA:37,1
DA:38,0
DA:39,0
DA:41,0
DA:42,0
DA:44,0
DA:46,0
DA:47,0
DA:48,0
DA:50,0
DA:51,0
DA:52,0
DA:54,0
DA:55,0
DA:56,0
DA:58,0
DA:59,0
DA:60,0
DA:62,0
DA:63,0
DA:65,0
DA:66,0
DA:68,0
DA:69,0
DA:71,0
DA:72,0
DA:75,0
DA:83,1
DA:84,0
DA:85,0
DA:86,0
DA:88,0
DA:96,1
DA:97,1
DA:101,67
DA:102,1
DA:104,1
DA:107,67
DA:108,1
DA:109,1
DA:113,67
DA:118,67
DA:122,67
DA:174,67
DA:175,5
DA:178,5
DA:179,1
DA:182,4
DA:183,4
DA:184,4
DA:187,67
DA:188,2
DA:189,2
DA:193,67
DA:194,1
DA:198,67
DA:213,0
DA:228,0
DA:243,0
DA:258,1
DA:276,0
DA:292,0
DA:308,0
DA:324,0
DA:330,67
DA:343,0
DA:348,67
DA:376,67
DA:431,67
DA:453,67
DA:455,34
DA:464,5
DA:475,22
DA:485,0
DA:497,5
DA:505,0
DA:512,0
DA:519,1
LF:98
LH:57
BRDA:44,0,0,0
BRDA:44,0,1,0
BRDA:44,0,2,0
BRDA:44,0,3,0
BRDA:44,0,4,0
BRDA:44,0,5,0
BRDA:44,0,6,0
BRDA:44,0,7,0
BRDA:113,1,0,67
BRDA:113,1,1,2
BRDA:118,2,0,2
BRDA:118,2,1,65
BRDA:118,3,0,67
BRDA:118,3,1,2
BRDA:128,4,0,2
BRDA:128,4,1,65
BRDA:130,5,0,25
BRDA:130,5,1,40
BRDA:132,6,0,2
BRDA:132,6,1,38
BRDA:135,7,0,67
BRDA:135,7,1,65
BRDA:138,8,0,5
BRDA:138,8,1,62
BRDA:139,9,0,5
BRDA:139,9,1,62
BRDA:142,10,0,5
BRDA:142,10,1,62
BRDA:144,11,0,2
BRDA:144,11,1,60
BRDA:146,12,0,2
BRDA:146,12,1,58
BRDA:149,13,0,67
BRDA:149,13,1,58
BRDA:149,13,2,57
BRDA:150,14,0,67
BRDA:150,14,1,57
BRDA:151,15,0,67
BRDA:151,15,1,59
BRDA:152,16,0,67
BRDA:152,16,1,66
BRDA:153,17,0,2
BRDA:153,17,1,65
BRDA:155,18,0,1
BRDA:155,18,1,64
BRDA:157,19,0,26
BRDA:157,19,1,38
BRDA:157,20,0,64
BRDA:157,20,1,40
BRDA:160,21,0,2
BRDA:160,21,1,65
BRDA:162,22,0,3
BRDA:162,22,1,64
BRDA:162,23,0,67
BRDA:162,23,1,65
BRDA:163,24,0,2
BRDA:163,24,1,65
BRDA:163,25,0,25
BRDA:163,25,1,40
BRDA:165,26,0,2
BRDA:165,26,1,65
BRDA:167,27,0,25
BRDA:167,27,1,40
BRDA:169,28,0,2
BRDA:169,28,1,38
BRDA:178,29,0,1
BRDA:188,30,0,2
BRDA:198,31,0,11
BRDA:198,31,1,56
BRDA:198,32,0,67
BRDA:198,32,1,27
BRDA:198,32,2,11
BRDA:348,33,0,21
BRDA:348,33,1,46
BRDA:348,34,0,67
BRDA:348,34,1,27
BRDA:348,34,2,25
BRDA:376,35,0,21
BRDA:376,35,1,46
BRDA:376,36,0,67
BRDA:376,36,1,27
BRDA:376,36,2,25
BRDA:431,37,0,2
BRDA:431,37,1,65
BRDA:431,38,0,67
BRDA:431,38,1,2
BRDA:453,39,0,34
BRDA:453,39,1,5
BRDA:453,39,2,22
BRDA:453,39,3,5
BRDA:453,39,4,1
BRDA:483,40,0,22
BRDA:483,40,1,0
BRDA:509,41,0,0
BRDA:509,41,1,5
BRF:95
BRH:85
end_of_record
TN:
SF:src/components/ui/PaletteCategory.tsx
FN:19,(anonymous_9)
FN:32,(anonymous_10)
FN:41,(anonymous_11)
FN:50,(anonymous_12)
FN:55,(anonymous_13)
FN:103,(anonymous_14)
FN:104,(anonymous_15)
FN:181,(anonymous_16)
FN:190,(anonymous_17)
FN:191,(anonymous_18)
FNF:10
FNH:6
FNDA:381,(anonymous_9)
FNDA:508,(anonymous_10)
FNDA:0,(anonymous_11)
FNDA:9,(anonymous_12)
FNDA:1,(anonymous_13)
FNDA:0,(anonymous_14)
FNDA:0,(anonymous_15)
FNDA:508,(anonymous_16)
FNDA:1,(anonymous_17)
FNDA:0,(anonymous_18)
DA:1,8
DA:3,8
DA:4,8
DA:19,8
DA:28,381
DA:29,381
DA:32,381
DA:33,508
DA:35,0
DA:36,0
DA:38,0
DA:41,0
DA:46,381
DA:47,0
DA:50,381
DA:51,9
DA:54,381
DA:56,1
DA:57,1
DA:58,1
DA:64,381
DA:79,381
DA:87,381
DA:95,381
DA:103,0
DA:104,0
DA:182,508
DA:183,508
DA:190,1
DA:191,0
LF:30
LH:22
BRDA:22,0,0,381
BRDA:26,1,0,0
BRDA:33,2,0,508
BRDA:39,3,0,0
BRDA:39,3,1,0
BRDA:39,3,2,0
BRDA:46,4,0,0
BRDA:46,5,0,381
BRDA:46,5,1,0
BRDA:56,6,0,1
BRDA:56,7,0,1
BRDA:56,7,1,0
BRDA:73,8,0,0
BRDA:73,8,1,381
BRDA:74,9,0,0
BRDA:74,9,1,381
BRDA:83,10,0,12
BRDA:83,10,1,369
BRDA:91,11,0,12
BRDA:91,11,1,369
BRDA:92,12,0,12
BRDA:92,12,1,369
BRDA:160,13,0,381
BRDA:160,13,1,369
BRDA:160,13,2,369
BRDA:188,14,0,508
BRDA:188,14,1,0
BRDA:202,15,0,381
BRDA:202,15,1,0
BRDA:202,15,2,0
BRF:30
BRH:18
end_of_record
TN:
SF:src/components/ui/PaletteState.ts
FN:200,(anonymous_0)
FN:207,(anonymous_1)
FN:212,(anonymous_2)
FN:217,(anonymous_3)
FN:224,(anonymous_4)
FN:230,(anonymous_5)
FN:236,(anonymous_6)
FN:256,(anonymous_7)
FN:261,(anonymous_8)
FN:265,(anonymous_9)
FNF:10
FNH:10
FNDA:148,(anonymous_0)
FNDA:62,(anonymous_1)
FNDA:170,(anonymous_2)
FNDA:7,(anonymous_3)
FNDA:11,(anonymous_4)
FNDA:3,(anonymous_5)
FNDA:9,(anonymous_6)
FNDA:7,(anonymous_7)
FNDA:26,(anonymous_8)
FNDA:29,(anonymous_9)
DA:1,9
DA:46,9
DA:89,9
DA:175,9
DA:187,9
DA:200,9
DA:204,148
DA:206,18
DA:207,18
DA:208,62
DA:209,62
DA:212,170
DA:217,9
DA:222,7
DA:224,3
DA:225,11
DA:229,1
DA:231,3
DA:236,2
DA:237,9
DA:238,9
DA:240,9
DA:241,4
DA:246,5
DA:247,5
DA:248,1
DA:252,1
DA:256,9
DA:261,26
DA:262,7
DA:265,9
DA:268,29
LF:32
LH:32
BRDA:204,0,0,130
BRDA:210,1,0,62
BRDA:210,1,1,46
BRDA:210,1,2,45
BRDA:220,2,0,5
BRDA:222,3,0,3
BRDA:222,3,1,1
BRDA:222,3,2,2
BRDA:222,3,3,1
BRDA:240,4,0,4
BRDA:240,5,0,9
BRDA:240,5,1,4
BRDA:246,6,0,0
BRDA:247,7,0,4
BRDA:259,8,0,5
BRDA:267,9,0,8
BRF:16
BRH:15
end_of_record
TN:
SF:src/components/ui/PropertiesForm.tsx
FN:11,(anonymous_1)
FN:15,(anonymous_2)
FN:38,(anonymous_3)
FN:50,(anonymous_4)
FN:59,(anonymous_5)
FN:73,(anonymous_6)
FN:89,(anonymous_7)
FN:101,(anonymous_8)
FN:110,(anonymous_9)
FN:119,(anonymous_10)
FN:139,(anonymous_11)
FN:148,(anonymous_12)
FN:157,(anonymous_13)
FN:173,(anonymous_14)
FN:189,(anonymous_15)
FN:198,(anonymous_16)
FN:210,(anonymous_17)
FN:220,(anonymous_18)
FN:229,(anonymous_19)
FN:238,(anonymous_20)
FN:250,(anonymous_21)
FNF:21
FNH:6
FNDA:10,(anonymous_1)
FNDA:5,(anonymous_2)
FNDA:1,(anonymous_3)
FNDA:2,(anonymous_4)
FNDA:1,(anonymous_5)
FNDA:1,(anonymous_6)
FNDA:0,(anonymous_7)
FNDA:0,(anonymous_8)
FNDA:0,(anonymous_9)
FNDA:0,(anonymous_10)
FNDA:0,(anonymous_11)
FNDA:0,(anonymous_12)
FNDA:0,(anonymous_13)
FNDA:0,(anonymous_14)
FNDA:0,(anonymous_15)
FNDA:0,(anonymous_16)
FNDA:0,(anonymous_17)
FNDA:0,(anonymous_18)
FNDA:0,(anonymous_19)
FNDA:0,(anonymous_20)
FNDA:0,(anonymous_21)
DA:1,3
DA:2,3
DA:3,3
DA:4,3
DA:5,3
DA:11,3
DA:12,10
DA:13,10
DA:15,10
DA:16,5
DA:17,5
DA:21,5
DA:24,5
DA:27,10
DA:29,7
DA:30,7
DA:38,1
DA:50,2
DA:60,1
DA:73,1
DA:80,1
DA:81,1
DA:89,0
DA:101,0
DA:110,0
DA:119,0
DA:130,1
DA:131,1
DA:139,0
DA:148,0
DA:157,0
DA:173,0
DA:180,1
DA:181,1
DA:189,0
DA:198,0
DA:210,0
DA:220,0
DA:229,0
DA:238,0
DA:250,0
DA:257,0
LF:42
LH:26
BRDA:21,0,0,1
BRDA:27,1,0,7
BRDA:27,1,1,1
BRDA:27,1,2,1
BRDA:27,1,3,1
BRDA:27,1,4,0
BRDA:147,2,0,1
BRDA:147,2,1,0
BRF:8
BRH:6
end_of_record
TN:
SF:src/components/ui/index.ts
FN:2,(anonymous_4)
FN:3,(anonymous_5)
FN:4,(anonymous_6)
FN:8,(anonymous_7)
FN:9,(anonymous_8)
FNF:5
FNH:0
FNDA:0,(anonymous_4)
FNDA:0,(anonymous_5)
FNDA:0,(anonymous_6)
FNDA:0,(anonymous_7)
FNDA:0,(anonymous_8)
DA:2,0
DA:3,0
DA:4,0
DA:5,0
DA:8,0
DA:9,0
LF:6
LH:0
BRF:0
BRH:0
end_of_record
TN:
SF:src/hooks/useDragAndDrop.ts
FN:14,(anonymous_0)
FN:22,(anonymous_1)
FN:45,(anonymous_2)
FN:50,(anonymous_3)
FN:85,(anonymous_4)
FN:98,(anonymous_5)
FN:111,(anonymous_6)
FN:125,(anonymous_7)
FN:130,(anonymous_8)
FN:137,(anonymous_9)
FN:164,(anonymous_10)
FN:184,(anonymous_11)
FN:210,(anonymous_12)
FN:232,(anonymous_13)
FN:253,(anonymous_14)
FN:289,(anonymous_15)
FN:297,(anonymous_16)
FN:331,(anonymous_17)
FN:335,(anonymous_18)
FN:340,(anonymous_19)
FN:346,(anonymous_20)
FN:355,(anonymous_21)
FN:359,(anonymous_22)
FN:382,(anonymous_23)
FN:405,(anonymous_24)
FN:414,(anonymous_25)
FN:418,(anonymous_26)
FN:440,(anonymous_27)
FNF:28
FNH:24
FNDA:139,(anonymous_0)
FNDA:10,(anonymous_1)
FNDA:127,(anonymous_2)
FNDA:6,(anonymous_3)
FNDA:109,(anonymous_4)
FNDA:0,(anonymous_5)
FNDA:26,(anonymous_6)
FNDA:127,(anonymous_7)
FNDA:125,(anonymous_8)
FNDA:0,(anonymous_9)
FNDA:0,(anonymous_10)
FNDA:5,(anonymous_11)
FNDA:6,(anonymous_12)
FNDA:7,(anonymous_13)
FNDA:7,(anonymous_14)
FNDA:2,(anonymous_15)
FNDA:12,(anonymous_16)
FNDA:38,(anonymous_17)
FNDA:2,(anonymous_18)
FNDA:1,(anonymous_19)
FNDA:1,(anonymous_20)
FNDA:26,(anonymous_21)
FNDA:4,(anonymous_22)
FNDA:1,(anonymous_23)
FNDA:0,(anonymous_24)
FNDA:18,(anonymous_25)
FNDA:4,(anonymous_26)
FNDA:2,(anonymous_27)
DA:1,6
DA:2,6
DA:8,6
DA:9,6
DA:14,6
DA:15,139
DA:16,139
DA:17,139
DA:18,139
DA:21,139
DA:26,10
DA:27,10
DA:28,10
DA:30,10
DA:45,139
DA:46,127
DA:48,26
DA:50,26
DA:51,6
DA:52,6
DA:53,6
DA:73,6
DA:80,6
DA:81,6
DA:82,6
DA:85,26
DA:86,109
DA:87,6
DA:88,6
DA:92,109
DA:93,109
DA:94,109
DA:98,26
DA:99,0
DA:100,0
DA:101,0
DA:106,26
DA:108,26
DA:109,26
DA:111,26
DA:112,26
DA:114,26
DA:115,6
DA:116,6
DA:119,26
DA:120,26
DA:125,139
DA:126,127
DA:128,5
DA:130,5
DA:131,125
DA:133,125
DA:134,123
DA:137,125
DA:138,0
DA:139,0
DA:141,0
DA:144,0
DA:146,0
DA:147,0
DA:152,0
DA:157,0
DA:164,5
DA:165,0
DA:167,0
DA:168,0
DA:170,0
DA:173,0
DA:177,5
DA:178,5
DA:181,5
DA:182,5
DA:184,5
DA:185,5
DA:186,2
DA:189,5
DA:190,5
DA:192,5
DA:193,5
DA:209,139
DA:215,6
DA:216,6
DA:231,139
DA:237,7
DA:252,139
DA:254,7
DA:256,5
DA:257,5
DA:259,4
DA:260,4
DA:261,2
DA:266,2
DA:267,2
DA:272,2
DA:273,2
DA:278,5
DA:279,4
DA:289,139
DA:290,2
DA:296,139
DA:298,12
DA:299,12
DA:309,139
DA:331,6
DA:332,38
DA:334,38
DA:336,2
DA:337,2
DA:338,2
DA:341,1
DA:342,1
DA:343,1
DA:346,1
DA:355,6
DA:356,26
DA:358,26
DA:360,4
DA:362,2
DA:363,2
DA:366,2
DA:367,2
DA:368,2
DA:372,2
DA:374,2
DA:379,2
DA:383,1
DA:384,1
DA:386,1
DA:387,1
DA:388,1
DA:389,1
DA:390,1
DA:394,1
DA:395,1
DA:400,1
DA:405,0
DA:414,6
DA:415,18
DA:417,18
DA:419,4
DA:421,1
DA:422,1
DA:424,1
DA:425,1
DA:427,1
DA:432,1
DA:433,1
DA:441,2
DA:443,2
DA:444,2
DA:446,2
DA:447,2
DA:448,1
DA:449,1
DA:451,1
DA:456,1
DA:457,0
LF:157
LH:139
BRDA:27,0,0,10
BRDA:27,0,1,5
BRDA:28,1,0,10
BRDA:28,1,1,5
BRDA:46,2,0,101
BRDA:80,3,0,6
BRDA:80,3,1,0
BRDA:86,4,0,6
BRDA:92,5,0,109
BRDA:99,6,0,0
BRDA:114,7,0,6
BRDA:126,8,0,122
BRDA:133,9,0,123
BRDA:139,10,0,0
BRDA:139,11,0,0
BRDA:139,11,1,0
BRDA:144,12,0,0
BRDA:168,13,0,0
BRDA:168,14,0,0
BRDA:168,14,1,0
BRDA:185,15,0,2
BRDA:235,16,0,3
BRDA:254,17,0,2
BRDA:257,18,0,4
BRDA:260,19,0,2
BRDA:260,20,0,4
BRDA:260,20,1,3
BRDA:278,21,0,4
BRDA:300,22,0,12
BRDA:300,22,1,10
BRDA:300,22,2,8
BRDA:300,22,3,7
BRDA:360,23,0,2
BRDA:372,24,0,2
BRDA:387,25,0,1
BRDA:394,26,0,1
BRDA:419,27,0,3
BRDA:432,28,0,1
BRDA:441,29,0,0
BRDA:447,30,0,1
BRDA:456,31,0,0
BRF:41
BRH:30
end_of_record
TN:
SF:src/hooks/usePaletteAccessibility.ts
FN:33,(anonymous_0)
FN:59,(anonymous_1)
FN:64,(anonymous_2)
FN:84,(anonymous_3)
FN:94,(anonymous_4)
FN:99,(anonymous_5)
FN:105,(anonymous_6)
FN:117,(anonymous_7)
FN:132,(anonymous_8)
FN:143,(anonymous_9)
FN:148,(anonymous_10)
FN:163,(anonymous_11)
FN:169,(anonymous_12)
FN:214,(anonymous_13)
FN:305,(anonymous_14)
FN:331,(anonymous_15)
FN:354,(anonymous_16)
FN:372,(anonymous_17)
FN:411,(anonymous_18)
FN:414,(anonymous_19)
FN:426,(anonymous_20)
FN:430,(anonymous_21)
FN:432,(anonymous_22)
FN:436,(anonymous_23)
FN:443,(anonymous_24)
FN:467,(anonymous_25)
FN:468,(anonymous_26)
FN:471,(anonymous_27)
FN:476,(anonymous_28)
FNF:29
FNH:13
FNDA:58,(anonymous_0)
FNDA:52,(anonymous_1)
FNDA:52,(anonymous_2)
FNDA:52,(anonymous_3)
FNDA:0,(anonymous_4)
FNDA:0,(anonymous_5)
FNDA:0,(anonymous_6)
FNDA:54,(anonymous_7)
FNDA:426,(anonymous_8)
FNDA:52,(anonymous_9)
FNDA:2,(anonymous_10)
FNDA:52,(anonymous_11)
FNDA:0,(anonymous_12)
FNDA:0,(anonymous_13)
FNDA:0,(anonymous_14)
FNDA:0,(anonymous_15)
FNDA:0,(anonymous_16)
FNDA:0,(anonymous_17)
FNDA:0,(anonymous_18)
FNDA:0,(anonymous_19)
FNDA:0,(anonymous_20)
FNDA:52,(anonymous_21)
FNDA:52,(anonymous_22)
FNDA:52,(anonymous_23)
FNDA:52,(anonymous_24)
FNDA:0,(anonymous_25)
FNDA:0,(anonymous_26)
FNDA:0,(anonymous_27)
FNDA:0,(anonymous_28)
DA:1,4
DA:3,4
DA:33,4
DA:44,58
DA:46,58
DA:47,58
DA:48,58
DA:53,58
DA:54,58
DA:55,58
DA:56,58
DA:59,58
DA:60,52
DA:64,58
DA:65,52
DA:67,52
DA:68,52
DA:69,52
DA:70,52
DA:71,52
DA:72,52
DA:80,52
DA:81,52
DA:84,52
DA:85,52
DA:86,52
DA:87,52
DA:93,58
DA:95,0
DA:97,0
DA:99,0
DA:100,0
DA:101,0
DA:102,0
DA:105,0
DA:106,0
DA:107,0
DA:117,58
DA:118,54
DA:120,54
DA:128,54
DA:132,426
DA:143,58
DA:144,52
DA:147,52
DA:148,52
DA:149,2
DA:152,52
DA:163,52
DA:168,58
DA:170,0
DA:171,0
DA:173,0
DA:176,0
DA:178,0
DA:179,0
DA:181,0
DA:182,0
DA:184,0
DA:185,0
DA:187,0
DA:188,0
DA:190,0
DA:193,0
DA:194,0
DA:195,0
DA:196,0
DA:199,0
DA:200,0
DA:201,0
DA:202,0
DA:213,58
DA:215,0
DA:217,0
DA:218,0
DA:220,0
DA:223,0
DA:224,0
DA:227,0
DA:229,0
DA:232,0
DA:233,0
DA:234,0
DA:240,0
DA:245,0
DA:246,0
DA:247,0
DA:251,0
DA:253,0
DA:254,0
DA:255,0
DA:256,0
DA:259,0
DA:260,0
DA:261,0
DA:262,0
DA:265,0
DA:266,0
DA:267,0
DA:268,0
DA:271,0
DA:272,0
DA:273,0
DA:274,0
DA:278,0
DA:279,0
DA:280,0
DA:283,0
DA:284,0
DA:288,0
DA:289,0
DA:290,0
DA:292,0
DA:304,58
DA:306,0
DA:309,0
DA:311,0
DA:312,0
DA:313,0
DA:314,0
DA:319,0
DA:320,0
DA:321,0
DA:331,58
DA:332,0
DA:333,0
DA:334,0
DA:339,0
DA:340,0
DA:343,0
DA:346,0
DA:347,0
DA:353,58
DA:355,0
DA:359,0
DA:360,0
DA:361,0
DA:371,58
DA:373,0
DA:375,0
DA:377,0
DA:378,0
DA:379,0
DA:380,0
DA:385,0
DA:388,0
DA:389,0
DA:393,0
DA:400,0
DA:404,0
DA:411,58
DA:412,0
DA:414,0
DA:415,0
DA:416,0
DA:418,0
DA:419,0
DA:420,0
DA:425,0
DA:426,0
DA:430,58
DA:431,52
DA:432,52
DA:436,58
DA:437,52
DA:438,0
DA:443,58
DA:444,52
DA:445,0
DA:449,58
DA:467,0
DA:468,0
DA:472,0
DA:473,0
DA:477,0
DA:478,0
LF:176
LH:55
BRDA:41,0,0,0
BRDA:42,1,0,0
BRDA:43,2,0,0
BRDA:65,3,0,0
BRDA:67,4,0,52
BRDA:85,5,0,52
BRDA:95,6,0,0
BRDA:95,7,0,0
BRDA:95,7,1,0
BRDA:97,8,0,0
BRDA:97,9,0,0
BRDA:100,10,0,0
BRDA:106,11,0,0
BRDA:118,12,0,0
BRDA:137,13,0,426
BRDA:137,13,1,267
BRDA:147,14,0,52
BRDA:171,15,0,0
BRDA:173,16,0,0
BRDA:173,16,1,0
BRDA:176,17,0,0
BRDA:176,17,1,0
BRDA:176,17,2,0
BRDA:176,17,3,0
BRDA:176,17,4,0
BRDA:178,18,0,0
BRDA:178,18,1,0
BRDA:181,19,0,0
BRDA:181,19,1,0
BRDA:194,20,0,0
BRDA:200,21,0,0
BRDA:200,22,0,0
BRDA:200,22,1,0
BRDA:215,23,0,0
BRDA:215,24,0,0
BRDA:215,24,1,0
BRDA:220,25,0,0
BRDA:223,26,0,0
BRDA:223,27,0,0
BRDA:223,27,1,0
BRDA:224,28,0,0
BRDA:224,28,1,0
BRDA:232,29,0,0
BRDA:245,30,0,0
BRDA:251,31,0,0
BRDA:251,31,1,0
BRDA:251,31,2,0
BRDA:251,31,3,0
BRDA:251,31,4,0
BRDA:251,31,5,0
BRDA:251,31,6,0
BRDA:251,31,7,0
BRDA:288,32,0,0
BRDA:288,33,0,0
BRDA:288,33,1,0
BRDA:311,34,0,0
BRDA:311,34,1,0
BRDA:312,35,0,0
BRDA:319,36,0,0
BRDA:319,37,0,0
BRDA:319,37,1,0
BRDA:332,38,0,0
BRDA:332,38,1,0
BRDA:346,39,0,0
BRDA:359,40,0,0
BRDA:375,41,0,0
BRDA:375,41,1,0
BRDA:375,41,2,0
BRDA:375,41,3,0
BRDA:375,41,4,0
BRDA:375,41,5,0
BRDA:377,42,0,0
BRDA:377,43,0,0
BRDA:377,43,1,0
BRDA:401,44,0,0
BRDA:401,44,1,0
BRDA:412,45,0,0
BRDA:412,46,0,0
BRDA:412,46,1,0
BRDA:416,47,0,0
BRDA:419,48,0,0
BRDA:437,49,0,0
BRDA:444,50,0,0
BRDA:444,51,0,52
BRDA:444,51,1,0
BRF:85
BRH:6
end_of_record
TN:
SF:src/store/index.ts
FN:37,(anonymous_0)
FN:40,(anonymous_1)
FN:54,(anonymous_2)
FN:67,(anonymous_3)
FN:124,(anonymous_4)
FN:145,(anonymous_5)
FN:181,(anonymous_6)
FN:190,(anonymous_7)
FN:200,(anonymous_8)
FN:235,(anonymous_9)
FN:252,(anonymous_10)
FN:254,(anonymous_11)
FN:261,(anonymous_12)
FN:263,(anonymous_13)
FN:271,(anonymous_14)
FN:273,(anonymous_15)
FN:281,(anonymous_16)
FN:283,(anonymous_17)
FN:294,(anonymous_18)
FN:345,(anonymous_19)
FN:347,(anonymous_20)
FN:395,(anonymous_21)
FN:401,(anonymous_22)
FN:443,(anonymous_23)
FN:445,(anonymous_24)
FN:489,(anonymous_25)
FN:491,(anonymous_26)
FN:505,(anonymous_27)
FN:507,(anonymous_28)
FN:525,(anonymous_29)
FN:527,(anonymous_30)
FN:536,(anonymous_31)
FN:538,(anonymous_32)
FN:540,(anonymous_33)
FN:547,(anonymous_34)
FN:549,(anonymous_35)
FN:605,(anonymous_36)
FN:611,(anonymous_37)
FN:664,(anonymous_38)
FN:666,(anonymous_39)
FN:704,(anonymous_40)
FN:706,(anonymous_41)
FN:716,(anonymous_42)
FN:718,(anonymous_43)
FN:725,(anonymous_44)
FN:727,(anonymous_45)
FN:734,(anonymous_46)
FN:736,(anonymous_47)
FN:744,(anonymous_48)
FN:746,(anonymous_49)
FN:754,(anonymous_50)
FN:756,(anonymous_51)
FN:780,(anonymous_52)
FN:782,(anonymous_53)
FN:803,(anonymous_54)
FN:805,(anonymous_55)
FN:820,(anonymous_56)
FN:822,(anonymous_57)
FN:829,(anonymous_58)
FN:831,(anonymous_59)
FN:839,(anonymous_60)
FN:841,(anonymous_61)
FN:848,(anonymous_62)
FN:850,(anonymous_63)
FN:858,(anonymous_64)
FN:860,(anonymous_65)
FN:868,(anonymous_66)
FN:870,(anonymous_67)
FN:877,(anonymous_68)
FN:879,(anonymous_69)
FN:887,(anonymous_70)
FN:889,(anonymous_71)
FN:918,(anonymous_72)
FN:920,(anonymous_73)
FN:949,(anonymous_74)
FN:951,(anonymous_75)
FN:974,(anonymous_76)
FN:976,(anonymous_77)
FN:986,(anonymous_78)
FN:988,(anonymous_79)
FN:1001,(anonymous_80)
FN:1003,(anonymous_81)
FN:1019,(anonymous_82)
FN:1022,(anonymous_83)
FN:1044,(anonymous_84)
FN:1054,(anonymous_85)
FN:1064,(anonymous_86)
FN:1066,(anonymous_87)
FN:1079,(anonymous_88)
FN:1104,(anonymous_89)
FN:1114,(anonymous_90)
FN:1137,(anonymous_91)
FN:1149,(anonymous_92)
FN:1154,(anonymous_93)
FN:1157,(anonymous_94)
FN:1165,(anonymous_95)
FN:1174,(anonymous_96)
FN:1194,(anonymous_97)
FN:1211,(anonymous_98)
FN:1220,(anonymous_99)
FN:1222,(anonymous_100)
FN:1229,(anonymous_101)
FN:1231,(anonymous_102)
FN:1241,(anonymous_103)
FN:1258,(anonymous_104)
FN:1264,(anonymous_105)
FN:1282,(anonymous_106)
FN:1292,(anonymous_107)
FN:1298,(anonymous_108)
FN:1301,(anonymous_109)
FN:1306,(anonymous_110)
FN:1310,(anonymous_111)
FN:1315,(anonymous_112)
FN:1320,(anonymous_113)
FN:1325,(anonymous_114)
FN:1340,(anonymous_115)
FN:1344,(anonymous_116)
FN:1344,(anonymous_117)
FN:1375,(anonymous_118)
FN:1375,(anonymous_119)
FN:1376,(anonymous_120)
FN:1377,(anonymous_121)
FN:1378,(anonymous_122)
FN:1379,(anonymous_123)
FN:1382,(anonymous_124)
FN:1383,(anonymous_125)
FN:1385,(anonymous_126)
FN:1386,(anonymous_127)
FN:1392,(anonymous_128)
FN:1392,(anonymous_129)
FN:1393,(anonymous_130)
FN:1394,(anonymous_131)
FN:1395,(anonymous_132)
FN:1395,(anonymous_133)
FN:1396,(anonymous_134)
FN:1397,(anonymous_135)
FN:1398,(anonymous_136)
FN:1398,(anonymous_137)
FN:1399,(anonymous_138)
FN:1400,(anonymous_139)
FN:1406,(anonymous_140)
FN:1407,(anonymous_141)
FN:1413,(anonymous_142)
FN:1414,(anonymous_143)
FN:1428,(anonymous_144)
FN:1429,(anonymous_145)
FN:1437,(anonymous_146)
FN:1438,(anonymous_147)
FN:1451,(anonymous_148)
FN:1452,(anonymous_149)
FN:1460,(anonymous_150)
FN:1461,(anonymous_151)
FN:1474,(anonymous_152)
FN:1477,(anonymous_153)
FN:1490,(anonymous_154)
FN:1498,(anonymous_155)
FNF:156
FNH:114
FNDA:43,(anonymous_0)
FNDA:41,(anonymous_1)
FNDA:254,(anonymous_2)
FNDA:11,(anonymous_3)
FNDA:13,(anonymous_4)
FNDA:13,(anonymous_5)
FNDA:11,(anonymous_6)
FNDA:11,(anonymous_7)
FNDA:11,(anonymous_8)
FNDA:11,(anonymous_9)
FNDA:3,(anonymous_10)
FNDA:3,(anonymous_11)
FNDA:3,(anonymous_12)
FNDA:3,(anonymous_13)
FNDA:1,(anonymous_14)
FNDA:1,(anonymous_15)
FNDA:24,(anonymous_16)
FNDA:24,(anonymous_17)
FNDA:0,(anonymous_18)
FNDA:7,(anonymous_19)
FNDA:7,(anonymous_20)
FNDA:4,(anonymous_21)
FNDA:4,(anonymous_22)
FNDA:0,(anonymous_23)
FNDA:0,(anonymous_24)
FNDA:8,(anonymous_25)
FNDA:8,(anonymous_26)
FNDA:2,(anonymous_27)
FNDA:2,(anonymous_28)
FNDA:7,(anonymous_29)
FNDA:7,(anonymous_30)
FNDA:1,(anonymous_31)
FNDA:1,(anonymous_32)
FNDA:1,(anonymous_33)
FNDA:7,(anonymous_34)
FNDA:7,(anonymous_35)
FNDA:3,(anonymous_36)
FNDA:3,(anonymous_37)
FNDA:1,(anonymous_38)
FNDA:1,(anonymous_39)
FNDA:5,(anonymous_40)
FNDA:5,(anonymous_41)
FNDA:3,(anonymous_42)
FNDA:3,(anonymous_43)
FNDA:19,(anonymous_44)
FNDA:19,(anonymous_45)
FNDA:6,(anonymous_46)
FNDA:6,(anonymous_47)
FNDA:3,(anonymous_48)
FNDA:3,(anonymous_49)
FNDA:7,(anonymous_50)
FNDA:7,(anonymous_51)
FNDA:2,(anonymous_52)
FNDA:2,(anonymous_53)
FNDA:10,(anonymous_54)
FNDA:10,(anonymous_55)
FNDA:0,(anonymous_56)
FNDA:0,(anonymous_57)
FNDA:4,(anonymous_58)
FNDA:4,(anonymous_59)
FNDA:0,(anonymous_60)
FNDA:0,(anonymous_61)
FNDA:1,(anonymous_62)
FNDA:1,(anonymous_63)
FNDA:1,(anonymous_64)
FNDA:1,(anonymous_65)
FNDA:9,(anonymous_66)
FNDA:9,(anonymous_67)
FNDA:1,(anonymous_68)
FNDA:1,(anonymous_69)
FNDA:3,(anonymous_70)
FNDA:3,(anonymous_71)
FNDA:3,(anonymous_72)
FNDA:3,(anonymous_73)
FNDA:0,(anonymous_74)
FNDA:0,(anonymous_75)
FNDA:40,(anonymous_76)
FNDA:40,(anonymous_77)
FNDA:2,(anonymous_78)
FNDA:2,(anonymous_79)
FNDA:1,(anonymous_80)
FNDA:1,(anonymous_81)
FNDA:3,(anonymous_82)
FNDA:3,(anonymous_83)
FNDA:2,(anonymous_84)
FNDA:1,(anonymous_85)
FNDA:1,(anonymous_86)
FNDA:1,(anonymous_87)
FNDA:0,(anonymous_88)
FNDA:0,(anonymous_89)
FNDA:2,(anonymous_90)
FNDA:2,(anonymous_91)
FNDA:0,(anonymous_92)
FNDA:0,(anonymous_93)
FNDA:0,(anonymous_94)
FNDA:0,(anonymous_95)
FNDA:0,(anonymous_96)
FNDA:0,(anonymous_97)
FNDA:0,(anonymous_98)
FNDA:1,(anonymous_99)
FNDA:1,(anonymous_100)
FNDA:2,(anonymous_101)
FNDA:2,(anonymous_102)
FNDA:4,(anonymous_103)
FNDA:0,(anonymous_104)
FNDA:0,(anonymous_105)
FNDA:0,(anonymous_106)
FNDA:0,(anonymous_107)
FNDA:0,(anonymous_108)
FNDA:0,(anonymous_109)
FNDA:0,(anonymous_110)
FNDA:0,(anonymous_111)
FNDA:0,(anonymous_112)
FNDA:0,(anonymous_113)
FNDA:0,(anonymous_114)
FNDA:249,(anonymous_115)
FNDA:11,(anonymous_116)
FNDA:11,(anonymous_117)
FNDA:78,(anonymous_118)
FNDA:113,(anonymous_119)
FNDA:14,(anonymous_120)
FNDA:21,(anonymous_121)
FNDA:3,(anonymous_122)
FNDA:3,(anonymous_123)
FNDA:0,(anonymous_124)
FNDA:0,(anonymous_125)
FNDA:0,(anonymous_126)
FNDA:0,(anonymous_127)
FNDA:13,(anonymous_128)
FNDA:21,(anonymous_129)
FNDA:52,(anonymous_130)
FNDA:53,(anonymous_131)
FNDA:14,(anonymous_132)
FNDA:25,(anonymous_133)
FNDA:7,(anonymous_134)
FNDA:12,(anonymous_135)
FNDA:0,(anonymous_136)
FNDA:0,(anonymous_137)
FNDA:0,(anonymous_138)
FNDA:0,(anonymous_139)
FNDA:0,(anonymous_140)
FNDA:0,(anonymous_141)
FNDA:90,(anonymous_142)
FNDA:121,(anonymous_143)
FNDA:37,(anonymous_144)
FNDA:59,(anonymous_145)
FNDA:46,(anonymous_146)
FNDA:61,(anonymous_147)
FNDA:14,(anonymous_148)
FNDA:25,(anonymous_149)
FNDA:10,(anonymous_150)
FNDA:17,(anonymous_151)
FNDA:0,(anonymous_152)
FNDA:0,(anonymous_153)
FNDA:11,(anonymous_154)
FNDA:0,(anonymous_155)
DA:2,11
DA:3,11
DA:4,11
DA:5,11
DA:8,11
DA:34,11
DA:37,11
DA:38,43
DA:40,11
DA:43,41
DA:54,11
DA:56,254
DA:67,11
DA:70,11
DA:72,11
DA:73,11
DA:75,11
DA:78,11
DA:79,11
DA:80,0
DA:81,0
DA:85,11
DA:116,11
DA:124,13
DA:145,13
DA:181,11
DA:190,11
DA:200,11
DA:201,11
DA:202,11
DA:211,11
DA:223,11
DA:235,11
DA:237,11
DA:248,11
DA:253,3
DA:255,3
DA:262,3
DA:264,3
DA:272,1
DA:274,1
DA:282,24
DA:284,24
DA:287,24
DA:294,0
DA:310,24
DA:311,24
DA:313,24
DA:315,21
DA:319,21
DA:322,21
DA:323,21
DA:324,21
DA:325,21
DA:328,21
DA:332,3
DA:337,24
DA:338,24
DA:346,7
DA:348,7
DA:350,7
DA:351,4
DA:355,4
DA:356,4
DA:357,0
DA:364,4
DA:365,0
DA:368,4
DA:370,4
DA:372,1
DA:376,1
DA:379,1
DA:380,1
DA:381,1
DA:382,1
DA:386,4
DA:387,4
DA:400,4
DA:402,4
DA:403,4
DA:405,4
DA:406,2
DA:417,2
DA:418,2
DA:420,2
DA:422,2
DA:426,2
DA:429,2
DA:430,2
DA:431,2
DA:432,2
DA:436,2
DA:444,0
DA:446,0
DA:448,0
DA:449,0
DA:463,0
DA:467,0
DA:469,0
DA:471,0
DA:475,0
DA:478,0
DA:479,0
DA:480,0
DA:481,0
DA:490,8
DA:492,8
DA:493,4
DA:494,4
DA:497,4
DA:499,8
DA:506,2
DA:509,2
DA:510,2
DA:511,1
DA:514,2
DA:515,1
DA:526,7
DA:528,7
DA:529,7
DA:536,1
DA:539,1
DA:541,1
DA:548,7
DA:550,7
DA:551,7
DA:553,5
DA:554,5
DA:571,5
DA:582,5
DA:583,5
DA:585,5
DA:587,4
DA:591,4
DA:594,4
DA:595,4
DA:596,4
DA:597,4
DA:610,3
DA:612,3
DA:613,3
DA:615,2
DA:630,2
DA:641,2
DA:642,2
DA:644,2
DA:646,1
DA:650,1
DA:653,1
DA:654,1
DA:655,1
DA:656,1
DA:665,1
DA:667,1
DA:668,1
DA:669,0
DA:680,0
DA:681,0
DA:683,0
DA:685,0
DA:689,0
DA:692,0
DA:693,0
DA:694,0
DA:695,0
DA:705,5
DA:707,5
DA:708,5
DA:709,5
DA:710,5
DA:717,3
DA:719,3
DA:726,19
DA:728,19
DA:735,6
DA:737,6
DA:738,6
DA:745,3
DA:747,3
DA:755,7
DA:757,7
DA:758,7
DA:781,2
DA:783,2
DA:784,2
DA:787,2
DA:788,2
DA:789,2
DA:790,2
DA:791,2
DA:796,2
DA:804,10
DA:806,10
DA:821,0
DA:823,0
DA:830,4
DA:832,4
DA:840,0
DA:842,0
DA:849,1
DA:851,1
DA:852,1
DA:859,1
DA:861,1
DA:862,1
DA:869,9
DA:871,9
DA:878,1
DA:880,1
DA:888,3
DA:890,3
DA:891,2
DA:892,2
DA:895,2
DA:898,2
DA:899,2
DA:902,2
DA:905,2
DA:906,2
DA:908,2
DA:910,2
DA:911,2
DA:919,3
DA:921,3
DA:922,2
DA:923,2
DA:926,2
DA:929,2
DA:930,2
DA:933,2
DA:936,2
DA:937,2
DA:939,2
DA:940,2
DA:942,2
DA:950,0
DA:952,0
DA:956,0
DA:957,0
DA:958,0
DA:959,0
DA:960,0
DA:963,0
DA:967,0
DA:975,40
DA:977,40
DA:978,40
DA:979,40
DA:980,40
DA:987,2
DA:989,2
DA:992,2
DA:993,0
DA:1002,1
DA:1004,1
DA:1008,1
DA:1009,1
DA:1010,1
DA:1011,1
DA:1012,1
DA:1020,3
DA:1021,3
DA:1023,3
DA:1029,3
DA:1030,3
DA:1038,3
DA:1043,2
DA:1045,2
DA:1046,2
DA:1047,2
DA:1053,1
DA:1055,1
DA:1056,1
DA:1065,1
DA:1067,1
DA:1073,1
DA:1074,1
DA:1075,1
DA:1076,0
DA:1078,0
DA:1080,0
DA:1081,0
DA:1083,0
DA:1084,0
DA:1089,0
DA:1090,0
DA:1095,0
DA:1096,0
DA:1103,0
DA:1105,0
DA:1106,0
DA:1115,2
DA:1116,2
DA:1136,2
DA:1138,2
DA:1139,2
DA:1140,2
DA:1141,2
DA:1142,2
DA:1150,0
DA:1151,0
DA:1153,0
DA:1155,0
DA:1157,0
DA:1164,0
DA:1166,0
DA:1175,0
DA:1176,0
DA:1177,0
DA:1178,0
DA:1179,0
DA:1180,0
DA:1188,0
DA:1193,0
DA:1195,0
DA:1210,0
DA:1212,0
DA:1221,1
DA:1223,1
DA:1230,2
DA:1232,2
DA:1242,4
DA:1244,4
DA:1246,2
DA:1249,1
DA:1252,1
DA:1254,0
DA:1259,0
DA:1260,0
DA:1261,0
DA:1263,0
DA:1265,0
DA:1266,0
DA:1268,0
DA:1269,0
DA:1274,0
DA:1281,0
DA:1283,0
DA:1293,0
DA:1294,0
DA:1298,0
DA:1303,0
DA:1304,0
DA:1305,0
DA:1306,0
DA:1316,0
DA:1317,0
DA:1322,0
DA:1323,0
DA:1324,0
DA:1326,0
DA:1336,11
DA:1340,249
DA:1344,11
DA:1345,11
DA:1347,11
DA:1350,11
DA:1351,11
DA:1352,11
DA:1354,11
DA:1355,0
DA:1358,11
DA:1359,11
DA:1375,113
DA:1376,11
DA:1377,21
DA:1378,11
DA:1379,3
DA:1380,3
DA:1381,3
DA:1382,0
DA:1383,0
DA:1385,11
DA:1386,0
DA:1387,0
DA:1388,0
DA:1392,21
DA:1393,11
DA:1394,53
DA:1395,25
DA:1396,11
DA:1397,12
DA:1398,11
DA:1399,11
DA:1400,0
DA:1406,11
DA:1407,0
DA:1413,11
DA:1414,121
DA:1428,11
DA:1429,59
DA:1437,11
DA:1438,61
DA:1451,11
DA:1452,25
DA:1460,11
DA:1461,17
DA:1474,11
DA:1477,11
DA:1478,0
DA:1488,11
DA:1490,11
DA:1491,11
DA:1493,11
DA:1494,0
DA:1497,11
DA:1498,11
DA:1499,0
DA:1500,0
DA:1504,0
DA:1511,11
LF:411
LH:300
BRDA:59,0,0,254
BRDA:59,0,1,0
BRDA:72,1,0,11
BRDA:72,2,0,11
BRDA:72,2,1,11
BRDA:75,3,0,11
BRDA:75,3,1,0
BRDA:80,4,0,0
BRDA:80,5,0,0
BRDA:80,5,1,0
BRDA:90,6,0,11
BRDA:90,6,1,0
BRDA:92,7,0,11
BRDA:92,7,1,11
BRDA:93,8,0,11
BRDA:93,8,1,0
BRDA:99,9,0,11
BRDA:99,9,1,0
BRDA:100,10,0,11
BRDA:100,10,1,0
BRDA:106,11,0,11
BRDA:106,11,1,0
BRDA:107,12,0,11
BRDA:107,12,1,0
BRDA:281,13,0,19
BRDA:290,14,0,24
BRDA:290,14,1,0
BRDA:297,15,0,24
BRDA:297,15,1,2
BRDA:303,16,0,24
BRDA:303,16,1,2
BRDA:313,17,0,21
BRDA:328,18,0,3
BRDA:345,19,0,3
BRDA:350,20,0,4
BRDA:356,21,0,0
BRDA:364,22,0,0
BRDA:370,23,0,1
BRDA:398,24,0,3
BRDA:405,25,0,2
BRDA:410,26,0,2
BRDA:410,26,1,0
BRDA:413,27,0,2
BRDA:413,27,1,0
BRDA:420,28,0,2
BRDA:443,29,0,0
BRDA:448,30,0,0
BRDA:469,31,0,0
BRDA:489,32,0,4
BRDA:492,33,0,4
BRDA:492,33,1,4
BRDA:493,34,0,4
BRDA:510,35,0,1
BRDA:514,36,0,1
BRDA:516,37,0,1
BRDA:516,37,1,0
BRDA:517,38,0,1
BRDA:517,38,1,0
BRDA:547,39,0,2
BRDA:551,40,0,5
BRDA:575,41,0,5
BRDA:575,41,1,0
BRDA:578,42,0,5
BRDA:578,42,1,0
BRDA:585,43,0,4
BRDA:608,44,0,1
BRDA:613,45,0,2
BRDA:617,46,0,2
BRDA:617,46,1,0
BRDA:618,47,0,2
BRDA:618,47,1,2
BRDA:621,48,0,2
BRDA:621,48,1,0
BRDA:622,49,0,2
BRDA:622,49,1,2
BRDA:634,50,0,2
BRDA:634,50,1,0
BRDA:637,51,0,2
BRDA:637,51,1,0
BRDA:644,52,0,1
BRDA:664,53,0,0
BRDA:668,54,0,0
BRDA:673,55,0,0
BRDA:673,55,1,0
BRDA:676,56,0,0
BRDA:676,56,1,0
BRDA:683,57,0,0
BRDA:787,58,0,2
BRDA:890,59,0,2
BRDA:921,60,0,2
BRDA:963,61,0,0
BRDA:1039,62,0,3
BRDA:1039,62,1,1
BRDA:1075,63,0,0
BRDA:1080,64,0,0
BRDA:1083,65,0,0
BRDA:1089,66,0,0
BRDA:1177,67,0,0
BRDA:1202,68,0,0
BRDA:1202,68,1,0
BRDA:1244,69,0,2
BRDA:1244,69,1,1
BRDA:1244,69,2,1
BRDA:1244,69,3,0
BRDA:1260,70,0,0
BRDA:1265,71,0,0
BRDA:1268,72,0,0
BRDA:1293,73,0,0
BRDA:1303,74,0,0
BRDA:1303,75,0,0
BRDA:1303,75,1,0
BRDA:1323,76,0,0
BRDA:1345,77,0,11
BRDA:1350,78,0,11
BRDA:1354,79,0,0
BRDA:1354,80,0,11
BRDA:1354,80,1,11
BRDA:1358,81,0,11
BRDA:1358,82,0,11
BRDA:1358,82,1,11
BRDA:1361,83,0,11
BRDA:1361,83,1,0
BRDA:1388,84,0,0
BRDA:1388,84,1,0
BRDA:1389,85,0,0
BRDA:1389,85,1,0
BRDA:1479,86,0,0
BRDA:1479,86,1,0
BRDA:1479,86,2,0
BRDA:1479,86,3,0
BRDA:1479,86,4,0
BRDA:1493,87,0,0
BRDA:1497,88,0,11
BRDA:1500,89,0,0
BRDA:1501,90,0,0
BRDA:1501,90,1,0
BRF:136
BRH:70
end_of_record
TN:
SF:src/types/index.ts
FN:104,(anonymous_0)
FN:166,(anonymous_1)
FN:187,(anonymous_2)
FN:254,(anonymous_3)
FN:268,(anonymous_4)
FN:279,(anonymous_5)
FNF:6
FNH:6
FNDA:46,(anonymous_0)
FNDA:46,(anonymous_1)
FNDA:46,(anonymous_2)
FNDA:46,(anonymous_3)
FNDA:46,(anonymous_4)
FNDA:46,(anonymous_5)
DA:104,46
DA:105,46
DA:106,46
DA:107,46
DA:108,46
DA:109,46
DA:110,46
DA:111,46
DA:112,46
DA:113,46
DA:166,46
DA:167,46
DA:168,46
DA:169,46
DA:170,46
DA:187,46
DA:188,46
DA:189,46
DA:190,46
DA:191,46
DA:192,46
DA:254,46
DA:255,46
DA:256,46
DA:257,46
DA:258,46
DA:268,46
DA:269,46
DA:270,46
DA:271,46
DA:279,46
DA:280,46
DA:281,46
DA:282,46
DA:283,46
LF:35
LH:35
BRDA:104,0,0,46
BRDA:104,0,1,46
BRDA:166,1,0,46
BRDA:166,1,1,46
BRDA:187,2,0,46
BRDA:187,2,1,46
BRDA:254,3,0,46
BRDA:254,3,1,46
BRDA:268,4,0,46
BRDA:268,4,1,46
BRDA:279,5,0,46
BRDA:279,5,1,46
BRF:12
BRH:12
end_of_record
TN:
SF:src/utils/componentFactory.ts
FN:10,(anonymous_0)
FN:26,(anonymous_1)
FN:77,(anonymous_2)
FN:108,(anonymous_3)
FN:109,(anonymous_4)
FN:118,(anonymous_5)
FN:245,(anonymous_6)
FN:261,(anonymous_7)
FNF:8
FNH:8
FNDA:22,(anonymous_0)
FNDA:41,(anonymous_1)
FNDA:21,(anonymous_2)
FNDA:29,(anonymous_3)
FNDA:12,(anonymous_4)
FNDA:30,(anonymous_5)
FNDA:1,(anonymous_6)
FNDA:9,(anonymous_7)
DA:1,15
DA:10,15
DA:11,22
DA:13,15
DA:26,15
DA:29,41
DA:31,20
DA:39,5
DA:47,6
DA:55,9
DA:67,1
DA:77,15
DA:82,21
DA:83,21
DA:84,21
DA:87,21
DA:104,21
DA:108,29
DA:109,15
DA:110,12
DA:111,12
DA:112,7
DA:114,5
DA:118,15
DA:122,30
DA:123,30
DA:125,30
DA:127,30
DA:129,15
DA:130,15
DA:131,4
DA:138,15
DA:139,1
DA:146,15
DA:147,4
DA:154,15
DA:157,3
DA:158,3
DA:159,1
DA:166,3
DA:167,1
DA:174,3
DA:175,2
DA:182,3
DA:185,5
DA:186,5
DA:187,3
DA:194,5
DA:195,3
DA:202,5
DA:205,7
DA:206,7
DA:207,2
DA:214,7
DA:215,1
DA:222,7
DA:223,2
DA:230,7
DA:231,3
DA:238,7
DA:242,30
DA:245,15
DA:246,1
DA:247,1
DA:258,15
DA:262,9
LF:66
LH:66
BRDA:29,0,0,20
BRDA:29,0,1,5
BRDA:29,0,2,6
BRDA:29,0,3,9
BRDA:29,0,4,1
BRDA:84,1,0,21
BRDA:84,1,1,18
BRDA:84,1,2,0
BRDA:127,2,0,15
BRDA:127,2,1,3
BRDA:127,2,2,5
BRDA:127,2,3,7
BRDA:130,3,0,4
BRDA:130,4,0,15
BRDA:130,4,1,14
BRDA:138,5,0,1
BRDA:146,6,0,4
BRDA:158,7,0,1
BRDA:158,8,0,3
BRDA:158,8,1,2
BRDA:166,9,0,1
BRDA:174,10,0,2
BRDA:186,11,0,3
BRDA:186,12,0,5
BRDA:186,12,1,5
BRDA:194,13,0,3
BRDA:194,14,0,5
BRDA:194,14,1,5
BRDA:206,15,0,2
BRDA:206,16,0,7
BRDA:206,16,1,7
BRDA:214,17,0,1
BRDA:214,18,0,7
BRDA:214,18,1,6
BRDA:222,19,0,2
BRDA:222,20,0,7
BRDA:222,20,1,7
BRDA:230,21,0,3
BRDA:230,22,0,7
BRDA:230,22,1,4
BRF:40
BRH:39
end_of_record
TN:
SF:src/utils/componentTemplates.ts
FN:21,(anonymous_0)
FN:343,(anonymous_1)
FN:345,(anonymous_2)
FN:351,(anonymous_3)
FN:356,(anonymous_4)
FN:358,(anonymous_5)
FN:363,(anonymous_6)
FN:365,(anonymous_7)
FN:370,(anonymous_8)
FN:375,(anonymous_9)
FN:378,(anonymous_10)
FN:381,(anonymous_11)
FN:386,(anonymous_12)
FN:417,(anonymous_13)
FN:426,(anonymous_14)
FN:428,(anonymous_15)
FN:433,(anonymous_16)
FN:435,(anonymous_17)
FN:436,(anonymous_18)
FN:441,(anonymous_19)
FN:450,(anonymous_20)
FN:452,(anonymous_21)
FN:459,(anonymous_22)
FN:460,(anonymous_23)
FN:472,(anonymous_24)
FN:478,(anonymous_25)
FN:481,(anonymous_26)
FN:486,(anonymous_27)
FNF:28
FNH:25
FNDA:1,(anonymous_0)
FNDA:11,(anonymous_1)
FNDA:187,(anonymous_2)
FNDA:16,(anonymous_3)
FNDA:12,(anonymous_4)
FNDA:204,(anonymous_5)
FNDA:1,(anonymous_6)
FNDA:17,(anonymous_7)
FNDA:11,(anonymous_8)
FNDA:1,(anonymous_9)
FNDA:17,(anonymous_10)
FNDA:48,(anonymous_11)
FNDA:3,(anonymous_12)
FNDA:6,(anonymous_13)
FNDA:1,(anonymous_14)
FNDA:32,(anonymous_15)
FNDA:0,(anonymous_16)
FNDA:0,(anonymous_17)
FNDA:0,(anonymous_18)
FNDA:2,(anonymous_19)
FNDA:1,(anonymous_20)
FNDA:1,(anonymous_21)
FNDA:1,(anonymous_22)
FNDA:1,(anonymous_23)
FNDA:12,(anonymous_24)
FNDA:11,(anonymous_25)
FNDA:11,(anonymous_26)
FNDA:2,(anonymous_27)
DA:1,1
DA:2,1
DA:21,1
DA:22,1
DA:23,1
DA:24,1
DA:25,1
DA:26,1
DA:27,1
DA:31,1
DA:339,1
DA:340,11
DA:341,11
DA:345,11
DA:346,187
DA:352,16
DA:357,12
DA:358,204
DA:364,1
DA:365,17
DA:371,11
DA:376,1
DA:377,1
DA:379,17
DA:381,48
DA:395,3
DA:397,3
DA:412,3
DA:413,3
DA:418,6
DA:419,6
DA:420,6
DA:421,6
DA:427,1
DA:428,32
DA:434,0
DA:435,0
DA:436,0
DA:442,2
DA:444,1
DA:446,1
DA:451,1
DA:452,1
DA:453,1
DA:455,1
DA:460,1
DA:461,1
DA:462,1
DA:469,1
DA:472,1
DA:475,12
DA:478,1
DA:479,11
DA:480,11
DA:481,11
DA:483,11
DA:486,1
DA:491,2
DA:493,2
DA:495,2
LF:60
LH:57
BRDA:21,0,0,1
BRDA:21,0,1,1
BRDA:371,1,0,11
BRDA:371,1,1,2
BRDA:371,1,2,1
BRDA:379,2,0,17
BRDA:379,2,1,16
BRDA:379,2,2,16
BRDA:392,3,0,2
BRDA:393,4,0,2
BRDA:419,5,0,6
BRDA:420,6,0,6
BRDA:420,6,1,2
BRDA:426,7,0,0
BRDA:428,8,0,32
BRDA:428,8,1,30
BRDA:428,9,0,32
BRDA:428,9,1,27
BRDA:433,10,0,0
BRDA:442,11,0,1
BRDA:461,12,0,1
BRDA:483,13,0,11
BRDA:483,13,1,0
BRF:23
BRH:20
end_of_record
TN:
SF:src/utils/componentUtils.ts
FN:12,(anonymous_0)
FN:44,(anonymous_1)
FN:48,(anonymous_2)
FN:231,(anonymous_3)
FN:300,(anonymous_4)
FN:319,(anonymous_5)
FN:334,(anonymous_6)
FN:346,(anonymous_7)
FN:357,(anonymous_8)
FN:372,(anonymous_9)
FN:402,(anonymous_10)
FN:425,(anonymous_11)
FN:432,(anonymous_12)
FN:436,(anonymous_13)
FN:444,(anonymous_14)
FN:459,(anonymous_15)
FN:477,(anonymous_16)
FN:480,(anonymous_17)
FN:483,(anonymous_18)
FN:486,(anonymous_19)
FN:493,(anonymous_20)
FN:496,(anonymous_21)
FN:504,(anonymous_22)
FN:508,(anonymous_23)
FN:511,(anonymous_24)
FN:515,(anonymous_25)
FN:526,(anonymous_26)
FN:534,(anonymous_27)
FN:550,(anonymous_28)
FN:627,(anonymous_29)
FN:661,(anonymous_30)
FN:690,(anonymous_31)
FNF:32
FNH:18
FNDA:29,(anonymous_0)
FNDA:32,(anonymous_1)
FNDA:11,(anonymous_2)
FNDA:11,(anonymous_3)
FNDA:1,(anonymous_4)
FNDA:0,(anonymous_5)
FNDA:2,(anonymous_6)
FNDA:5,(anonymous_7)
FNDA:2,(anonymous_8)
FNDA:1,(anonymous_9)
FNDA:1,(anonymous_10)
FNDA:0,(anonymous_11)
FNDA:0,(anonymous_12)
FNDA:0,(anonymous_13)
FNDA:0,(anonymous_14)
FNDA:0,(anonymous_15)
FNDA:1,(anonymous_16)
FNDA:4,(anonymous_17)
FNDA:0,(anonymous_18)
FNDA:0,(anonymous_19)
FNDA:0,(anonymous_20)
FNDA:0,(anonymous_21)
FNDA:1,(anonymous_22)
FNDA:3,(anonymous_23)
FNDA:0,(anonymous_24)
FNDA:0,(anonymous_25)
FNDA:1,(anonymous_26)
FNDA:2,(anonymous_27)
FNDA:2,(anonymous_28)
FNDA:0,(anonymous_29)
FNDA:1,(anonymous_30)
FNDA:0,(anonymous_31)
DA:1,4
DA:12,4
DA:19,29
DA:20,29
DA:22,29
DA:44,4
DA:45,32
DA:48,4
DA:51,11
DA:52,11
DA:55,11
DA:56,0
DA:64,11
DA:65,0
DA:73,11
DA:74,11
DA:75,1
DA:84,11
DA:85,0
DA:93,11
DA:97,0
DA:105,11
DA:109,0
DA:118,11
DA:119,0
DA:128,11
DA:129,0
DA:137,11
DA:141,0
DA:149,11
DA:153,0
DA:162,11
DA:166,0
DA:174,11
DA:178,0
DA:186,11
DA:190,0
DA:198,11
DA:202,0
DA:212,11
DA:213,0
DA:222,11
DA:224,11
DA:231,4
DA:236,11
DA:238,1
DA:239,1
DA:246,1
DA:249,2
DA:250,1
DA:257,2
DA:260,1
DA:261,1
DA:268,1
DA:269,1
DA:276,1
DA:279,2
DA:280,1
DA:287,2
DA:291,1
DA:295,4
DA:300,4
DA:304,1
DA:306,1
DA:319,4
DA:322,0
DA:334,4
DA:338,2
DA:346,4
DA:347,5
DA:357,4
DA:361,2
DA:362,2
DA:364,2
DA:372,4
DA:382,1
DA:384,1
DA:385,1
DA:386,1
DA:387,1
DA:390,0
DA:391,0
DA:392,0
DA:393,0
DA:396,1
DA:402,4
DA:411,1
DA:425,4
DA:429,0
DA:431,0
DA:432,0
DA:436,4
DA:440,0
DA:441,0
DA:444,4
DA:448,0
DA:449,0
DA:451,0
DA:452,0
DA:453,0
DA:456,0
DA:459,4
DA:464,0
DA:466,0
DA:467,0
DA:468,0
DA:470,0
DA:473,0
DA:477,4
DA:480,4
DA:483,4
DA:486,0
DA:487,0
DA:488,0
DA:489,0
DA:493,4
DA:496,0
DA:497,0
DA:498,0
DA:499,0
DA:504,4
DA:508,3
DA:511,4
DA:515,0
DA:516,0
DA:517,0
DA:526,4
DA:530,1
DA:532,1
DA:534,1
DA:536,2
DA:539,2
DA:542,2
DA:543,2
DA:545,1
DA:550,4
DA:553,2
DA:555,1
DA:565,1
DA:574,0
DA:582,0
DA:591,0
DA:599,0
DA:606,0
DA:614,0
DA:623,0
DA:627,4
DA:630,0
DA:632,0
DA:635,0
DA:638,0
DA:641,0
DA:644,0
DA:647,0
DA:650,0
DA:653,0
DA:656,0
DA:661,4
DA:664,1
DA:667,1
DA:670,1
DA:671,0
DA:675,1
DA:678,0
DA:679,0
DA:681,0
DA:682,0
DA:684,1
DA:687,1
DA:690,4
DA:693,0
DA:694,0
LF:172
LH:101
BRDA:16,0,0,18
BRDA:17,1,0,27
BRDA:55,2,0,0
BRDA:57,3,0,0
BRDA:57,3,1,0
BRDA:64,4,0,0
BRDA:64,4,1,11
BRDA:74,5,0,1
BRDA:84,6,0,0
BRDA:84,6,1,11
BRDA:93,7,0,0
BRDA:94,8,0,11
BRDA:94,8,1,11
BRDA:105,9,0,0
BRDA:106,10,0,11
BRDA:106,10,1,11
BRDA:118,11,0,0
BRDA:118,12,0,11
BRDA:118,12,1,11
BRDA:128,13,0,0
BRDA:128,13,1,11
BRDA:137,14,0,0
BRDA:138,15,0,11
BRDA:138,15,1,11
BRDA:149,16,0,0
BRDA:150,17,0,11
BRDA:150,17,1,11
BRDA:162,18,0,0
BRDA:163,19,0,11
BRDA:163,19,1,0
BRDA:174,20,0,0
BRDA:175,21,0,11
BRDA:175,21,1,0
BRDA:186,22,0,0
BRDA:187,23,0,11
BRDA:187,23,1,0
BRDA:198,24,0,0
BRDA:199,25,0,11
BRDA:199,25,1,0
BRDA:212,26,0,0
BRDA:236,27,0,1
BRDA:236,27,1,2
BRDA:236,27,2,1
BRDA:236,27,3,2
BRDA:236,27,4,1
BRDA:236,27,5,4
BRDA:238,28,0,1
BRDA:238,29,0,1
BRDA:238,29,1,1
BRDA:249,30,0,1
BRDA:249,31,0,2
BRDA:249,31,1,2
BRDA:260,32,0,1
BRDA:268,33,0,1
BRDA:279,34,0,1
BRDA:302,35,0,1
BRDA:325,36,0,0
BRDA:325,36,1,0
BRDA:328,37,0,0
BRDA:328,37,1,0
BRDA:339,38,0,2
BRDA:339,38,1,2
BRDA:339,38,2,1
BRDA:339,38,3,1
BRDA:365,39,0,2
BRDA:365,39,1,1
BRDA:365,39,2,1
BRDA:365,39,3,1
BRDA:382,40,0,1
BRDA:382,40,1,0
BRDA:382,41,0,1
BRDA:382,41,1,1
BRDA:414,42,0,1
BRDA:414,42,1,0
BRDA:415,43,0,1
BRDA:415,43,1,0
BRDA:418,44,0,1
BRDA:418,44,1,0
BRDA:419,45,0,1
BRDA:419,45,1,0
BRDA:429,46,0,0
BRDA:440,47,0,0
BRDA:441,48,0,0
BRDA:441,48,1,0
BRDA:467,49,0,0
BRDA:487,50,0,0
BRDA:487,50,1,0
BRDA:488,51,0,0
BRDA:488,51,1,0
BRDA:497,52,0,0
BRDA:497,52,1,0
BRDA:498,53,0,0
BRDA:498,53,1,0
BRDA:518,54,0,0
BRDA:518,54,1,0
BRDA:518,54,2,0
BRDA:518,54,3,0
BRDA:530,55,0,0
BRDA:536,56,0,0
BRDA:539,57,0,0
BRDA:543,58,0,1
BRDA:553,59,0,1
BRDA:553,59,1,1
BRDA:553,59,2,0
BRDA:553,59,3,0
BRDA:553,59,4,0
BRDA:553,59,5,0
BRDA:553,59,6,0
BRDA:553,59,7,0
BRDA:553,59,8,0
BRDA:630,60,0,0
BRDA:630,60,1,0
BRDA:630,60,2,0
BRDA:630,60,3,0
BRDA:630,60,4,0
BRDA:630,60,5,0
BRDA:630,60,6,0
BRDA:630,60,7,0
BRDA:630,60,8,0
BRDA:670,61,0,0
BRDA:675,62,0,0
BRDA:675,62,1,0
BRDA:675,62,2,0
BRDA:675,62,3,1
BRF:124
BRH:55
end_of_record
TN:
SF:src/utils/dragSystem.ts
FN:20,(anonymous_0)
FN:32,(anonymous_1)
FN:33,(anonymous_2)
FN:46,(anonymous_3)
FN:47,(anonymous_4)
FN:56,(anonymous_5)
FN:100,(anonymous_6)
FN:101,(anonymous_7)
FN:63,(anonymous_8)
FN:71,(anonymous_9)
FN:78,(anonymous_10)
FN:89,(anonymous_11)
FN:123,(anonymous_12)
FN:127,(anonymous_13)
FN:131,(anonymous_14)
FN:135,(anonymous_15)
FN:157,(anonymous_16)
FN:172,(anonymous_17)
FN:198,(anonymous_18)
FN:233,(anonymous_19)
FN:242,(anonymous_20)
FN:249,(anonymous_21)
FN:267,(anonymous_22)
FN:304,(anonymous_23)
FN:312,(anonymous_24)
FN:328,(anonymous_25)
FN:345,(anonymous_26)
FN:359,(anonymous_27)
FN:366,(anonymous_28)
FN:334,(anonymous_29)
FN:381,(anonymous_30)
FN:385,(anonymous_31)
FN:394,(anonymous_32)
FN:411,(anonymous_33)
FN:430,(anonymous_34)
FN:445,(anonymous_35)
FN:467,(anonymous_36)
FN:490,(anonymous_37)
FN:508,(anonymous_38)
FN:536,(anonymous_39)
FN:556,(anonymous_40)
FN:561,(anonymous_41)
FN:565,(anonymous_42)
FN:569,(anonymous_43)
FN:573,(anonymous_44)
FNF:45
FNH:42
FNDA:53,(anonymous_0)
FNDA:21,(anonymous_1)
FNDA:1,(anonymous_2)
FNDA:2,(anonymous_3)
FNDA:0,(anonymous_4)
FNDA:81,(anonymous_5)
FNDA:163,(anonymous_6)
FNDA:121,(anonymous_7)
FNDA:42,(anonymous_8)
FNDA:7,(anonymous_9)
FNDA:21,(anonymous_10)
FNDA:45,(anonymous_11)
FNDA:39,(anonymous_12)
FNDA:13,(anonymous_13)
FNDA:20,(anonymous_14)
FNDA:45,(anonymous_15)
FNDA:33,(anonymous_16)
FNDA:31,(anonymous_17)
FNDA:7,(anonymous_18)
FNDA:4,(anonymous_19)
FNDA:1,(anonymous_20)
FNDA:3,(anonymous_21)
FNDA:11,(anonymous_22)
FNDA:6,(anonymous_23)
FNDA:7,(anonymous_24)
FNDA:36,(anonymous_25)
FNDA:8,(anonymous_26)
FNDA:2,(anonymous_27)
FNDA:8,(anonymous_28)
FNDA:20,(anonymous_29)
FNDA:30,(anonymous_30)
FNDA:43,(anonymous_31)
FNDA:19,(anonymous_32)
FNDA:50,(anonymous_33)
FNDA:21,(anonymous_34)
FNDA:12,(anonymous_35)
FNDA:4,(anonymous_36)
FNDA:5,(anonymous_37)
FNDA:0,(anonymous_38)
FNDA:2,(anonymous_39)
FNDA:0,(anonymous_40)
FNDA:8,(anonymous_41)
FNDA:8,(anonymous_42)
FNDA:7,(anonymous_43)
FNDA:24,(anonymous_44)
DA:1,5
DA:20,5
DA:23,53
DA:24,43
DA:25,43
DA:32,21
DA:33,1
DA:36,10
DA:37,10
DA:38,10
DA:46,2
DA:47,0
DA:56,5
DA:57,81
DA:58,81
DA:59,81
DA:60,81
DA:61,81
DA:64,42
DA:65,42
DA:66,42
DA:67,42
DA:68,42
DA:72,7
DA:73,6
DA:74,6
DA:79,21
DA:80,21
DA:90,45
DA:91,45
DA:92,45
DA:93,45
DA:94,45
DA:95,9
DA:96,9
DA:100,81
DA:101,163
DA:102,121
DA:103,121
DA:104,121
DA:105,121
DA:106,121
DA:109,121
DA:118,5
DA:119,39
DA:120,39
DA:121,39
DA:124,39
DA:128,13
DA:132,20
DA:136,45
DA:138,30
DA:144,7
DA:147,3
DA:150,5
DA:153,0
DA:158,33
DA:160,2
DA:163,31
DA:164,31
DA:165,31
DA:168,31
DA:169,31
DA:174,31
DA:179,26
DA:183,31
DA:184,2
DA:185,2
DA:186,2
DA:194,5
DA:203,7
DA:204,7
DA:207,7
DA:208,2
DA:212,2
DA:217,5
DA:218,5
DA:222,7
DA:223,4
DA:224,4
DA:227,7
DA:234,4
DA:235,4
DA:236,4
DA:243,1
DA:250,3
DA:251,3
DA:263,5
DA:268,11
DA:269,11
DA:272,11
DA:288,11
DA:289,10
DA:290,10
DA:291,10
DA:293,1
DA:294,1
DA:295,1
DA:298,11
DA:305,6
DA:306,6
DA:313,7
DA:314,6
DA:322,5
DA:323,36
DA:324,36
DA:325,36
DA:326,36
DA:329,36
DA:330,36
DA:331,36
DA:335,20
DA:337,19
DA:338,19
DA:339,19
DA:341,19
DA:342,19
DA:345,36
DA:346,8
DA:349,7
DA:350,7
DA:352,4
DA:355,4
DA:356,0
DA:359,4
DA:360,2
DA:361,2
DA:362,2
DA:366,36
DA:367,8
DA:369,7
DA:370,7
DA:372,7
DA:373,0
DA:374,0
DA:377,7
DA:378,7
DA:382,30
DA:386,43
DA:387,43
DA:388,43
DA:389,4
DA:390,4
DA:396,19
DA:399,19
DA:400,19
DA:403,19
DA:406,19
DA:412,50
DA:413,50
DA:414,50
DA:415,50
DA:416,50
DA:424,5
DA:425,21
DA:426,21
DA:427,21
DA:428,21
DA:432,21
DA:434,21
DA:435,21
DA:449,12
DA:451,12
DA:471,4
DA:472,4
DA:473,4
DA:475,4
DA:480,4
DA:491,5
DA:494,5
DA:495,5
DA:498,5
DA:499,5
DA:505,5
DA:509,0
DA:510,0
DA:513,0
DA:518,0
DA:519,0
DA:523,0
DA:524,0
DA:528,0
DA:533,0
DA:540,2
DA:541,2
DA:542,2
DA:546,2
DA:551,2
DA:553,2
DA:558,0
DA:562,8
DA:566,8
DA:570,7
DA:574,24
DA:575,24
DA:577,24
DA:578,3
DA:579,3
LF:198
LH:183
BRDA:23,0,0,43
BRDA:23,0,1,10
BRDA:37,1,0,10
BRDA:37,1,1,4
BRDA:39,2,0,10
BRDA:39,2,1,1
BRDA:40,3,0,10
BRDA:40,3,1,1
BRDA:41,4,0,10
BRDA:41,4,1,6
BRDA:42,5,0,10
BRDA:42,5,1,6
BRDA:72,6,0,6
BRDA:83,7,0,7
BRDA:83,7,1,14
BRDA:85,8,0,21
BRDA:85,8,1,16
BRDA:94,9,0,9
BRDA:136,10,0,30
BRDA:136,10,1,7
BRDA:136,10,2,3
BRDA:136,10,3,5
BRDA:136,10,4,0
BRDA:139,11,0,30
BRDA:139,11,1,9
BRDA:144,12,0,7
BRDA:144,12,1,3
BRDA:147,13,0,3
BRDA:147,13,1,2
BRDA:157,14,0,12
BRDA:158,15,0,2
BRDA:174,16,0,26
BRDA:175,17,0,31
BRDA:175,17,1,26
BRDA:175,17,2,6
BRDA:183,18,0,2
BRDA:183,19,0,31
BRDA:183,19,1,2
BRDA:207,20,0,2
BRDA:207,20,1,5
BRDA:222,21,0,4
BRDA:222,22,0,7
BRDA:222,22,1,5
BRDA:252,23,0,3
BRDA:252,23,1,2
BRDA:252,23,2,2
BRDA:252,23,3,2
BRDA:288,24,0,10
BRDA:288,24,1,1
BRDA:313,25,0,6
BRDA:346,26,0,1
BRDA:350,27,0,3
BRDA:355,28,0,0
BRDA:367,29,0,1
BRDA:372,30,0,0
BRDA:335,31,0,1
BRDA:388,32,0,4
BRDA:494,33,0,5
BRDA:518,34,0,0
BRDA:518,35,0,0
BRDA:518,35,1,0
BRDA:523,36,0,0
BRDA:540,37,0,2
BRDA:577,38,0,3
BRF:64
BRH:57
end_of_record
TN:
SF:src/utils/performanceUtils.ts
FN:4,(anonymous_0)
FN:17,(anonymous_1)
FN:24,(anonymous_2)
FN:28,(anonymous_3)
FN:41,(anonymous_4)
FN:46,(anonymous_5)
FN:50,(anonymous_6)
FN:52,(anonymous_7)
FN:60,(anonymous_8)
FN:61,(anonymous_9)
FN:64,(anonymous_10)
FN:74,(anonymous_11)
FN:88,(anonymous_12)
FN:95,executedFunction
FN:96,(anonymous_14)
FN:110,(anonymous_15)
FN:116,executedFunction
FN:120,(anonymous_17)
FN:143,(anonymous_19)
FN:148,(anonymous_20)
FN:153,(anonymous_21)
FN:157,(anonymous_22)
FN:160,(anonymous_23)
FN:177,(anonymous_24)
FN:183,(anonymous_25)
FN:188,(anonymous_26)
FN:194,(anonymous_27)
FN:207,(anonymous_28)
FN:209,(anonymous_29)
FN:211,(anonymous_30)
FN:217,(anonymous_31)
FN:231,(anonymous_32)
FN:246,(anonymous_33)
FN:250,(anonymous_34)
FN:254,(anonymous_35)
FN:262,(anonymous_36)
FN:267,(anonymous_37)
FN:281,(anonymous_38)
FN:289,(anonymous_39)
FN:297,(anonymous_40)
FN:310,(anonymous_41)
FN:347,(anonymous_42)
FN:362,(anonymous_43)
FN:371,(anonymous_44)
FN:394,(anonymous_45)
FN:397,(anonymous_46)
FN:413,(anonymous_47)
FN:424,(anonymous_48)
FN:458,(anonymous_49)
FN:459,(anonymous_50)
FNF:50
FNH:48
FNDA:1,(anonymous_0)
FNDA:24,(anonymous_1)
FNDA:6,(anonymous_2)
FNDA:7,(anonymous_3)
FNDA:12,(anonymous_4)
FNDA:1,(anonymous_5)
FNDA:5,(anonymous_6)
FNDA:1,(anonymous_7)
FNDA:21,(anonymous_8)
FNDA:42,(anonymous_9)
FNDA:5,(anonymous_10)
FNDA:9,(anonymous_11)
FNDA:2,(anonymous_12)
FNDA:4,executedFunction
FNDA:2,(anonymous_14)
FNDA:1,(anonymous_15)
FNDA:4,executedFunction
FNDA:2,(anonymous_17)
FNDA:11,(anonymous_19)
FNDA:0,(anonymous_20)
FNDA:11,(anonymous_21)
FNDA:5,(anonymous_22)
FNDA:6,(anonymous_23)
FNDA:1,(anonymous_24)
FNDA:2,(anonymous_25)
FNDA:2,(anonymous_26)
FNDA:1,(anonymous_27)
FNDA:2,(anonymous_28)
FNDA:2,(anonymous_29)
FNDA:0,(anonymous_30)
FNDA:2,(anonymous_31)
FNDA:6,(anonymous_32)
FNDA:2,(anonymous_33)
FNDA:2,(anonymous_34)
FNDA:4,(anonymous_35)
FNDA:3,(anonymous_36)
FNDA:1,(anonymous_37)
FNDA:2,(anonymous_38)
FNDA:3,(anonymous_39)
FNDA:6,(anonymous_40)
FNDA:3,(anonymous_41)
FNDA:3,(anonymous_42)
FNDA:5,(anonymous_43)
FNDA:3,(anonymous_44)
FNDA:1,(anonymous_45)
FNDA:1,(anonymous_46)
FNDA:3,(anonymous_47)
FNDA:24,(anonymous_48)
FNDA:1,(anonymous_49)
FNDA:1,(anonymous_50)
DA:4,1
DA:6,1
DA:14,1
DA:15,1
DA:18,24
DA:19,1
DA:21,24
DA:25,6
DA:29,7
DA:30,7
DA:32,1
DA:33,1
DA:36,6
DA:37,6
DA:38,6
DA:42,12
DA:43,12
DA:47,1
DA:51,5
DA:52,5
DA:53,1
DA:54,1
DA:55,1
DA:61,42
DA:65,5
DA:67,4
DA:69,4
DA:71,1
DA:75,9
DA:82,9
DA:83,9
DA:88,1
DA:93,2
DA:95,2
DA:96,4
DA:97,2
DA:98,2
DA:101,4
DA:103,4
DA:104,4
DA:106,4
DA:110,1
DA:116,1
DA:117,4
DA:118,2
DA:119,2
DA:120,2
DA:126,1
DA:127,6
DA:128,6
DA:129,6
DA:130,6
DA:131,6
DA:138,6
DA:139,6
DA:140,6
DA:144,11
DA:145,11
DA:149,0
DA:150,0
DA:154,11
DA:156,6
DA:157,6
DA:161,6
DA:162,1
DA:163,1
DA:166,5
DA:168,5
DA:169,5
DA:172,1
DA:176,5
DA:177,1
DA:179,4
DA:184,2
DA:185,2
DA:189,2
DA:194,1
DA:202,1
DA:203,1
DA:205,1
DA:207,2
DA:208,1
DA:209,2
DA:212,0
DA:216,1
DA:217,1
DA:218,2
DA:219,2
DA:220,2
DA:223,1
DA:231,1
DA:232,6
DA:235,6
DA:238,6
DA:239,3
DA:242,6
DA:246,1
DA:248,2
DA:250,1
DA:251,2
DA:252,2
DA:254,4
DA:256,2
DA:257,2
DA:262,1
DA:263,3
DA:264,3
DA:266,3
DA:268,1
DA:269,1
DA:270,1
DA:272,1
DA:274,1
DA:282,2
DA:283,2
DA:289,1
DA:295,3
DA:297,3
DA:298,6
DA:299,4
DA:300,4
DA:301,4
DA:302,2
DA:303,0
DA:306,6
DA:310,1
DA:311,3
DA:313,1
DA:319,0
DA:322,1
DA:323,1
DA:325,1
DA:326,1
DA:328,1
DA:330,1
DA:331,1
DA:332,1
DA:336,0
DA:340,1
DA:341,3
DA:342,3
DA:348,3
DA:355,3
DA:364,5
DA:365,5
DA:367,5
DA:368,5
DA:374,3
DA:375,3
DA:378,3
DA:380,3
DA:381,5
DA:382,5
DA:386,3
DA:387,4
DA:390,3
DA:391,3
DA:396,1
DA:397,1
DA:403,1
DA:404,1
DA:406,1
DA:407,1
DA:413,1
DA:414,3
DA:415,3
DA:422,3
DA:424,3
DA:425,24
DA:427,24
DA:428,3
DA:433,24
DA:434,5
DA:439,24
DA:440,5
DA:445,24
DA:446,3
DA:451,24
DA:453,5
DA:457,3
DA:458,1
DA:460,1
DA:466,1
DA:467,1
DA:468,1
LF:185
LH:179
BRDA:18,0,0,1
BRDA:30,1,0,1
BRDA:54,2,0,1
BRDA:65,3,0,4
BRDA:91,4,0,1
BRDA:98,5,0,1
BRDA:101,6,0,4
BRDA:101,6,1,1
BRDA:103,7,0,2
BRDA:106,8,0,1
BRDA:117,9,0,2
BRDA:135,10,0,0
BRDA:136,11,0,0
BRDA:154,12,0,5
BRDA:161,13,0,1
BRDA:176,14,0,1
BRDA:176,14,1,4
BRDA:207,15,0,1
BRDA:207,15,1,0
BRDA:238,16,0,3
BRDA:248,17,0,1
BRDA:281,18,0,0
BRDA:298,19,0,4
BRDA:298,19,1,2
BRDA:298,20,0,6
BRDA:298,20,1,3
BRDA:302,21,0,0
BRDA:302,22,0,2
BRDA:302,22,1,1
BRDA:311,23,0,2
BRDA:313,24,0,0
BRDA:314,25,0,1
BRDA:314,25,1,1
BRDA:314,25,2,1
BRDA:314,25,3,1
BRDA:328,26,0,0
BRDA:331,27,0,1
BRDA:331,28,0,1
BRDA:331,28,1,1
BRDA:352,29,0,0
BRDA:353,30,0,0
BRDA:364,31,0,5
BRDA:364,31,1,4
BRDA:406,32,0,1
BRDA:427,33,0,3
BRDA:433,34,0,5
BRDA:439,35,0,5
BRDA:445,36,0,3
BRDA:451,37,0,5
BRF:49
BRH:40
end_of_record
