TN:
SF:src/App.tsx
FN:5,App
FNF:1
FNH:1
FNDA:8,App
DA:1,1
DA:2,1
DA:3,1
DA:6,8
DA:9,1
LF:5
LH:5
BRF:0
BRH:0
end_of_record
TN:
SF:src/components/debug/StoreDebug.tsx
FN:4,(anonymous_1)
FNF:1
FNH:1
FNDA:15,(anonymous_1)
DA:1,2
DA:2,2
DA:4,2
DA:5,15
DA:6,15
DA:7,15
DA:9,15
LF:7
LH:7
BRDA:24,0,0,15
BRDA:24,0,1,0
BRDA:27,1,0,15
BRDA:27,1,1,0
BRF:4
BRH:2
end_of_record
TN:
SF:src/components/layout/CanvasPanel.tsx
FN:13,(anonymous_1)
FN:24,(anonymous_2)
FN:31,(anonymous_3)
FN:32,(anonymous_4)
FN:107,(anonymous_5)
FN:110,(anonymous_6)
FNF:6
FNH:6
FNDA:77,(anonymous_1)
FNDA:5,(anonymous_2)
FNDA:1,(anonymous_3)
FNDA:2,(anonymous_4)
FNDA:49,(anonymous_5)
FNDA:37,(anonymous_6)
DA:1,9
DA:3,9
DA:4,9
DA:5,9
DA:6,9
DA:7,9
DA:13,9
DA:18,77
DA:19,77
DA:20,77
DA:21,77
DA:22,77
DA:24,77
DA:26,5
DA:27,3
DA:31,77
DA:32,2
DA:33,1
DA:36,77
DA:38,77
DA:48,77
DA:109,49
DA:110,49
DA:112,49
LF:24
LH:24
BRDA:26,0,0,3
BRDA:41,1,0,18
BRDA:41,1,1,59
BRDA:42,2,0,18
BRDA:42,2,1,59
BRDA:49,3,0,77
BRDA:49,3,1,60
BRDA:53,4,0,77
BRDA:53,4,1,18
BRDA:68,5,0,77
BRDA:68,5,1,75
BRDA:76,6,0,75
BRDA:76,6,1,1
BRDA:78,7,0,46
BRDA:78,7,1,29
BRDA:82,8,0,13
BRDA:82,8,1,33
BRDA:87,9,0,46
BRDA:87,9,1,13
BRDA:124,10,0,75
BRDA:124,10,1,18
BRDA:124,10,2,6
BRDA:137,11,0,6
BRDA:137,11,1,0
BRF:24
BRH:23
end_of_record
TN:
SF:src/components/layout/MainLayout.tsx
FN:9,(anonymous_1)
FNF:1
FNH:1
FNDA:15,(anonymous_1)
DA:1,2
DA:2,2
DA:3,2
DA:4,2
DA:5,2
DA:6,2
DA:7,2
DA:9,2
DA:10,15
DA:12,15
LF:10
LH:10
BRF:0
BRH:0
end_of_record
TN:
SF:src/components/layout/PalettePanel.tsx
FN:24,(anonymous_10)
FN:39,(anonymous_11)
FN:45,(anonymous_12)
FN:59,(anonymous_13)
FN:60,(anonymous_14)
FN:72,(anonymous_15)
FN:74,(anonymous_16)
FN:90,(anonymous_17)
FN:91,(anonymous_18)
FN:92,(anonymous_19)
FN:97,(anonymous_20)
FN:111,(anonymous_21)
FN:126,(anonymous_22)
FN:142,(anonymous_23)
FN:143,(anonymous_24)
FN:172,(anonymous_25)
FN:173,(anonymous_26)
FN:180,(anonymous_27)
FN:184,(anonymous_28)
FN:260,(anonymous_29)
FN:264,(anonymous_30)
FN:355,(anonymous_31)
FN:381,(anonymous_32)
FN:389,(anonymous_33)
FN:390,(anonymous_34)
FN:457,(anonymous_35)
FN:462,(anonymous_36)
FN:473,(anonymous_37)
FN:477,(anonymous_38)
FNF:29
FNH:20
FNDA:138,(anonymous_10)
FNDA:1,(anonymous_11)
FNDA:1,(anonymous_12)
FNDA:0,(anonymous_13)
FNDA:0,(anonymous_14)
FNDA:10,(anonymous_15)
FNDA:10,(anonymous_16)
FNDA:9,(anonymous_17)
FNDA:9,(anonymous_18)
FNDA:27,(anonymous_19)
FNDA:9,(anonymous_20)
FNDA:2,(anonymous_21)
FNDA:0,(anonymous_22)
FNDA:1,(anonymous_23)
FNDA:1,(anonymous_24)
FNDA:111,(anonymous_25)
FNDA:1,(anonymous_26)
FNDA:111,(anonymous_27)
FNDA:414,(anonymous_28)
FNDA:3,(anonymous_29)
FNDA:0,(anonymous_30)
FNDA:381,(anonymous_31)
FNDA:11,(anonymous_32)
FNDA:0,(anonymous_33)
FNDA:0,(anonymous_34)
FNDA:1,(anonymous_35)
FNDA:0,(anonymous_36)
FNDA:0,(anonymous_37)
FNDA:0,(anonymous_38)
DA:1,8
DA:3,8
DA:4,8
DA:5,8
DA:6,8
DA:7,8
DA:8,8
DA:9,8
DA:24,8
DA:29,138
DA:30,138
DA:33,138
DA:34,138
DA:35,138
DA:36,138
DA:39,138
DA:40,1
DA:41,1
DA:42,1
DA:45,1
DA:59,138
DA:60,0
DA:72,138
DA:73,10
DA:74,10
DA:90,138
DA:91,9
DA:92,9
DA:93,27
DA:97,9
DA:111,138
DA:112,2
DA:113,0
DA:115,0
DA:116,0
DA:117,0
DA:119,0
DA:120,0
DA:121,0
DA:125,2
DA:126,0
DA:134,0
DA:135,0
DA:136,0
DA:142,138
DA:143,1
DA:153,1
DA:154,1
DA:155,1
DA:161,138
DA:172,138
DA:173,111
DA:174,1
DA:175,1
DA:179,111
DA:180,111
DA:184,414
DA:185,138
DA:186,138
DA:187,138
DA:189,138
DA:261,3
DA:262,3
DA:265,0
DA:266,0
DA:356,381
DA:382,11
DA:383,11
DA:389,0
DA:390,0
DA:458,1
DA:459,1
DA:462,0
DA:474,0
DA:475,0
DA:478,0
DA:479,0
LF:77
LH:56
BRDA:62,0,0,0
BRDA:62,0,1,0
BRDA:82,1,0,10
BRDA:82,1,1,0
BRDA:93,2,0,9
BRDA:93,2,1,18
BRDA:112,3,0,0
BRDA:112,4,0,2
BRDA:112,4,1,2
BRDA:113,5,0,0
BRDA:113,5,1,0
BRDA:125,6,0,0
BRDA:134,7,0,0
BRDA:153,8,0,1
BRDA:174,9,0,1
BRDA:174,10,0,1
BRDA:174,10,1,1
BRDA:186,11,0,138
BRDA:186,11,1,10
BRDA:187,12,0,138
BRDA:187,12,1,10
BRDA:193,13,0,138
BRDA:193,13,1,121
BRDA:218,14,0,138
BRDA:218,14,1,12
BRDA:271,15,0,10
BRDA:271,15,1,128
BRDA:313,16,0,138
BRDA:313,16,1,10
BRDA:325,17,0,4
BRDA:325,17,1,6
BRDA:325,18,0,1
BRDA:325,18,1,5
BRDA:340,19,0,138
BRDA:340,19,1,137
BRDA:343,20,0,137
BRDA:343,20,1,127
BRDA:370,21,0,137
BRDA:370,21,1,6
BRDA:401,22,0,137
BRDA:401,22,1,4
BRDA:418,23,0,137
BRDA:418,23,1,6
BRDA:438,24,0,137
BRDA:438,24,1,127
BRDA:438,24,2,1
BRF:46
BRH:38
end_of_record
TN:
SF:src/components/layout/PropertiesPanel.tsx
FN:11,(anonymous_1)
FNF:1
FNH:1
FNDA:24,(anonymous_1)
DA:1,2
DA:3,2
DA:4,2
DA:5,2
DA:11,2
DA:16,24
DA:17,24
DA:18,24
DA:20,24
LF:9
LH:9
BRDA:18,0,0,24
BRDA:18,0,1,24
BRDA:18,0,2,24
BRDA:21,1,0,24
BRDA:21,1,1,8
BRDA:26,2,0,1
BRDA:26,2,1,23
BRDA:28,3,0,0
BRDA:28,3,1,23
BRF:9
BRH:8
end_of_record
TN:
SF:src/components/ui/ComponentPaletteItem.tsx
FN:19,(anonymous_9)
FN:41,(anonymous_10)
FN:44,(anonymous_11)
FN:50,(anonymous_12)
FN:59,(anonymous_13)
FN:60,(anonymous_14)
FN:68,(anonymous_15)
FN:90,(anonymous_16)
FN:95,(anonymous_17)
FN:164,(anonymous_18)
FN:165,(anonymous_19)
FN:178,(anonymous_20)
FNF:12
FNH:11
FNDA:574,(anonymous_9)
FNDA:9,(anonymous_10)
FNDA:4,(anonymous_11)
FNDA:2,(anonymous_12)
FNDA:492,(anonymous_13)
FNDA:492,(anonymous_14)
FNDA:4,(anonymous_15)
FNDA:1,(anonymous_16)
FNDA:574,(anonymous_17)
FNDA:0,(anonymous_18)
FNDA:1,(anonymous_19)
FNDA:2,(anonymous_20)
DA:1,9
DA:3,9
DA:4,9
DA:5,9
DA:19,9
DA:30,574
DA:31,574
DA:32,574
DA:33,574
DA:34,574
DA:35,574
DA:37,574
DA:41,574
DA:42,9
DA:43,9
DA:44,8
DA:45,4
DA:50,574
DA:51,2
DA:52,2
DA:53,2
DA:54,2
DA:59,574
DA:60,492
DA:61,492
DA:62,8
DA:68,574
DA:69,4
DA:71,3
DA:74,3
DA:75,3
DA:76,1
DA:78,2
DA:80,3
DA:83,0
DA:85,0
DA:90,574
DA:91,1
DA:95,574
DA:96,574
DA:114,574
DA:115,9
DA:122,565
DA:123,14
DA:133,551
DA:134,2
DA:142,549
DA:143,11
DA:152,538
DA:155,574
DA:164,0
DA:165,1
DA:178,2
LF:53
LH:50
BRDA:26,0,0,53
BRDA:27,1,0,46
BRDA:28,2,0,40
BRDA:37,3,0,574
BRDA:37,3,1,53
BRDA:43,4,0,8
BRDA:43,5,0,9
BRDA:43,5,1,9
BRDA:53,6,0,2
BRDA:61,7,0,8
BRDA:69,8,0,1
BRDA:71,9,0,2
BRDA:71,9,1,3
BRDA:71,9,2,0
BRDA:71,9,3,0
BRDA:75,10,0,1
BRDA:75,10,1,2
BRDA:103,11,0,9
BRDA:103,11,1,565
BRDA:103,12,0,14
BRDA:103,12,1,551
BRDA:110,13,0,9
BRDA:110,13,1,565
BRDA:114,14,0,9
BRDA:122,15,0,14
BRDA:133,16,0,2
BRDA:142,17,0,11
BRDA:164,18,0,0
BRDA:164,18,1,0
BRDA:165,19,0,1
BRDA:165,19,1,1
BRDA:166,20,0,9
BRDA:166,20,1,565
BRDA:172,21,0,4
BRDA:172,21,1,570
BRDA:176,22,0,9
BRDA:176,22,1,565
BRDA:188,23,0,9
BRDA:188,23,1,565
BRDA:198,24,0,9
BRDA:198,24,1,565
BRDA:212,25,0,9
BRDA:212,25,1,565
BRDA:212,26,0,12
BRDA:212,26,1,553
BRDA:237,27,0,574
BRDA:237,27,1,4
BRDA:237,27,2,4
BRDA:237,27,3,4
BRF:49
BRH:45
end_of_record
TN:
SF:src/components/ui/ComponentPreview.tsx
FN:20,(anonymous_1)
FN:112,(anonymous_2)
FNF:2
FNH:2
FNDA:595,(anonymous_1)
FNDA:595,(anonymous_2)
DA:1,9
DA:2,9
DA:10,9
DA:20,9
DA:21,595
DA:27,595
DA:29,595
DA:36,595
DA:38,200
DA:45,133
DA:74,128
DA:85,133
DA:104,1
DA:112,9
DA:117,595
LF:15
LH:15
BRDA:36,0,0,200
BRDA:36,0,1,133
BRDA:36,0,2,128
BRDA:36,0,3,133
BRDA:36,0,4,1
BRDA:114,1,0,594
BRDA:115,2,0,21
BRF:7
BRH:7
end_of_record
TN:
SF:src/components/ui/ComponentRenderer.tsx
FN:12,(anonymous_1)
FN:54,(anonymous_2)
FN:75,(anonymous_3)
FN:137,(anonymous_4)
FN:156,(anonymous_5)
FN:163,(anonymous_6)
FNF:6
FNH:2
FNDA:32,(anonymous_1)
FNDA:4,(anonymous_2)
FNDA:0,(anonymous_3)
FNDA:0,(anonymous_4)
FNDA:0,(anonymous_5)
FNDA:0,(anonymous_6)
DA:1,9
DA:2,9
DA:3,9
DA:4,9
DA:12,9
DA:13,32
DA:14,32
DA:15,32
DA:17,32
DA:19,32
DA:23,32
DA:27,32
DA:54,32
DA:55,4
DA:58,4
DA:59,1
DA:62,3
DA:63,3
DA:64,3
DA:67,32
DA:75,0
DA:79,32
DA:107,32
DA:109,32
DA:111,19
DA:119,4
DA:129,4
DA:137,0
DA:149,4
DA:156,0
DA:163,0
DA:170,1
LF:32
LH:28
BRDA:19,0,0,32
BRDA:19,0,1,2
BRDA:23,1,0,2
BRDA:23,1,1,30
BRDA:23,2,0,32
BRDA:23,2,1,2
BRDA:33,3,0,2
BRDA:33,3,1,30
BRDA:33,4,0,8
BRDA:33,4,1,22
BRDA:34,5,0,32
BRDA:34,5,1,30
BRDA:37,6,0,4
BRDA:37,6,1,28
BRDA:38,7,0,4
BRDA:38,7,1,28
BRDA:40,8,0,4
BRDA:40,8,1,28
BRDA:40,9,0,2
BRDA:40,9,1,26
BRDA:41,10,0,32
BRDA:41,10,1,22
BRDA:41,10,2,21
BRDA:42,11,0,32
BRDA:42,11,1,21
BRDA:43,12,0,32
BRDA:43,12,1,23
BRDA:44,13,0,32
BRDA:44,13,1,31
BRDA:45,14,0,2
BRDA:45,14,1,30
BRDA:45,15,0,8
BRDA:45,15,1,22
BRDA:46,16,0,2
BRDA:46,16,1,30
BRDA:48,17,0,2
BRDA:48,17,1,30
BRDA:49,18,0,2
BRDA:49,18,1,30
BRDA:51,19,0,2
BRDA:51,19,1,30
BRDA:51,20,0,8
BRDA:51,20,1,22
BRDA:58,21,0,1
BRDA:79,22,0,4
BRDA:79,22,1,28
BRDA:79,23,0,32
BRDA:79,23,1,10
BRDA:79,23,2,8
BRDA:109,24,0,19
BRDA:109,24,1,4
BRDA:109,24,2,4
BRDA:109,24,3,4
BRDA:109,24,4,1
BRDA:135,25,0,4
BRDA:135,25,1,0
BRDA:160,26,0,0
BRDA:160,26,1,4
BRF:58
BRH:56
end_of_record
TN:
SF:src/components/ui/PaletteCategory.tsx
FN:16,(anonymous_9)
FN:29,(anonymous_10)
FN:38,(anonymous_11)
FN:47,(anonymous_12)
FN:51,(anonymous_13)
FN:96,(anonymous_14)
FN:97,(anonymous_15)
FN:170,(anonymous_16)
FN:179,(anonymous_17)
FN:180,(anonymous_18)
FNF:10
FNH:6
FNDA:381,(anonymous_9)
FNDA:508,(anonymous_10)
FNDA:0,(anonymous_11)
FNDA:9,(anonymous_12)
FNDA:1,(anonymous_13)
FNDA:0,(anonymous_14)
FNDA:0,(anonymous_15)
FNDA:508,(anonymous_16)
FNDA:1,(anonymous_17)
FNDA:0,(anonymous_18)
DA:1,8
DA:3,8
DA:4,8
DA:16,8
DA:25,381
DA:26,381
DA:29,381
DA:30,508
DA:32,0
DA:33,0
DA:35,0
DA:38,0
DA:43,381
DA:44,0
DA:47,381
DA:48,9
DA:51,381
DA:52,1
DA:53,1
DA:54,1
DA:58,381
DA:73,381
DA:81,381
DA:88,381
DA:96,0
DA:97,0
DA:171,508
DA:172,508
DA:179,1
DA:180,0
LF:30
LH:22
BRDA:19,0,0,381
BRDA:23,1,0,0
BRDA:30,2,0,508
BRDA:36,3,0,0
BRDA:36,3,1,0
BRDA:36,3,2,0
BRDA:43,4,0,0
BRDA:43,5,0,381
BRDA:43,5,1,0
BRDA:52,6,0,1
BRDA:52,7,0,1
BRDA:52,7,1,0
BRDA:67,8,0,0
BRDA:67,8,1,381
BRDA:68,9,0,0
BRDA:68,9,1,381
BRDA:77,10,0,12
BRDA:77,10,1,369
BRDA:84,11,0,12
BRDA:84,11,1,369
BRDA:85,12,0,12
BRDA:85,12,1,369
BRDA:151,13,0,381
BRDA:151,13,1,369
BRDA:151,13,2,369
BRDA:177,14,0,508
BRDA:177,14,1,0
BRDA:191,15,0,381
BRDA:191,15,1,0
BRDA:191,15,2,0
BRF:30
BRH:18
end_of_record
TN:
SF:src/components/ui/PaletteState.ts
FN:200,(anonymous_0)
FN:207,(anonymous_1)
FN:212,(anonymous_2)
FN:217,(anonymous_3)
FN:224,(anonymous_4)
FN:229,(anonymous_5)
FN:234,(anonymous_6)
FN:251,(anonymous_7)
FN:256,(anonymous_8)
FN:260,(anonymous_9)
FNF:10
FNH:10
FNDA:148,(anonymous_0)
FNDA:62,(anonymous_1)
FNDA:170,(anonymous_2)
FNDA:7,(anonymous_3)
FNDA:11,(anonymous_4)
FNDA:3,(anonymous_5)
FNDA:9,(anonymous_6)
FNDA:7,(anonymous_7)
FNDA:26,(anonymous_8)
FNDA:29,(anonymous_9)
DA:1,9
DA:46,9
DA:89,9
DA:175,9
DA:187,9
DA:200,9
DA:204,148
DA:206,18
DA:207,18
DA:208,62
DA:209,62
DA:212,170
DA:217,9
DA:222,7
DA:224,3
DA:225,11
DA:229,1
DA:230,3
DA:234,2
DA:235,9
DA:236,9
DA:238,9
DA:239,4
DA:241,5
DA:242,5
DA:243,1
DA:247,1
DA:251,9
DA:256,26
DA:257,7
DA:260,9
DA:263,29
LF:32
LH:32
BRDA:204,0,0,130
BRDA:210,1,0,62
BRDA:210,1,1,46
BRDA:210,1,2,45
BRDA:220,2,0,5
BRDA:222,3,0,3
BRDA:222,3,1,1
BRDA:222,3,2,2
BRDA:222,3,3,1
BRDA:238,4,0,4
BRDA:238,5,0,9
BRDA:238,5,1,4
BRDA:241,6,0,0
BRDA:242,7,0,4
BRDA:254,8,0,5
BRDA:262,9,0,8
BRF:16
BRH:15
end_of_record
TN:
SF:src/components/ui/PropertiesForm.tsx
FN:11,(anonymous_1)
FN:15,(anonymous_2)
FN:31,(anonymous_3)
FN:35,(anonymous_4)
FN:39,(anonymous_5)
FN:46,(anonymous_6)
FN:57,(anonymous_7)
FN:61,(anonymous_8)
FN:65,(anonymous_9)
FN:69,(anonymous_10)
FN:84,(anonymous_11)
FN:88,(anonymous_12)
FN:92,(anonymous_13)
FN:100,(anonymous_14)
FN:111,(anonymous_15)
FN:115,(anonymous_16)
FN:119,(anonymous_17)
FN:123,(anonymous_18)
FN:127,(anonymous_19)
FN:131,(anonymous_20)
FN:135,(anonymous_21)
FNF:21
FNH:6
FNDA:10,(anonymous_1)
FNDA:5,(anonymous_2)
FNDA:1,(anonymous_3)
FNDA:2,(anonymous_4)
FNDA:1,(anonymous_5)
FNDA:1,(anonymous_6)
FNDA:0,(anonymous_7)
FNDA:0,(anonymous_8)
FNDA:0,(anonymous_9)
FNDA:0,(anonymous_10)
FNDA:0,(anonymous_11)
FNDA:0,(anonymous_12)
FNDA:0,(anonymous_13)
FNDA:0,(anonymous_14)
FNDA:0,(anonymous_15)
FNDA:0,(anonymous_16)
FNDA:0,(anonymous_17)
FNDA:0,(anonymous_18)
FNDA:0,(anonymous_19)
FNDA:0,(anonymous_20)
FNDA:0,(anonymous_21)
DA:1,3
DA:2,3
DA:3,3
DA:4,3
DA:5,3
DA:11,3
DA:12,10
DA:13,10
DA:15,10
DA:16,5
DA:17,5
DA:18,5
DA:21,5
DA:24,10
DA:26,7
DA:27,7
DA:31,1
DA:35,2
DA:39,1
DA:46,1
DA:52,1
DA:53,1
DA:57,0
DA:61,0
DA:65,0
DA:69,0
DA:79,1
DA:80,1
DA:84,0
DA:88,0
DA:92,0
DA:100,0
DA:106,1
DA:107,1
DA:111,0
DA:115,0
DA:119,0
DA:123,0
DA:127,0
DA:131,0
DA:135,0
DA:141,0
LF:42
LH:26
BRDA:18,0,0,1
BRDA:24,1,0,7
BRDA:24,1,1,1
BRDA:24,1,2,1
BRDA:24,1,3,1
BRDA:24,1,4,0
BRDA:88,2,0,1
BRDA:88,2,1,0
BRF:8
BRH:6
end_of_record
TN:
SF:src/components/ui/index.ts
FN:2,(anonymous_4)
FN:3,(anonymous_5)
FN:4,(anonymous_6)
FN:8,(anonymous_7)
FN:9,(anonymous_8)
FNF:5
FNH:0
FNDA:0,(anonymous_4)
FNDA:0,(anonymous_5)
FNDA:0,(anonymous_6)
FNDA:0,(anonymous_7)
FNDA:0,(anonymous_8)
DA:2,0
DA:3,0
DA:4,0
DA:5,0
DA:8,0
DA:9,0
LF:6
LH:0
BRF:0
BRH:0
end_of_record
TN:
SF:src/hooks/useDragAndDrop.ts
FN:19,(anonymous_0)
FN:26,(anonymous_1)
FN:38,(anonymous_2)
FN:43,(anonymous_3)
FN:78,(anonymous_4)
FN:91,(anonymous_5)
FN:104,(anonymous_6)
FN:118,(anonymous_7)
FN:123,(anonymous_8)
FN:130,(anonymous_9)
FN:152,(anonymous_10)
FN:172,(anonymous_11)
FN:188,(anonymous_12)
FN:205,(anonymous_13)
FN:223,(anonymous_14)
FN:254,(anonymous_15)
FN:261,(anonymous_16)
FN:291,(anonymous_17)
FN:295,(anonymous_18)
FN:300,(anonymous_19)
FN:306,(anonymous_20)
FN:315,(anonymous_21)
FN:319,(anonymous_22)
FN:340,(anonymous_23)
FN:361,(anonymous_24)
FN:370,(anonymous_25)
FN:374,(anonymous_26)
FN:396,(anonymous_27)
FNF:28
FNH:24
FNDA:119,(anonymous_0)
FNDA:10,(anonymous_1)
FNDA:119,(anonymous_2)
FNDA:6,(anonymous_3)
FNDA:109,(anonymous_4)
FNDA:0,(anonymous_5)
FNDA:26,(anonymous_6)
FNDA:119,(anonymous_7)
FNDA:125,(anonymous_8)
FNDA:0,(anonymous_9)
FNDA:0,(anonymous_10)
FNDA:5,(anonymous_11)
FNDA:6,(anonymous_12)
FNDA:7,(anonymous_13)
FNDA:7,(anonymous_14)
FNDA:2,(anonymous_15)
FNDA:12,(anonymous_16)
FNDA:38,(anonymous_17)
FNDA:2,(anonymous_18)
FNDA:1,(anonymous_19)
FNDA:1,(anonymous_20)
FNDA:9,(anonymous_21)
FNDA:4,(anonymous_22)
FNDA:1,(anonymous_23)
FNDA:0,(anonymous_24)
FNDA:15,(anonymous_25)
FNDA:4,(anonymous_26)
FNDA:2,(anonymous_27)
DA:1,5
DA:2,5
DA:8,5
DA:14,5
DA:19,5
DA:20,119
DA:21,119
DA:22,119
DA:23,119
DA:26,119
DA:27,10
DA:28,10
DA:29,10
DA:31,10
DA:38,119
DA:39,119
DA:41,26
DA:43,26
DA:44,6
DA:45,6
DA:46,6
DA:66,6
DA:73,6
DA:74,6
DA:75,6
DA:78,26
DA:79,109
DA:80,6
DA:81,6
DA:85,109
DA:86,109
DA:87,109
DA:91,26
DA:92,0
DA:93,0
DA:94,0
DA:99,26
DA:101,26
DA:102,26
DA:104,26
DA:105,26
DA:107,26
DA:108,6
DA:109,6
DA:112,26
DA:113,26
DA:118,119
DA:119,119
DA:121,5
DA:123,5
DA:124,125
DA:126,125
DA:127,123
DA:130,125
DA:131,0
DA:132,0
DA:134,0
DA:135,0
DA:137,0
DA:138,0
DA:143,0
DA:145,0
DA:152,5
DA:153,0
DA:155,0
DA:156,0
DA:158,0
DA:161,0
DA:165,5
DA:166,5
DA:169,5
DA:170,5
DA:172,5
DA:173,5
DA:174,2
DA:177,5
DA:178,5
DA:180,5
DA:181,5
DA:188,119
DA:192,6
DA:205,119
DA:210,7
DA:223,119
DA:224,7
DA:226,5
DA:227,5
DA:229,4
DA:230,4
DA:231,2
DA:236,2
DA:237,2
DA:239,2
DA:240,2
DA:245,5
DA:246,4
DA:254,119
DA:255,2
DA:261,119
DA:262,12
DA:263,12
DA:269,119
DA:291,5
DA:292,38
DA:294,38
DA:296,2
DA:297,2
DA:298,2
DA:301,1
DA:302,1
DA:303,1
DA:306,1
DA:315,5
DA:316,9
DA:318,9
DA:320,4
DA:322,2
DA:323,2
DA:326,2
DA:327,2
DA:328,2
DA:330,2
DA:331,2
DA:332,2
DA:337,2
DA:341,1
DA:342,1
DA:344,1
DA:345,1
DA:346,1
DA:347,1
DA:348,1
DA:350,1
DA:351,1
DA:356,1
DA:361,0
DA:370,5
DA:371,15
DA:373,15
DA:375,4
DA:377,1
DA:378,1
DA:380,1
DA:381,1
DA:383,1
DA:388,1
DA:389,1
DA:397,2
DA:399,2
DA:400,2
DA:402,2
DA:403,2
DA:404,1
DA:405,1
DA:407,1
DA:412,1
DA:413,0
LF:157
LH:139
BRDA:28,0,0,10
BRDA:28,0,1,5
BRDA:29,1,0,10
BRDA:29,1,1,5
BRDA:39,2,0,93
BRDA:73,3,0,6
BRDA:73,3,1,0
BRDA:79,4,0,6
BRDA:85,5,0,109
BRDA:92,6,0,0
BRDA:107,7,0,6
BRDA:119,8,0,114
BRDA:126,9,0,123
BRDA:132,10,0,0
BRDA:132,11,0,0
BRDA:132,11,1,0
BRDA:135,12,0,0
BRDA:156,13,0,0
BRDA:156,14,0,0
BRDA:156,14,1,0
BRDA:173,15,0,2
BRDA:208,16,0,3
BRDA:224,17,0,2
BRDA:227,18,0,4
BRDA:230,19,0,2
BRDA:230,20,0,4
BRDA:230,20,1,3
BRDA:245,21,0,4
BRDA:263,22,0,12
BRDA:263,22,1,10
BRDA:263,22,2,8
BRDA:263,22,3,7
BRDA:320,23,0,2
BRDA:330,24,0,2
BRDA:345,25,0,1
BRDA:350,26,0,1
BRDA:375,27,0,3
BRDA:388,28,0,1
BRDA:397,29,0,0
BRDA:403,30,0,1
BRDA:412,31,0,0
BRF:41
BRH:30
end_of_record
TN:
SF:src/hooks/usePaletteAccessibility.ts
FN:33,(anonymous_0)
FN:57,(anonymous_1)
FN:62,(anonymous_2)
FN:82,(anonymous_3)
FN:91,(anonymous_4)
FN:96,(anonymous_5)
FN:102,(anonymous_6)
FN:112,(anonymous_7)
FN:125,(anonymous_8)
FN:134,(anonymous_9)
FN:139,(anonymous_10)
FN:150,(anonymous_11)
FN:155,(anonymous_12)
FN:197,(anonymous_13)
FN:276,(anonymous_14)
FN:298,(anonymous_15)
FN:318,(anonymous_16)
FN:331,(anonymous_17)
FN:368,(anonymous_18)
FN:371,(anonymous_19)
FN:383,(anonymous_20)
FN:387,(anonymous_21)
FN:389,(anonymous_22)
FN:393,(anonymous_23)
FN:400,(anonymous_24)
FN:424,(anonymous_25)
FN:425,(anonymous_26)
FN:428,(anonymous_27)
FN:433,(anonymous_28)
FNF:29
FNH:13
FNDA:58,(anonymous_0)
FNDA:52,(anonymous_1)
FNDA:52,(anonymous_2)
FNDA:52,(anonymous_3)
FNDA:0,(anonymous_4)
FNDA:0,(anonymous_5)
FNDA:0,(anonymous_6)
FNDA:54,(anonymous_7)
FNDA:426,(anonymous_8)
FNDA:52,(anonymous_9)
FNDA:2,(anonymous_10)
FNDA:52,(anonymous_11)
FNDA:0,(anonymous_12)
FNDA:0,(anonymous_13)
FNDA:0,(anonymous_14)
FNDA:0,(anonymous_15)
FNDA:0,(anonymous_16)
FNDA:0,(anonymous_17)
FNDA:0,(anonymous_18)
FNDA:0,(anonymous_19)
FNDA:0,(anonymous_20)
FNDA:52,(anonymous_21)
FNDA:52,(anonymous_22)
FNDA:52,(anonymous_23)
FNDA:52,(anonymous_24)
FNDA:0,(anonymous_25)
FNDA:0,(anonymous_26)
FNDA:0,(anonymous_27)
FNDA:0,(anonymous_28)
DA:1,4
DA:3,4
DA:33,4
DA:42,58
DA:44,58
DA:45,58
DA:46,58
DA:51,58
DA:52,58
DA:53,58
DA:54,58
DA:57,58
DA:58,52
DA:62,58
DA:63,52
DA:65,52
DA:66,52
DA:67,52
DA:68,52
DA:69,52
DA:70,52
DA:78,52
DA:79,52
DA:82,52
DA:83,52
DA:84,52
DA:85,52
DA:91,58
DA:92,0
DA:94,0
DA:96,0
DA:97,0
DA:98,0
DA:99,0
DA:102,0
DA:103,0
DA:104,0
DA:112,58
DA:113,54
DA:115,54
DA:123,54
DA:125,426
DA:134,58
DA:135,52
DA:138,52
DA:139,52
DA:140,2
DA:143,52
DA:150,52
DA:155,58
DA:156,0
DA:157,0
DA:159,0
DA:162,0
DA:164,0
DA:165,0
DA:167,0
DA:168,0
DA:170,0
DA:171,0
DA:173,0
DA:174,0
DA:176,0
DA:179,0
DA:180,0
DA:181,0
DA:182,0
DA:185,0
DA:186,0
DA:187,0
DA:188,0
DA:197,58
DA:198,0
DA:200,0
DA:201,0
DA:203,0
DA:206,0
DA:207,0
DA:210,0
DA:211,0
DA:212,0
DA:213,0
DA:214,0
DA:219,0
DA:224,0
DA:225,0
DA:226,0
DA:230,0
DA:232,0
DA:233,0
DA:234,0
DA:235,0
DA:238,0
DA:239,0
DA:240,0
DA:241,0
DA:244,0
DA:245,0
DA:246,0
DA:247,0
DA:250,0
DA:251,0
DA:252,0
DA:253,0
DA:257,0
DA:258,0
DA:259,0
DA:262,0
DA:263,0
DA:267,0
DA:268,0
DA:269,0
DA:271,0
DA:276,58
DA:277,0
DA:278,0
DA:280,0
DA:281,0
DA:282,0
DA:283,0
DA:288,0
DA:289,0
DA:290,0
DA:298,58
DA:299,0
DA:300,0
DA:301,0
DA:306,0
DA:307,0
DA:310,0
DA:311,0
DA:312,0
DA:318,58
DA:319,0
DA:321,0
DA:322,0
DA:323,0
DA:331,58
DA:332,0
DA:334,0
DA:336,0
DA:337,0
DA:338,0
DA:339,0
DA:344,0
DA:347,0
DA:348,0
DA:352,0
DA:359,0
DA:363,0
DA:368,58
DA:369,0
DA:371,0
DA:372,0
DA:373,0
DA:375,0
DA:376,0
DA:377,0
DA:382,0
DA:383,0
DA:387,58
DA:388,52
DA:389,52
DA:393,58
DA:394,52
DA:395,0
DA:400,58
DA:401,52
DA:402,0
DA:406,58
DA:424,0
DA:425,0
DA:429,0
DA:430,0
DA:434,0
DA:435,0
LF:176
LH:55
BRDA:39,0,0,0
BRDA:40,1,0,0
BRDA:41,2,0,0
BRDA:63,3,0,0
BRDA:65,4,0,52
BRDA:83,5,0,52
BRDA:92,6,0,0
BRDA:92,7,0,0
BRDA:92,7,1,0
BRDA:94,8,0,0
BRDA:94,9,0,0
BRDA:97,10,0,0
BRDA:103,11,0,0
BRDA:113,12,0,0
BRDA:128,13,0,426
BRDA:128,13,1,267
BRDA:138,14,0,52
BRDA:157,15,0,0
BRDA:159,16,0,0
BRDA:159,16,1,0
BRDA:162,17,0,0
BRDA:162,17,1,0
BRDA:162,17,2,0
BRDA:162,17,3,0
BRDA:162,17,4,0
BRDA:164,18,0,0
BRDA:164,18,1,0
BRDA:167,19,0,0
BRDA:167,19,1,0
BRDA:180,20,0,0
BRDA:186,21,0,0
BRDA:186,22,0,0
BRDA:186,22,1,0
BRDA:198,23,0,0
BRDA:198,24,0,0
BRDA:198,24,1,0
BRDA:203,25,0,0
BRDA:206,26,0,0
BRDA:206,27,0,0
BRDA:206,27,1,0
BRDA:207,28,0,0
BRDA:207,28,1,0
BRDA:212,29,0,0
BRDA:224,30,0,0
BRDA:230,31,0,0
BRDA:230,31,1,0
BRDA:230,31,2,0
BRDA:230,31,3,0
BRDA:230,31,4,0
BRDA:230,31,5,0
BRDA:230,31,6,0
BRDA:230,31,7,0
BRDA:267,32,0,0
BRDA:267,33,0,0
BRDA:267,33,1,0
BRDA:280,34,0,0
BRDA:280,34,1,0
BRDA:281,35,0,0
BRDA:288,36,0,0
BRDA:288,37,0,0
BRDA:288,37,1,0
BRDA:299,38,0,0
BRDA:299,38,1,0
BRDA:311,39,0,0
BRDA:321,40,0,0
BRDA:334,41,0,0
BRDA:334,41,1,0
BRDA:334,41,2,0
BRDA:334,41,3,0
BRDA:334,41,4,0
BRDA:334,41,5,0
BRDA:336,42,0,0
BRDA:336,43,0,0
BRDA:336,43,1,0
BRDA:360,44,0,0
BRDA:360,44,1,0
BRDA:369,45,0,0
BRDA:369,46,0,0
BRDA:369,46,1,0
BRDA:373,47,0,0
BRDA:376,48,0,0
BRDA:394,49,0,0
BRDA:401,50,0,0
BRDA:401,51,0,52
BRDA:401,51,1,0
BRF:85
BRH:6
end_of_record
TN:
SF:src/store/index.ts
FN:37,(anonymous_0)
FN:40,(anonymous_1)
FN:54,(anonymous_2)
FN:67,(anonymous_3)
FN:106,(anonymous_4)
FN:127,(anonymous_5)
FN:163,(anonymous_6)
FN:172,(anonymous_7)
FN:182,(anonymous_8)
FN:217,(anonymous_9)
FN:234,(anonymous_10)
FN:236,(anonymous_11)
FN:243,(anonymous_12)
FN:245,(anonymous_13)
FN:253,(anonymous_14)
FN:255,(anonymous_15)
FN:263,(anonymous_16)
FN:265,(anonymous_17)
FN:276,(anonymous_18)
FN:330,(anonymous_19)
FN:332,(anonymous_20)
FN:381,(anonymous_21)
FN:387,(anonymous_22)
FN:430,(anonymous_23)
FN:432,(anonymous_24)
FN:476,(anonymous_25)
FN:478,(anonymous_26)
FN:494,(anonymous_27)
FN:496,(anonymous_28)
FN:514,(anonymous_29)
FN:516,(anonymous_30)
FN:525,(anonymous_31)
FN:527,(anonymous_32)
FN:529,(anonymous_33)
FN:536,(anonymous_34)
FN:538,(anonymous_35)
FN:594,(anonymous_36)
FN:600,(anonymous_37)
FN:653,(anonymous_38)
FN:655,(anonymous_39)
FN:693,(anonymous_40)
FN:695,(anonymous_41)
FN:705,(anonymous_42)
FN:707,(anonymous_43)
FN:714,(anonymous_44)
FN:716,(anonymous_45)
FN:723,(anonymous_46)
FN:725,(anonymous_47)
FN:733,(anonymous_48)
FN:735,(anonymous_49)
FN:743,(anonymous_50)
FN:745,(anonymous_51)
FN:769,(anonymous_52)
FN:771,(anonymous_53)
FN:790,(anonymous_54)
FN:792,(anonymous_55)
FN:807,(anonymous_56)
FN:809,(anonymous_57)
FN:816,(anonymous_58)
FN:818,(anonymous_59)
FN:826,(anonymous_60)
FN:828,(anonymous_61)
FN:835,(anonymous_62)
FN:837,(anonymous_63)
FN:845,(anonymous_64)
FN:847,(anonymous_65)
FN:855,(anonymous_66)
FN:857,(anonymous_67)
FN:864,(anonymous_68)
FN:866,(anonymous_69)
FN:874,(anonymous_70)
FN:876,(anonymous_71)
FN:907,(anonymous_72)
FN:909,(anonymous_73)
FN:938,(anonymous_74)
FN:940,(anonymous_75)
FN:965,(anonymous_76)
FN:967,(anonymous_77)
FN:977,(anonymous_78)
FN:979,(anonymous_79)
FN:992,(anonymous_80)
FN:994,(anonymous_81)
FN:1007,(anonymous_82)
FN:1010,(anonymous_83)
FN:1032,(anonymous_84)
FN:1042,(anonymous_85)
FN:1052,(anonymous_86)
FN:1054,(anonymous_87)
FN:1067,(anonymous_88)
FN:1092,(anonymous_89)
FN:1102,(anonymous_90)
FN:1125,(anonymous_91)
FN:1137,(anonymous_92)
FN:1142,(anonymous_93)
FN:1145,(anonymous_94)
FN:1153,(anonymous_95)
FN:1162,(anonymous_96)
FN:1182,(anonymous_97)
FN:1200,(anonymous_98)
FN:1209,(anonymous_99)
FN:1211,(anonymous_100)
FN:1218,(anonymous_101)
FN:1220,(anonymous_102)
FN:1230,(anonymous_103)
FN:1251,(anonymous_104)
FN:1257,(anonymous_105)
FN:1275,(anonymous_106)
FN:1285,(anonymous_107)
FN:1291,(anonymous_108)
FN:1294,(anonymous_109)
FN:1299,(anonymous_110)
FN:1303,(anonymous_111)
FN:1308,(anonymous_112)
FN:1313,(anonymous_113)
FN:1318,(anonymous_114)
FN:1335,(anonymous_115)
FN:1339,(anonymous_116)
FN:1339,(anonymous_117)
FN:1371,(anonymous_118)
FN:1371,(anonymous_119)
FN:1372,(anonymous_120)
FN:1373,(anonymous_121)
FN:1374,(anonymous_122)
FN:1375,(anonymous_123)
FN:1378,(anonymous_124)
FN:1379,(anonymous_125)
FN:1381,(anonymous_126)
FN:1382,(anonymous_127)
FN:1388,(anonymous_128)
FN:1388,(anonymous_129)
FN:1389,(anonymous_130)
FN:1390,(anonymous_131)
FN:1391,(anonymous_132)
FN:1391,(anonymous_133)
FN:1392,(anonymous_134)
FN:1393,(anonymous_135)
FN:1394,(anonymous_136)
FN:1394,(anonymous_137)
FN:1395,(anonymous_138)
FN:1396,(anonymous_139)
FN:1402,(anonymous_140)
FN:1403,(anonymous_141)
FN:1409,(anonymous_142)
FN:1410,(anonymous_143)
FN:1424,(anonymous_144)
FN:1425,(anonymous_145)
FN:1433,(anonymous_146)
FN:1434,(anonymous_147)
FN:1447,(anonymous_148)
FN:1448,(anonymous_149)
FN:1456,(anonymous_150)
FN:1457,(anonymous_151)
FN:1470,(anonymous_152)
FN:1473,(anonymous_153)
FN:1486,(anonymous_154)
FN:1494,(anonymous_155)
FNF:156
FNH:108
FNDA:38,(anonymous_0)
FNDA:36,(anonymous_1)
FNDA:226,(anonymous_2)
FNDA:7,(anonymous_3)
FNDA:9,(anonymous_4)
FNDA:9,(anonymous_5)
FNDA:7,(anonymous_6)
FNDA:7,(anonymous_7)
FNDA:7,(anonymous_8)
FNDA:7,(anonymous_9)
FNDA:3,(anonymous_10)
FNDA:3,(anonymous_11)
FNDA:3,(anonymous_12)
FNDA:3,(anonymous_13)
FNDA:1,(anonymous_14)
FNDA:1,(anonymous_15)
FNDA:23,(anonymous_16)
FNDA:23,(anonymous_17)
FNDA:0,(anonymous_18)
FNDA:6,(anonymous_19)
FNDA:6,(anonymous_20)
FNDA:3,(anonymous_21)
FNDA:3,(anonymous_22)
FNDA:0,(anonymous_23)
FNDA:0,(anonymous_24)
FNDA:7,(anonymous_25)
FNDA:7,(anonymous_26)
FNDA:2,(anonymous_27)
FNDA:2,(anonymous_28)
FNDA:7,(anonymous_29)
FNDA:7,(anonymous_30)
FNDA:1,(anonymous_31)
FNDA:1,(anonymous_32)
FNDA:1,(anonymous_33)
FNDA:6,(anonymous_34)
FNDA:6,(anonymous_35)
FNDA:3,(anonymous_36)
FNDA:3,(anonymous_37)
FNDA:1,(anonymous_38)
FNDA:1,(anonymous_39)
FNDA:3,(anonymous_40)
FNDA:3,(anonymous_41)
FNDA:1,(anonymous_42)
FNDA:1,(anonymous_43)
FNDA:13,(anonymous_44)
FNDA:13,(anonymous_45)
FNDA:1,(anonymous_46)
FNDA:1,(anonymous_47)
FNDA:2,(anonymous_48)
FNDA:2,(anonymous_49)
FNDA:3,(anonymous_50)
FNDA:3,(anonymous_51)
FNDA:1,(anonymous_52)
FNDA:1,(anonymous_53)
FNDA:9,(anonymous_54)
FNDA:9,(anonymous_55)
FNDA:0,(anonymous_56)
FNDA:0,(anonymous_57)
FNDA:4,(anonymous_58)
FNDA:4,(anonymous_59)
FNDA:0,(anonymous_60)
FNDA:0,(anonymous_61)
FNDA:1,(anonymous_62)
FNDA:1,(anonymous_63)
FNDA:1,(anonymous_64)
FNDA:1,(anonymous_65)
FNDA:9,(anonymous_66)
FNDA:9,(anonymous_67)
FNDA:0,(anonymous_68)
FNDA:0,(anonymous_69)
FNDA:3,(anonymous_70)
FNDA:3,(anonymous_71)
FNDA:3,(anonymous_72)
FNDA:3,(anonymous_73)
FNDA:0,(anonymous_74)
FNDA:0,(anonymous_75)
FNDA:40,(anonymous_76)
FNDA:40,(anonymous_77)
FNDA:2,(anonymous_78)
FNDA:2,(anonymous_79)
FNDA:1,(anonymous_80)
FNDA:1,(anonymous_81)
FNDA:3,(anonymous_82)
FNDA:3,(anonymous_83)
FNDA:2,(anonymous_84)
FNDA:1,(anonymous_85)
FNDA:1,(anonymous_86)
FNDA:1,(anonymous_87)
FNDA:0,(anonymous_88)
FNDA:0,(anonymous_89)
FNDA:2,(anonymous_90)
FNDA:2,(anonymous_91)
FNDA:0,(anonymous_92)
FNDA:0,(anonymous_93)
FNDA:0,(anonymous_94)
FNDA:0,(anonymous_95)
FNDA:0,(anonymous_96)
FNDA:0,(anonymous_97)
FNDA:0,(anonymous_98)
FNDA:1,(anonymous_99)
FNDA:1,(anonymous_100)
FNDA:2,(anonymous_101)
FNDA:2,(anonymous_102)
FNDA:4,(anonymous_103)
FNDA:0,(anonymous_104)
FNDA:0,(anonymous_105)
FNDA:0,(anonymous_106)
FNDA:0,(anonymous_107)
FNDA:0,(anonymous_108)
FNDA:0,(anonymous_109)
FNDA:0,(anonymous_110)
FNDA:0,(anonymous_111)
FNDA:0,(anonymous_112)
FNDA:0,(anonymous_113)
FNDA:0,(anonymous_114)
FNDA:221,(anonymous_115)
FNDA:7,(anonymous_116)
FNDA:7,(anonymous_117)
FNDA:27,(anonymous_118)
FNDA:47,(anonymous_119)
FNDA:11,(anonymous_120)
FNDA:18,(anonymous_121)
FNDA:0,(anonymous_122)
FNDA:0,(anonymous_123)
FNDA:0,(anonymous_124)
FNDA:0,(anonymous_125)
FNDA:0,(anonymous_126)
FNDA:0,(anonymous_127)
FNDA:13,(anonymous_128)
FNDA:21,(anonymous_129)
FNDA:0,(anonymous_130)
FNDA:0,(anonymous_131)
FNDA:14,(anonymous_132)
FNDA:25,(anonymous_133)
FNDA:7,(anonymous_134)
FNDA:12,(anonymous_135)
FNDA:0,(anonymous_136)
FNDA:0,(anonymous_137)
FNDA:0,(anonymous_138)
FNDA:0,(anonymous_139)
FNDA:0,(anonymous_140)
FNDA:0,(anonymous_141)
FNDA:37,(anonymous_142)
FNDA:66,(anonymous_143)
FNDA:12,(anonymous_144)
FNDA:19,(anonymous_145)
FNDA:12,(anonymous_146)
FNDA:20,(anonymous_147)
FNDA:14,(anonymous_148)
FNDA:25,(anonymous_149)
FNDA:10,(anonymous_150)
FNDA:17,(anonymous_151)
FNDA:0,(anonymous_152)
FNDA:0,(anonymous_153)
FNDA:7,(anonymous_154)
FNDA:0,(anonymous_155)
DA:2,7
DA:3,7
DA:4,7
DA:5,7
DA:8,7
DA:34,7
DA:37,7
DA:38,38
DA:40,7
DA:43,36
DA:54,7
DA:56,226
DA:67,7
DA:70,7
DA:72,7
DA:73,7
DA:74,7
DA:77,7
DA:78,7
DA:79,0
DA:80,0
DA:84,7
DA:98,7
DA:106,9
DA:127,9
DA:163,7
DA:172,7
DA:182,7
DA:183,7
DA:184,7
DA:193,7
DA:205,7
DA:217,7
DA:219,7
DA:230,7
DA:235,3
DA:237,3
DA:244,3
DA:246,3
DA:254,1
DA:256,1
DA:264,23
DA:266,23
DA:269,23
DA:276,0
DA:292,23
DA:296,23
DA:298,23
DA:300,20
DA:304,20
DA:307,20
DA:308,20
DA:309,20
DA:310,20
DA:313,20
DA:317,3
DA:322,23
DA:323,23
DA:331,6
DA:333,6
DA:335,6
DA:336,4
DA:340,4
DA:341,4
DA:342,0
DA:349,4
DA:350,0
DA:353,4
DA:355,4
DA:357,1
DA:361,1
DA:364,1
DA:365,1
DA:366,1
DA:367,1
DA:371,4
DA:373,4
DA:386,3
DA:388,3
DA:389,3
DA:391,3
DA:392,2
DA:403,2
DA:404,2
DA:406,2
DA:408,2
DA:412,2
DA:415,2
DA:416,2
DA:417,2
DA:418,2
DA:422,2
DA:431,0
DA:433,0
DA:435,0
DA:436,0
DA:450,0
DA:454,0
DA:456,0
DA:458,0
DA:462,0
DA:465,0
DA:466,0
DA:467,0
DA:468,0
DA:477,7
DA:479,7
DA:480,4
DA:483,4
DA:486,3
DA:488,7
DA:495,2
DA:498,2
DA:499,2
DA:500,1
DA:503,2
DA:504,1
DA:515,7
DA:517,7
DA:518,7
DA:525,1
DA:528,1
DA:530,1
DA:537,6
DA:539,6
DA:540,6
DA:542,5
DA:543,5
DA:560,5
DA:571,5
DA:572,5
DA:574,5
DA:576,4
DA:580,4
DA:583,4
DA:584,4
DA:585,4
DA:586,4
DA:599,3
DA:601,3
DA:602,3
DA:604,2
DA:619,2
DA:630,2
DA:631,2
DA:633,2
DA:635,1
DA:639,1
DA:642,1
DA:643,1
DA:644,1
DA:645,1
DA:654,1
DA:656,1
DA:657,1
DA:658,0
DA:669,0
DA:670,0
DA:672,0
DA:674,0
DA:678,0
DA:681,0
DA:682,0
DA:683,0
DA:684,0
DA:694,3
DA:696,3
DA:697,3
DA:698,3
DA:699,3
DA:706,1
DA:708,1
DA:715,13
DA:717,13
DA:724,1
DA:726,1
DA:727,1
DA:734,2
DA:736,2
DA:744,3
DA:746,3
DA:747,3
DA:770,1
DA:772,1
DA:773,1
DA:776,1
DA:777,1
DA:778,1
DA:779,1
DA:780,1
DA:783,1
DA:791,9
DA:793,9
DA:808,0
DA:810,0
DA:817,4
DA:819,4
DA:827,0
DA:829,0
DA:836,1
DA:838,1
DA:839,1
DA:846,1
DA:848,1
DA:849,1
DA:856,9
DA:858,9
DA:865,0
DA:867,0
DA:875,3
DA:877,3
DA:878,2
DA:879,2
DA:882,2
DA:885,2
DA:888,2
DA:891,2
DA:894,2
DA:895,2
DA:897,2
DA:899,2
DA:900,2
DA:908,3
DA:910,3
DA:911,2
DA:912,2
DA:915,2
DA:918,2
DA:919,2
DA:922,2
DA:925,2
DA:926,2
DA:928,2
DA:929,2
DA:931,2
DA:939,0
DA:941,0
DA:945,0
DA:948,0
DA:949,0
DA:950,0
DA:951,0
DA:954,0
DA:958,0
DA:966,40
DA:968,40
DA:969,40
DA:970,40
DA:971,40
DA:978,2
DA:980,2
DA:983,2
DA:984,0
DA:993,1
DA:995,1
DA:996,1
DA:997,1
DA:998,1
DA:999,1
DA:1000,1
DA:1008,3
DA:1009,3
DA:1011,3
DA:1017,3
DA:1018,3
DA:1026,3
DA:1031,2
DA:1033,2
DA:1034,2
DA:1035,2
DA:1041,1
DA:1043,1
DA:1044,1
DA:1053,1
DA:1055,1
DA:1061,1
DA:1062,1
DA:1063,1
DA:1064,0
DA:1066,0
DA:1068,0
DA:1069,0
DA:1071,0
DA:1072,0
DA:1077,0
DA:1078,0
DA:1083,0
DA:1084,0
DA:1091,0
DA:1093,0
DA:1094,0
DA:1103,2
DA:1104,2
DA:1124,2
DA:1126,2
DA:1127,2
DA:1128,2
DA:1129,2
DA:1130,2
DA:1138,0
DA:1139,0
DA:1141,0
DA:1143,0
DA:1145,0
DA:1152,0
DA:1154,0
DA:1163,0
DA:1164,0
DA:1165,0
DA:1166,0
DA:1167,0
DA:1168,0
DA:1176,0
DA:1181,0
DA:1183,0
DA:1199,0
DA:1201,0
DA:1210,1
DA:1212,1
DA:1219,2
DA:1221,2
DA:1231,4
DA:1233,4
DA:1235,2
DA:1242,1
DA:1245,1
DA:1247,0
DA:1252,0
DA:1253,0
DA:1254,0
DA:1256,0
DA:1258,0
DA:1259,0
DA:1261,0
DA:1262,0
DA:1267,0
DA:1274,0
DA:1276,0
DA:1286,0
DA:1287,0
DA:1291,0
DA:1296,0
DA:1297,0
DA:1298,0
DA:1299,0
DA:1309,0
DA:1310,0
DA:1315,0
DA:1316,0
DA:1317,0
DA:1319,0
DA:1329,7
DA:1335,221
DA:1339,7
DA:1340,7
DA:1342,7
DA:1345,7
DA:1346,7
DA:1347,7
DA:1349,7
DA:1350,0
DA:1353,7
DA:1354,7
DA:1371,47
DA:1372,7
DA:1373,18
DA:1374,7
DA:1375,0
DA:1376,0
DA:1377,0
DA:1378,0
DA:1379,0
DA:1381,7
DA:1382,0
DA:1383,0
DA:1384,0
DA:1388,21
DA:1389,7
DA:1390,0
DA:1391,25
DA:1392,7
DA:1393,12
DA:1394,7
DA:1395,7
DA:1396,0
DA:1402,7
DA:1403,0
DA:1409,7
DA:1410,66
DA:1424,7
DA:1425,19
DA:1433,7
DA:1434,20
DA:1447,7
DA:1448,25
DA:1456,7
DA:1457,17
DA:1470,7
DA:1473,7
DA:1474,0
DA:1484,7
DA:1486,7
DA:1487,7
DA:1489,7
DA:1490,0
DA:1493,7
DA:1494,7
DA:1495,0
DA:1496,0
DA:1500,0
DA:1507,7
LF:411
LH:294
BRDA:59,0,0,226
BRDA:59,0,1,0
BRDA:72,1,0,7
BRDA:72,2,0,7
BRDA:72,2,1,7
BRDA:74,3,0,7
BRDA:74,3,1,0
BRDA:79,4,0,0
BRDA:79,5,0,0
BRDA:79,5,1,0
BRDA:88,6,0,7
BRDA:88,6,1,0
BRDA:89,7,0,7
BRDA:89,7,1,7
BRDA:90,8,0,7
BRDA:90,8,1,0
BRDA:91,9,0,7
BRDA:91,9,1,0
BRDA:92,10,0,7
BRDA:92,10,1,0
BRDA:93,11,0,7
BRDA:93,11,1,0
BRDA:94,12,0,7
BRDA:94,12,1,0
BRDA:263,13,0,18
BRDA:272,14,0,23
BRDA:272,14,1,0
BRDA:279,15,0,23
BRDA:279,15,1,1
BRDA:285,16,0,23
BRDA:285,16,1,1
BRDA:298,17,0,20
BRDA:313,18,0,3
BRDA:330,19,0,2
BRDA:335,20,0,4
BRDA:341,21,0,0
BRDA:349,22,0,0
BRDA:355,23,0,1
BRDA:384,24,0,2
BRDA:391,25,0,2
BRDA:396,26,0,2
BRDA:396,26,1,0
BRDA:399,27,0,2
BRDA:399,27,1,0
BRDA:406,28,0,2
BRDA:430,29,0,0
BRDA:435,30,0,0
BRDA:456,31,0,0
BRDA:476,32,0,3
BRDA:479,33,0,4
BRDA:479,33,1,3
BRDA:480,34,0,4
BRDA:499,35,0,1
BRDA:503,36,0,1
BRDA:505,37,0,1
BRDA:505,37,1,0
BRDA:506,38,0,1
BRDA:506,38,1,0
BRDA:536,39,0,1
BRDA:540,40,0,5
BRDA:564,41,0,5
BRDA:564,41,1,0
BRDA:567,42,0,5
BRDA:567,42,1,0
BRDA:574,43,0,4
BRDA:597,44,0,1
BRDA:602,45,0,2
BRDA:606,46,0,2
BRDA:606,46,1,0
BRDA:607,47,0,2
BRDA:607,47,1,2
BRDA:610,48,0,2
BRDA:610,48,1,0
BRDA:611,49,0,2
BRDA:611,49,1,2
BRDA:623,50,0,2
BRDA:623,50,1,0
BRDA:626,51,0,2
BRDA:626,51,1,0
BRDA:633,52,0,1
BRDA:653,53,0,0
BRDA:657,54,0,0
BRDA:662,55,0,0
BRDA:662,55,1,0
BRDA:665,56,0,0
BRDA:665,56,1,0
BRDA:672,57,0,0
BRDA:776,58,0,1
BRDA:877,59,0,2
BRDA:910,60,0,2
BRDA:954,61,0,0
BRDA:1027,62,0,3
BRDA:1027,62,1,1
BRDA:1063,63,0,0
BRDA:1068,64,0,0
BRDA:1071,65,0,0
BRDA:1077,66,0,0
BRDA:1165,67,0,0
BRDA:1191,68,0,0
BRDA:1191,68,1,0
BRDA:1233,69,0,2
BRDA:1233,69,1,1
BRDA:1233,69,2,1
BRDA:1233,69,3,0
BRDA:1253,70,0,0
BRDA:1258,71,0,0
BRDA:1261,72,0,0
BRDA:1286,73,0,0
BRDA:1296,74,0,0
BRDA:1296,75,0,0
BRDA:1296,75,1,0
BRDA:1316,76,0,0
BRDA:1340,77,0,7
BRDA:1345,78,0,7
BRDA:1349,79,0,0
BRDA:1349,80,0,7
BRDA:1349,80,1,7
BRDA:1353,81,0,7
BRDA:1353,82,0,7
BRDA:1353,82,1,7
BRDA:1356,83,0,7
BRDA:1356,83,1,0
BRDA:1384,84,0,0
BRDA:1384,84,1,0
BRDA:1385,85,0,0
BRDA:1385,85,1,0
BRDA:1475,86,0,0
BRDA:1475,86,1,0
BRDA:1475,86,2,0
BRDA:1475,86,3,0
BRDA:1475,86,4,0
BRDA:1489,87,0,0
BRDA:1493,88,0,7
BRDA:1496,89,0,0
BRDA:1497,90,0,0
BRDA:1497,90,1,0
BRF:136
BRH:70
end_of_record
TN:
SF:src/store/simple.ts
FN:20,(anonymous_0)
FN:120,(anonymous_1)
FN:124,(anonymous_2)
FN:125,(anonymous_3)
FN:129,(anonymous_4)
FN:130,(anonymous_5)
FN:135,(anonymous_6)
FN:136,(anonymous_7)
FN:141,(anonymous_8)
FN:142,(anonymous_9)
FN:145,(anonymous_10)
FN:163,(anonymous_11)
FN:164,(anonymous_12)
FN:181,(anonymous_13)
FN:182,(anonymous_14)
FN:201,(anonymous_15)
FN:202,(anonymous_16)
FN:224,(anonymous_17)
FN:225,(anonymous_18)
FN:236,(anonymous_19)
FN:237,(anonymous_20)
FN:251,(anonymous_21)
FN:252,(anonymous_22)
FN:257,(anonymous_23)
FN:258,(anonymous_24)
FN:262,(anonymous_25)
FN:263,(anonymous_26)
FN:294,(anonymous_27)
FN:295,(anonymous_28)
FN:323,(anonymous_29)
FN:324,(anonymous_30)
FN:344,(anonymous_31)
FN:345,(anonymous_32)
FN:352,(anonymous_33)
FN:353,(anonymous_34)
FN:357,(anonymous_35)
FN:358,(anonymous_36)
FN:362,(anonymous_37)
FN:363,(anonymous_38)
FN:368,(anonymous_39)
FN:369,(anonymous_40)
FN:374,(anonymous_41)
FN:375,(anonymous_42)
FN:396,(anonymous_43)
FN:397,(anonymous_44)
FN:412,(anonymous_45)
FN:413,(anonymous_46)
FN:425,(anonymous_47)
FN:426,(anonymous_48)
FN:430,(anonymous_49)
FN:431,(anonymous_50)
FN:435,(anonymous_51)
FN:436,(anonymous_52)
FN:440,(anonymous_53)
FN:441,(anonymous_54)
FN:446,(anonymous_55)
FN:447,(anonymous_56)
FN:452,(anonymous_57)
FN:453,(anonymous_58)
FN:457,(anonymous_59)
FN:458,(anonymous_60)
FN:463,(anonymous_61)
FN:463,(anonymous_62)
FN:464,(anonymous_63)
FN:464,(anonymous_64)
FN:465,(anonymous_65)
FN:465,(anonymous_66)
FN:466,(anonymous_67)
FN:466,(anonymous_68)
FN:467,(anonymous_69)
FN:467,(anonymous_70)
FN:470,(anonymous_71)
FN:471,(anonymous_72)
FN:472,(anonymous_73)
FN:473,(anonymous_74)
FN:474,(anonymous_75)
FN:475,(anonymous_76)
FN:475,(anonymous_77)
FN:476,(anonymous_78)
FN:476,(anonymous_79)
FN:477,(anonymous_80)
FN:478,(anonymous_81)
FN:485,(anonymous_82)
FN:485,(anonymous_83)
FN:486,(anonymous_84)
FN:486,(anonymous_85)
FN:487,(anonymous_86)
FN:488,(anonymous_87)
FN:491,(anonymous_88)
FN:492,(anonymous_89)
FN:494,(anonymous_90)
FN:495,(anonymous_91)
FN:499,(anonymous_92)
FN:499,(anonymous_93)
FN:500,(anonymous_94)
FN:500,(anonymous_95)
FN:501,(anonymous_96)
FN:501,(anonymous_97)
FN:502,(anonymous_98)
FN:502,(anonymous_99)
FN:503,(anonymous_100)
FN:503,(anonymous_101)
FN:504,(anonymous_102)
FN:505,(anonymous_103)
FN:511,(anonymous_104)
FN:512,(anonymous_105)
FN:518,(anonymous_106)
FN:519,(anonymous_107)
FN:533,(anonymous_108)
FN:534,(anonymous_109)
FN:542,(anonymous_110)
FN:543,(anonymous_111)
FN:556,(anonymous_112)
FN:557,(anonymous_113)
FN:565,(anonymous_114)
FN:566,(anonymous_115)
FNF:116
FNH:36
FNDA:3,(anonymous_0)
FNDA:3,(anonymous_1)
FNDA:0,(anonymous_2)
FNDA:0,(anonymous_3)
FNDA:0,(anonymous_4)
FNDA:0,(anonymous_5)
FNDA:0,(anonymous_6)
FNDA:0,(anonymous_7)
FNDA:1,(anonymous_8)
FNDA:1,(anonymous_9)
FNDA:0,(anonymous_10)
FNDA:1,(anonymous_11)
FNDA:1,(anonymous_12)
FNDA:1,(anonymous_13)
FNDA:1,(anonymous_14)
FNDA:0,(anonymous_15)
FNDA:0,(anonymous_16)
FNDA:1,(anonymous_17)
FNDA:1,(anonymous_18)
FNDA:0,(anonymous_19)
FNDA:0,(anonymous_20)
FNDA:0,(anonymous_21)
FNDA:0,(anonymous_22)
FNDA:0,(anonymous_23)
FNDA:0,(anonymous_24)
FNDA:1,(anonymous_25)
FNDA:1,(anonymous_26)
FNDA:0,(anonymous_27)
FNDA:0,(anonymous_28)
FNDA:0,(anonymous_29)
FNDA:0,(anonymous_30)
FNDA:0,(anonymous_31)
FNDA:0,(anonymous_32)
FNDA:0,(anonymous_33)
FNDA:0,(anonymous_34)
FNDA:0,(anonymous_35)
FNDA:0,(anonymous_36)
FNDA:0,(anonymous_37)
FNDA:0,(anonymous_38)
FNDA:0,(anonymous_39)
FNDA:0,(anonymous_40)
FNDA:4,(anonymous_41)
FNDA:4,(anonymous_42)
FNDA:1,(anonymous_43)
FNDA:1,(anonymous_44)
FNDA:1,(anonymous_45)
FNDA:1,(anonymous_46)
FNDA:0,(anonymous_47)
FNDA:0,(anonymous_48)
FNDA:0,(anonymous_49)
FNDA:0,(anonymous_50)
FNDA:0,(anonymous_51)
FNDA:0,(anonymous_52)
FNDA:0,(anonymous_53)
FNDA:0,(anonymous_54)
FNDA:0,(anonymous_55)
FNDA:0,(anonymous_56)
FNDA:0,(anonymous_57)
FNDA:0,(anonymous_58)
FNDA:1,(anonymous_59)
FNDA:1,(anonymous_60)
FNDA:0,(anonymous_61)
FNDA:0,(anonymous_62)
FNDA:0,(anonymous_63)
FNDA:0,(anonymous_64)
FNDA:0,(anonymous_65)
FNDA:0,(anonymous_66)
FNDA:0,(anonymous_67)
FNDA:0,(anonymous_68)
FNDA:0,(anonymous_69)
FNDA:0,(anonymous_70)
FNDA:0,(anonymous_71)
FNDA:0,(anonymous_72)
FNDA:0,(anonymous_73)
FNDA:0,(anonymous_74)
FNDA:0,(anonymous_75)
FNDA:0,(anonymous_76)
FNDA:0,(anonymous_77)
FNDA:0,(anonymous_78)
FNDA:0,(anonymous_79)
FNDA:0,(anonymous_80)
FNDA:0,(anonymous_81)
FNDA:53,(anonymous_82)
FNDA:53,(anonymous_83)
FNDA:16,(anonymous_84)
FNDA:16,(anonymous_85)
FNDA:16,(anonymous_86)
FNDA:16,(anonymous_87)
FNDA:0,(anonymous_88)
FNDA:0,(anonymous_89)
FNDA:8,(anonymous_90)
FNDA:8,(anonymous_91)
FNDA:0,(anonymous_92)
FNDA:0,(anonymous_93)
FNDA:108,(anonymous_94)
FNDA:109,(anonymous_95)
FNDA:0,(anonymous_96)
FNDA:0,(anonymous_97)
FNDA:0,(anonymous_98)
FNDA:0,(anonymous_99)
FNDA:8,(anonymous_100)
FNDA:8,(anonymous_101)
FNDA:0,(anonymous_102)
FNDA:0,(anonymous_103)
FNDA:0,(anonymous_104)
FNDA:0,(anonymous_105)
FNDA:69,(anonymous_106)
FNDA:71,(anonymous_107)
FNDA:0,(anonymous_108)
FNDA:0,(anonymous_109)
FNDA:54,(anonymous_110)
FNDA:61,(anonymous_111)
FNDA:0,(anonymous_112)
FNDA:0,(anonymous_113)
FNDA:0,(anonymous_114)
FNDA:0,(anonymous_115)
DA:2,3
DA:3,3
DA:4,3
DA:5,3
DA:7,3
DA:17,3
DA:20,3
DA:21,3
DA:24,3
DA:118,3
DA:120,3
DA:125,0
DA:126,0
DA:130,0
DA:131,0
DA:136,0
DA:137,0
DA:142,1
DA:143,1
DA:145,0
DA:159,1
DA:160,1
DA:164,1
DA:165,1
DA:166,0
DA:168,0
DA:169,0
DA:170,0
DA:173,0
DA:174,0
DA:177,0
DA:182,1
DA:183,1
DA:184,1
DA:185,0
DA:196,0
DA:197,0
DA:202,0
DA:203,0
DA:204,0
DA:205,0
DA:219,0
DA:220,0
DA:225,1
DA:226,1
DA:227,0
DA:228,0
DA:231,1
DA:233,1
DA:237,0
DA:238,0
DA:239,0
DA:240,0
DA:243,0
DA:244,0
DA:252,0
DA:253,0
DA:254,0
DA:258,0
DA:259,0
DA:263,1
DA:264,1
DA:265,1
DA:266,0
DA:267,0
DA:278,0
DA:289,0
DA:290,0
DA:295,0
DA:296,0
DA:297,0
DA:298,0
DA:307,0
DA:318,0
DA:319,0
DA:324,0
DA:325,0
DA:326,0
DA:327,0
DA:338,0
DA:339,0
DA:345,0
DA:346,0
DA:347,0
DA:348,0
DA:349,0
DA:353,0
DA:354,0
DA:358,0
DA:359,0
DA:363,0
DA:364,0
DA:365,0
DA:369,0
DA:370,0
DA:375,4
DA:376,4
DA:377,4
DA:397,1
DA:398,1
DA:399,1
DA:401,1
DA:402,1
DA:403,1
DA:404,1
DA:405,1
DA:408,1
DA:413,1
DA:414,1
DA:426,0
DA:427,0
DA:431,0
DA:432,0
DA:436,0
DA:437,0
DA:441,0
DA:442,0
DA:443,0
DA:447,0
DA:448,0
DA:449,0
DA:453,0
DA:454,0
DA:458,1
DA:459,1
DA:463,0
DA:464,0
DA:465,0
DA:466,0
DA:467,0
DA:475,0
DA:476,0
DA:477,0
DA:485,53
DA:486,16
DA:487,3
DA:488,16
DA:489,16
DA:490,16
DA:491,0
DA:492,0
DA:494,3
DA:495,8
DA:496,8
DA:497,8
DA:499,3
DA:500,109
DA:501,3
DA:502,3
DA:503,8
DA:504,3
DA:505,0
DA:511,3
DA:512,0
DA:518,3
DA:519,71
DA:533,3
DA:534,0
DA:542,3
DA:543,61
DA:556,3
DA:557,0
DA:565,3
DA:566,0
LF:164
LH:67
BRDA:141,0,0,1
BRDA:145,1,0,1
BRDA:145,1,1,0
BRDA:146,2,0,1
BRDA:146,2,1,1
BRDA:152,3,0,1
BRDA:152,3,1,1
BRDA:163,4,0,1
BRDA:165,5,0,0
BRDA:169,6,0,0
BRDA:173,7,0,0
BRDA:181,8,0,1
BRDA:184,9,0,0
BRDA:189,10,0,0
BRDA:189,10,1,0
BRDA:192,11,0,0
BRDA:192,11,1,0
BRDA:201,12,0,0
BRDA:204,13,0,0
BRDA:224,14,0,1
BRDA:226,15,0,0
BRDA:226,15,1,1
BRDA:227,16,0,0
BRDA:239,17,0,0
BRDA:243,18,0,0
BRDA:245,19,0,0
BRDA:245,19,1,0
BRDA:246,20,0,0
BRDA:246,20,1,0
BRDA:262,21,0,1
BRDA:265,22,0,0
BRDA:282,23,0,0
BRDA:282,23,1,0
BRDA:285,24,0,0
BRDA:285,24,1,0
BRDA:294,25,0,0
BRDA:297,26,0,0
BRDA:299,27,0,0
BRDA:299,27,1,0
BRDA:299,28,0,0
BRDA:299,28,1,0
BRDA:300,29,0,0
BRDA:300,29,1,0
BRDA:300,30,0,0
BRDA:300,30,1,0
BRDA:311,31,0,0
BRDA:311,31,1,0
BRDA:314,32,0,0
BRDA:314,32,1,0
BRDA:323,33,0,0
BRDA:326,34,0,0
BRDA:331,35,0,0
BRDA:331,35,1,0
BRDA:334,36,0,0
BRDA:334,36,1,0
BRDA:401,37,0,1
BRDA:497,38,0,0
BRDA:497,38,1,8
BRDA:497,39,0,0
BRDA:497,39,1,0
BRF:60
BRH:13
end_of_record
TN:
SF:src/types/index.ts
FN:104,(anonymous_0)
FN:166,(anonymous_1)
FN:187,(anonymous_2)
FN:254,(anonymous_3)
FN:268,(anonymous_4)
FN:279,(anonymous_5)
FNF:6
FNH:6
FNDA:42,(anonymous_0)
FNDA:42,(anonymous_1)
FNDA:42,(anonymous_2)
FNDA:42,(anonymous_3)
FNDA:42,(anonymous_4)
FNDA:42,(anonymous_5)
DA:104,42
DA:105,42
DA:106,42
DA:107,42
DA:108,42
DA:109,42
DA:110,42
DA:111,42
DA:112,42
DA:113,42
DA:166,42
DA:167,42
DA:168,42
DA:169,42
DA:170,42
DA:187,42
DA:188,42
DA:189,42
DA:190,42
DA:191,42
DA:192,42
DA:254,42
DA:255,42
DA:256,42
DA:257,42
DA:258,42
DA:268,42
DA:269,42
DA:270,42
DA:271,42
DA:279,42
DA:280,42
DA:281,42
DA:282,42
DA:283,42
LF:35
LH:35
BRDA:104,0,0,42
BRDA:104,0,1,42
BRDA:166,1,0,42
BRDA:166,1,1,42
BRDA:187,2,0,42
BRDA:187,2,1,42
BRDA:254,3,0,42
BRDA:254,3,1,42
BRDA:268,4,0,42
BRDA:268,4,1,42
BRDA:279,5,0,42
BRDA:279,5,1,42
BRF:12
BRH:12
end_of_record
TN:
SF:src/utils/componentFactory.ts
FN:3,(anonymous_0)
FN:18,(anonymous_1)
FN:67,(anonymous_2)
FN:92,(anonymous_3)
FN:93,(anonymous_4)
FN:97,(anonymous_5)
FN:161,(anonymous_6)
FN:177,(anonymous_7)
FNF:8
FNH:8
FNDA:22,(anonymous_0)
FNDA:41,(anonymous_1)
FNDA:21,(anonymous_2)
FNDA:29,(anonymous_3)
FNDA:12,(anonymous_4)
FNDA:30,(anonymous_5)
FNDA:1,(anonymous_6)
FNDA:9,(anonymous_7)
DA:1,14
DA:3,22
DA:5,14
DA:18,14
DA:19,41
DA:21,20
DA:29,5
DA:37,6
DA:45,9
DA:57,1
DA:67,14
DA:72,21
DA:73,21
DA:74,21
DA:76,21
DA:88,21
DA:92,29
DA:93,14
DA:94,12
DA:97,14
DA:98,30
DA:99,30
DA:101,30
DA:103,30
DA:105,15
DA:106,15
DA:107,4
DA:109,15
DA:110,1
DA:112,15
DA:113,4
DA:115,15
DA:118,3
DA:119,3
DA:120,1
DA:122,3
DA:123,1
DA:125,3
DA:126,2
DA:128,3
DA:131,5
DA:132,5
DA:133,3
DA:135,5
DA:136,3
DA:138,5
DA:141,7
DA:142,7
DA:143,2
DA:145,7
DA:146,1
DA:148,7
DA:149,2
DA:151,7
DA:152,3
DA:154,7
DA:158,30
DA:161,14
DA:162,1
DA:163,1
DA:174,14
DA:178,9
LF:62
LH:62
BRDA:19,0,0,20
BRDA:19,0,1,5
BRDA:19,0,2,6
BRDA:19,0,3,9
BRDA:19,0,4,1
BRDA:74,1,0,21
BRDA:74,1,1,18
BRDA:74,1,2,0
BRDA:103,2,0,15
BRDA:103,2,1,3
BRDA:103,2,2,5
BRDA:103,2,3,7
BRDA:106,3,0,4
BRDA:106,4,0,15
BRDA:106,4,1,14
BRDA:109,5,0,1
BRDA:112,6,0,4
BRDA:119,7,0,1
BRDA:119,8,0,3
BRDA:119,8,1,2
BRDA:122,9,0,1
BRDA:125,10,0,2
BRDA:132,11,0,3
BRDA:132,12,0,5
BRDA:132,12,1,5
BRDA:135,13,0,3
BRDA:135,14,0,5
BRDA:135,14,1,5
BRDA:142,15,0,2
BRDA:142,16,0,7
BRDA:142,16,1,7
BRDA:145,17,0,1
BRDA:145,18,0,7
BRDA:145,18,1,6
BRDA:148,19,0,2
BRDA:148,20,0,7
BRDA:148,20,1,7
BRDA:151,21,0,3
BRDA:151,22,0,7
BRDA:151,22,1,4
BRF:40
BRH:39
end_of_record
TN:
SF:src/utils/componentTemplates.ts
FN:21,(anonymous_0)
FN:343,(anonymous_1)
FN:345,(anonymous_2)
FN:351,(anonymous_3)
FN:356,(anonymous_4)
FN:357,(anonymous_5)
FN:361,(anonymous_6)
FN:362,(anonymous_7)
FN:366,(anonymous_8)
FN:371,(anonymous_9)
FN:373,(anonymous_10)
FN:376,(anonymous_11)
FN:381,(anonymous_12)
FN:412,(anonymous_13)
FN:421,(anonymous_14)
FN:423,(anonymous_15)
FN:428,(anonymous_16)
FN:430,(anonymous_17)
FN:431,(anonymous_18)
FN:436,(anonymous_19)
FN:445,(anonymous_20)
FN:447,(anonymous_21)
FN:454,(anonymous_22)
FN:455,(anonymous_23)
FN:467,(anonymous_24)
FN:471,(anonymous_25)
FN:473,(anonymous_26)
FN:477,(anonymous_27)
FNF:28
FNH:25
FNDA:1,(anonymous_0)
FNDA:11,(anonymous_1)
FNDA:187,(anonymous_2)
FNDA:16,(anonymous_3)
FNDA:12,(anonymous_4)
FNDA:204,(anonymous_5)
FNDA:1,(anonymous_6)
FNDA:17,(anonymous_7)
FNDA:11,(anonymous_8)
FNDA:1,(anonymous_9)
FNDA:17,(anonymous_10)
FNDA:48,(anonymous_11)
FNDA:3,(anonymous_12)
FNDA:6,(anonymous_13)
FNDA:1,(anonymous_14)
FNDA:32,(anonymous_15)
FNDA:0,(anonymous_16)
FNDA:0,(anonymous_17)
FNDA:0,(anonymous_18)
FNDA:2,(anonymous_19)
FNDA:1,(anonymous_20)
FNDA:1,(anonymous_21)
FNDA:1,(anonymous_22)
FNDA:1,(anonymous_23)
FNDA:12,(anonymous_24)
FNDA:11,(anonymous_25)
FNDA:11,(anonymous_26)
FNDA:2,(anonymous_27)
DA:1,1
DA:2,1
DA:21,1
DA:22,1
DA:23,1
DA:24,1
DA:25,1
DA:26,1
DA:27,1
DA:31,1
DA:339,1
DA:340,11
DA:341,11
DA:345,11
DA:346,187
DA:352,16
DA:357,204
DA:362,17
DA:367,11
DA:372,1
DA:373,1
DA:374,17
DA:376,48
DA:390,3
DA:392,3
DA:407,3
DA:408,3
DA:413,6
DA:414,6
DA:415,6
DA:416,6
DA:422,1
DA:423,32
DA:429,0
DA:430,0
DA:431,0
DA:437,2
DA:439,1
DA:441,1
DA:446,1
DA:447,1
DA:448,1
DA:450,1
DA:455,1
DA:456,1
DA:457,1
DA:464,1
DA:467,1
DA:468,12
DA:471,1
DA:472,11
DA:473,11
DA:474,11
DA:477,1
DA:479,2
DA:481,2
DA:483,2
LF:57
LH:54
BRDA:21,0,0,1
BRDA:21,0,1,1
BRDA:367,1,0,11
BRDA:367,1,1,2
BRDA:367,1,2,1
BRDA:374,2,0,17
BRDA:374,2,1,16
BRDA:374,2,2,16
BRDA:387,3,0,2
BRDA:388,4,0,2
BRDA:414,5,0,6
BRDA:415,6,0,6
BRDA:415,6,1,2
BRDA:421,7,0,0
BRDA:423,8,0,32
BRDA:423,8,1,30
BRDA:423,9,0,32
BRDA:423,9,1,27
BRDA:428,10,0,0
BRDA:437,11,0,1
BRDA:456,12,0,1
BRDA:474,13,0,11
BRDA:474,13,1,0
BRF:23
BRH:20
end_of_record
TN:
SF:src/utils/componentUtils.ts
FN:12,(anonymous_0)
FN:44,(anonymous_1)
FN:48,(anonymous_2)
FN:231,(anonymous_3)
FN:300,(anonymous_4)
FN:319,(anonymous_5)
FN:334,(anonymous_6)
FN:346,(anonymous_7)
FN:357,(anonymous_8)
FN:372,(anonymous_9)
FN:406,(anonymous_10)
FN:429,(anonymous_11)
FN:436,(anonymous_12)
FN:440,(anonymous_13)
FN:448,(anonymous_14)
FN:463,(anonymous_15)
FN:481,(anonymous_16)
FN:484,(anonymous_17)
FN:487,(anonymous_18)
FN:490,(anonymous_19)
FN:497,(anonymous_20)
FN:500,(anonymous_21)
FN:508,(anonymous_22)
FN:512,(anonymous_23)
FN:515,(anonymous_24)
FN:519,(anonymous_25)
FN:530,(anonymous_26)
FN:538,(anonymous_27)
FN:554,(anonymous_28)
FN:631,(anonymous_29)
FN:665,(anonymous_30)
FN:694,(anonymous_31)
FNF:32
FNH:18
FNDA:29,(anonymous_0)
FNDA:32,(anonymous_1)
FNDA:11,(anonymous_2)
FNDA:11,(anonymous_3)
FNDA:1,(anonymous_4)
FNDA:0,(anonymous_5)
FNDA:2,(anonymous_6)
FNDA:5,(anonymous_7)
FNDA:2,(anonymous_8)
FNDA:1,(anonymous_9)
FNDA:1,(anonymous_10)
FNDA:0,(anonymous_11)
FNDA:0,(anonymous_12)
FNDA:0,(anonymous_13)
FNDA:0,(anonymous_14)
FNDA:0,(anonymous_15)
FNDA:1,(anonymous_16)
FNDA:4,(anonymous_17)
FNDA:0,(anonymous_18)
FNDA:0,(anonymous_19)
FNDA:0,(anonymous_20)
FNDA:0,(anonymous_21)
FNDA:1,(anonymous_22)
FNDA:3,(anonymous_23)
FNDA:0,(anonymous_24)
FNDA:0,(anonymous_25)
FNDA:1,(anonymous_26)
FNDA:2,(anonymous_27)
FNDA:2,(anonymous_28)
FNDA:0,(anonymous_29)
FNDA:1,(anonymous_30)
FNDA:0,(anonymous_31)
DA:1,4
DA:12,4
DA:19,29
DA:20,29
DA:22,29
DA:44,4
DA:45,32
DA:48,4
DA:51,11
DA:52,11
DA:55,11
DA:56,0
DA:64,11
DA:65,0
DA:73,11
DA:74,11
DA:75,1
DA:84,11
DA:85,0
DA:93,11
DA:97,0
DA:105,11
DA:109,0
DA:118,11
DA:119,0
DA:128,11
DA:129,0
DA:137,11
DA:141,0
DA:149,11
DA:153,0
DA:162,11
DA:166,0
DA:174,11
DA:178,0
DA:186,11
DA:190,0
DA:198,11
DA:202,0
DA:212,11
DA:213,0
DA:222,11
DA:224,11
DA:231,4
DA:236,11
DA:238,1
DA:239,1
DA:246,1
DA:249,2
DA:250,1
DA:257,2
DA:260,1
DA:261,1
DA:268,1
DA:269,1
DA:276,1
DA:279,2
DA:280,1
DA:287,2
DA:291,1
DA:295,4
DA:300,4
DA:304,1
DA:306,1
DA:319,4
DA:322,0
DA:334,4
DA:338,2
DA:346,4
DA:347,5
DA:357,4
DA:361,2
DA:362,2
DA:364,2
DA:372,4
DA:380,1
DA:382,1
DA:383,1
DA:384,1
DA:385,1
DA:388,0
DA:389,0
DA:390,0
DA:391,0
DA:394,1
DA:406,4
DA:415,1
DA:429,4
DA:433,0
DA:435,0
DA:436,0
DA:440,4
DA:444,0
DA:445,0
DA:448,4
DA:452,0
DA:453,0
DA:455,0
DA:456,0
DA:457,0
DA:460,0
DA:463,4
DA:468,0
DA:470,0
DA:471,0
DA:472,0
DA:474,0
DA:477,0
DA:481,4
DA:484,4
DA:487,4
DA:490,0
DA:491,0
DA:492,0
DA:493,0
DA:497,4
DA:500,0
DA:501,0
DA:502,0
DA:503,0
DA:508,4
DA:512,3
DA:515,4
DA:519,0
DA:520,0
DA:521,0
DA:530,4
DA:534,1
DA:536,1
DA:538,1
DA:540,2
DA:543,2
DA:546,2
DA:547,2
DA:549,1
DA:554,4
DA:557,2
DA:559,1
DA:569,1
DA:578,0
DA:586,0
DA:595,0
DA:603,0
DA:610,0
DA:618,0
DA:627,0
DA:631,4
DA:634,0
DA:636,0
DA:639,0
DA:642,0
DA:645,0
DA:648,0
DA:651,0
DA:654,0
DA:657,0
DA:660,0
DA:665,4
DA:668,1
DA:671,1
DA:674,1
DA:675,0
DA:679,1
DA:682,0
DA:683,0
DA:685,0
DA:686,0
DA:688,1
DA:691,1
DA:694,4
DA:697,0
DA:698,0
LF:172
LH:101
BRDA:16,0,0,18
BRDA:17,1,0,27
BRDA:55,2,0,0
BRDA:57,3,0,0
BRDA:57,3,1,0
BRDA:64,4,0,0
BRDA:64,4,1,11
BRDA:74,5,0,1
BRDA:84,6,0,0
BRDA:84,6,1,11
BRDA:93,7,0,0
BRDA:94,8,0,11
BRDA:94,8,1,11
BRDA:105,9,0,0
BRDA:106,10,0,11
BRDA:106,10,1,11
BRDA:118,11,0,0
BRDA:118,12,0,11
BRDA:118,12,1,11
BRDA:128,13,0,0
BRDA:128,13,1,11
BRDA:137,14,0,0
BRDA:138,15,0,11
BRDA:138,15,1,11
BRDA:149,16,0,0
BRDA:150,17,0,11
BRDA:150,17,1,11
BRDA:162,18,0,0
BRDA:163,19,0,11
BRDA:163,19,1,0
BRDA:174,20,0,0
BRDA:175,21,0,11
BRDA:175,21,1,0
BRDA:186,22,0,0
BRDA:187,23,0,11
BRDA:187,23,1,0
BRDA:198,24,0,0
BRDA:199,25,0,11
BRDA:199,25,1,0
BRDA:212,26,0,0
BRDA:236,27,0,1
BRDA:236,27,1,2
BRDA:236,27,2,1
BRDA:236,27,3,2
BRDA:236,27,4,1
BRDA:236,27,5,4
BRDA:238,28,0,1
BRDA:238,29,0,1
BRDA:238,29,1,1
BRDA:249,30,0,1
BRDA:249,31,0,2
BRDA:249,31,1,2
BRDA:260,32,0,1
BRDA:268,33,0,1
BRDA:279,34,0,1
BRDA:302,35,0,1
BRDA:325,36,0,0
BRDA:325,36,1,0
BRDA:328,37,0,0
BRDA:328,37,1,0
BRDA:339,38,0,2
BRDA:339,38,1,2
BRDA:339,38,2,1
BRDA:339,38,3,1
BRDA:365,39,0,2
BRDA:365,39,1,1
BRDA:365,39,2,1
BRDA:365,39,3,1
BRDA:380,40,0,1
BRDA:380,40,1,0
BRDA:380,41,0,1
BRDA:380,41,1,1
BRDA:418,42,0,1
BRDA:418,42,1,0
BRDA:419,43,0,1
BRDA:419,43,1,0
BRDA:422,44,0,1
BRDA:422,44,1,0
BRDA:423,45,0,1
BRDA:423,45,1,0
BRDA:433,46,0,0
BRDA:444,47,0,0
BRDA:445,48,0,0
BRDA:445,48,1,0
BRDA:471,49,0,0
BRDA:491,50,0,0
BRDA:491,50,1,0
BRDA:492,51,0,0
BRDA:492,51,1,0
BRDA:501,52,0,0
BRDA:501,52,1,0
BRDA:502,53,0,0
BRDA:502,53,1,0
BRDA:522,54,0,0
BRDA:522,54,1,0
BRDA:522,54,2,0
BRDA:522,54,3,0
BRDA:534,55,0,0
BRDA:540,56,0,0
BRDA:543,57,0,0
BRDA:547,58,0,1
BRDA:557,59,0,1
BRDA:557,59,1,1
BRDA:557,59,2,0
BRDA:557,59,3,0
BRDA:557,59,4,0
BRDA:557,59,5,0
BRDA:557,59,6,0
BRDA:557,59,7,0
BRDA:557,59,8,0
BRDA:634,60,0,0
BRDA:634,60,1,0
BRDA:634,60,2,0
BRDA:634,60,3,0
BRDA:634,60,4,0
BRDA:634,60,5,0
BRDA:634,60,6,0
BRDA:634,60,7,0
BRDA:634,60,8,0
BRDA:674,61,0,0
BRDA:679,62,0,0
BRDA:679,62,1,0
BRDA:679,62,2,0
BRDA:679,62,3,1
BRF:124
BRH:55
end_of_record
TN:
SF:src/utils/dragSystem.ts
FN:20,(anonymous_0)
FN:30,(anonymous_1)
FN:31,(anonymous_2)
FN:44,(anonymous_3)
FN:45,(anonymous_4)
FN:54,(anonymous_5)
FN:97,(anonymous_6)
FN:98,(anonymous_7)
FN:61,(anonymous_8)
FN:69,(anonymous_9)
FN:76,(anonymous_10)
FN:86,(anonymous_11)
FN:120,(anonymous_12)
FN:124,(anonymous_13)
FN:128,(anonymous_14)
FN:132,(anonymous_15)
FN:152,(anonymous_16)
FN:167,(anonymous_17)
FN:190,(anonymous_18)
FN:221,(anonymous_19)
FN:230,(anonymous_20)
FN:237,(anonymous_21)
FN:253,(anonymous_22)
FN:290,(anonymous_23)
FN:298,(anonymous_24)
FN:314,(anonymous_25)
FN:331,(anonymous_26)
FN:345,(anonymous_27)
FN:352,(anonymous_28)
FN:320,(anonymous_29)
FN:367,(anonymous_30)
FN:371,(anonymous_31)
FN:380,(anonymous_32)
FN:389,(anonymous_33)
FN:408,(anonymous_34)
FN:423,(anonymous_35)
FN:439,(anonymous_36)
FN:459,(anonymous_37)
FN:475,(anonymous_38)
FN:503,(anonymous_39)
FN:523,(anonymous_40)
FN:528,(anonymous_41)
FN:532,(anonymous_42)
FN:536,(anonymous_43)
FN:540,(anonymous_44)
FNF:45
FNH:42
FNDA:53,(anonymous_0)
FNDA:21,(anonymous_1)
FNDA:1,(anonymous_2)
FNDA:2,(anonymous_3)
FNDA:0,(anonymous_4)
FNDA:81,(anonymous_5)
FNDA:158,(anonymous_6)
FNDA:116,(anonymous_7)
FNDA:42,(anonymous_8)
FNDA:7,(anonymous_9)
FNDA:21,(anonymous_10)
FNDA:45,(anonymous_11)
FNDA:39,(anonymous_12)
FNDA:13,(anonymous_13)
FNDA:22,(anonymous_14)
FNDA:45,(anonymous_15)
FNDA:33,(anonymous_16)
FNDA:31,(anonymous_17)
FNDA:7,(anonymous_18)
FNDA:4,(anonymous_19)
FNDA:1,(anonymous_20)
FNDA:3,(anonymous_21)
FNDA:11,(anonymous_22)
FNDA:6,(anonymous_23)
FNDA:7,(anonymous_24)
FNDA:36,(anonymous_25)
FNDA:8,(anonymous_26)
FNDA:2,(anonymous_27)
FNDA:8,(anonymous_28)
FNDA:20,(anonymous_29)
FNDA:30,(anonymous_30)
FNDA:43,(anonymous_31)
FNDA:19,(anonymous_32)
FNDA:50,(anonymous_33)
FNDA:21,(anonymous_34)
FNDA:12,(anonymous_35)
FNDA:4,(anonymous_36)
FNDA:5,(anonymous_37)
FNDA:0,(anonymous_38)
FNDA:2,(anonymous_39)
FNDA:0,(anonymous_40)
FNDA:8,(anonymous_41)
FNDA:8,(anonymous_42)
FNDA:7,(anonymous_43)
FNDA:24,(anonymous_44)
DA:1,5
DA:20,5
DA:21,53
DA:22,43
DA:23,43
DA:30,21
DA:31,1
DA:34,10
DA:35,10
DA:36,10
DA:44,2
DA:45,0
DA:54,5
DA:55,81
DA:56,81
DA:57,81
DA:58,81
DA:59,81
DA:62,42
DA:63,42
DA:64,42
DA:65,42
DA:66,42
DA:70,7
DA:71,6
DA:72,6
DA:77,21
DA:78,21
DA:87,45
DA:88,45
DA:89,45
DA:90,45
DA:91,45
DA:92,9
DA:93,9
DA:97,81
DA:98,158
DA:99,116
DA:100,116
DA:101,116
DA:102,116
DA:103,116
DA:106,116
DA:115,5
DA:116,39
DA:117,39
DA:118,39
DA:121,39
DA:125,13
DA:129,22
DA:133,45
DA:135,30
DA:139,7
DA:142,3
DA:145,5
DA:148,0
DA:153,33
DA:154,2
DA:155,2
DA:158,31
DA:159,31
DA:160,31
DA:163,31
DA:164,31
DA:169,31
DA:171,26
DA:175,31
DA:176,2
DA:177,2
DA:178,2
DA:186,5
DA:195,7
DA:196,7
DA:199,7
DA:200,2
DA:202,2
DA:205,5
DA:206,5
DA:210,7
DA:211,4
DA:212,4
DA:215,7
DA:222,4
DA:223,4
DA:224,4
DA:231,1
DA:238,3
DA:239,3
DA:249,5
DA:254,11
DA:255,11
DA:258,11
DA:274,11
DA:275,10
DA:276,10
DA:277,10
DA:279,1
DA:280,1
DA:281,1
DA:284,11
DA:291,6
DA:292,6
DA:299,7
DA:300,6
DA:308,5
DA:309,36
DA:310,36
DA:311,36
DA:312,36
DA:315,36
DA:316,36
DA:317,36
DA:321,20
DA:323,19
DA:324,19
DA:325,19
DA:327,19
DA:328,19
DA:331,36
DA:332,8
DA:335,7
DA:336,7
DA:338,4
DA:341,4
DA:342,0
DA:345,4
DA:346,2
DA:347,2
DA:348,2
DA:352,36
DA:353,8
DA:355,7
DA:356,7
DA:358,7
DA:359,0
DA:360,0
DA:363,7
DA:364,7
DA:368,30
DA:372,43
DA:373,43
DA:374,43
DA:375,4
DA:376,4
DA:382,19
DA:383,19
DA:384,19
DA:385,19
DA:386,19
DA:390,50
DA:391,50
DA:392,50
DA:393,50
DA:394,50
DA:402,5
DA:403,21
DA:404,21
DA:405,21
DA:406,21
DA:410,21
DA:412,21
DA:413,21
DA:424,12
DA:426,12
DA:440,4
DA:441,4
DA:442,4
DA:444,4
DA:449,4
DA:460,5
DA:463,5
DA:464,5
DA:465,5
DA:466,5
DA:472,5
DA:476,0
DA:477,0
DA:480,0
DA:485,0
DA:486,0
DA:490,0
DA:491,0
DA:495,0
DA:500,0
DA:504,2
DA:507,2
DA:508,2
DA:509,2
DA:513,2
DA:518,2
DA:520,2
DA:525,0
DA:529,8
DA:533,8
DA:537,7
DA:541,24
DA:542,24
DA:544,24
DA:545,3
DA:546,3
LF:200
LH:185
BRDA:21,0,0,43
BRDA:21,0,1,10
BRDA:35,1,0,10
BRDA:35,1,1,4
BRDA:37,2,0,10
BRDA:37,2,1,1
BRDA:38,3,0,10
BRDA:38,3,1,1
BRDA:39,4,0,10
BRDA:39,4,1,6
BRDA:40,5,0,10
BRDA:40,5,1,6
BRDA:70,6,0,6
BRDA:80,7,0,7
BRDA:80,7,1,14
BRDA:82,8,0,21
BRDA:82,8,1,16
BRDA:91,9,0,9
BRDA:133,10,0,30
BRDA:133,10,1,7
BRDA:133,10,2,3
BRDA:133,10,3,5
BRDA:133,10,4,0
BRDA:135,11,0,30
BRDA:135,11,1,9
BRDA:139,12,0,7
BRDA:139,12,1,3
BRDA:142,13,0,3
BRDA:142,13,1,2
BRDA:152,14,0,12
BRDA:153,15,0,2
BRDA:169,16,0,26
BRDA:169,17,0,31
BRDA:169,17,1,26
BRDA:169,17,2,6
BRDA:175,18,0,2
BRDA:175,19,0,31
BRDA:175,19,1,2
BRDA:199,20,0,2
BRDA:199,20,1,5
BRDA:210,21,0,4
BRDA:210,22,0,7
BRDA:210,22,1,5
BRDA:239,23,0,3
BRDA:239,23,1,2
BRDA:239,23,2,2
BRDA:239,23,3,2
BRDA:274,24,0,10
BRDA:274,24,1,1
BRDA:299,25,0,6
BRDA:332,26,0,1
BRDA:336,27,0,3
BRDA:341,28,0,0
BRDA:353,29,0,1
BRDA:358,30,0,0
BRDA:321,31,0,1
BRDA:374,32,0,4
BRDA:463,33,0,5
BRDA:485,34,0,0
BRDA:485,35,0,0
BRDA:485,35,1,0
BRDA:490,36,0,0
BRDA:507,37,0,2
BRDA:544,38,0,3
BRF:64
BRH:57
end_of_record
TN:
SF:src/utils/performanceUtils.ts
FN:4,(anonymous_0)
FN:17,(anonymous_1)
FN:24,(anonymous_2)
FN:28,(anonymous_3)
FN:41,(anonymous_4)
FN:46,(anonymous_5)
FN:50,(anonymous_6)
FN:52,(anonymous_7)
FN:60,(anonymous_8)
FN:61,(anonymous_9)
FN:64,(anonymous_10)
FN:74,(anonymous_11)
FN:88,(anonymous_12)
FN:95,executedFunction
FN:96,(anonymous_14)
FN:110,(anonymous_15)
FN:116,executedFunction
FN:120,(anonymous_17)
FN:143,(anonymous_19)
FN:148,(anonymous_20)
FN:153,(anonymous_21)
FN:157,(anonymous_22)
FN:160,(anonymous_23)
FN:177,(anonymous_24)
FN:183,(anonymous_25)
FN:188,(anonymous_26)
FN:194,(anonymous_27)
FN:207,(anonymous_28)
FN:209,(anonymous_29)
FN:211,(anonymous_30)
FN:217,(anonymous_31)
FN:231,(anonymous_32)
FN:246,(anonymous_33)
FN:250,(anonymous_34)
FN:254,(anonymous_35)
FN:262,(anonymous_36)
FN:267,(anonymous_37)
FN:281,(anonymous_38)
FN:289,(anonymous_39)
FN:297,(anonymous_40)
FN:310,(anonymous_41)
FN:347,(anonymous_42)
FN:362,(anonymous_43)
FN:371,(anonymous_44)
FN:394,(anonymous_45)
FN:397,(anonymous_46)
FN:413,(anonymous_47)
FN:424,(anonymous_48)
FN:458,(anonymous_49)
FN:459,(anonymous_50)
FNF:50
FNH:48
FNDA:1,(anonymous_0)
FNDA:24,(anonymous_1)
FNDA:6,(anonymous_2)
FNDA:7,(anonymous_3)
FNDA:12,(anonymous_4)
FNDA:1,(anonymous_5)
FNDA:5,(anonymous_6)
FNDA:1,(anonymous_7)
FNDA:21,(anonymous_8)
FNDA:42,(anonymous_9)
FNDA:5,(anonymous_10)
FNDA:9,(anonymous_11)
FNDA:2,(anonymous_12)
FNDA:4,executedFunction
FNDA:2,(anonymous_14)
FNDA:1,(anonymous_15)
FNDA:4,executedFunction
FNDA:2,(anonymous_17)
FNDA:11,(anonymous_19)
FNDA:0,(anonymous_20)
FNDA:11,(anonymous_21)
FNDA:5,(anonymous_22)
FNDA:6,(anonymous_23)
FNDA:1,(anonymous_24)
FNDA:2,(anonymous_25)
FNDA:2,(anonymous_26)
FNDA:1,(anonymous_27)
FNDA:2,(anonymous_28)
FNDA:2,(anonymous_29)
FNDA:0,(anonymous_30)
FNDA:2,(anonymous_31)
FNDA:6,(anonymous_32)
FNDA:2,(anonymous_33)
FNDA:2,(anonymous_34)
FNDA:4,(anonymous_35)
FNDA:3,(anonymous_36)
FNDA:1,(anonymous_37)
FNDA:2,(anonymous_38)
FNDA:3,(anonymous_39)
FNDA:6,(anonymous_40)
FNDA:3,(anonymous_41)
FNDA:3,(anonymous_42)
FNDA:5,(anonymous_43)
FNDA:3,(anonymous_44)
FNDA:1,(anonymous_45)
FNDA:1,(anonymous_46)
FNDA:3,(anonymous_47)
FNDA:24,(anonymous_48)
FNDA:1,(anonymous_49)
FNDA:1,(anonymous_50)
DA:4,1
DA:6,1
DA:14,1
DA:15,1
DA:18,24
DA:19,1
DA:21,24
DA:25,6
DA:29,7
DA:30,7
DA:32,1
DA:33,1
DA:36,6
DA:37,6
DA:38,6
DA:42,12
DA:43,12
DA:47,1
DA:51,5
DA:52,5
DA:53,1
DA:54,1
DA:55,1
DA:61,42
DA:65,5
DA:67,4
DA:69,4
DA:71,1
DA:75,9
DA:82,9
DA:83,9
DA:88,1
DA:93,2
DA:95,2
DA:96,4
DA:97,2
DA:98,2
DA:101,4
DA:103,4
DA:104,4
DA:106,4
DA:110,1
DA:116,1
DA:117,4
DA:118,2
DA:119,2
DA:120,2
DA:126,1
DA:127,6
DA:128,6
DA:129,6
DA:130,6
DA:131,6
DA:138,6
DA:139,6
DA:140,6
DA:144,11
DA:145,11
DA:149,0
DA:150,0
DA:154,11
DA:156,6
DA:157,6
DA:161,6
DA:162,1
DA:163,1
DA:166,5
DA:168,5
DA:169,5
DA:172,1
DA:176,5
DA:177,1
DA:179,4
DA:184,2
DA:185,2
DA:189,2
DA:194,1
DA:202,1
DA:203,1
DA:205,1
DA:207,2
DA:208,1
DA:209,2
DA:212,0
DA:216,1
DA:217,1
DA:218,2
DA:219,2
DA:220,2
DA:223,1
DA:231,1
DA:232,6
DA:235,6
DA:238,6
DA:239,3
DA:242,6
DA:246,1
DA:248,2
DA:250,1
DA:251,2
DA:252,2
DA:254,4
DA:256,2
DA:257,2
DA:262,1
DA:263,3
DA:264,3
DA:266,3
DA:268,1
DA:269,1
DA:270,1
DA:272,1
DA:274,1
DA:282,2
DA:283,2
DA:289,1
DA:295,3
DA:297,3
DA:298,6
DA:299,4
DA:300,4
DA:301,4
DA:302,2
DA:303,0
DA:306,6
DA:310,1
DA:311,3
DA:313,1
DA:319,0
DA:322,1
DA:323,1
DA:325,1
DA:326,1
DA:328,1
DA:330,1
DA:331,1
DA:332,1
DA:336,0
DA:340,1
DA:341,3
DA:342,3
DA:348,3
DA:355,3
DA:364,5
DA:365,5
DA:367,5
DA:368,5
DA:374,3
DA:375,3
DA:378,3
DA:380,3
DA:381,5
DA:382,5
DA:386,3
DA:387,4
DA:390,3
DA:391,3
DA:396,1
DA:397,1
DA:403,1
DA:404,1
DA:406,1
DA:407,1
DA:413,1
DA:414,3
DA:415,3
DA:422,3
DA:424,3
DA:425,24
DA:427,24
DA:428,3
DA:433,24
DA:434,5
DA:439,24
DA:440,5
DA:445,24
DA:446,3
DA:451,24
DA:453,5
DA:457,3
DA:458,1
DA:460,1
DA:466,1
DA:467,1
DA:468,1
LF:185
LH:179
BRDA:18,0,0,1
BRDA:30,1,0,1
BRDA:54,2,0,1
BRDA:65,3,0,4
BRDA:91,4,0,1
BRDA:98,5,0,1
BRDA:101,6,0,4
BRDA:101,6,1,1
BRDA:103,7,0,2
BRDA:106,8,0,1
BRDA:117,9,0,2
BRDA:135,10,0,0
BRDA:136,11,0,0
BRDA:154,12,0,5
BRDA:161,13,0,1
BRDA:176,14,0,1
BRDA:176,14,1,4
BRDA:207,15,0,1
BRDA:207,15,1,0
BRDA:238,16,0,3
BRDA:248,17,0,1
BRDA:281,18,0,0
BRDA:298,19,0,4
BRDA:298,19,1,2
BRDA:298,20,0,6
BRDA:298,20,1,3
BRDA:302,21,0,0
BRDA:302,22,0,2
BRDA:302,22,1,1
BRDA:311,23,0,2
BRDA:313,24,0,0
BRDA:314,25,0,1
BRDA:314,25,1,1
BRDA:314,25,2,1
BRDA:314,25,3,1
BRDA:328,26,0,0
BRDA:331,27,0,1
BRDA:331,28,0,1
BRDA:331,28,1,1
BRDA:352,29,0,0
BRDA:353,30,0,0
BRDA:364,31,0,5
BRDA:364,31,1,4
BRDA:406,32,0,1
BRDA:427,33,0,3
BRDA:433,34,0,5
BRDA:439,35,0,5
BRDA:445,36,0,3
BRDA:451,37,0,5
BRF:49
BRH:40
end_of_record
